(x1,f1,x2,x3,x4,x11,f11,x12,f12,x1p)
0:(0,false,0,0,0,0,false,0,false,0)
1:(0,false,0,0,0,0,false,0,false,9)
2:(0,false,1,1,1,0,false,0,false,0)
3:(0,false,1,1,1,0,false,0,false,9)
4:(0,false,6,6,6,0,false,0,false,9)
5:(0,false,9,9,9,0,false,0,false,9)
6:(1,false,0,0,0,1,false,1,false,1)
7:(1,false,0,0,0,1,false,1,true,1)
8:(1,false,0,0,0,1,false,2,true,1)
9:(1,false,0,0,0,1,true,1,false,1)
10:(1,false,0,0,0,1,true,1,false,2)
11:(1,false,0,0,0,1,true,1,true,1)
12:(1,false,0,0,0,1,true,1,true,2)
13:(1,false,0,0,0,1,true,2,true,1)
14:(1,false,0,0,0,1,true,2,true,2)
15:(1,false,0,0,0,2,true,1,false,2)
16:(1,false,0,0,0,2,true,1,true,2)
17:(1,false,0,0,0,2,true,2,true,2)
18:(1,false,1,1,1,1,false,1,false,1)
19:(1,false,1,1,1,1,false,1,true,1)
20:(1,false,1,1,1,1,false,2,true,1)
21:(1,false,1,1,1,1,true,1,false,1)
22:(1,false,1,1,1,1,true,1,false,2)
23:(1,false,1,1,1,1,true,1,true,1)
24:(1,false,1,1,1,1,true,1,true,2)
25:(1,false,1,1,1,1,true,2,true,1)
26:(1,false,1,1,1,1,true,2,true,2)
27:(1,false,1,1,1,2,true,1,false,2)
28:(1,false,1,1,1,2,true,1,true,2)
29:(1,false,1,1,1,2,true,2,true,2)
30:(1,false,2,2,2,1,true,1,false,2)
31:(1,false,2,2,2,1,true,1,true,2)
32:(1,false,2,2,2,1,true,2,true,2)
33:(1,false,2,2,2,2,true,1,false,2)
34:(1,false,2,2,2,2,true,1,true,2)
35:(1,false,2,2,2,2,true,2,true,2)
36:(1,false,3,3,3,1,true,1,false,2)
37:(1,false,3,3,3,1,true,1,true,2)
38:(1,false,3,3,3,1,true,2,true,2)
39:(1,false,3,3,3,2,true,1,false,2)
40:(1,false,3,3,3,2,true,1,true,2)
41:(1,false,3,3,3,2,true,2,true,2)
42:(1,false,4,4,4,1,true,1,false,2)
43:(1,false,4,4,4,1,true,1,true,2)
44:(1,false,4,4,4,1,true,2,true,2)
45:(1,false,4,4,4,2,true,1,false,2)
46:(1,false,4,4,4,2,true,1,true,2)
47:(1,false,4,4,4,2,true,2,true,2)
48:(1,false,5,5,5,1,true,1,false,2)
49:(1,false,5,5,5,1,true,1,true,2)
50:(1,false,5,5,5,1,true,2,true,2)
51:(1,false,5,5,5,2,true,1,false,2)
52:(1,false,5,5,5,2,true,1,true,2)
53:(1,false,5,5,5,2,true,2,true,2)
54:(1,false,6,6,6,1,true,1,false,2)
55:(1,false,6,6,6,1,true,1,true,2)
56:(1,false,6,6,6,1,true,2,true,2)
57:(1,false,6,6,6,2,true,1,false,2)
58:(1,false,6,6,6,2,true,1,true,2)
59:(1,false,6,6,6,2,true,2,true,2)
60:(1,true,0,0,0,1,false,1,false,1)
61:(1,true,0,0,0,1,false,1,false,2)
62:(1,true,0,0,0,1,false,1,true,1)
63:(1,true,0,0,0,1,false,1,true,2)
64:(1,true,0,0,0,1,false,2,true,1)
65:(1,true,0,0,0,1,false,2,true,2)
66:(1,true,0,0,0,1,true,1,false,1)
67:(1,true,0,0,0,1,true,1,false,2)
68:(1,true,0,0,0,1,true,1,true,1)
69:(1,true,0,0,0,1,true,1,true,2)
70:(1,true,0,0,0,1,true,2,true,1)
71:(1,true,0,0,0,1,true,2,true,2)
72:(1,true,0,0,0,2,true,1,false,2)
73:(1,true,0,0,0,2,true,1,true,2)
74:(1,true,0,0,0,2,true,2,true,2)
75:(1,true,1,1,1,1,false,1,false,1)
76:(1,true,1,1,1,1,false,1,false,2)
77:(1,true,1,1,1,1,false,1,true,1)
78:(1,true,1,1,1,1,false,1,true,2)
79:(1,true,1,1,1,1,false,2,true,1)
80:(1,true,1,1,1,1,false,2,true,2)
81:(1,true,1,1,1,1,true,1,false,1)
82:(1,true,1,1,1,1,true,1,false,2)
83:(1,true,1,1,1,1,true,1,true,1)
84:(1,true,1,1,1,1,true,1,true,2)
85:(1,true,1,1,1,1,true,2,true,1)
86:(1,true,1,1,1,1,true,2,true,2)
87:(1,true,1,1,1,2,true,1,false,2)
88:(1,true,1,1,1,2,true,1,true,2)
89:(1,true,1,1,1,2,true,2,true,2)
90:(1,true,2,2,2,1,false,1,false,2)
91:(1,true,2,2,2,1,false,1,true,2)
92:(1,true,2,2,2,1,false,2,true,2)
93:(1,true,2,2,2,1,true,1,false,2)
94:(1,true,2,2,2,1,true,1,true,2)
95:(1,true,2,2,2,1,true,2,true,2)
96:(1,true,2,2,2,2,true,1,false,2)
97:(1,true,2,2,2,2,true,1,true,2)
98:(1,true,2,2,2,2,true,2,true,2)
99:(1,true,3,3,3,1,false,1,false,2)
100:(1,true,3,3,3,1,false,1,true,2)
101:(1,true,3,3,3,1,false,2,true,2)
102:(1,true,3,3,3,1,true,1,false,2)
103:(1,true,3,3,3,1,true,1,true,2)
104:(1,true,3,3,3,1,true,2,true,2)
105:(1,true,3,3,3,2,true,1,false,2)
106:(1,true,3,3,3,2,true,1,true,2)
107:(1,true,3,3,3,2,true,2,true,2)
108:(1,true,4,4,4,1,false,1,false,2)
109:(1,true,4,4,4,1,false,1,true,2)
110:(1,true,4,4,4,1,false,2,true,2)
111:(1,true,4,4,4,1,true,1,false,2)
112:(1,true,4,4,4,1,true,1,true,2)
113:(1,true,4,4,4,1,true,2,true,2)
114:(1,true,4,4,4,2,true,1,false,2)
115:(1,true,4,4,4,2,true,1,true,2)
116:(1,true,4,4,4,2,true,2,true,2)
117:(1,true,5,5,5,1,false,1,false,2)
118:(1,true,5,5,5,1,false,1,true,2)
119:(1,true,5,5,5,1,false,2,true,2)
120:(1,true,5,5,5,1,true,1,false,2)
121:(1,true,5,5,5,1,true,1,true,2)
122:(1,true,5,5,5,1,true,2,true,2)
123:(1,true,5,5,5,2,true,1,false,2)
124:(1,true,5,5,5,2,true,1,true,2)
125:(1,true,5,5,5,2,true,2,true,2)
126:(1,true,6,6,6,1,false,1,false,2)
127:(1,true,6,6,6,1,false,1,true,2)
128:(1,true,6,6,6,1,false,2,true,2)
129:(1,true,6,6,6,1,true,1,false,2)
130:(1,true,6,6,6,1,true,1,true,2)
131:(1,true,6,6,6,1,true,2,true,2)
132:(1,true,6,6,6,2,true,1,false,2)
133:(1,true,6,6,6,2,true,1,true,2)
134:(1,true,6,6,6,2,true,2,true,2)
135:(2,false,2,2,2,2,false,2,false,2)
136:(2,false,3,3,3,2,false,2,false,2)
137:(2,false,7,7,7,2,false,2,false,2)
138:(2,true,0,0,0,1,false,1,false,2)
139:(2,true,0,0,0,1,false,1,true,2)
140:(2,true,0,0,0,1,false,2,true,2)
141:(2,true,0,0,0,1,true,1,false,2)
142:(2,true,0,0,0,1,true,1,true,2)
143:(2,true,0,0,0,1,true,2,true,2)
144:(2,true,0,0,0,2,true,1,false,2)
145:(2,true,0,0,0,2,true,1,true,2)
146:(2,true,0,0,0,2,true,2,true,2)
147:(2,true,1,1,1,1,false,1,false,2)
148:(2,true,1,1,1,1,false,1,true,2)
149:(2,true,1,1,1,1,false,2,true,2)
150:(2,true,1,1,1,1,true,1,false,2)
151:(2,true,1,1,1,1,true,1,true,2)
152:(2,true,1,1,1,1,true,2,true,2)
153:(2,true,1,1,1,2,true,1,false,2)
154:(2,true,1,1,1,2,true,1,true,2)
155:(2,true,1,1,1,2,true,2,true,2)
156:(2,true,2,2,2,1,false,1,false,2)
157:(2,true,2,2,2,1,false,1,true,2)
158:(2,true,2,2,2,1,false,2,true,2)
159:(2,true,2,2,2,1,true,1,false,2)
160:(2,true,2,2,2,1,true,1,true,2)
161:(2,true,2,2,2,1,true,2,true,2)
162:(2,true,2,2,2,2,true,1,false,2)
163:(2,true,2,2,2,2,true,1,true,2)
164:(2,true,2,2,2,2,true,2,true,2)
165:(2,true,3,3,3,1,false,1,false,2)
166:(2,true,3,3,3,1,false,1,true,2)
167:(2,true,3,3,3,1,false,2,true,2)
168:(2,true,3,3,3,1,true,1,false,2)
169:(2,true,3,3,3,1,true,1,true,2)
170:(2,true,3,3,3,1,true,2,true,2)
171:(2,true,3,3,3,2,true,1,false,2)
172:(2,true,3,3,3,2,true,1,true,2)
173:(2,true,3,3,3,2,true,2,true,2)
174:(2,true,4,4,4,1,false,1,false,2)
175:(2,true,4,4,4,1,false,1,true,2)
176:(2,true,4,4,4,1,false,2,true,2)
177:(2,true,4,4,4,1,true,1,false,2)
178:(2,true,4,4,4,1,true,1,true,2)
179:(2,true,4,4,4,1,true,2,true,2)
180:(2,true,4,4,4,2,true,1,false,2)
181:(2,true,4,4,4,2,true,1,true,2)
182:(2,true,4,4,4,2,true,2,true,2)
183:(2,true,5,5,5,1,false,1,false,2)
184:(2,true,5,5,5,1,false,1,true,2)
185:(2,true,5,5,5,1,false,2,true,2)
186:(2,true,5,5,5,1,true,1,false,2)
187:(2,true,5,5,5,1,true,1,true,2)
188:(2,true,5,5,5,1,true,2,true,2)
189:(2,true,5,5,5,2,true,1,false,2)
190:(2,true,5,5,5,2,true,1,true,2)
191:(2,true,5,5,5,2,true,2,true,2)
192:(2,true,6,6,6,1,false,1,false,2)
193:(2,true,6,6,6,1,false,1,true,2)
194:(2,true,6,6,6,1,false,2,true,2)
195:(2,true,6,6,6,1,true,1,false,2)
196:(2,true,6,6,6,1,true,1,true,2)
197:(2,true,6,6,6,1,true,2,true,2)
198:(2,true,6,6,6,2,true,1,false,2)
199:(2,true,6,6,6,2,true,1,true,2)
200:(2,true,6,6,6,2,true,2,true,2)
201:(2,true,7,7,7,1,false,1,false,2)
202:(2,true,7,7,7,1,false,1,true,2)
203:(2,true,7,7,7,1,false,2,true,2)
204:(2,true,7,7,7,1,true,1,false,2)
205:(2,true,7,7,7,1,true,1,true,2)
206:(2,true,7,7,7,1,true,2,true,2)
207:(2,true,7,7,7,2,true,1,false,2)
208:(2,true,7,7,7,2,true,1,true,2)
209:(2,true,7,7,7,2,true,2,true,2)
210:(2,true,8,8,8,1,false,1,false,2)
211:(2,true,8,8,8,1,false,1,true,2)
212:(2,true,8,8,8,1,false,2,true,2)
213:(2,true,8,8,8,1,true,1,false,2)
214:(2,true,8,8,8,1,true,1,true,2)
215:(2,true,8,8,8,1,true,2,true,2)
216:(2,true,8,8,8,2,true,1,false,2)
217:(2,true,8,8,8,2,true,1,true,2)
218:(2,true,8,8,8,2,true,2,true,2)
219:(2,true,9,9,9,1,false,1,false,2)
220:(2,true,9,9,9,1,false,1,true,2)
221:(2,true,9,9,9,1,false,2,true,2)
222:(2,true,9,9,9,1,true,1,false,2)
223:(2,true,9,9,9,1,true,1,true,2)
224:(2,true,9,9,9,1,true,2,true,2)
225:(2,true,9,9,9,2,true,1,false,2)
226:(2,true,9,9,9,2,true,1,true,2)
227:(2,true,9,9,9,2,true,2,true,2)
228:(3,false,0,0,0,3,true,3,false,2)
229:(3,false,0,0,0,3,true,3,true,2)
230:(3,false,0,0,0,3,true,4,true,2)
231:(3,false,0,0,0,4,true,3,false,2)
232:(3,false,0,0,0,4,true,3,true,2)
233:(3,false,0,0,0,4,true,4,true,2)
234:(3,false,1,1,1,3,true,3,false,2)
235:(3,false,1,1,1,3,true,3,true,2)
236:(3,false,1,1,1,3,true,4,true,2)
237:(3,false,1,1,1,4,true,3,false,2)
238:(3,false,1,1,1,4,true,3,true,2)
239:(3,false,1,1,1,4,true,4,true,2)
240:(3,false,2,2,2,3,false,3,false,2)
241:(3,false,2,2,2,3,false,3,true,2)
242:(3,false,2,2,2,3,false,4,true,2)
243:(3,false,2,2,2,3,true,3,false,2)
244:(3,false,2,2,2,3,true,3,true,2)
245:(3,false,2,2,2,3,true,4,true,2)
246:(3,false,2,2,2,4,true,3,false,2)
247:(3,false,2,2,2,4,true,3,true,2)
248:(3,false,2,2,2,4,true,4,true,2)
249:(3,false,3,3,3,3,false,3,false,2)
250:(3,false,3,3,3,3,false,3,true,2)
251:(3,false,3,3,3,3,false,4,true,2)
252:(3,false,3,3,3,3,true,3,false,2)
253:(3,false,3,3,3,3,true,3,true,2)
254:(3,false,3,3,3,3,true,4,true,2)
255:(3,false,3,3,3,4,true,3,false,2)
256:(3,false,3,3,3,4,true,3,true,2)
257:(3,false,3,3,3,4,true,4,true,2)
258:(3,false,4,4,4,3,true,3,false,2)
259:(3,false,4,4,4,3,true,3,true,2)
260:(3,false,4,4,4,3,true,4,true,2)
261:(3,false,4,4,4,4,true,3,false,2)
262:(3,false,4,4,4,4,true,3,true,2)
263:(3,false,4,4,4,4,true,4,true,2)
264:(3,false,5,5,5,3,true,3,false,2)
265:(3,false,5,5,5,3,true,3,true,2)
266:(3,false,5,5,5,3,true,4,true,2)
267:(3,false,5,5,5,4,true,3,false,2)
268:(3,false,5,5,5,4,true,3,true,2)
269:(3,false,5,5,5,4,true,4,true,2)
270:(3,false,6,6,6,3,true,3,false,2)
271:(3,false,6,6,6,3,true,3,true,2)
272:(3,false,6,6,6,3,true,4,true,2)
273:(3,false,6,6,6,4,true,3,false,2)
274:(3,false,6,6,6,4,true,3,true,2)
275:(3,false,6,6,6,4,true,4,true,2)
276:(3,false,7,7,7,3,false,3,false,2)
277:(3,false,7,7,7,3,false,3,true,2)
278:(3,false,7,7,7,3,false,4,true,2)
279:(3,false,7,7,7,3,true,3,false,2)
280:(3,false,7,7,7,3,true,3,true,2)
281:(3,false,7,7,7,3,true,4,true,2)
282:(3,false,7,7,7,4,true,3,false,2)
283:(3,false,7,7,7,4,true,3,true,2)
284:(3,false,7,7,7,4,true,4,true,2)
285:(3,false,8,8,8,3,true,3,false,2)
286:(3,false,8,8,8,3,true,3,true,2)
287:(3,false,8,8,8,3,true,4,true,2)
288:(3,false,8,8,8,4,true,3,false,2)
289:(3,false,8,8,8,4,true,3,true,2)
290:(3,false,8,8,8,4,true,4,true,2)
291:(3,false,9,9,9,3,true,3,false,2)
292:(3,false,9,9,9,3,true,3,true,2)
293:(3,false,9,9,9,3,true,4,true,2)
294:(3,false,9,9,9,4,true,3,false,2)
295:(3,false,9,9,9,4,true,3,true,2)
296:(3,false,9,9,9,4,true,4,true,2)
297:(3,true,0,0,0,3,false,3,false,2)
298:(3,true,0,0,0,3,false,3,true,2)
299:(3,true,0,0,0,3,false,4,true,2)
300:(3,true,0,0,0,3,true,3,false,2)
301:(3,true,0,0,0,3,true,3,true,2)
302:(3,true,0,0,0,3,true,4,true,2)
303:(3,true,0,0,0,4,true,3,false,2)
304:(3,true,0,0,0,4,true,3,true,2)
305:(3,true,0,0,0,4,true,4,true,2)
306:(3,true,1,1,1,3,false,3,false,2)
307:(3,true,1,1,1,3,false,3,true,2)
308:(3,true,1,1,1,3,false,4,true,2)
309:(3,true,1,1,1,3,true,3,false,2)
310:(3,true,1,1,1,3,true,3,true,2)
311:(3,true,1,1,1,3,true,4,true,2)
312:(3,true,1,1,1,4,true,3,false,2)
313:(3,true,1,1,1,4,true,3,true,2)
314:(3,true,1,1,1,4,true,4,true,2)
315:(3,true,2,2,2,3,false,3,false,2)
316:(3,true,2,2,2,3,false,3,true,2)
317:(3,true,2,2,2,3,false,4,true,2)
318:(3,true,2,2,2,3,true,3,false,2)
319:(3,true,2,2,2,3,true,3,true,2)
320:(3,true,2,2,2,3,true,4,true,2)
321:(3,true,2,2,2,4,true,3,false,2)
322:(3,true,2,2,2,4,true,3,true,2)
323:(3,true,2,2,2,4,true,4,true,2)
324:(3,true,3,3,3,3,false,3,false,2)
325:(3,true,3,3,3,3,false,3,true,2)
326:(3,true,3,3,3,3,false,4,true,2)
327:(3,true,3,3,3,3,true,3,false,2)
328:(3,true,3,3,3,3,true,3,true,2)
329:(3,true,3,3,3,3,true,4,true,2)
330:(3,true,3,3,3,4,true,3,false,2)
331:(3,true,3,3,3,4,true,3,true,2)
332:(3,true,3,3,3,4,true,4,true,2)
333:(3,true,4,4,4,3,false,3,false,2)
334:(3,true,4,4,4,3,false,3,true,2)
335:(3,true,4,4,4,3,false,4,true,2)
336:(3,true,4,4,4,3,true,3,false,2)
337:(3,true,4,4,4,3,true,3,true,2)
338:(3,true,4,4,4,3,true,4,true,2)
339:(3,true,4,4,4,4,true,3,false,2)
340:(3,true,4,4,4,4,true,3,true,2)
341:(3,true,4,4,4,4,true,4,true,2)
342:(3,true,5,5,5,3,false,3,false,2)
343:(3,true,5,5,5,3,false,3,true,2)
344:(3,true,5,5,5,3,false,4,true,2)
345:(3,true,5,5,5,3,true,3,false,2)
346:(3,true,5,5,5,3,true,3,true,2)
347:(3,true,5,5,5,3,true,4,true,2)
348:(3,true,5,5,5,4,true,3,false,2)
349:(3,true,5,5,5,4,true,3,true,2)
350:(3,true,5,5,5,4,true,4,true,2)
351:(3,true,6,6,6,3,false,3,false,2)
352:(3,true,6,6,6,3,false,3,true,2)
353:(3,true,6,6,6,3,false,4,true,2)
354:(3,true,6,6,6,3,true,3,false,2)
355:(3,true,6,6,6,3,true,3,true,2)
356:(3,true,6,6,6,3,true,4,true,2)
357:(3,true,6,6,6,4,true,3,false,2)
358:(3,true,6,6,6,4,true,3,true,2)
359:(3,true,6,6,6,4,true,4,true,2)
360:(3,true,7,7,7,3,false,3,false,2)
361:(3,true,7,7,7,3,false,3,true,2)
362:(3,true,7,7,7,3,false,4,true,2)
363:(3,true,7,7,7,3,true,3,false,2)
364:(3,true,7,7,7,3,true,3,true,2)
365:(3,true,7,7,7,3,true,4,true,2)
366:(3,true,7,7,7,4,true,3,false,2)
367:(3,true,7,7,7,4,true,3,true,2)
368:(3,true,7,7,7,4,true,4,true,2)
369:(3,true,8,8,8,3,false,3,false,2)
370:(3,true,8,8,8,3,false,3,true,2)
371:(3,true,8,8,8,3,false,4,true,2)
372:(3,true,8,8,8,3,true,3,false,2)
373:(3,true,8,8,8,3,true,3,true,2)
374:(3,true,8,8,8,3,true,4,true,2)
375:(3,true,8,8,8,4,true,3,false,2)
376:(3,true,8,8,8,4,true,3,true,2)
377:(3,true,8,8,8,4,true,4,true,2)
378:(3,true,9,9,9,3,false,3,false,2)
379:(3,true,9,9,9,3,false,3,true,2)
380:(3,true,9,9,9,3,false,4,true,2)
381:(3,true,9,9,9,3,true,3,false,2)
382:(3,true,9,9,9,3,true,3,true,2)
383:(3,true,9,9,9,3,true,4,true,2)
384:(3,true,9,9,9,4,true,3,false,2)
385:(3,true,9,9,9,4,true,3,true,2)
386:(3,true,9,9,9,4,true,4,true,2)
387:(4,false,4,4,4,4,false,4,false,2)
388:(4,false,5,5,5,4,false,4,false,2)
389:(4,false,8,8,8,4,false,4,false,2)
390:(4,true,0,0,0,3,false,3,false,2)
391:(4,true,0,0,0,3,false,3,true,2)
392:(4,true,0,0,0,3,false,4,true,2)
393:(4,true,0,0,0,3,true,3,false,2)
394:(4,true,0,0,0,3,true,3,true,2)
395:(4,true,0,0,0,3,true,4,true,2)
396:(4,true,0,0,0,4,true,3,false,2)
397:(4,true,0,0,0,4,true,3,true,2)
398:(4,true,0,0,0,4,true,4,true,2)
399:(4,true,1,1,1,3,false,3,false,2)
400:(4,true,1,1,1,3,false,3,true,2)
401:(4,true,1,1,1,3,false,4,true,2)
402:(4,true,1,1,1,3,true,3,false,2)
403:(4,true,1,1,1,3,true,3,true,2)
404:(4,true,1,1,1,3,true,4,true,2)
405:(4,true,1,1,1,4,true,3,false,2)
406:(4,true,1,1,1,4,true,3,true,2)
407:(4,true,1,1,1,4,true,4,true,2)
408:(4,true,2,2,2,3,false,3,false,2)
409:(4,true,2,2,2,3,false,3,true,2)
410:(4,true,2,2,2,3,false,4,true,2)
411:(4,true,2,2,2,3,true,3,false,2)
412:(4,true,2,2,2,3,true,3,true,2)
413:(4,true,2,2,2,3,true,4,true,2)
414:(4,true,2,2,2,4,true,3,false,2)
415:(4,true,2,2,2,4,true,3,true,2)
416:(4,true,2,2,2,4,true,4,true,2)
417:(4,true,3,3,3,3,false,3,false,2)
418:(4,true,3,3,3,3,false,3,true,2)
419:(4,true,3,3,3,3,false,4,true,2)
420:(4,true,3,3,3,3,true,3,false,2)
421:(4,true,3,3,3,3,true,3,true,2)
422:(4,true,3,3,3,3,true,4,true,2)
423:(4,true,3,3,3,4,true,3,false,2)
424:(4,true,3,3,3,4,true,3,true,2)
425:(4,true,3,3,3,4,true,4,true,2)
426:(4,true,4,4,4,3,false,3,false,2)
427:(4,true,4,4,4,3,false,3,true,2)
428:(4,true,4,4,4,3,false,4,true,2)
429:(4,true,4,4,4,3,true,3,false,2)
430:(4,true,4,4,4,3,true,3,true,2)
431:(4,true,4,4,4,3,true,4,true,2)
432:(4,true,4,4,4,4,true,3,false,2)
433:(4,true,4,4,4,4,true,3,true,2)
434:(4,true,4,4,4,4,true,4,true,2)
435:(4,true,5,5,5,3,false,3,false,2)
436:(4,true,5,5,5,3,false,3,true,2)
437:(4,true,5,5,5,3,false,4,true,2)
438:(4,true,5,5,5,3,true,3,false,2)
439:(4,true,5,5,5,3,true,3,true,2)
440:(4,true,5,5,5,3,true,4,true,2)
441:(4,true,5,5,5,4,true,3,false,2)
442:(4,true,5,5,5,4,true,3,true,2)
443:(4,true,5,5,5,4,true,4,true,2)
444:(4,true,6,6,6,3,false,3,false,2)
445:(4,true,6,6,6,3,false,3,true,2)
446:(4,true,6,6,6,3,false,4,true,2)
447:(4,true,6,6,6,3,true,3,false,2)
448:(4,true,6,6,6,3,true,3,true,2)
449:(4,true,6,6,6,3,true,4,true,2)
450:(4,true,6,6,6,4,true,3,false,2)
451:(4,true,6,6,6,4,true,3,true,2)
452:(4,true,6,6,6,4,true,4,true,2)
453:(4,true,7,7,7,3,false,3,false,2)
454:(4,true,7,7,7,3,false,3,true,2)
455:(4,true,7,7,7,3,false,4,true,2)
456:(4,true,7,7,7,3,true,3,false,2)
457:(4,true,7,7,7,3,true,3,true,2)
458:(4,true,7,7,7,3,true,4,true,2)
459:(4,true,7,7,7,4,true,3,false,2)
460:(4,true,7,7,7,4,true,3,true,2)
461:(4,true,7,7,7,4,true,4,true,2)
462:(4,true,8,8,8,3,false,3,false,2)
463:(4,true,8,8,8,3,false,3,true,2)
464:(4,true,8,8,8,3,false,4,true,2)
465:(4,true,8,8,8,3,true,3,false,2)
466:(4,true,8,8,8,3,true,3,true,2)
467:(4,true,8,8,8,3,true,4,true,2)
468:(4,true,8,8,8,4,true,3,false,2)
469:(4,true,8,8,8,4,true,3,true,2)
470:(4,true,8,8,8,4,true,4,true,2)
471:(4,true,9,9,9,3,false,3,false,2)
472:(4,true,9,9,9,3,false,3,true,2)
473:(4,true,9,9,9,3,false,4,true,2)
474:(4,true,9,9,9,3,true,3,false,2)
475:(4,true,9,9,9,3,true,3,true,2)
476:(4,true,9,9,9,3,true,4,true,2)
477:(4,true,9,9,9,4,true,3,false,2)
478:(4,true,9,9,9,4,true,3,true,2)
479:(4,true,9,9,9,4,true,4,true,2)
480:(7,false,0,0,0,7,true,7,false,9)
481:(7,false,0,0,0,7,true,7,true,9)
482:(7,false,0,0,0,7,true,8,true,9)
483:(7,false,0,0,0,7,true,9,true,9)
484:(7,false,0,0,0,8,true,7,false,11)
485:(7,false,0,0,0,8,true,7,true,11)
486:(7,false,0,0,0,8,true,8,true,11)
487:(7,false,0,0,0,8,true,9,true,11)
488:(7,false,1,1,1,7,true,7,false,9)
489:(7,false,1,1,1,7,true,7,true,9)
490:(7,false,1,1,1,7,true,8,true,9)
491:(7,false,1,1,1,7,true,9,true,9)
492:(7,false,1,1,1,8,true,7,false,11)
493:(7,false,1,1,1,8,true,7,true,11)
494:(7,false,1,1,1,8,true,8,true,11)
495:(7,false,1,1,1,8,true,9,true,11)
496:(7,false,2,2,2,7,false,7,false,10)
497:(7,false,2,2,2,7,false,7,true,10)
498:(7,false,2,2,2,7,false,8,true,10)
499:(7,false,2,2,2,7,false,9,true,10)
500:(7,false,2,2,2,7,true,7,false,10)
501:(7,false,2,2,2,7,true,7,false,11)
502:(7,false,2,2,2,7,true,7,true,10)
503:(7,false,2,2,2,7,true,7,true,11)
504:(7,false,2,2,2,7,true,8,true,10)
505:(7,false,2,2,2,7,true,8,true,11)
506:(7,false,2,2,2,7,true,9,true,10)
507:(7,false,2,2,2,7,true,9,true,11)
508:(7,false,2,2,2,8,true,7,false,8)
509:(7,false,2,2,2,8,true,7,true,8)
510:(7,false,2,2,2,8,true,8,true,8)
511:(7,false,2,2,2,8,true,9,true,8)
512:(7,false,2,2,2,9,true,7,false,9)
513:(7,false,2,2,2,9,true,7,true,9)
514:(7,false,2,2,2,9,true,8,true,9)
515:(7,false,2,2,2,9,true,9,true,9)
516:(7,false,3,3,3,7,false,7,false,10)
517:(7,false,3,3,3,7,false,7,true,10)
518:(7,false,3,3,3,7,false,8,true,10)
519:(7,false,3,3,3,7,false,9,true,10)
520:(7,false,3,3,3,7,true,7,false,10)
521:(7,false,3,3,3,7,true,7,false,11)
522:(7,false,3,3,3,7,true,7,true,10)
523:(7,false,3,3,3,7,true,7,true,11)
524:(7,false,3,3,3,7,true,8,true,10)
525:(7,false,3,3,3,7,true,8,true,11)
526:(7,false,3,3,3,7,true,9,true,10)
527:(7,false,3,3,3,7,true,9,true,11)
528:(7,false,3,3,3,8,true,7,false,8)
529:(7,false,3,3,3,8,true,7,true,8)
530:(7,false,3,3,3,8,true,8,true,8)
531:(7,false,3,3,3,8,true,9,true,8)
532:(7,false,3,3,3,9,true,7,false,9)
533:(7,false,3,3,3,9,true,7,true,9)
534:(7,false,3,3,3,9,true,8,true,9)
535:(7,false,3,3,3,9,true,9,true,9)
536:(7,false,4,4,4,7,true,7,false,8)
537:(7,false,4,4,4,7,true,7,true,8)
538:(7,false,4,4,4,7,true,8,true,8)
539:(7,false,4,4,4,7,true,9,true,8)
540:(7,false,4,4,4,8,true,7,false,9)
541:(7,false,4,4,4,8,true,7,true,9)
542:(7,false,4,4,4,8,true,8,true,9)
543:(7,false,4,4,4,8,true,9,true,9)
544:(7,false,4,4,4,9,true,7,false,11)
545:(7,false,4,4,4,9,true,7,true,11)
546:(7,false,4,4,4,9,true,8,true,11)
547:(7,false,4,4,4,9,true,9,true,11)
548:(7,false,5,5,5,7,true,7,false,8)
549:(7,false,5,5,5,7,true,7,true,8)
550:(7,false,5,5,5,7,true,8,true,8)
551:(7,false,5,5,5,7,true,9,true,8)
552:(7,false,5,5,5,8,true,7,false,9)
553:(7,false,5,5,5,8,true,7,true,9)
554:(7,false,5,5,5,8,true,8,true,9)
555:(7,false,5,5,5,8,true,9,true,9)
556:(7,false,5,5,5,9,true,7,false,11)
557:(7,false,5,5,5,9,true,7,true,11)
558:(7,false,5,5,5,9,true,8,true,11)
559:(7,false,5,5,5,9,true,9,true,11)
560:(7,false,6,6,6,7,true,7,false,9)
561:(7,false,6,6,6,7,true,7,true,9)
562:(7,false,6,6,6,7,true,8,true,9)
563:(7,false,6,6,6,7,true,9,true,9)
564:(7,false,6,6,6,8,true,7,false,11)
565:(7,false,6,6,6,8,true,7,true,11)
566:(7,false,6,6,6,8,true,8,true,11)
567:(7,false,6,6,6,8,true,9,true,11)
568:(7,false,7,7,7,7,false,7,false,10)
569:(7,false,7,7,7,7,false,7,true,10)
570:(7,false,7,7,7,7,false,8,true,10)
571:(7,false,7,7,7,7,false,9,true,10)
572:(7,false,7,7,7,7,true,7,false,10)
573:(7,false,7,7,7,7,true,7,true,10)
574:(7,false,7,7,7,7,true,8,true,10)
575:(7,false,7,7,7,7,true,9,true,10)
576:(7,false,7,7,7,8,true,7,false,8)
577:(7,false,7,7,7,8,true,7,true,8)
578:(7,false,7,7,7,8,true,8,true,8)
579:(7,false,7,7,7,8,true,9,true,8)
580:(7,false,7,7,7,9,true,7,false,9)
581:(7,false,7,7,7,9,true,7,true,9)
582:(7,false,7,7,7,9,true,8,true,9)
583:(7,false,7,7,7,9,true,9,true,9)
584:(7,false,8,8,8,7,true,7,false,8)
585:(7,false,8,8,8,7,true,7,true,8)
586:(7,false,8,8,8,7,true,8,true,8)
587:(7,false,8,8,8,7,true,9,true,8)
588:(7,false,8,8,8,8,true,7,false,9)
589:(7,false,8,8,8,8,true,7,true,9)
590:(7,false,8,8,8,8,true,8,true,9)
591:(7,false,8,8,8,8,true,9,true,9)
592:(7,false,8,8,8,9,true,7,false,11)
593:(7,false,8,8,8,9,true,7,true,11)
594:(7,false,8,8,8,9,true,8,true,11)
595:(7,false,8,8,8,9,true,9,true,11)
596:(7,false,9,9,9,7,true,7,false,9)
597:(7,false,9,9,9,7,true,7,true,9)
598:(7,false,9,9,9,7,true,8,true,9)
599:(7,false,9,9,9,7,true,9,true,9)
600:(7,false,9,9,9,8,true,7,false,11)
601:(7,false,9,9,9,8,true,7,true,11)
602:(7,false,9,9,9,8,true,8,true,11)
603:(7,false,9,9,9,8,true,9,true,11)
604:(7,true,0,0,0,7,false,7,false,9)
605:(7,true,0,0,0,7,false,7,true,9)
606:(7,true,0,0,0,7,false,8,true,9)
607:(7,true,0,0,0,7,false,9,true,9)
608:(7,true,0,0,0,7,true,7,false,9)
609:(7,true,0,0,0,7,true,7,true,8)
610:(7,true,0,0,0,7,true,7,true,9)
611:(7,true,0,0,0,7,true,7,true,10)
612:(7,true,0,0,0,7,true,7,true,11)
613:(7,true,0,0,0,7,true,8,true,8)
614:(7,true,0,0,0,7,true,8,true,9)
615:(7,true,0,0,0,7,true,8,true,10)
616:(7,true,0,0,0,7,true,8,true,11)
617:(7,true,0,0,0,7,true,9,true,8)
618:(7,true,0,0,0,7,true,9,true,9)
619:(7,true,0,0,0,7,true,9,true,10)
620:(7,true,0,0,0,7,true,9,true,11)
621:(7,true,0,0,0,8,true,7,false,11)
622:(7,true,0,0,0,8,true,7,true,8)
623:(7,true,0,0,0,8,true,7,true,9)
624:(7,true,0,0,0,8,true,7,true,11)
625:(7,true,0,0,0,8,true,8,true,8)
626:(7,true,0,0,0,8,true,8,true,9)
627:(7,true,0,0,0,8,true,8,true,11)
628:(7,true,0,0,0,8,true,9,true,8)
629:(7,true,0,0,0,8,true,9,true,9)
630:(7,true,0,0,0,8,true,9,true,11)
631:(7,true,0,0,0,9,true,7,true,9)
632:(7,true,0,0,0,9,true,7,true,11)
633:(7,true,0,0,0,9,true,8,true,9)
634:(7,true,0,0,0,9,true,8,true,11)
635:(7,true,0,0,0,9,true,9,true,9)
636:(7,true,0,0,0,9,true,9,true,11)
637:(7,true,1,1,1,7,false,7,false,9)
638:(7,true,1,1,1,7,false,7,true,9)
639:(7,true,1,1,1,7,false,8,true,9)
640:(7,true,1,1,1,7,false,9,true,9)
641:(7,true,1,1,1,7,true,7,false,9)
642:(7,true,1,1,1,7,true,7,true,8)
643:(7,true,1,1,1,7,true,7,true,9)
644:(7,true,1,1,1,7,true,7,true,10)
645:(7,true,1,1,1,7,true,7,true,11)
646:(7,true,1,1,1,7,true,8,true,8)
647:(7,true,1,1,1,7,true,8,true,9)
648:(7,true,1,1,1,7,true,8,true,10)
649:(7,true,1,1,1,7,true,8,true,11)
650:(7,true,1,1,1,7,true,9,true,8)
651:(7,true,1,1,1,7,true,9,true,9)
652:(7,true,1,1,1,7,true,9,true,10)
653:(7,true,1,1,1,7,true,9,true,11)
654:(7,true,1,1,1,8,true,7,false,11)
655:(7,true,1,1,1,8,true,7,true,8)
656:(7,true,1,1,1,8,true,7,true,9)
657:(7,true,1,1,1,8,true,7,true,11)
658:(7,true,1,1,1,8,true,8,true,8)
659:(7,true,1,1,1,8,true,8,true,9)
660:(7,true,1,1,1,8,true,8,true,11)
661:(7,true,1,1,1,8,true,9,true,8)
662:(7,true,1,1,1,8,true,9,true,9)
663:(7,true,1,1,1,8,true,9,true,11)
664:(7,true,1,1,1,9,true,7,true,9)
665:(7,true,1,1,1,9,true,7,true,11)
666:(7,true,1,1,1,9,true,8,true,9)
667:(7,true,1,1,1,9,true,8,true,11)
668:(7,true,1,1,1,9,true,9,true,9)
669:(7,true,1,1,1,9,true,9,true,11)
670:(7,true,2,2,2,7,false,7,false,10)
671:(7,true,2,2,2,7,false,7,false,11)
672:(7,true,2,2,2,7,false,7,true,10)
673:(7,true,2,2,2,7,false,7,true,11)
674:(7,true,2,2,2,7,false,8,true,10)
675:(7,true,2,2,2,7,false,8,true,11)
676:(7,true,2,2,2,7,false,9,true,10)
677:(7,true,2,2,2,7,false,9,true,11)
678:(7,true,2,2,2,7,true,7,false,10)
679:(7,true,2,2,2,7,true,7,false,11)
680:(7,true,2,2,2,7,true,7,true,8)
681:(7,true,2,2,2,7,true,7,true,9)
682:(7,true,2,2,2,7,true,7,true,10)
683:(7,true,2,2,2,7,true,7,true,11)
684:(7,true,2,2,2,7,true,8,true,8)
685:(7,true,2,2,2,7,true,8,true,9)
686:(7,true,2,2,2,7,true,8,true,10)
687:(7,true,2,2,2,7,true,8,true,11)
688:(7,true,2,2,2,7,true,9,true,8)
689:(7,true,2,2,2,7,true,9,true,9)
690:(7,true,2,2,2,7,true,9,true,10)
691:(7,true,2,2,2,7,true,9,true,11)
692:(7,true,2,2,2,8,true,7,false,8)
693:(7,true,2,2,2,8,true,7,true,8)
694:(7,true,2,2,2,8,true,7,true,9)
695:(7,true,2,2,2,8,true,7,true,11)
696:(7,true,2,2,2,8,true,8,true,8)
697:(7,true,2,2,2,8,true,8,true,9)
698:(7,true,2,2,2,8,true,8,true,11)
699:(7,true,2,2,2,8,true,9,true,8)
700:(7,true,2,2,2,8,true,9,true,9)
701:(7,true,2,2,2,8,true,9,true,11)
702:(7,true,2,2,2,9,true,7,false,9)
703:(7,true,2,2,2,9,true,7,true,9)
704:(7,true,2,2,2,9,true,7,true,11)
705:(7,true,2,2,2,9,true,8,true,9)
706:(7,true,2,2,2,9,true,8,true,11)
707:(7,true,2,2,2,9,true,9,true,9)
708:(7,true,2,2,2,9,true,9,true,11)
709:(7,true,3,3,3,7,false,7,false,10)
710:(7,true,3,3,3,7,false,7,false,11)
711:(7,true,3,3,3,7,false,7,true,10)
712:(7,true,3,3,3,7,false,7,true,11)
713:(7,true,3,3,3,7,false,8,true,10)
714:(7,true,3,3,3,7,false,8,true,11)
715:(7,true,3,3,3,7,false,9,true,10)
716:(7,true,3,3,3,7,false,9,true,11)
717:(7,true,3,3,3,7,true,7,false,10)
718:(7,true,3,3,3,7,true,7,false,11)
719:(7,true,3,3,3,7,true,7,true,8)
720:(7,true,3,3,3,7,true,7,true,9)
721:(7,true,3,3,3,7,true,7,true,10)
722:(7,true,3,3,3,7,true,7,true,11)
723:(7,true,3,3,3,7,true,8,true,8)
724:(7,true,3,3,3,7,true,8,true,9)
725:(7,true,3,3,3,7,true,8,true,10)
726:(7,true,3,3,3,7,true,8,true,11)
727:(7,true,3,3,3,7,true,9,true,8)
728:(7,true,3,3,3,7,true,9,true,9)
729:(7,true,3,3,3,7,true,9,true,10)
730:(7,true,3,3,3,7,true,9,true,11)
731:(7,true,3,3,3,8,true,7,false,8)
732:(7,true,3,3,3,8,true,7,true,8)
733:(7,true,3,3,3,8,true,7,true,9)
734:(7,true,3,3,3,8,true,7,true,11)
735:(7,true,3,3,3,8,true,8,true,8)
736:(7,true,3,3,3,8,true,8,true,9)
737:(7,true,3,3,3,8,true,8,true,11)
738:(7,true,3,3,3,8,true,9,true,8)
739:(7,true,3,3,3,8,true,9,true,9)
740:(7,true,3,3,3,8,true,9,true,11)
741:(7,true,3,3,3,9,true,7,false,9)
742:(7,true,3,3,3,9,true,7,true,9)
743:(7,true,3,3,3,9,true,7,true,11)
744:(7,true,3,3,3,9,true,8,true,9)
745:(7,true,3,3,3,9,true,8,true,11)
746:(7,true,3,3,3,9,true,9,true,9)
747:(7,true,3,3,3,9,true,9,true,11)
748:(7,true,4,4,4,7,false,7,false,8)
749:(7,true,4,4,4,7,false,7,true,8)
750:(7,true,4,4,4,7,false,8,true,8)
751:(7,true,4,4,4,7,false,9,true,8)
752:(7,true,4,4,4,7,true,7,false,8)
753:(7,true,4,4,4,7,true,7,true,8)
754:(7,true,4,4,4,7,true,7,true,9)
755:(7,true,4,4,4,7,true,7,true,10)
756:(7,true,4,4,4,7,true,7,true,11)
757:(7,true,4,4,4,7,true,8,true,8)
758:(7,true,4,4,4,7,true,8,true,9)
759:(7,true,4,4,4,7,true,8,true,10)
760:(7,true,4,4,4,7,true,8,true,11)
761:(7,true,4,4,4,7,true,9,true,8)
762:(7,true,4,4,4,7,true,9,true,9)
763:(7,true,4,4,4,7,true,9,true,10)
764:(7,true,4,4,4,7,true,9,true,11)
765:(7,true,4,4,4,8,true,7,false,9)
766:(7,true,4,4,4,8,true,7,true,8)
767:(7,true,4,4,4,8,true,7,true,9)
768:(7,true,4,4,4,8,true,7,true,11)
769:(7,true,4,4,4,8,true,8,true,8)
770:(7,true,4,4,4,8,true,8,true,9)
771:(7,true,4,4,4,8,true,8,true,11)
772:(7,true,4,4,4,8,true,9,true,8)
773:(7,true,4,4,4,8,true,9,true,9)
774:(7,true,4,4,4,8,true,9,true,11)
775:(7,true,4,4,4,9,true,7,false,11)
776:(7,true,4,4,4,9,true,7,true,9)
777:(7,true,4,4,4,9,true,7,true,11)
778:(7,true,4,4,4,9,true,8,true,9)
779:(7,true,4,4,4,9,true,8,true,11)
780:(7,true,4,4,4,9,true,9,true,9)
781:(7,true,4,4,4,9,true,9,true,11)
782:(7,true,5,5,5,7,false,7,false,8)
783:(7,true,5,5,5,7,false,7,true,8)
784:(7,true,5,5,5,7,false,8,true,8)
785:(7,true,5,5,5,7,false,9,true,8)
786:(7,true,5,5,5,7,true,7,false,8)
787:(7,true,5,5,5,7,true,7,true,8)
788:(7,true,5,5,5,7,true,7,true,9)
789:(7,true,5,5,5,7,true,7,true,10)
790:(7,true,5,5,5,7,true,7,true,11)
791:(7,true,5,5,5,7,true,8,true,8)
792:(7,true,5,5,5,7,true,8,true,9)
793:(7,true,5,5,5,7,true,8,true,10)
794:(7,true,5,5,5,7,true,8,true,11)
795:(7,true,5,5,5,7,true,9,true,8)
796:(7,true,5,5,5,7,true,9,true,9)
797:(7,true,5,5,5,7,true,9,true,10)
798:(7,true,5,5,5,7,true,9,true,11)
799:(7,true,5,5,5,8,true,7,false,9)
800:(7,true,5,5,5,8,true,7,true,8)
801:(7,true,5,5,5,8,true,7,true,9)
802:(7,true,5,5,5,8,true,7,true,11)
803:(7,true,5,5,5,8,true,8,true,8)
804:(7,true,5,5,5,8,true,8,true,9)
805:(7,true,5,5,5,8,true,8,true,11)
806:(7,true,5,5,5,8,true,9,true,8)
807:(7,true,5,5,5,8,true,9,true,9)
808:(7,true,5,5,5,8,true,9,true,11)
809:(7,true,5,5,5,9,true,7,false,11)
810:(7,true,5,5,5,9,true,7,true,9)
811:(7,true,5,5,5,9,true,7,true,11)
812:(7,true,5,5,5,9,true,8,true,9)
813:(7,true,5,5,5,9,true,8,true,11)
814:(7,true,5,5,5,9,true,9,true,9)
815:(7,true,5,5,5,9,true,9,true,11)
816:(7,true,6,6,6,7,false,7,false,9)
817:(7,true,6,6,6,7,false,7,true,9)
818:(7,true,6,6,6,7,false,8,true,9)
819:(7,true,6,6,6,7,false,9,true,9)
820:(7,true,6,6,6,7,true,7,false,9)
821:(7,true,6,6,6,7,true,7,true,8)
822:(7,true,6,6,6,7,true,7,true,9)
823:(7,true,6,6,6,7,true,7,true,10)
824:(7,true,6,6,6,7,true,7,true,11)
825:(7,true,6,6,6,7,true,8,true,8)
826:(7,true,6,6,6,7,true,8,true,9)
827:(7,true,6,6,6,7,true,8,true,10)
828:(7,true,6,6,6,7,true,8,true,11)
829:(7,true,6,6,6,7,true,9,true,8)
830:(7,true,6,6,6,7,true,9,true,9)
831:(7,true,6,6,6,7,true,9,true,10)
832:(7,true,6,6,6,7,true,9,true,11)
833:(7,true,6,6,6,8,true,7,false,11)
834:(7,true,6,6,6,8,true,7,true,8)
835:(7,true,6,6,6,8,true,7,true,9)
836:(7,true,6,6,6,8,true,7,true,11)
837:(7,true,6,6,6,8,true,8,true,8)
838:(7,true,6,6,6,8,true,8,true,9)
839:(7,true,6,6,6,8,true,8,true,11)
840:(7,true,6,6,6,8,true,9,true,8)
841:(7,true,6,6,6,8,true,9,true,9)
842:(7,true,6,6,6,8,true,9,true,11)
843:(7,true,6,6,6,9,true,7,true,9)
844:(7,true,6,6,6,9,true,7,true,11)
845:(7,true,6,6,6,9,true,8,true,9)
846:(7,true,6,6,6,9,true,8,true,11)
847:(7,true,6,6,6,9,true,9,true,9)
848:(7,true,6,6,6,9,true,9,true,11)
849:(7,true,7,7,7,7,false,7,false,10)
850:(7,true,7,7,7,7,false,7,true,10)
851:(7,true,7,7,7,7,false,8,true,10)
852:(7,true,7,7,7,7,false,9,true,10)
853:(7,true,7,7,7,7,true,7,false,10)
854:(7,true,7,7,7,7,true,7,true,10)
855:(7,true,7,7,7,7,true,8,true,10)
856:(7,true,7,7,7,7,true,9,true,10)
857:(7,true,7,7,7,8,true,7,false,8)
858:(7,true,7,7,7,8,true,7,true,8)
859:(7,true,7,7,7,8,true,8,true,8)
860:(7,true,7,7,7,8,true,9,true,8)
861:(7,true,7,7,7,9,true,7,false,9)
862:(7,true,7,7,7,9,true,7,true,9)
863:(7,true,7,7,7,9,true,8,true,9)
864:(7,true,7,7,7,9,true,9,true,9)
865:(7,true,8,8,8,7,false,7,false,8)
866:(7,true,8,8,8,7,false,7,true,8)
867:(7,true,8,8,8,7,false,8,true,8)
868:(7,true,8,8,8,7,false,9,true,8)
869:(7,true,8,8,8,7,true,7,false,8)
870:(7,true,8,8,8,7,true,7,true,8)
871:(7,true,8,8,8,7,true,7,true,10)
872:(7,true,8,8,8,7,true,8,true,8)
873:(7,true,8,8,8,7,true,8,true,10)
874:(7,true,8,8,8,7,true,9,true,8)
875:(7,true,8,8,8,7,true,9,true,10)
876:(7,true,8,8,8,8,true,7,false,9)
877:(7,true,8,8,8,8,true,7,true,8)
878:(7,true,8,8,8,8,true,7,true,9)
879:(7,true,8,8,8,8,true,8,true,8)
880:(7,true,8,8,8,8,true,8,true,9)
881:(7,true,8,8,8,8,true,9,true,8)
882:(7,true,8,8,8,8,true,9,true,9)
883:(7,true,8,8,8,9,true,7,false,11)
884:(7,true,8,8,8,9,true,7,true,9)
885:(7,true,8,8,8,9,true,7,true,11)
886:(7,true,8,8,8,9,true,8,true,9)
887:(7,true,8,8,8,9,true,8,true,11)
888:(7,true,8,8,8,9,true,9,true,9)
889:(7,true,8,8,8,9,true,9,true,11)
890:(7,true,9,9,9,7,false,7,false,9)
891:(7,true,9,9,9,7,false,7,true,9)
892:(7,true,9,9,9,7,false,8,true,9)
893:(7,true,9,9,9,7,false,9,true,9)
894:(7,true,9,9,9,7,true,7,false,9)
895:(7,true,9,9,9,7,true,7,true,8)
896:(7,true,9,9,9,7,true,7,true,9)
897:(7,true,9,9,9,7,true,7,true,10)
898:(7,true,9,9,9,7,true,8,true,8)
899:(7,true,9,9,9,7,true,8,true,9)
900:(7,true,9,9,9,7,true,8,true,10)
901:(7,true,9,9,9,7,true,9,true,8)
902:(7,true,9,9,9,7,true,9,true,9)
903:(7,true,9,9,9,7,true,9,true,10)
904:(7,true,9,9,9,8,true,7,false,11)
905:(7,true,9,9,9,8,true,7,true,8)
906:(7,true,9,9,9,8,true,7,true,9)
907:(7,true,9,9,9,8,true,7,true,11)
908:(7,true,9,9,9,8,true,8,true,8)
909:(7,true,9,9,9,8,true,8,true,9)
910:(7,true,9,9,9,8,true,8,true,11)
911:(7,true,9,9,9,8,true,9,true,8)
912:(7,true,9,9,9,8,true,9,true,9)
913:(7,true,9,9,9,8,true,9,true,11)
914:(7,true,9,9,9,9,true,7,true,9)
915:(7,true,9,9,9,9,true,7,true,11)
916:(7,true,9,9,9,9,true,8,true,9)
917:(7,true,9,9,9,9,true,8,true,11)
918:(7,true,9,9,9,9,true,9,true,9)
919:(7,true,9,9,9,9,true,9,true,11)
920:(8,false,4,4,4,8,false,8,false,8)
921:(8,false,5,5,5,8,false,8,false,8)
922:(8,false,8,8,8,8,false,8,false,8)
923:(8,true,0,0,0,7,false,7,false,11)
924:(8,true,0,0,0,7,false,7,true,11)
925:(8,true,0,0,0,7,false,8,true,11)
926:(8,true,0,0,0,7,false,9,true,11)
927:(8,true,0,0,0,7,true,7,false,11)
928:(8,true,0,0,0,7,true,7,true,8)
929:(8,true,0,0,0,7,true,7,true,9)
930:(8,true,0,0,0,7,true,7,true,11)
931:(8,true,0,0,0,7,true,8,true,8)
932:(8,true,0,0,0,7,true,8,true,9)
933:(8,true,0,0,0,7,true,8,true,11)
934:(8,true,0,0,0,7,true,9,true,8)
935:(8,true,0,0,0,7,true,9,true,9)
936:(8,true,0,0,0,7,true,9,true,11)
937:(8,true,0,0,0,8,true,7,true,9)
938:(8,true,0,0,0,8,true,7,true,11)
939:(8,true,0,0,0,8,true,8,true,9)
940:(8,true,0,0,0,8,true,8,true,11)
941:(8,true,0,0,0,8,true,9,true,9)
942:(8,true,0,0,0,8,true,9,true,11)
943:(8,true,0,0,0,9,true,7,true,11)
944:(8,true,0,0,0,9,true,8,true,11)
945:(8,true,0,0,0,9,true,9,true,11)
946:(8,true,1,1,1,7,false,7,false,11)
947:(8,true,1,1,1,7,false,7,true,11)
948:(8,true,1,1,1,7,false,8,true,11)
949:(8,true,1,1,1,7,false,9,true,11)
950:(8,true,1,1,1,7,true,7,false,11)
951:(8,true,1,1,1,7,true,7,true,8)
952:(8,true,1,1,1,7,true,7,true,9)
953:(8,true,1,1,1,7,true,7,true,11)
954:(8,true,1,1,1,7,true,8,true,8)
955:(8,true,1,1,1,7,true,8,true,9)
956:(8,true,1,1,1,7,true,8,true,11)
957:(8,true,1,1,1,7,true,9,true,8)
958:(8,true,1,1,1,7,true,9,true,9)
959:(8,true,1,1,1,7,true,9,true,11)
960:(8,true,1,1,1,8,true,7,true,9)
961:(8,true,1,1,1,8,true,7,true,11)
962:(8,true,1,1,1,8,true,8,true,9)
963:(8,true,1,1,1,8,true,8,true,11)
964:(8,true,1,1,1,8,true,9,true,9)
965:(8,true,1,1,1,8,true,9,true,11)
966:(8,true,1,1,1,9,true,7,true,11)
967:(8,true,1,1,1,9,true,8,true,11)
968:(8,true,1,1,1,9,true,9,true,11)
969:(8,true,2,2,2,7,false,7,false,8)
970:(8,true,2,2,2,7,false,7,true,8)
971:(8,true,2,2,2,7,false,8,true,8)
972:(8,true,2,2,2,7,false,9,true,8)
973:(8,true,2,2,2,7,true,7,false,8)
974:(8,true,2,2,2,7,true,7,true,8)
975:(8,true,2,2,2,7,true,7,true,9)
976:(8,true,2,2,2,7,true,7,true,11)
977:(8,true,2,2,2,7,true,8,true,8)
978:(8,true,2,2,2,7,true,8,true,9)
979:(8,true,2,2,2,7,true,8,true,11)
980:(8,true,2,2,2,7,true,9,true,8)
981:(8,true,2,2,2,7,true,9,true,9)
982:(8,true,2,2,2,7,true,9,true,11)
983:(8,true,2,2,2,8,true,7,false,9)
984:(8,true,2,2,2,8,true,7,true,9)
985:(8,true,2,2,2,8,true,7,true,11)
986:(8,true,2,2,2,8,true,8,true,9)
987:(8,true,2,2,2,8,true,8,true,11)
988:(8,true,2,2,2,8,true,9,true,9)
989:(8,true,2,2,2,8,true,9,true,11)
990:(8,true,2,2,2,9,true,7,false,11)
991:(8,true,2,2,2,9,true,7,true,11)
992:(8,true,2,2,2,9,true,8,true,11)
993:(8,true,2,2,2,9,true,9,true,11)
994:(8,true,3,3,3,7,false,7,false,8)
995:(8,true,3,3,3,7,false,7,true,8)
996:(8,true,3,3,3,7,false,8,true,8)
997:(8,true,3,3,3,7,false,9,true,8)
998:(8,true,3,3,3,7,true,7,false,8)
999:(8,true,3,3,3,7,true,7,true,8)
1000:(8,true,3,3,3,7,true,7,true,9)
1001:(8,true,3,3,3,7,true,7,true,11)
1002:(8,true,3,3,3,7,true,8,true,8)
1003:(8,true,3,3,3,7,true,8,true,9)
1004:(8,true,3,3,3,7,true,8,true,11)
1005:(8,true,3,3,3,7,true,9,true,8)
1006:(8,true,3,3,3,7,true,9,true,9)
1007:(8,true,3,3,3,7,true,9,true,11)
1008:(8,true,3,3,3,8,true,7,false,9)
1009:(8,true,3,3,3,8,true,7,true,9)
1010:(8,true,3,3,3,8,true,7,true,11)
1011:(8,true,3,3,3,8,true,8,true,9)
1012:(8,true,3,3,3,8,true,8,true,11)
1013:(8,true,3,3,3,8,true,9,true,9)
1014:(8,true,3,3,3,8,true,9,true,11)
1015:(8,true,3,3,3,9,true,7,false,11)
1016:(8,true,3,3,3,9,true,7,true,11)
1017:(8,true,3,3,3,9,true,8,true,11)
1018:(8,true,3,3,3,9,true,9,true,11)
1019:(8,true,4,4,4,7,false,7,false,9)
1020:(8,true,4,4,4,7,false,7,true,9)
1021:(8,true,4,4,4,7,false,8,true,9)
1022:(8,true,4,4,4,7,false,9,true,9)
1023:(8,true,4,4,4,7,true,7,false,9)
1024:(8,true,4,4,4,7,true,7,true,8)
1025:(8,true,4,4,4,7,true,7,true,9)
1026:(8,true,4,4,4,7,true,7,true,11)
1027:(8,true,4,4,4,7,true,8,true,8)
1028:(8,true,4,4,4,7,true,8,true,9)
1029:(8,true,4,4,4,7,true,8,true,11)
1030:(8,true,4,4,4,7,true,9,true,8)
1031:(8,true,4,4,4,7,true,9,true,9)
1032:(8,true,4,4,4,7,true,9,true,11)
1033:(8,true,4,4,4,8,true,7,false,11)
1034:(8,true,4,4,4,8,true,7,true,9)
1035:(8,true,4,4,4,8,true,7,true,11)
1036:(8,true,4,4,4,8,true,8,true,9)
1037:(8,true,4,4,4,8,true,8,true,11)
1038:(8,true,4,4,4,8,true,9,true,9)
1039:(8,true,4,4,4,8,true,9,true,11)
1040:(8,true,4,4,4,9,true,7,true,11)
1041:(8,true,4,4,4,9,true,8,true,11)
1042:(8,true,4,4,4,9,true,9,true,11)
1043:(8,true,5,5,5,7,false,7,false,9)
1044:(8,true,5,5,5,7,false,7,true,9)
1045:(8,true,5,5,5,7,false,8,true,9)
1046:(8,true,5,5,5,7,false,9,true,9)
1047:(8,true,5,5,5,7,true,7,false,9)
1048:(8,true,5,5,5,7,true,7,true,8)
1049:(8,true,5,5,5,7,true,7,true,9)
1050:(8,true,5,5,5,7,true,7,true,11)
1051:(8,true,5,5,5,7,true,8,true,8)
1052:(8,true,5,5,5,7,true,8,true,9)
1053:(8,true,5,5,5,7,true,8,true,11)
1054:(8,true,5,5,5,7,true,9,true,8)
1055:(8,true,5,5,5,7,true,9,true,9)
1056:(8,true,5,5,5,7,true,9,true,11)
1057:(8,true,5,5,5,8,true,7,false,11)
1058:(8,true,5,5,5,8,true,7,true,9)
1059:(8,true,5,5,5,8,true,7,true,11)
1060:(8,true,5,5,5,8,true,8,true,9)
1061:(8,true,5,5,5,8,true,8,true,11)
1062:(8,true,5,5,5,8,true,9,true,9)
1063:(8,true,5,5,5,8,true,9,true,11)
1064:(8,true,5,5,5,9,true,7,true,11)
1065:(8,true,5,5,5,9,true,8,true,11)
1066:(8,true,5,5,5,9,true,9,true,11)
1067:(8,true,6,6,6,7,false,7,false,11)
1068:(8,true,6,6,6,7,false,7,true,11)
1069:(8,true,6,6,6,7,false,8,true,11)
1070:(8,true,6,6,6,7,false,9,true,11)
1071:(8,true,6,6,6,7,true,7,false,11)
1072:(8,true,6,6,6,7,true,7,true,8)
1073:(8,true,6,6,6,7,true,7,true,9)
1074:(8,true,6,6,6,7,true,7,true,11)
1075:(8,true,6,6,6,7,true,8,true,8)
1076:(8,true,6,6,6,7,true,8,true,9)
1077:(8,true,6,6,6,7,true,8,true,11)
1078:(8,true,6,6,6,7,true,9,true,8)
1079:(8,true,6,6,6,7,true,9,true,9)
1080:(8,true,6,6,6,7,true,9,true,11)
1081:(8,true,6,6,6,8,true,7,true,9)
1082:(8,true,6,6,6,8,true,7,true,11)
1083:(8,true,6,6,6,8,true,8,true,9)
1084:(8,true,6,6,6,8,true,8,true,11)
1085:(8,true,6,6,6,8,true,9,true,9)
1086:(8,true,6,6,6,8,true,9,true,11)
1087:(8,true,6,6,6,9,true,7,true,11)
1088:(8,true,6,6,6,9,true,8,true,11)
1089:(8,true,6,6,6,9,true,9,true,11)
1090:(8,true,7,7,7,7,false,7,false,8)
1091:(8,true,7,7,7,7,false,7,true,8)
1092:(8,true,7,7,7,7,false,8,true,8)
1093:(8,true,7,7,7,7,false,9,true,8)
1094:(8,true,7,7,7,7,true,7,false,8)
1095:(8,true,7,7,7,7,true,7,true,8)
1096:(8,true,7,7,7,7,true,8,true,8)
1097:(8,true,7,7,7,7,true,9,true,8)
1098:(8,true,7,7,7,8,true,7,false,9)
1099:(8,true,7,7,7,8,true,7,true,9)
1100:(8,true,7,7,7,8,true,8,true,9)
1101:(8,true,7,7,7,8,true,9,true,9)
1102:(8,true,7,7,7,9,true,7,false,11)
1103:(8,true,7,7,7,9,true,7,true,11)
1104:(8,true,7,7,7,9,true,8,true,11)
1105:(8,true,7,7,7,9,true,9,true,11)
1106:(8,true,8,8,8,7,false,7,false,9)
1107:(8,true,8,8,8,7,false,7,true,9)
1108:(8,true,8,8,8,7,false,8,true,9)
1109:(8,true,8,8,8,7,false,9,true,9)
1110:(8,true,8,8,8,7,true,7,false,9)
1111:(8,true,8,8,8,7,true,7,true,8)
1112:(8,true,8,8,8,7,true,7,true,9)
1113:(8,true,8,8,8,7,true,8,true,8)
1114:(8,true,8,8,8,7,true,8,true,9)
1115:(8,true,8,8,8,7,true,9,true,8)
1116:(8,true,8,8,8,7,true,9,true,9)
1117:(8,true,8,8,8,8,true,7,false,11)
1118:(8,true,8,8,8,8,true,7,true,9)
1119:(8,true,8,8,8,8,true,7,true,11)
1120:(8,true,8,8,8,8,true,8,true,9)
1121:(8,true,8,8,8,8,true,8,true,11)
1122:(8,true,8,8,8,8,true,9,true,9)
1123:(8,true,8,8,8,8,true,9,true,11)
1124:(8,true,8,8,8,9,true,7,true,11)
1125:(8,true,8,8,8,9,true,8,true,11)
1126:(8,true,8,8,8,9,true,9,true,11)
1127:(8,true,9,9,9,7,false,7,false,11)
1128:(8,true,9,9,9,7,false,7,true,11)
1129:(8,true,9,9,9,7,false,8,true,11)
1130:(8,true,9,9,9,7,false,9,true,11)
1131:(8,true,9,9,9,7,true,7,false,11)
1132:(8,true,9,9,9,7,true,7,true,8)
1133:(8,true,9,9,9,7,true,7,true,9)
1134:(8,true,9,9,9,7,true,7,true,11)
1135:(8,true,9,9,9,7,true,8,true,8)
1136:(8,true,9,9,9,7,true,8,true,9)
1137:(8,true,9,9,9,7,true,8,true,11)
1138:(8,true,9,9,9,7,true,9,true,8)
1139:(8,true,9,9,9,7,true,9,true,9)
1140:(8,true,9,9,9,7,true,9,true,11)
1141:(8,true,9,9,9,8,true,7,true,9)
1142:(8,true,9,9,9,8,true,7,true,11)
1143:(8,true,9,9,9,8,true,8,true,9)
1144:(8,true,9,9,9,8,true,8,true,11)
1145:(8,true,9,9,9,8,true,9,true,9)
1146:(8,true,9,9,9,8,true,9,true,11)
1147:(8,true,9,9,9,9,true,7,true,11)
1148:(8,true,9,9,9,9,true,8,true,11)
1149:(8,true,9,9,9,9,true,9,true,11)
1150:(9,false,0,0,0,9,false,9,false,9)
1151:(9,false,1,1,1,9,false,9,false,9)
1152:(9,false,6,6,6,9,false,9,false,9)
1153:(9,false,9,9,9,9,false,9,false,9)
1154:(9,true,0,0,0,7,true,7,true,9)
1155:(9,true,0,0,0,7,true,7,true,11)
1156:(9,true,0,0,0,7,true,8,true,9)
1157:(9,true,0,0,0,7,true,8,true,11)
1158:(9,true,0,0,0,7,true,9,true,9)
1159:(9,true,0,0,0,7,true,9,true,11)
1160:(9,true,0,0,0,8,true,7,true,11)
1161:(9,true,0,0,0,8,true,8,true,11)
1162:(9,true,0,0,0,8,true,9,true,11)
1163:(9,true,1,1,1,7,true,7,true,9)
1164:(9,true,1,1,1,7,true,7,true,11)
1165:(9,true,1,1,1,7,true,8,true,9)
1166:(9,true,1,1,1,7,true,8,true,11)
1167:(9,true,1,1,1,7,true,9,true,9)
1168:(9,true,1,1,1,7,true,9,true,11)
1169:(9,true,1,1,1,8,true,7,true,11)
1170:(9,true,1,1,1,8,true,8,true,11)
1171:(9,true,1,1,1,8,true,9,true,11)
1172:(9,true,2,2,2,7,false,7,false,9)
1173:(9,true,2,2,2,7,false,7,true,9)
1174:(9,true,2,2,2,7,false,8,true,9)
1175:(9,true,2,2,2,7,false,9,true,9)
1176:(9,true,2,2,2,7,true,7,false,9)
1177:(9,true,2,2,2,7,true,7,true,9)
1178:(9,true,2,2,2,7,true,7,true,11)
1179:(9,true,2,2,2,7,true,8,true,9)
1180:(9,true,2,2,2,7,true,8,true,11)
1181:(9,true,2,2,2,7,true,9,true,9)
1182:(9,true,2,2,2,7,true,9,true,11)
1183:(9,true,2,2,2,8,true,7,false,11)
1184:(9,true,2,2,2,8,true,7,true,11)
1185:(9,true,2,2,2,8,true,8,true,11)
1186:(9,true,2,2,2,8,true,9,true,11)
1187:(9,true,3,3,3,7,false,7,false,9)
1188:(9,true,3,3,3,7,false,7,true,9)
1189:(9,true,3,3,3,7,false,8,true,9)
1190:(9,true,3,3,3,7,false,9,true,9)
1191:(9,true,3,3,3,7,true,7,false,9)
1192:(9,true,3,3,3,7,true,7,true,9)
1193:(9,true,3,3,3,7,true,7,true,11)
1194:(9,true,3,3,3,7,true,8,true,9)
1195:(9,true,3,3,3,7,true,8,true,11)
1196:(9,true,3,3,3,7,true,9,true,9)
1197:(9,true,3,3,3,7,true,9,true,11)
1198:(9,true,3,3,3,8,true,7,false,11)
1199:(9,true,3,3,3,8,true,7,true,11)
1200:(9,true,3,3,3,8,true,8,true,11)
1201:(9,true,3,3,3,8,true,9,true,11)
1202:(9,true,4,4,4,7,false,7,false,11)
1203:(9,true,4,4,4,7,false,7,true,11)
1204:(9,true,4,4,4,7,false,8,true,11)
1205:(9,true,4,4,4,7,false,9,true,11)
1206:(9,true,4,4,4,7,true,7,false,11)
1207:(9,true,4,4,4,7,true,7,true,9)
1208:(9,true,4,4,4,7,true,7,true,11)
1209:(9,true,4,4,4,7,true,8,true,9)
1210:(9,true,4,4,4,7,true,8,true,11)
1211:(9,true,4,4,4,7,true,9,true,9)
1212:(9,true,4,4,4,7,true,9,true,11)
1213:(9,true,4,4,4,8,true,7,true,11)
1214:(9,true,4,4,4,8,true,8,true,11)
1215:(9,true,4,4,4,8,true,9,true,11)
1216:(9,true,5,5,5,7,false,7,false,11)
1217:(9,true,5,5,5,7,false,7,true,11)
1218:(9,true,5,5,5,7,false,8,true,11)
1219:(9,true,5,5,5,7,false,9,true,11)
1220:(9,true,5,5,5,7,true,7,false,11)
1221:(9,true,5,5,5,7,true,7,true,9)
1222:(9,true,5,5,5,7,true,7,true,11)
1223:(9,true,5,5,5,7,true,8,true,9)
1224:(9,true,5,5,5,7,true,8,true,11)
1225:(9,true,5,5,5,7,true,9,true,9)
1226:(9,true,5,5,5,7,true,9,true,11)
1227:(9,true,5,5,5,8,true,7,true,11)
1228:(9,true,5,5,5,8,true,8,true,11)
1229:(9,true,5,5,5,8,true,9,true,11)
1230:(9,true,6,6,6,7,true,7,true,9)
1231:(9,true,6,6,6,7,true,7,true,11)
1232:(9,true,6,6,6,7,true,8,true,9)
1233:(9,true,6,6,6,7,true,8,true,11)
1234:(9,true,6,6,6,7,true,9,true,9)
1235:(9,true,6,6,6,7,true,9,true,11)
1236:(9,true,6,6,6,8,true,7,true,11)
1237:(9,true,6,6,6,8,true,8,true,11)
1238:(9,true,6,6,6,8,true,9,true,11)
1239:(9,true,7,7,7,7,false,7,false,9)
1240:(9,true,7,7,7,7,false,7,true,9)
1241:(9,true,7,7,7,7,false,8,true,9)
1242:(9,true,7,7,7,7,false,9,true,9)
1243:(9,true,7,7,7,7,true,7,false,9)
1244:(9,true,7,7,7,7,true,7,true,9)
1245:(9,true,7,7,7,7,true,8,true,9)
1246:(9,true,7,7,7,7,true,9,true,9)
1247:(9,true,7,7,7,8,true,7,false,11)
1248:(9,true,7,7,7,8,true,7,true,11)
1249:(9,true,7,7,7,8,true,8,true,11)
1250:(9,true,7,7,7,8,true,9,true,11)
1251:(9,true,8,8,8,7,false,7,false,11)
1252:(9,true,8,8,8,7,false,7,true,11)
1253:(9,true,8,8,8,7,false,8,true,11)
1254:(9,true,8,8,8,7,false,9,true,11)
1255:(9,true,8,8,8,7,true,7,false,11)
1256:(9,true,8,8,8,7,true,7,true,9)
1257:(9,true,8,8,8,7,true,7,true,11)
1258:(9,true,8,8,8,7,true,8,true,9)
1259:(9,true,8,8,8,7,true,8,true,11)
1260:(9,true,8,8,8,7,true,9,true,9)
1261:(9,true,8,8,8,7,true,9,true,11)
1262:(9,true,8,8,8,8,true,7,true,11)
1263:(9,true,8,8,8,8,true,8,true,11)
1264:(9,true,8,8,8,8,true,9,true,11)
1265:(9,true,9,9,9,7,true,7,true,9)
1266:(9,true,9,9,9,7,true,7,true,11)
1267:(9,true,9,9,9,7,true,8,true,9)
1268:(9,true,9,9,9,7,true,8,true,11)
1269:(9,true,9,9,9,7,true,9,true,9)
1270:(9,true,9,9,9,7,true,9,true,11)
1271:(9,true,9,9,9,8,true,7,true,11)
1272:(9,true,9,9,9,8,true,8,true,11)
1273:(9,true,9,9,9,8,true,9,true,11)
