(x1,f1,x2,x3,x11,f11,x1p)
0:(0,false,0,0,0,false,0)
1:(0,false,0,0,0,false,9)
2:(0,false,1,1,0,false,0)
3:(0,false,1,1,0,false,9)
4:(0,false,6,6,0,false,9)
5:(0,false,9,9,0,false,9)
6:(1,false,0,0,1,false,1)
7:(1,false,0,0,1,true,1)
8:(1,false,0,0,1,true,2)
9:(1,false,0,0,2,true,2)
10:(1,false,1,1,1,false,1)
11:(1,false,1,1,1,true,1)
12:(1,false,1,1,1,true,2)
13:(1,false,1,1,2,true,2)
14:(1,false,2,2,1,true,2)
15:(1,false,2,2,2,true,2)
16:(1,false,3,3,1,true,2)
17:(1,false,3,3,2,true,2)
18:(1,false,4,4,1,true,2)
19:(1,false,4,4,2,true,2)
20:(1,false,5,5,1,true,2)
21:(1,false,5,5,2,true,2)
22:(1,false,6,6,1,true,2)
23:(1,false,6,6,2,true,2)
24:(1,true,0,0,1,false,1)
25:(1,true,0,0,1,false,2)
26:(1,true,0,0,1,true,1)
27:(1,true,0,0,1,true,2)
28:(1,true,0,0,2,true,2)
29:(1,true,1,1,1,false,1)
30:(1,true,1,1,1,false,2)
31:(1,true,1,1,1,true,1)
32:(1,true,1,1,1,true,2)
33:(1,true,1,1,2,true,2)
34:(1,true,2,2,1,false,2)
35:(1,true,2,2,1,true,2)
36:(1,true,2,2,2,true,2)
37:(1,true,3,3,1,false,2)
38:(1,true,3,3,1,true,2)
39:(1,true,3,3,2,true,2)
40:(1,true,4,4,1,false,2)
41:(1,true,4,4,1,true,2)
42:(1,true,4,4,2,true,2)
43:(1,true,5,5,1,false,2)
44:(1,true,5,5,1,true,2)
45:(1,true,5,5,2,true,2)
46:(1,true,6,6,1,false,2)
47:(1,true,6,6,1,true,2)
48:(1,true,6,6,2,true,2)
49:(2,false,2,2,2,false,2)
50:(2,false,3,3,2,false,2)
51:(2,false,7,7,2,false,2)
52:(2,true,0,0,1,false,2)
53:(2,true,0,0,1,true,2)
54:(2,true,0,0,2,true,2)
55:(2,true,1,1,1,false,2)
56:(2,true,1,1,1,true,2)
57:(2,true,1,1,2,true,2)
58:(2,true,2,2,1,false,2)
59:(2,true,2,2,1,true,2)
60:(2,true,2,2,2,true,2)
61:(2,true,3,3,1,false,2)
62:(2,true,3,3,1,true,2)
63:(2,true,3,3,2,true,2)
64:(2,true,4,4,1,false,2)
65:(2,true,4,4,1,true,2)
66:(2,true,4,4,2,true,2)
67:(2,true,5,5,1,false,2)
68:(2,true,5,5,1,true,2)
69:(2,true,5,5,2,true,2)
70:(2,true,6,6,1,false,2)
71:(2,true,6,6,1,true,2)
72:(2,true,6,6,2,true,2)
73:(2,true,7,7,1,false,2)
74:(2,true,7,7,1,true,2)
75:(2,true,7,7,2,true,2)
76:(2,true,8,8,1,false,2)
77:(2,true,8,8,1,true,2)
78:(2,true,8,8,2,true,2)
79:(2,true,9,9,1,false,2)
80:(2,true,9,9,1,true,2)
81:(2,true,9,9,2,true,2)
82:(3,false,0,0,3,true,2)
83:(3,false,0,0,4,true,2)
84:(3,false,1,1,3,true,2)
85:(3,false,1,1,4,true,2)
86:(3,false,2,2,3,false,2)
87:(3,false,2,2,3,true,2)
88:(3,false,2,2,4,true,2)
89:(3,false,3,3,3,false,2)
90:(3,false,3,3,3,true,2)
91:(3,false,3,3,4,true,2)
92:(3,false,4,4,3,true,2)
93:(3,false,4,4,4,true,2)
94:(3,false,5,5,3,true,2)
95:(3,false,5,5,4,true,2)
96:(3,false,6,6,3,true,2)
97:(3,false,6,6,4,true,2)
98:(3,false,7,7,3,false,2)
99:(3,false,7,7,3,true,2)
100:(3,false,7,7,4,true,2)
101:(3,false,8,8,3,true,2)
102:(3,false,8,8,4,true,2)
103:(3,false,9,9,3,true,2)
104:(3,false,9,9,4,true,2)
105:(3,true,0,0,3,false,2)
106:(3,true,0,0,3,true,2)
107:(3,true,0,0,4,true,2)
108:(3,true,1,1,3,false,2)
109:(3,true,1,1,3,true,2)
110:(3,true,1,1,4,true,2)
111:(3,true,2,2,3,false,2)
112:(3,true,2,2,3,true,2)
113:(3,true,2,2,4,true,2)
114:(3,true,3,3,3,false,2)
115:(3,true,3,3,3,true,2)
116:(3,true,3,3,4,true,2)
117:(3,true,4,4,3,false,2)
118:(3,true,4,4,3,true,2)
119:(3,true,4,4,4,true,2)
120:(3,true,5,5,3,false,2)
121:(3,true,5,5,3,true,2)
122:(3,true,5,5,4,true,2)
123:(3,true,6,6,3,false,2)
124:(3,true,6,6,3,true,2)
125:(3,true,6,6,4,true,2)
126:(3,true,7,7,3,false,2)
127:(3,true,7,7,3,true,2)
128:(3,true,7,7,4,true,2)
129:(3,true,8,8,3,false,2)
130:(3,true,8,8,3,true,2)
131:(3,true,8,8,4,true,2)
132:(3,true,9,9,3,false,2)
133:(3,true,9,9,3,true,2)
134:(3,true,9,9,4,true,2)
135:(4,false,4,4,4,false,2)
136:(4,false,5,5,4,false,2)
137:(4,false,8,8,4,false,2)
138:(4,true,0,0,3,false,2)
139:(4,true,0,0,3,true,2)
140:(4,true,0,0,4,true,2)
141:(4,true,1,1,3,false,2)
142:(4,true,1,1,3,true,2)
143:(4,true,1,1,4,true,2)
144:(4,true,2,2,3,false,2)
145:(4,true,2,2,3,true,2)
146:(4,true,2,2,4,true,2)
147:(4,true,3,3,3,false,2)
148:(4,true,3,3,3,true,2)
149:(4,true,3,3,4,true,2)
150:(4,true,4,4,3,false,2)
151:(4,true,4,4,3,true,2)
152:(4,true,4,4,4,true,2)
153:(4,true,5,5,3,false,2)
154:(4,true,5,5,3,true,2)
155:(4,true,5,5,4,true,2)
156:(4,true,6,6,3,false,2)
157:(4,true,6,6,3,true,2)
158:(4,true,6,6,4,true,2)
159:(4,true,7,7,3,false,2)
160:(4,true,7,7,3,true,2)
161:(4,true,7,7,4,true,2)
162:(4,true,8,8,3,false,2)
163:(4,true,8,8,3,true,2)
164:(4,true,8,8,4,true,2)
165:(4,true,9,9,3,false,2)
166:(4,true,9,9,3,true,2)
167:(4,true,9,9,4,true,2)
168:(7,false,0,0,7,true,9)
169:(7,false,0,0,8,true,11)
170:(7,false,1,1,7,true,9)
171:(7,false,1,1,8,true,11)
172:(7,false,2,2,7,false,10)
173:(7,false,2,2,7,true,10)
174:(7,false,2,2,7,true,11)
175:(7,false,2,2,8,true,8)
176:(7,false,2,2,9,true,9)
177:(7,false,3,3,7,false,10)
178:(7,false,3,3,7,true,10)
179:(7,false,3,3,7,true,11)
180:(7,false,3,3,8,true,8)
181:(7,false,3,3,9,true,9)
182:(7,false,4,4,7,true,8)
183:(7,false,4,4,8,true,9)
184:(7,false,4,4,9,true,11)
185:(7,false,5,5,7,true,8)
186:(7,false,5,5,8,true,9)
187:(7,false,5,5,9,true,11)
188:(7,false,6,6,7,true,9)
189:(7,false,6,6,8,true,11)
190:(7,false,7,7,7,false,10)
191:(7,false,7,7,7,true,10)
192:(7,false,7,7,8,true,8)
193:(7,false,7,7,9,true,9)
194:(7,false,8,8,7,true,8)
195:(7,false,8,8,8,true,9)
196:(7,false,8,8,9,true,11)
197:(7,false,9,9,7,true,9)
198:(7,false,9,9,8,true,11)
199:(7,true,0,0,7,false,9)
200:(7,true,0,0,7,true,8)
201:(7,true,0,0,7,true,9)
202:(7,true,0,0,7,true,10)
203:(7,true,0,0,7,true,11)
204:(7,true,0,0,8,true,8)
205:(7,true,0,0,8,true,9)
206:(7,true,0,0,8,true,11)
207:(7,true,0,0,9,true,9)
208:(7,true,0,0,9,true,11)
209:(7,true,1,1,7,false,9)
210:(7,true,1,1,7,true,8)
211:(7,true,1,1,7,true,9)
212:(7,true,1,1,7,true,10)
213:(7,true,1,1,7,true,11)
214:(7,true,1,1,8,true,8)
215:(7,true,1,1,8,true,9)
216:(7,true,1,1,8,true,11)
217:(7,true,1,1,9,true,9)
218:(7,true,1,1,9,true,11)
219:(7,true,2,2,7,false,10)
220:(7,true,2,2,7,false,11)
221:(7,true,2,2,7,true,8)
222:(7,true,2,2,7,true,9)
223:(7,true,2,2,7,true,10)
224:(7,true,2,2,7,true,11)
225:(7,true,2,2,8,true,8)
226:(7,true,2,2,8,true,9)
227:(7,true,2,2,8,true,11)
228:(7,true,2,2,9,true,9)
229:(7,true,2,2,9,true,11)
230:(7,true,3,3,7,false,10)
231:(7,true,3,3,7,false,11)
232:(7,true,3,3,7,true,8)
233:(7,true,3,3,7,true,9)
234:(7,true,3,3,7,true,10)
235:(7,true,3,3,7,true,11)
236:(7,true,3,3,8,true,8)
237:(7,true,3,3,8,true,9)
238:(7,true,3,3,8,true,11)
239:(7,true,3,3,9,true,9)
240:(7,true,3,3,9,true,11)
241:(7,true,4,4,7,false,8)
242:(7,true,4,4,7,true,8)
243:(7,true,4,4,7,true,9)
244:(7,true,4,4,7,true,10)
245:(7,true,4,4,7,true,11)
246:(7,true,4,4,8,true,8)
247:(7,true,4,4,8,true,9)
248:(7,true,4,4,8,true,11)
249:(7,true,4,4,9,true,9)
250:(7,true,4,4,9,true,11)
251:(7,true,5,5,7,false,8)
252:(7,true,5,5,7,true,8)
253:(7,true,5,5,7,true,9)
254:(7,true,5,5,7,true,10)
255:(7,true,5,5,7,true,11)
256:(7,true,5,5,8,true,8)
257:(7,true,5,5,8,true,9)
258:(7,true,5,5,8,true,11)
259:(7,true,5,5,9,true,9)
260:(7,true,5,5,9,true,11)
261:(7,true,6,6,7,false,9)
262:(7,true,6,6,7,true,8)
263:(7,true,6,6,7,true,9)
264:(7,true,6,6,7,true,10)
265:(7,true,6,6,7,true,11)
266:(7,true,6,6,8,true,8)
267:(7,true,6,6,8,true,9)
268:(7,true,6,6,8,true,11)
269:(7,true,6,6,9,true,9)
270:(7,true,6,6,9,true,11)
271:(7,true,7,7,7,false,10)
272:(7,true,7,7,7,true,10)
273:(7,true,7,7,8,true,8)
274:(7,true,7,7,9,true,9)
275:(7,true,8,8,7,false,8)
276:(7,true,8,8,7,true,8)
277:(7,true,8,8,7,true,10)
278:(7,true,8,8,8,true,8)
279:(7,true,8,8,8,true,9)
280:(7,true,8,8,9,true,9)
281:(7,true,8,8,9,true,11)
282:(7,true,9,9,7,false,9)
283:(7,true,9,9,7,true,8)
284:(7,true,9,9,7,true,9)
285:(7,true,9,9,7,true,10)
286:(7,true,9,9,8,true,8)
287:(7,true,9,9,8,true,9)
288:(7,true,9,9,8,true,11)
289:(7,true,9,9,9,true,9)
290:(7,true,9,9,9,true,11)
291:(8,false,4,4,8,false,8)
292:(8,false,5,5,8,false,8)
293:(8,false,8,8,8,false,8)
294:(8,true,0,0,7,false,11)
295:(8,true,0,0,7,true,8)
296:(8,true,0,0,7,true,9)
297:(8,true,0,0,7,true,11)
298:(8,true,0,0,8,true,9)
299:(8,true,0,0,8,true,11)
300:(8,true,0,0,9,true,11)
301:(8,true,1,1,7,false,11)
302:(8,true,1,1,7,true,8)
303:(8,true,1,1,7,true,9)
304:(8,true,1,1,7,true,11)
305:(8,true,1,1,8,true,9)
306:(8,true,1,1,8,true,11)
307:(8,true,1,1,9,true,11)
308:(8,true,2,2,7,false,8)
309:(8,true,2,2,7,true,8)
310:(8,true,2,2,7,true,9)
311:(8,true,2,2,7,true,11)
312:(8,true,2,2,8,true,9)
313:(8,true,2,2,8,true,11)
314:(8,true,2,2,9,true,11)
315:(8,true,3,3,7,false,8)
316:(8,true,3,3,7,true,8)
317:(8,true,3,3,7,true,9)
318:(8,true,3,3,7,true,11)
319:(8,true,3,3,8,true,9)
320:(8,true,3,3,8,true,11)
321:(8,true,3,3,9,true,11)
322:(8,true,4,4,7,false,9)
323:(8,true,4,4,7,true,8)
324:(8,true,4,4,7,true,9)
325:(8,true,4,4,7,true,11)
326:(8,true,4,4,8,true,9)
327:(8,true,4,4,8,true,11)
328:(8,true,4,4,9,true,11)
329:(8,true,5,5,7,false,9)
330:(8,true,5,5,7,true,8)
331:(8,true,5,5,7,true,9)
332:(8,true,5,5,7,true,11)
333:(8,true,5,5,8,true,9)
334:(8,true,5,5,8,true,11)
335:(8,true,5,5,9,true,11)
336:(8,true,6,6,7,false,11)
337:(8,true,6,6,7,true,8)
338:(8,true,6,6,7,true,9)
339:(8,true,6,6,7,true,11)
340:(8,true,6,6,8,true,9)
341:(8,true,6,6,8,true,11)
342:(8,true,6,6,9,true,11)
343:(8,true,7,7,7,false,8)
344:(8,true,7,7,7,true,8)
345:(8,true,7,7,8,true,9)
346:(8,true,7,7,9,true,11)
347:(8,true,8,8,7,false,9)
348:(8,true,8,8,7,true,8)
349:(8,true,8,8,7,true,9)
350:(8,true,8,8,8,true,9)
351:(8,true,8,8,8,true,11)
352:(8,true,8,8,9,true,11)
353:(8,true,9,9,7,false,11)
354:(8,true,9,9,7,true,8)
355:(8,true,9,9,7,true,9)
356:(8,true,9,9,7,true,11)
357:(8,true,9,9,8,true,9)
358:(8,true,9,9,8,true,11)
359:(8,true,9,9,9,true,11)
360:(9,false,0,0,9,false,9)
361:(9,false,1,1,9,false,9)
362:(9,false,6,6,9,false,9)
363:(9,false,9,9,9,false,9)
364:(9,true,0,0,7,true,9)
365:(9,true,0,0,7,true,11)
366:(9,true,0,0,8,true,11)
367:(9,true,1,1,7,true,9)
368:(9,true,1,1,7,true,11)
369:(9,true,1,1,8,true,11)
370:(9,true,2,2,7,false,9)
371:(9,true,2,2,7,true,9)
372:(9,true,2,2,7,true,11)
373:(9,true,2,2,8,true,11)
374:(9,true,3,3,7,false,9)
375:(9,true,3,3,7,true,9)
376:(9,true,3,3,7,true,11)
377:(9,true,3,3,8,true,11)
378:(9,true,4,4,7,false,11)
379:(9,true,4,4,7,true,9)
380:(9,true,4,4,7,true,11)
381:(9,true,4,4,8,true,11)
382:(9,true,5,5,7,false,11)
383:(9,true,5,5,7,true,9)
384:(9,true,5,5,7,true,11)
385:(9,true,5,5,8,true,11)
386:(9,true,6,6,7,true,9)
387:(9,true,6,6,7,true,11)
388:(9,true,6,6,8,true,11)
389:(9,true,7,7,7,false,9)
390:(9,true,7,7,7,true,9)
391:(9,true,7,7,8,true,11)
392:(9,true,8,8,7,false,11)
393:(9,true,8,8,7,true,9)
394:(9,true,8,8,7,true,11)
395:(9,true,8,8,8,true,11)
396:(9,true,9,9,7,true,9)
397:(9,true,9,9,7,true,11)
398:(9,true,9,9,8,true,11)
