(x1,f1,x2,x1p)
0:(0,false,0,0)
1:(0,false,0,8)
2:(0,false,1,0)
3:(0,false,1,8)
4:(0,false,2,0)
5:(0,false,2,8)
6:(0,false,3,8)
7:(0,false,4,8)
8:(0,false,5,8)
9:(0,false,6,8)
10:(0,false,7,8)
11:(0,false,8,8)
12:(1,false,0,1)
13:(1,false,1,1)
14:(1,false,2,1)
15:(1,false,3,1)
16:(1,false,4,1)
17:(1,false,5,1)
18:(1,false,6,1)
19:(1,false,7,1)
20:(1,false,8,1)
21:(1,true,0,1)
22:(1,true,1,1)
23:(1,true,2,1)
24:(1,true,3,1)
25:(1,true,4,1)
26:(1,true,5,1)
27:(1,true,6,1)
28:(1,true,7,1)
29:(1,true,8,1)
30:(2,false,0,2)
31:(2,false,1,2)
32:(2,false,2,2)
33:(2,false,3,2)
34:(2,false,4,2)
35:(2,false,5,2)
36:(2,false,6,2)
37:(2,false,7,2)
38:(2,false,8,2)
39:(2,true,0,2)
40:(2,true,1,2)
41:(2,true,1,3)
42:(2,true,1,4)
43:(2,true,2,2)
44:(2,true,2,3)
45:(2,true,2,4)
46:(2,true,3,2)
47:(2,true,3,3)
48:(2,true,3,4)
49:(2,true,4,2)
50:(2,true,4,3)
51:(2,true,4,4)
52:(2,true,5,2)
53:(2,true,5,3)
54:(2,true,5,4)
55:(2,true,6,2)
56:(2,true,6,3)
57:(2,true,6,4)
58:(2,true,7,2)
59:(2,true,7,3)
60:(2,true,7,4)
61:(2,true,8,2)
62:(2,true,8,3)
63:(2,true,8,4)
64:(3,false,0,3)
65:(3,false,1,3)
66:(3,false,2,3)
67:(3,false,3,3)
68:(3,false,4,3)
69:(3,false,5,3)
70:(3,false,6,3)
71:(3,false,7,3)
72:(3,false,8,3)
73:(3,true,0,3)
74:(3,true,1,3)
75:(3,true,1,4)
76:(3,true,2,3)
77:(3,true,2,4)
78:(3,true,3,3)
79:(3,true,3,4)
80:(3,true,4,3)
81:(3,true,4,4)
82:(3,true,5,3)
83:(3,true,5,4)
84:(3,true,6,3)
85:(3,true,6,4)
86:(3,true,7,3)
87:(3,true,7,4)
88:(3,true,8,3)
89:(3,true,8,4)
90:(4,false,0,4)
91:(4,false,1,4)
92:(4,false,2,4)
93:(4,false,3,4)
94:(4,false,4,4)
95:(4,false,5,4)
96:(4,false,6,4)
97:(4,false,7,4)
98:(4,false,8,4)
99:(4,true,0,4)
100:(4,true,1,4)
101:(4,true,2,4)
102:(4,true,3,4)
103:(4,true,4,4)
104:(4,true,5,4)
105:(4,true,6,4)
106:(4,true,7,4)
107:(4,true,8,4)
108:(5,false,0,5)
109:(5,false,1,5)
110:(5,false,2,5)
111:(5,false,3,5)
112:(5,false,4,5)
113:(5,false,5,5)
114:(5,false,6,5)
115:(5,false,7,5)
116:(5,false,8,5)
117:(5,true,0,5)
118:(5,true,1,5)
119:(5,true,2,5)
120:(5,true,3,5)
121:(5,true,4,5)
122:(5,true,5,5)
123:(5,true,6,5)
124:(5,true,7,5)
125:(5,true,8,5)
126:(6,false,0,6)
127:(6,false,1,6)
128:(6,false,2,6)
129:(6,false,3,6)
130:(6,false,4,6)
131:(6,false,5,6)
132:(6,false,6,6)
133:(6,false,7,6)
134:(6,false,8,6)
135:(6,true,0,6)
136:(6,true,1,6)
137:(6,true,2,6)
138:(6,true,3,6)
139:(6,true,4,6)
140:(6,true,5,6)
141:(6,true,6,6)
142:(6,true,7,6)
143:(6,true,8,6)
144:(7,false,0,7)
145:(7,false,1,7)
146:(7,false,2,7)
147:(7,false,3,7)
148:(7,false,4,7)
149:(7,false,5,7)
150:(7,false,6,7)
151:(7,false,7,7)
152:(7,false,8,7)
153:(7,true,0,7)
154:(7,true,1,7)
155:(7,true,1,8)
156:(7,true,2,7)
157:(7,true,2,8)
158:(7,true,3,7)
159:(7,true,3,8)
160:(7,true,4,7)
161:(7,true,4,8)
162:(7,true,5,7)
163:(7,true,5,8)
164:(7,true,6,7)
165:(7,true,6,8)
166:(7,true,7,7)
167:(7,true,7,8)
168:(7,true,8,7)
169:(7,true,8,8)
170:(8,false,0,8)
171:(8,false,1,8)
172:(8,false,2,8)
173:(8,false,3,8)
174:(8,false,4,8)
175:(8,false,5,8)
176:(8,false,6,8)
177:(8,false,7,8)
178:(8,false,8,8)
179:(8,true,0,8)
180:(8,true,1,8)
181:(8,true,2,8)
182:(8,true,3,8)
183:(8,true,4,8)
184:(8,true,5,8)
185:(8,true,6,8)
186:(8,true,7,8)
187:(8,true,8,8)
