(x1,f1,x2,x1p)
0:(0,false,0,0)
1:(0,false,1,0)
2:(0,false,2,0)
3:(1,false,0,1)
4:(1,false,1,1)
5:(1,false,2,1)
6:(2,false,0,2)
7:(2,false,1,2)
8:(2,false,2,2)
9:(2,false,3,2)
10:(2,false,4,2)
11:(2,false,5,2)
12:(2,false,6,2)
13:(2,false,7,2)
14:(2,false,8,2)
15:(2,false,9,2)
16:(2,false,10,2)
17:(2,false,11,2)
18:(2,true,0,2)
19:(2,true,0,3)
20:(2,true,1,2)
21:(2,true,1,3)
22:(2,true,2,2)
23:(2,true,2,3)
24:(2,true,3,2)
25:(2,true,3,3)
26:(2,true,4,2)
27:(2,true,4,3)
28:(2,true,5,2)
29:(2,true,5,3)
30:(2,true,6,2)
31:(2,true,6,3)
32:(2,true,7,2)
33:(2,true,7,3)
34:(2,true,8,2)
35:(2,true,8,3)
36:(2,true,9,2)
37:(2,true,9,3)
38:(2,true,10,2)
39:(2,true,10,3)
40:(2,true,11,2)
41:(2,true,11,3)
42:(3,false,0,3)
43:(3,false,1,3)
44:(3,false,2,3)
45:(3,false,3,3)
46:(3,false,4,3)
47:(3,false,5,3)
48:(3,false,6,3)
49:(3,false,7,3)
50:(3,false,8,3)
51:(3,false,9,3)
52:(3,false,10,3)
53:(3,false,11,3)
54:(3,true,0,3)
55:(3,true,1,3)
56:(3,true,2,3)
57:(3,true,3,3)
58:(3,true,4,3)
59:(3,true,5,3)
60:(3,true,6,3)
61:(3,true,7,3)
62:(3,true,8,3)
63:(3,true,9,3)
64:(3,true,10,3)
65:(3,true,11,3)
66:(4,false,0,4)
67:(4,false,1,4)
68:(4,false,2,4)
69:(4,false,3,4)
70:(4,false,4,4)
71:(4,false,5,4)
72:(4,false,6,4)
73:(4,false,7,4)
74:(4,false,8,4)
75:(4,false,9,4)
76:(4,false,10,4)
77:(4,false,11,4)
78:(4,true,0,4)
79:(4,true,0,5)
80:(4,true,1,4)
81:(4,true,1,5)
82:(4,true,2,4)
83:(4,true,2,5)
84:(4,true,3,4)
85:(4,true,3,5)
86:(4,true,4,4)
87:(4,true,4,5)
88:(4,true,5,4)
89:(4,true,5,5)
90:(4,true,6,4)
91:(4,true,6,5)
92:(4,true,7,4)
93:(4,true,7,5)
94:(4,true,8,4)
95:(4,true,8,5)
96:(4,true,9,4)
97:(4,true,9,5)
98:(4,true,10,4)
99:(4,true,10,5)
100:(4,true,11,4)
101:(4,true,11,5)
102:(5,false,0,5)
103:(5,false,1,5)
104:(5,false,2,5)
105:(5,false,3,5)
106:(5,false,4,5)
107:(5,false,5,5)
108:(5,false,6,5)
109:(5,false,7,5)
110:(5,false,8,5)
111:(5,false,9,5)
112:(5,false,10,5)
113:(5,false,11,5)
114:(5,true,0,5)
115:(5,true,1,5)
116:(5,true,2,5)
117:(5,true,3,5)
118:(5,true,4,5)
119:(5,true,5,5)
120:(5,true,6,5)
121:(5,true,7,5)
122:(5,true,8,5)
123:(5,true,9,5)
124:(5,true,10,5)
125:(5,true,11,5)
126:(6,false,0,6)
127:(6,false,1,6)
128:(6,false,2,6)
129:(6,false,3,6)
130:(6,false,4,6)
131:(6,false,5,6)
132:(6,false,6,6)
133:(6,false,7,6)
134:(6,false,8,6)
135:(6,false,9,6)
136:(6,false,10,6)
137:(6,false,11,6)
138:(6,true,0,6)
139:(6,true,1,6)
140:(6,true,2,6)
141:(6,true,3,6)
142:(6,true,4,6)
143:(6,true,5,6)
144:(6,true,6,6)
145:(6,true,7,6)
146:(6,true,8,6)
147:(6,true,9,6)
148:(6,true,10,6)
149:(6,true,11,6)
150:(7,false,0,7)
151:(7,false,1,7)
152:(7,false,2,7)
153:(7,false,3,7)
154:(7,false,4,7)
155:(7,false,5,7)
156:(7,false,6,7)
157:(7,false,7,7)
158:(7,false,8,7)
159:(7,false,9,7)
160:(7,false,10,7)
161:(7,false,11,7)
162:(7,true,0,7)
163:(7,true,1,7)
164:(7,true,2,7)
165:(7,true,3,7)
166:(7,true,4,7)
167:(7,true,5,7)
168:(7,true,6,7)
169:(7,true,7,7)
170:(7,true,8,7)
171:(7,true,9,7)
172:(7,true,10,7)
173:(7,true,11,7)
174:(8,false,0,8)
175:(8,false,1,8)
176:(8,false,2,8)
177:(8,false,3,8)
178:(8,false,4,8)
179:(8,false,5,8)
180:(8,false,6,8)
181:(8,false,7,8)
182:(8,false,8,8)
183:(8,false,9,8)
184:(8,false,10,8)
185:(8,false,11,8)
186:(8,true,0,8)
187:(8,true,0,9)
188:(8,true,1,8)
189:(8,true,1,9)
190:(8,true,2,8)
191:(8,true,2,9)
192:(8,true,3,8)
193:(8,true,3,9)
194:(8,true,4,8)
195:(8,true,4,9)
196:(8,true,5,8)
197:(8,true,5,9)
198:(8,true,6,8)
199:(8,true,6,9)
200:(8,true,7,8)
201:(8,true,7,9)
202:(8,true,8,8)
203:(8,true,8,9)
204:(8,true,9,8)
205:(8,true,9,9)
206:(8,true,10,8)
207:(8,true,10,9)
208:(8,true,11,8)
209:(8,true,11,9)
210:(9,false,0,9)
211:(9,false,1,9)
212:(9,false,2,9)
213:(9,false,3,9)
214:(9,false,4,9)
215:(9,false,5,9)
216:(9,false,6,9)
217:(9,false,7,9)
218:(9,false,8,9)
219:(9,false,9,9)
220:(9,false,10,9)
221:(9,false,11,9)
222:(9,true,0,9)
223:(9,true,0,10)
224:(9,true,0,11)
225:(9,true,1,9)
226:(9,true,1,10)
227:(9,true,1,11)
228:(9,true,2,9)
229:(9,true,2,10)
230:(9,true,2,11)
231:(9,true,3,9)
232:(9,true,3,10)
233:(9,true,3,11)
234:(9,true,4,9)
235:(9,true,4,10)
236:(9,true,4,11)
237:(9,true,5,9)
238:(9,true,5,10)
239:(9,true,5,11)
240:(9,true,6,9)
241:(9,true,6,10)
242:(9,true,6,11)
243:(9,true,7,9)
244:(9,true,7,10)
245:(9,true,7,11)
246:(9,true,8,9)
247:(9,true,8,10)
248:(9,true,8,11)
249:(9,true,9,9)
250:(9,true,9,10)
251:(9,true,9,11)
252:(9,true,10,9)
253:(9,true,10,10)
254:(9,true,10,11)
255:(9,true,11,9)
256:(9,true,11,10)
257:(9,true,11,11)
258:(10,false,0,10)
259:(10,false,1,10)
260:(10,false,2,10)
261:(10,false,3,10)
262:(10,false,4,10)
263:(10,false,5,10)
264:(10,false,6,10)
265:(10,false,7,10)
266:(10,false,8,10)
267:(10,false,9,10)
268:(10,false,10,10)
269:(10,false,11,10)
270:(10,true,0,10)
271:(10,true,0,11)
272:(10,true,1,10)
273:(10,true,1,11)
274:(10,true,2,10)
275:(10,true,2,11)
276:(10,true,3,10)
277:(10,true,3,11)
278:(10,true,4,10)
279:(10,true,4,11)
280:(10,true,5,10)
281:(10,true,5,11)
282:(10,true,6,10)
283:(10,true,6,11)
284:(10,true,7,10)
285:(10,true,7,11)
286:(10,true,8,10)
287:(10,true,8,11)
288:(10,true,9,10)
289:(10,true,9,11)
290:(10,true,10,10)
291:(10,true,10,11)
292:(10,true,11,10)
293:(10,true,11,11)
294:(11,true,0,12)
295:(11,true,1,12)
296:(11,true,2,12)
297:(11,true,3,12)
298:(11,true,4,12)
299:(11,true,5,12)
300:(11,true,6,12)
301:(11,true,7,12)
302:(11,true,8,12)
303:(11,true,9,12)
304:(11,true,10,12)
305:(11,true,11,12)
