(x1,f1,x2,x3,x4,x5,x6,x1p)
0:(0,false,0,0,0,0,0,0)
1:(0,false,1,1,1,1,1,0)
2:(1,false,0,0,0,0,0,1)
3:(1,false,0,0,0,0,0,2)
4:(1,false,1,1,1,1,1,1)
5:(1,false,1,1,1,1,1,2)
6:(2,false,2,2,2,2,2,2)
7:(2,false,3,3,3,3,3,2)
8:(2,false,7,7,7,7,7,2)
9:(2,true,0,0,0,0,0,2)
10:(2,true,1,1,1,1,1,2)
11:(2,true,1,1,1,1,2,2)
12:(2,true,1,1,1,2,1,2)
13:(2,true,1,1,1,2,2,2)
14:(2,true,1,1,2,1,1,2)
15:(2,true,1,1,2,1,2,2)
16:(2,true,1,1,2,2,1,2)
17:(2,true,1,1,2,2,2,2)
18:(2,true,1,2,1,1,1,2)
19:(2,true,1,2,1,1,2,2)
20:(2,true,1,2,1,2,1,2)
21:(2,true,1,2,1,2,2,2)
22:(2,true,1,2,2,1,1,2)
23:(2,true,1,2,2,1,2,2)
24:(2,true,1,2,2,2,1,2)
25:(2,true,1,2,2,2,2,2)
26:(2,true,2,1,1,1,1,2)
27:(2,true,2,1,1,1,2,2)
28:(2,true,2,1,1,2,1,2)
29:(2,true,2,1,1,2,2,2)
30:(2,true,2,1,2,1,1,2)
31:(2,true,2,1,2,1,2,2)
32:(2,true,2,1,2,2,1,2)
33:(2,true,2,1,2,2,2,2)
34:(2,true,2,2,1,1,1,2)
35:(2,true,2,2,1,1,2,2)
36:(2,true,2,2,1,2,1,2)
37:(2,true,2,2,1,2,2,2)
38:(2,true,2,2,2,1,1,2)
39:(2,true,2,2,2,1,2,2)
40:(2,true,2,2,2,2,1,2)
41:(2,true,2,2,2,2,2,2)
42:(2,true,3,3,3,3,3,2)
43:(2,true,3,3,3,3,4,2)
44:(2,true,3,3,3,4,3,2)
45:(2,true,3,3,3,4,4,2)
46:(2,true,3,3,4,3,3,2)
47:(2,true,3,3,4,3,4,2)
48:(2,true,3,3,4,4,3,2)
49:(2,true,3,3,4,4,4,2)
50:(2,true,3,4,3,3,3,2)
51:(2,true,3,4,3,3,4,2)
52:(2,true,3,4,3,4,3,2)
53:(2,true,3,4,3,4,4,2)
54:(2,true,3,4,4,3,3,2)
55:(2,true,3,4,4,3,4,2)
56:(2,true,3,4,4,4,3,2)
57:(2,true,3,4,4,4,4,2)
58:(2,true,4,3,3,3,3,2)
59:(2,true,4,3,3,3,4,2)
60:(2,true,4,3,3,4,3,2)
61:(2,true,4,3,3,4,4,2)
62:(2,true,4,3,4,3,3,2)
63:(2,true,4,3,4,3,4,2)
64:(2,true,4,3,4,4,3,2)
65:(2,true,4,3,4,4,4,2)
66:(2,true,4,4,3,3,3,2)
67:(2,true,4,4,3,3,4,2)
68:(2,true,4,4,3,4,3,2)
69:(2,true,4,4,3,4,4,2)
70:(2,true,4,4,4,3,3,2)
71:(2,true,4,4,4,3,4,2)
72:(2,true,4,4,4,4,3,2)
73:(2,true,4,4,4,4,4,2)
74:(2,true,5,5,5,5,5,2)
75:(2,true,5,5,5,5,6,2)
76:(2,true,5,5,5,6,5,2)
77:(2,true,5,5,5,6,6,2)
78:(2,true,5,5,6,5,5,2)
79:(2,true,5,5,6,5,6,2)
80:(2,true,5,5,6,6,5,2)
81:(2,true,5,5,6,6,6,2)
82:(2,true,5,6,5,5,5,2)
83:(2,true,5,6,5,5,6,2)
84:(2,true,5,6,5,6,5,2)
85:(2,true,5,6,5,6,6,2)
86:(2,true,5,6,6,5,5,2)
87:(2,true,5,6,6,5,6,2)
88:(2,true,5,6,6,6,5,2)
89:(2,true,5,6,6,6,6,2)
90:(2,true,6,5,5,5,5,2)
91:(2,true,6,5,5,5,6,2)
92:(2,true,6,5,5,6,5,2)
93:(2,true,6,5,5,6,6,2)
94:(2,true,6,5,6,5,5,2)
95:(2,true,6,5,6,5,6,2)
96:(2,true,6,5,6,6,5,2)
97:(2,true,6,5,6,6,6,2)
98:(2,true,6,6,5,5,5,2)
99:(2,true,6,6,5,5,6,2)
100:(2,true,6,6,5,6,5,2)
101:(2,true,6,6,5,6,6,2)
102:(2,true,6,6,6,5,5,2)
103:(2,true,6,6,6,5,6,2)
104:(2,true,6,6,6,6,5,2)
105:(2,true,6,6,6,6,6,2)
106:(2,true,7,7,7,7,7,2)
107:(2,true,7,7,7,7,8,2)
108:(2,true,7,7,7,7,9,2)
109:(2,true,7,7,7,8,7,2)
110:(2,true,7,7,7,8,8,2)
111:(2,true,7,7,7,8,9,2)
112:(2,true,7,7,7,9,7,2)
113:(2,true,7,7,7,9,8,2)
114:(2,true,7,7,7,9,9,2)
115:(2,true,7,7,8,7,7,2)
116:(2,true,7,7,8,7,8,2)
117:(2,true,7,7,8,7,9,2)
118:(2,true,7,7,8,8,7,2)
119:(2,true,7,7,8,8,8,2)
120:(2,true,7,7,8,8,9,2)
121:(2,true,7,7,8,9,7,2)
122:(2,true,7,7,8,9,8,2)
123:(2,true,7,7,8,9,9,2)
124:(2,true,7,7,9,7,7,2)
125:(2,true,7,7,9,7,8,2)
126:(2,true,7,7,9,7,9,2)
127:(2,true,7,7,9,8,7,2)
128:(2,true,7,7,9,8,8,2)
129:(2,true,7,7,9,8,9,2)
130:(2,true,7,7,9,9,7,2)
131:(2,true,7,7,9,9,8,2)
132:(2,true,7,7,9,9,9,2)
133:(2,true,7,8,7,7,7,2)
134:(2,true,7,8,7,7,8,2)
135:(2,true,7,8,7,7,9,2)
136:(2,true,7,8,7,8,7,2)
137:(2,true,7,8,7,8,8,2)
138:(2,true,7,8,7,8,9,2)
139:(2,true,7,8,7,9,7,2)
140:(2,true,7,8,7,9,8,2)
141:(2,true,7,8,7,9,9,2)
142:(2,true,7,8,8,7,7,2)
143:(2,true,7,8,8,7,8,2)
144:(2,true,7,8,8,7,9,2)
145:(2,true,7,8,8,8,7,2)
146:(2,true,7,8,8,8,8,2)
147:(2,true,7,8,8,8,9,2)
148:(2,true,7,8,8,9,7,2)
149:(2,true,7,8,8,9,8,2)
150:(2,true,7,8,8,9,9,2)
151:(2,true,7,8,9,7,7,2)
152:(2,true,7,8,9,7,8,2)
153:(2,true,7,8,9,7,9,2)
154:(2,true,7,8,9,8,7,2)
155:(2,true,7,8,9,8,8,2)
156:(2,true,7,8,9,8,9,2)
157:(2,true,7,8,9,9,7,2)
158:(2,true,7,8,9,9,8,2)
159:(2,true,7,8,9,9,9,2)
160:(2,true,7,9,7,7,7,2)
161:(2,true,7,9,7,7,8,2)
162:(2,true,7,9,7,7,9,2)
163:(2,true,7,9,7,8,7,2)
164:(2,true,7,9,7,8,8,2)
165:(2,true,7,9,7,8,9,2)
166:(2,true,7,9,7,9,7,2)
167:(2,true,7,9,7,9,8,2)
168:(2,true,7,9,7,9,9,2)
169:(2,true,7,9,8,7,7,2)
170:(2,true,7,9,8,7,8,2)
171:(2,true,7,9,8,7,9,2)
172:(2,true,7,9,8,8,7,2)
173:(2,true,7,9,8,8,8,2)
174:(2,true,7,9,8,8,9,2)
175:(2,true,7,9,8,9,7,2)
176:(2,true,7,9,8,9,8,2)
177:(2,true,7,9,8,9,9,2)
178:(2,true,7,9,9,7,7,2)
179:(2,true,7,9,9,7,8,2)
180:(2,true,7,9,9,7,9,2)
181:(2,true,7,9,9,8,7,2)
182:(2,true,7,9,9,8,8,2)
183:(2,true,7,9,9,8,9,2)
184:(2,true,7,9,9,9,7,2)
185:(2,true,7,9,9,9,8,2)
186:(2,true,7,9,9,9,9,2)
187:(2,true,8,7,7,7,7,2)
188:(2,true,8,7,7,7,8,2)
189:(2,true,8,7,7,7,9,2)
190:(2,true,8,7,7,8,7,2)
191:(2,true,8,7,7,8,8,2)
192:(2,true,8,7,7,8,9,2)
193:(2,true,8,7,7,9,7,2)
194:(2,true,8,7,7,9,8,2)
195:(2,true,8,7,7,9,9,2)
196:(2,true,8,7,8,7,7,2)
197:(2,true,8,7,8,7,8,2)
198:(2,true,8,7,8,7,9,2)
199:(2,true,8,7,8,8,7,2)
200:(2,true,8,7,8,8,8,2)
201:(2,true,8,7,8,8,9,2)
202:(2,true,8,7,8,9,7,2)
203:(2,true,8,7,8,9,8,2)
204:(2,true,8,7,8,9,9,2)
205:(2,true,8,7,9,7,7,2)
206:(2,true,8,7,9,7,8,2)
207:(2,true,8,7,9,7,9,2)
208:(2,true,8,7,9,8,7,2)
209:(2,true,8,7,9,8,8,2)
210:(2,true,8,7,9,8,9,2)
211:(2,true,8,7,9,9,7,2)
212:(2,true,8,7,9,9,8,2)
213:(2,true,8,7,9,9,9,2)
214:(2,true,8,8,7,7,7,2)
215:(2,true,8,8,7,7,8,2)
216:(2,true,8,8,7,7,9,2)
217:(2,true,8,8,7,8,7,2)
218:(2,true,8,8,7,8,8,2)
219:(2,true,8,8,7,8,9,2)
220:(2,true,8,8,7,9,7,2)
221:(2,true,8,8,7,9,8,2)
222:(2,true,8,8,7,9,9,2)
223:(2,true,8,8,8,7,7,2)
224:(2,true,8,8,8,7,8,2)
225:(2,true,8,8,8,7,9,2)
226:(2,true,8,8,8,8,7,2)
227:(2,true,8,8,8,8,8,2)
228:(2,true,8,8,8,8,9,2)
229:(2,true,8,8,8,9,7,2)
230:(2,true,8,8,8,9,8,2)
231:(2,true,8,8,8,9,9,2)
232:(2,true,8,8,9,7,7,2)
233:(2,true,8,8,9,7,8,2)
234:(2,true,8,8,9,7,9,2)
235:(2,true,8,8,9,8,7,2)
236:(2,true,8,8,9,8,8,2)
237:(2,true,8,8,9,8,9,2)
238:(2,true,8,8,9,9,7,2)
239:(2,true,8,8,9,9,8,2)
240:(2,true,8,8,9,9,9,2)
241:(2,true,8,9,7,7,7,2)
242:(2,true,8,9,7,7,8,2)
243:(2,true,8,9,7,7,9,2)
244:(2,true,8,9,7,8,7,2)
245:(2,true,8,9,7,8,8,2)
246:(2,true,8,9,7,8,9,2)
247:(2,true,8,9,7,9,7,2)
248:(2,true,8,9,7,9,8,2)
249:(2,true,8,9,7,9,9,2)
250:(2,true,8,9,8,7,7,2)
251:(2,true,8,9,8,7,8,2)
252:(2,true,8,9,8,7,9,2)
253:(2,true,8,9,8,8,7,2)
254:(2,true,8,9,8,8,8,2)
255:(2,true,8,9,8,8,9,2)
256:(2,true,8,9,8,9,7,2)
257:(2,true,8,9,8,9,8,2)
258:(2,true,8,9,8,9,9,2)
259:(2,true,8,9,9,7,7,2)
260:(2,true,8,9,9,7,8,2)
261:(2,true,8,9,9,7,9,2)
262:(2,true,8,9,9,8,7,2)
263:(2,true,8,9,9,8,8,2)
264:(2,true,8,9,9,8,9,2)
265:(2,true,8,9,9,9,7,2)
266:(2,true,8,9,9,9,8,2)
267:(2,true,8,9,9,9,9,2)
268:(2,true,9,7,7,7,7,2)
269:(2,true,9,7,7,7,8,2)
270:(2,true,9,7,7,7,9,2)
271:(2,true,9,7,7,8,7,2)
272:(2,true,9,7,7,8,8,2)
273:(2,true,9,7,7,8,9,2)
274:(2,true,9,7,7,9,7,2)
275:(2,true,9,7,7,9,8,2)
276:(2,true,9,7,7,9,9,2)
277:(2,true,9,7,8,7,7,2)
278:(2,true,9,7,8,7,8,2)
279:(2,true,9,7,8,7,9,2)
280:(2,true,9,7,8,8,7,2)
281:(2,true,9,7,8,8,8,2)
282:(2,true,9,7,8,8,9,2)
283:(2,true,9,7,8,9,7,2)
284:(2,true,9,7,8,9,8,2)
285:(2,true,9,7,8,9,9,2)
286:(2,true,9,7,9,7,7,2)
287:(2,true,9,7,9,7,8,2)
288:(2,true,9,7,9,7,9,2)
289:(2,true,9,7,9,8,7,2)
290:(2,true,9,7,9,8,8,2)
291:(2,true,9,7,9,8,9,2)
292:(2,true,9,7,9,9,7,2)
293:(2,true,9,7,9,9,8,2)
294:(2,true,9,7,9,9,9,2)
295:(2,true,9,8,7,7,7,2)
296:(2,true,9,8,7,7,8,2)
297:(2,true,9,8,7,7,9,2)
298:(2,true,9,8,7,8,7,2)
299:(2,true,9,8,7,8,8,2)
300:(2,true,9,8,7,8,9,2)
301:(2,true,9,8,7,9,7,2)
302:(2,true,9,8,7,9,8,2)
303:(2,true,9,8,7,9,9,2)
304:(2,true,9,8,8,7,7,2)
305:(2,true,9,8,8,7,8,2)
306:(2,true,9,8,8,7,9,2)
307:(2,true,9,8,8,8,7,2)
308:(2,true,9,8,8,8,8,2)
309:(2,true,9,8,8,8,9,2)
310:(2,true,9,8,8,9,7,2)
311:(2,true,9,8,8,9,8,2)
312:(2,true,9,8,8,9,9,2)
313:(2,true,9,8,9,7,7,2)
314:(2,true,9,8,9,7,8,2)
315:(2,true,9,8,9,7,9,2)
316:(2,true,9,8,9,8,7,2)
317:(2,true,9,8,9,8,8,2)
318:(2,true,9,8,9,8,9,2)
319:(2,true,9,8,9,9,7,2)
320:(2,true,9,8,9,9,8,2)
321:(2,true,9,8,9,9,9,2)
322:(2,true,9,9,7,7,7,2)
323:(2,true,9,9,7,7,8,2)
324:(2,true,9,9,7,7,9,2)
325:(2,true,9,9,7,8,7,2)
326:(2,true,9,9,7,8,8,2)
327:(2,true,9,9,7,8,9,2)
328:(2,true,9,9,7,9,7,2)
329:(2,true,9,9,7,9,8,2)
330:(2,true,9,9,7,9,9,2)
331:(2,true,9,9,8,7,7,2)
332:(2,true,9,9,8,7,8,2)
333:(2,true,9,9,8,7,9,2)
334:(2,true,9,9,8,8,7,2)
335:(2,true,9,9,8,8,8,2)
336:(2,true,9,9,8,8,9,2)
337:(2,true,9,9,8,9,7,2)
338:(2,true,9,9,8,9,8,2)
339:(2,true,9,9,8,9,9,2)
340:(2,true,9,9,9,7,7,2)
341:(2,true,9,9,9,7,8,2)
342:(2,true,9,9,9,7,9,2)
343:(2,true,9,9,9,8,7,2)
344:(2,true,9,9,9,8,8,2)
345:(2,true,9,9,9,8,9,2)
346:(2,true,9,9,9,9,7,2)
347:(2,true,9,9,9,9,8,2)
348:(2,true,9,9,9,9,9,2)
349:(3,false,2,2,2,2,2,2)
350:(3,false,3,3,3,3,3,2)
351:(3,false,7,7,7,7,7,2)
352:(3,true,0,0,0,0,0,2)
353:(3,true,1,1,1,1,1,2)
354:(3,true,1,1,1,1,2,2)
355:(3,true,1,1,1,2,1,2)
356:(3,true,1,1,1,2,2,2)
357:(3,true,1,1,2,1,1,2)
358:(3,true,1,1,2,1,2,2)
359:(3,true,1,1,2,2,1,2)
360:(3,true,1,1,2,2,2,2)
361:(3,true,1,2,1,1,1,2)
362:(3,true,1,2,1,1,2,2)
363:(3,true,1,2,1,2,1,2)
364:(3,true,1,2,1,2,2,2)
365:(3,true,1,2,2,1,1,2)
366:(3,true,1,2,2,1,2,2)
367:(3,true,1,2,2,2,1,2)
368:(3,true,1,2,2,2,2,2)
369:(3,true,2,1,1,1,1,2)
370:(3,true,2,1,1,1,2,2)
371:(3,true,2,1,1,2,1,2)
372:(3,true,2,1,1,2,2,2)
373:(3,true,2,1,2,1,1,2)
374:(3,true,2,1,2,1,2,2)
375:(3,true,2,1,2,2,1,2)
376:(3,true,2,1,2,2,2,2)
377:(3,true,2,2,1,1,1,2)
378:(3,true,2,2,1,1,2,2)
379:(3,true,2,2,1,2,1,2)
380:(3,true,2,2,1,2,2,2)
381:(3,true,2,2,2,1,1,2)
382:(3,true,2,2,2,1,2,2)
383:(3,true,2,2,2,2,1,2)
384:(3,true,2,2,2,2,2,2)
385:(3,true,3,3,3,3,3,2)
386:(3,true,3,3,3,3,4,2)
387:(3,true,3,3,3,4,3,2)
388:(3,true,3,3,3,4,4,2)
389:(3,true,3,3,4,3,3,2)
390:(3,true,3,3,4,3,4,2)
391:(3,true,3,3,4,4,3,2)
392:(3,true,3,3,4,4,4,2)
393:(3,true,3,4,3,3,3,2)
394:(3,true,3,4,3,3,4,2)
395:(3,true,3,4,3,4,3,2)
396:(3,true,3,4,3,4,4,2)
397:(3,true,3,4,4,3,3,2)
398:(3,true,3,4,4,3,4,2)
399:(3,true,3,4,4,4,3,2)
400:(3,true,3,4,4,4,4,2)
401:(3,true,4,3,3,3,3,2)
402:(3,true,4,3,3,3,4,2)
403:(3,true,4,3,3,4,3,2)
404:(3,true,4,3,3,4,4,2)
405:(3,true,4,3,4,3,3,2)
406:(3,true,4,3,4,3,4,2)
407:(3,true,4,3,4,4,3,2)
408:(3,true,4,3,4,4,4,2)
409:(3,true,4,4,3,3,3,2)
410:(3,true,4,4,3,3,4,2)
411:(3,true,4,4,3,4,3,2)
412:(3,true,4,4,3,4,4,2)
413:(3,true,4,4,4,3,3,2)
414:(3,true,4,4,4,3,4,2)
415:(3,true,4,4,4,4,3,2)
416:(3,true,4,4,4,4,4,2)
417:(3,true,5,5,5,5,5,2)
418:(3,true,5,5,5,5,6,2)
419:(3,true,5,5,5,6,5,2)
420:(3,true,5,5,5,6,6,2)
421:(3,true,5,5,6,5,5,2)
422:(3,true,5,5,6,5,6,2)
423:(3,true,5,5,6,6,5,2)
424:(3,true,5,5,6,6,6,2)
425:(3,true,5,6,5,5,5,2)
426:(3,true,5,6,5,5,6,2)
427:(3,true,5,6,5,6,5,2)
428:(3,true,5,6,5,6,6,2)
429:(3,true,5,6,6,5,5,2)
430:(3,true,5,6,6,5,6,2)
431:(3,true,5,6,6,6,5,2)
432:(3,true,5,6,6,6,6,2)
433:(3,true,6,5,5,5,5,2)
434:(3,true,6,5,5,5,6,2)
435:(3,true,6,5,5,6,5,2)
436:(3,true,6,5,5,6,6,2)
437:(3,true,6,5,6,5,5,2)
438:(3,true,6,5,6,5,6,2)
439:(3,true,6,5,6,6,5,2)
440:(3,true,6,5,6,6,6,2)
441:(3,true,6,6,5,5,5,2)
442:(3,true,6,6,5,5,6,2)
443:(3,true,6,6,5,6,5,2)
444:(3,true,6,6,5,6,6,2)
445:(3,true,6,6,6,5,5,2)
446:(3,true,6,6,6,5,6,2)
447:(3,true,6,6,6,6,5,2)
448:(3,true,6,6,6,6,6,2)
449:(3,true,7,7,7,7,7,2)
450:(3,true,7,7,7,7,8,2)
451:(3,true,7,7,7,7,9,2)
452:(3,true,7,7,7,8,7,2)
453:(3,true,7,7,7,8,8,2)
454:(3,true,7,7,7,8,9,2)
455:(3,true,7,7,7,9,7,2)
456:(3,true,7,7,7,9,8,2)
457:(3,true,7,7,7,9,9,2)
458:(3,true,7,7,8,7,7,2)
459:(3,true,7,7,8,7,8,2)
460:(3,true,7,7,8,7,9,2)
461:(3,true,7,7,8,8,7,2)
462:(3,true,7,7,8,8,8,2)
463:(3,true,7,7,8,8,9,2)
464:(3,true,7,7,8,9,7,2)
465:(3,true,7,7,8,9,8,2)
466:(3,true,7,7,8,9,9,2)
467:(3,true,7,7,9,7,7,2)
468:(3,true,7,7,9,7,8,2)
469:(3,true,7,7,9,7,9,2)
470:(3,true,7,7,9,8,7,2)
471:(3,true,7,7,9,8,8,2)
472:(3,true,7,7,9,8,9,2)
473:(3,true,7,7,9,9,7,2)
474:(3,true,7,7,9,9,8,2)
475:(3,true,7,7,9,9,9,2)
476:(3,true,7,8,7,7,7,2)
477:(3,true,7,8,7,7,8,2)
478:(3,true,7,8,7,7,9,2)
479:(3,true,7,8,7,8,7,2)
480:(3,true,7,8,7,8,8,2)
481:(3,true,7,8,7,8,9,2)
482:(3,true,7,8,7,9,7,2)
483:(3,true,7,8,7,9,8,2)
484:(3,true,7,8,7,9,9,2)
485:(3,true,7,8,8,7,7,2)
486:(3,true,7,8,8,7,8,2)
487:(3,true,7,8,8,7,9,2)
488:(3,true,7,8,8,8,7,2)
489:(3,true,7,8,8,8,8,2)
490:(3,true,7,8,8,8,9,2)
491:(3,true,7,8,8,9,7,2)
492:(3,true,7,8,8,9,8,2)
493:(3,true,7,8,8,9,9,2)
494:(3,true,7,8,9,7,7,2)
495:(3,true,7,8,9,7,8,2)
496:(3,true,7,8,9,7,9,2)
497:(3,true,7,8,9,8,7,2)
498:(3,true,7,8,9,8,8,2)
499:(3,true,7,8,9,8,9,2)
500:(3,true,7,8,9,9,7,2)
501:(3,true,7,8,9,9,8,2)
502:(3,true,7,8,9,9,9,2)
503:(3,true,7,9,7,7,7,2)
504:(3,true,7,9,7,7,8,2)
505:(3,true,7,9,7,7,9,2)
506:(3,true,7,9,7,8,7,2)
507:(3,true,7,9,7,8,8,2)
508:(3,true,7,9,7,8,9,2)
509:(3,true,7,9,7,9,7,2)
510:(3,true,7,9,7,9,8,2)
511:(3,true,7,9,7,9,9,2)
512:(3,true,7,9,8,7,7,2)
513:(3,true,7,9,8,7,8,2)
514:(3,true,7,9,8,7,9,2)
515:(3,true,7,9,8,8,7,2)
516:(3,true,7,9,8,8,8,2)
517:(3,true,7,9,8,8,9,2)
518:(3,true,7,9,8,9,7,2)
519:(3,true,7,9,8,9,8,2)
520:(3,true,7,9,8,9,9,2)
521:(3,true,7,9,9,7,7,2)
522:(3,true,7,9,9,7,8,2)
523:(3,true,7,9,9,7,9,2)
524:(3,true,7,9,9,8,7,2)
525:(3,true,7,9,9,8,8,2)
526:(3,true,7,9,9,8,9,2)
527:(3,true,7,9,9,9,7,2)
528:(3,true,7,9,9,9,8,2)
529:(3,true,7,9,9,9,9,2)
530:(3,true,8,7,7,7,7,2)
531:(3,true,8,7,7,7,8,2)
532:(3,true,8,7,7,7,9,2)
533:(3,true,8,7,7,8,7,2)
534:(3,true,8,7,7,8,8,2)
535:(3,true,8,7,7,8,9,2)
536:(3,true,8,7,7,9,7,2)
537:(3,true,8,7,7,9,8,2)
538:(3,true,8,7,7,9,9,2)
539:(3,true,8,7,8,7,7,2)
540:(3,true,8,7,8,7,8,2)
541:(3,true,8,7,8,7,9,2)
542:(3,true,8,7,8,8,7,2)
543:(3,true,8,7,8,8,8,2)
544:(3,true,8,7,8,8,9,2)
545:(3,true,8,7,8,9,7,2)
546:(3,true,8,7,8,9,8,2)
547:(3,true,8,7,8,9,9,2)
548:(3,true,8,7,9,7,7,2)
549:(3,true,8,7,9,7,8,2)
550:(3,true,8,7,9,7,9,2)
551:(3,true,8,7,9,8,7,2)
552:(3,true,8,7,9,8,8,2)
553:(3,true,8,7,9,8,9,2)
554:(3,true,8,7,9,9,7,2)
555:(3,true,8,7,9,9,8,2)
556:(3,true,8,7,9,9,9,2)
557:(3,true,8,8,7,7,7,2)
558:(3,true,8,8,7,7,8,2)
559:(3,true,8,8,7,7,9,2)
560:(3,true,8,8,7,8,7,2)
561:(3,true,8,8,7,8,8,2)
562:(3,true,8,8,7,8,9,2)
563:(3,true,8,8,7,9,7,2)
564:(3,true,8,8,7,9,8,2)
565:(3,true,8,8,7,9,9,2)
566:(3,true,8,8,8,7,7,2)
567:(3,true,8,8,8,7,8,2)
568:(3,true,8,8,8,7,9,2)
569:(3,true,8,8,8,8,7,2)
570:(3,true,8,8,8,8,8,2)
571:(3,true,8,8,8,8,9,2)
572:(3,true,8,8,8,9,7,2)
573:(3,true,8,8,8,9,8,2)
574:(3,true,8,8,8,9,9,2)
575:(3,true,8,8,9,7,7,2)
576:(3,true,8,8,9,7,8,2)
577:(3,true,8,8,9,7,9,2)
578:(3,true,8,8,9,8,7,2)
579:(3,true,8,8,9,8,8,2)
580:(3,true,8,8,9,8,9,2)
581:(3,true,8,8,9,9,7,2)
582:(3,true,8,8,9,9,8,2)
583:(3,true,8,8,9,9,9,2)
584:(3,true,8,9,7,7,7,2)
585:(3,true,8,9,7,7,8,2)
586:(3,true,8,9,7,7,9,2)
587:(3,true,8,9,7,8,7,2)
588:(3,true,8,9,7,8,8,2)
589:(3,true,8,9,7,8,9,2)
590:(3,true,8,9,7,9,7,2)
591:(3,true,8,9,7,9,8,2)
592:(3,true,8,9,7,9,9,2)
593:(3,true,8,9,8,7,7,2)
594:(3,true,8,9,8,7,8,2)
595:(3,true,8,9,8,7,9,2)
596:(3,true,8,9,8,8,7,2)
597:(3,true,8,9,8,8,8,2)
598:(3,true,8,9,8,8,9,2)
599:(3,true,8,9,8,9,7,2)
600:(3,true,8,9,8,9,8,2)
601:(3,true,8,9,8,9,9,2)
602:(3,true,8,9,9,7,7,2)
603:(3,true,8,9,9,7,8,2)
604:(3,true,8,9,9,7,9,2)
605:(3,true,8,9,9,8,7,2)
606:(3,true,8,9,9,8,8,2)
607:(3,true,8,9,9,8,9,2)
608:(3,true,8,9,9,9,7,2)
609:(3,true,8,9,9,9,8,2)
610:(3,true,8,9,9,9,9,2)
611:(3,true,9,7,7,7,7,2)
612:(3,true,9,7,7,7,8,2)
613:(3,true,9,7,7,7,9,2)
614:(3,true,9,7,7,8,7,2)
615:(3,true,9,7,7,8,8,2)
616:(3,true,9,7,7,8,9,2)
617:(3,true,9,7,7,9,7,2)
618:(3,true,9,7,7,9,8,2)
619:(3,true,9,7,7,9,9,2)
620:(3,true,9,7,8,7,7,2)
621:(3,true,9,7,8,7,8,2)
622:(3,true,9,7,8,7,9,2)
623:(3,true,9,7,8,8,7,2)
624:(3,true,9,7,8,8,8,2)
625:(3,true,9,7,8,8,9,2)
626:(3,true,9,7,8,9,7,2)
627:(3,true,9,7,8,9,8,2)
628:(3,true,9,7,8,9,9,2)
629:(3,true,9,7,9,7,7,2)
630:(3,true,9,7,9,7,8,2)
631:(3,true,9,7,9,7,9,2)
632:(3,true,9,7,9,8,7,2)
633:(3,true,9,7,9,8,8,2)
634:(3,true,9,7,9,8,9,2)
635:(3,true,9,7,9,9,7,2)
636:(3,true,9,7,9,9,8,2)
637:(3,true,9,7,9,9,9,2)
638:(3,true,9,8,7,7,7,2)
639:(3,true,9,8,7,7,8,2)
640:(3,true,9,8,7,7,9,2)
641:(3,true,9,8,7,8,7,2)
642:(3,true,9,8,7,8,8,2)
643:(3,true,9,8,7,8,9,2)
644:(3,true,9,8,7,9,7,2)
645:(3,true,9,8,7,9,8,2)
646:(3,true,9,8,7,9,9,2)
647:(3,true,9,8,8,7,7,2)
648:(3,true,9,8,8,7,8,2)
649:(3,true,9,8,8,7,9,2)
650:(3,true,9,8,8,8,7,2)
651:(3,true,9,8,8,8,8,2)
652:(3,true,9,8,8,8,9,2)
653:(3,true,9,8,8,9,7,2)
654:(3,true,9,8,8,9,8,2)
655:(3,true,9,8,8,9,9,2)
656:(3,true,9,8,9,7,7,2)
657:(3,true,9,8,9,7,8,2)
658:(3,true,9,8,9,7,9,2)
659:(3,true,9,8,9,8,7,2)
660:(3,true,9,8,9,8,8,2)
661:(3,true,9,8,9,8,9,2)
662:(3,true,9,8,9,9,7,2)
663:(3,true,9,8,9,9,8,2)
664:(3,true,9,8,9,9,9,2)
665:(3,true,9,9,7,7,7,2)
666:(3,true,9,9,7,7,8,2)
667:(3,true,9,9,7,7,9,2)
668:(3,true,9,9,7,8,7,2)
669:(3,true,9,9,7,8,8,2)
670:(3,true,9,9,7,8,9,2)
671:(3,true,9,9,7,9,7,2)
672:(3,true,9,9,7,9,8,2)
673:(3,true,9,9,7,9,9,2)
674:(3,true,9,9,8,7,7,2)
675:(3,true,9,9,8,7,8,2)
676:(3,true,9,9,8,7,9,2)
677:(3,true,9,9,8,8,7,2)
678:(3,true,9,9,8,8,8,2)
679:(3,true,9,9,8,8,9,2)
680:(3,true,9,9,8,9,7,2)
681:(3,true,9,9,8,9,8,2)
682:(3,true,9,9,8,9,9,2)
683:(3,true,9,9,9,7,7,2)
684:(3,true,9,9,9,7,8,2)
685:(3,true,9,9,9,7,9,2)
686:(3,true,9,9,9,8,7,2)
687:(3,true,9,9,9,8,8,2)
688:(3,true,9,9,9,8,9,2)
689:(3,true,9,9,9,9,7,2)
690:(3,true,9,9,9,9,8,2)
691:(3,true,9,9,9,9,9,2)
692:(4,false,4,4,4,4,4,2)
693:(4,false,5,5,5,5,5,2)
694:(4,false,8,8,8,8,8,2)
695:(4,true,0,0,0,0,0,2)
696:(4,true,1,1,1,1,1,2)
697:(4,true,1,1,1,1,2,2)
698:(4,true,1,1,1,2,1,2)
699:(4,true,1,1,1,2,2,2)
700:(4,true,1,1,2,1,1,2)
701:(4,true,1,1,2,1,2,2)
702:(4,true,1,1,2,2,1,2)
703:(4,true,1,1,2,2,2,2)
704:(4,true,1,2,1,1,1,2)
705:(4,true,1,2,1,1,2,2)
706:(4,true,1,2,1,2,1,2)
707:(4,true,1,2,1,2,2,2)
708:(4,true,1,2,2,1,1,2)
709:(4,true,1,2,2,1,2,2)
710:(4,true,1,2,2,2,1,2)
711:(4,true,1,2,2,2,2,2)
712:(4,true,2,1,1,1,1,2)
713:(4,true,2,1,1,1,2,2)
714:(4,true,2,1,1,2,1,2)
715:(4,true,2,1,1,2,2,2)
716:(4,true,2,1,2,1,1,2)
717:(4,true,2,1,2,1,2,2)
718:(4,true,2,1,2,2,1,2)
719:(4,true,2,1,2,2,2,2)
720:(4,true,2,2,1,1,1,2)
721:(4,true,2,2,1,1,2,2)
722:(4,true,2,2,1,2,1,2)
723:(4,true,2,2,1,2,2,2)
724:(4,true,2,2,2,1,1,2)
725:(4,true,2,2,2,1,2,2)
726:(4,true,2,2,2,2,1,2)
727:(4,true,2,2,2,2,2,2)
728:(4,true,3,3,3,3,3,2)
729:(4,true,3,3,3,3,4,2)
730:(4,true,3,3,3,4,3,2)
731:(4,true,3,3,3,4,4,2)
732:(4,true,3,3,4,3,3,2)
733:(4,true,3,3,4,3,4,2)
734:(4,true,3,3,4,4,3,2)
735:(4,true,3,3,4,4,4,2)
736:(4,true,3,4,3,3,3,2)
737:(4,true,3,4,3,3,4,2)
738:(4,true,3,4,3,4,3,2)
739:(4,true,3,4,3,4,4,2)
740:(4,true,3,4,4,3,3,2)
741:(4,true,3,4,4,3,4,2)
742:(4,true,3,4,4,4,3,2)
743:(4,true,3,4,4,4,4,2)
744:(4,true,4,3,3,3,3,2)
745:(4,true,4,3,3,3,4,2)
746:(4,true,4,3,3,4,3,2)
747:(4,true,4,3,3,4,4,2)
748:(4,true,4,3,4,3,3,2)
749:(4,true,4,3,4,3,4,2)
750:(4,true,4,3,4,4,3,2)
751:(4,true,4,3,4,4,4,2)
752:(4,true,4,4,3,3,3,2)
753:(4,true,4,4,3,3,4,2)
754:(4,true,4,4,3,4,3,2)
755:(4,true,4,4,3,4,4,2)
756:(4,true,4,4,4,3,3,2)
757:(4,true,4,4,4,3,4,2)
758:(4,true,4,4,4,4,3,2)
759:(4,true,4,4,4,4,4,2)
760:(4,true,5,5,5,5,5,2)
761:(4,true,5,5,5,5,6,2)
762:(4,true,5,5,5,6,5,2)
763:(4,true,5,5,5,6,6,2)
764:(4,true,5,5,6,5,5,2)
765:(4,true,5,5,6,5,6,2)
766:(4,true,5,5,6,6,5,2)
767:(4,true,5,5,6,6,6,2)
768:(4,true,5,6,5,5,5,2)
769:(4,true,5,6,5,5,6,2)
770:(4,true,5,6,5,6,5,2)
771:(4,true,5,6,5,6,6,2)
772:(4,true,5,6,6,5,5,2)
773:(4,true,5,6,6,5,6,2)
774:(4,true,5,6,6,6,5,2)
775:(4,true,5,6,6,6,6,2)
776:(4,true,6,5,5,5,5,2)
777:(4,true,6,5,5,5,6,2)
778:(4,true,6,5,5,6,5,2)
779:(4,true,6,5,5,6,6,2)
780:(4,true,6,5,6,5,5,2)
781:(4,true,6,5,6,5,6,2)
782:(4,true,6,5,6,6,5,2)
783:(4,true,6,5,6,6,6,2)
784:(4,true,6,6,5,5,5,2)
785:(4,true,6,6,5,5,6,2)
786:(4,true,6,6,5,6,5,2)
787:(4,true,6,6,5,6,6,2)
788:(4,true,6,6,6,5,5,2)
789:(4,true,6,6,6,5,6,2)
790:(4,true,6,6,6,6,5,2)
791:(4,true,6,6,6,6,6,2)
792:(4,true,7,7,7,7,7,2)
793:(4,true,7,7,7,7,8,2)
794:(4,true,7,7,7,7,9,2)
795:(4,true,7,7,7,8,7,2)
796:(4,true,7,7,7,8,8,2)
797:(4,true,7,7,7,8,9,2)
798:(4,true,7,7,7,9,7,2)
799:(4,true,7,7,7,9,8,2)
800:(4,true,7,7,7,9,9,2)
801:(4,true,7,7,8,7,7,2)
802:(4,true,7,7,8,7,8,2)
803:(4,true,7,7,8,7,9,2)
804:(4,true,7,7,8,8,7,2)
805:(4,true,7,7,8,8,8,2)
806:(4,true,7,7,8,8,9,2)
807:(4,true,7,7,8,9,7,2)
808:(4,true,7,7,8,9,8,2)
809:(4,true,7,7,8,9,9,2)
810:(4,true,7,7,9,7,7,2)
811:(4,true,7,7,9,7,8,2)
812:(4,true,7,7,9,7,9,2)
813:(4,true,7,7,9,8,7,2)
814:(4,true,7,7,9,8,8,2)
815:(4,true,7,7,9,8,9,2)
816:(4,true,7,7,9,9,7,2)
817:(4,true,7,7,9,9,8,2)
818:(4,true,7,7,9,9,9,2)
819:(4,true,7,8,7,7,7,2)
820:(4,true,7,8,7,7,8,2)
821:(4,true,7,8,7,7,9,2)
822:(4,true,7,8,7,8,7,2)
823:(4,true,7,8,7,8,8,2)
824:(4,true,7,8,7,8,9,2)
825:(4,true,7,8,7,9,7,2)
826:(4,true,7,8,7,9,8,2)
827:(4,true,7,8,7,9,9,2)
828:(4,true,7,8,8,7,7,2)
829:(4,true,7,8,8,7,8,2)
830:(4,true,7,8,8,7,9,2)
831:(4,true,7,8,8,8,7,2)
832:(4,true,7,8,8,8,8,2)
833:(4,true,7,8,8,8,9,2)
834:(4,true,7,8,8,9,7,2)
835:(4,true,7,8,8,9,8,2)
836:(4,true,7,8,8,9,9,2)
837:(4,true,7,8,9,7,7,2)
838:(4,true,7,8,9,7,8,2)
839:(4,true,7,8,9,7,9,2)
840:(4,true,7,8,9,8,7,2)
841:(4,true,7,8,9,8,8,2)
842:(4,true,7,8,9,8,9,2)
843:(4,true,7,8,9,9,7,2)
844:(4,true,7,8,9,9,8,2)
845:(4,true,7,8,9,9,9,2)
846:(4,true,7,9,7,7,7,2)
847:(4,true,7,9,7,7,8,2)
848:(4,true,7,9,7,7,9,2)
849:(4,true,7,9,7,8,7,2)
850:(4,true,7,9,7,8,8,2)
851:(4,true,7,9,7,8,9,2)
852:(4,true,7,9,7,9,7,2)
853:(4,true,7,9,7,9,8,2)
854:(4,true,7,9,7,9,9,2)
855:(4,true,7,9,8,7,7,2)
856:(4,true,7,9,8,7,8,2)
857:(4,true,7,9,8,7,9,2)
858:(4,true,7,9,8,8,7,2)
859:(4,true,7,9,8,8,8,2)
860:(4,true,7,9,8,8,9,2)
861:(4,true,7,9,8,9,7,2)
862:(4,true,7,9,8,9,8,2)
863:(4,true,7,9,8,9,9,2)
864:(4,true,7,9,9,7,7,2)
865:(4,true,7,9,9,7,8,2)
866:(4,true,7,9,9,7,9,2)
867:(4,true,7,9,9,8,7,2)
868:(4,true,7,9,9,8,8,2)
869:(4,true,7,9,9,8,9,2)
870:(4,true,7,9,9,9,7,2)
871:(4,true,7,9,9,9,8,2)
872:(4,true,7,9,9,9,9,2)
873:(4,true,8,7,7,7,7,2)
874:(4,true,8,7,7,7,8,2)
875:(4,true,8,7,7,7,9,2)
876:(4,true,8,7,7,8,7,2)
877:(4,true,8,7,7,8,8,2)
878:(4,true,8,7,7,8,9,2)
879:(4,true,8,7,7,9,7,2)
880:(4,true,8,7,7,9,8,2)
881:(4,true,8,7,7,9,9,2)
882:(4,true,8,7,8,7,7,2)
883:(4,true,8,7,8,7,8,2)
884:(4,true,8,7,8,7,9,2)
885:(4,true,8,7,8,8,7,2)
886:(4,true,8,7,8,8,8,2)
887:(4,true,8,7,8,8,9,2)
888:(4,true,8,7,8,9,7,2)
889:(4,true,8,7,8,9,8,2)
890:(4,true,8,7,8,9,9,2)
891:(4,true,8,7,9,7,7,2)
892:(4,true,8,7,9,7,8,2)
893:(4,true,8,7,9,7,9,2)
894:(4,true,8,7,9,8,7,2)
895:(4,true,8,7,9,8,8,2)
896:(4,true,8,7,9,8,9,2)
897:(4,true,8,7,9,9,7,2)
898:(4,true,8,7,9,9,8,2)
899:(4,true,8,7,9,9,9,2)
900:(4,true,8,8,7,7,7,2)
901:(4,true,8,8,7,7,8,2)
902:(4,true,8,8,7,7,9,2)
903:(4,true,8,8,7,8,7,2)
904:(4,true,8,8,7,8,8,2)
905:(4,true,8,8,7,8,9,2)
906:(4,true,8,8,7,9,7,2)
907:(4,true,8,8,7,9,8,2)
908:(4,true,8,8,7,9,9,2)
909:(4,true,8,8,8,7,7,2)
910:(4,true,8,8,8,7,8,2)
911:(4,true,8,8,8,7,9,2)
912:(4,true,8,8,8,8,7,2)
913:(4,true,8,8,8,8,8,2)
914:(4,true,8,8,8,8,9,2)
915:(4,true,8,8,8,9,7,2)
916:(4,true,8,8,8,9,8,2)
917:(4,true,8,8,8,9,9,2)
918:(4,true,8,8,9,7,7,2)
919:(4,true,8,8,9,7,8,2)
920:(4,true,8,8,9,7,9,2)
921:(4,true,8,8,9,8,7,2)
922:(4,true,8,8,9,8,8,2)
923:(4,true,8,8,9,8,9,2)
924:(4,true,8,8,9,9,7,2)
925:(4,true,8,8,9,9,8,2)
926:(4,true,8,8,9,9,9,2)
927:(4,true,8,9,7,7,7,2)
928:(4,true,8,9,7,7,8,2)
929:(4,true,8,9,7,7,9,2)
930:(4,true,8,9,7,8,7,2)
931:(4,true,8,9,7,8,8,2)
932:(4,true,8,9,7,8,9,2)
933:(4,true,8,9,7,9,7,2)
934:(4,true,8,9,7,9,8,2)
935:(4,true,8,9,7,9,9,2)
936:(4,true,8,9,8,7,7,2)
937:(4,true,8,9,8,7,8,2)
938:(4,true,8,9,8,7,9,2)
939:(4,true,8,9,8,8,7,2)
940:(4,true,8,9,8,8,8,2)
941:(4,true,8,9,8,8,9,2)
942:(4,true,8,9,8,9,7,2)
943:(4,true,8,9,8,9,8,2)
944:(4,true,8,9,8,9,9,2)
945:(4,true,8,9,9,7,7,2)
946:(4,true,8,9,9,7,8,2)
947:(4,true,8,9,9,7,9,2)
948:(4,true,8,9,9,8,7,2)
949:(4,true,8,9,9,8,8,2)
950:(4,true,8,9,9,8,9,2)
951:(4,true,8,9,9,9,7,2)
952:(4,true,8,9,9,9,8,2)
953:(4,true,8,9,9,9,9,2)
954:(4,true,9,7,7,7,7,2)
955:(4,true,9,7,7,7,8,2)
956:(4,true,9,7,7,7,9,2)
957:(4,true,9,7,7,8,7,2)
958:(4,true,9,7,7,8,8,2)
959:(4,true,9,7,7,8,9,2)
960:(4,true,9,7,7,9,7,2)
961:(4,true,9,7,7,9,8,2)
962:(4,true,9,7,7,9,9,2)
963:(4,true,9,7,8,7,7,2)
964:(4,true,9,7,8,7,8,2)
965:(4,true,9,7,8,7,9,2)
966:(4,true,9,7,8,8,7,2)
967:(4,true,9,7,8,8,8,2)
968:(4,true,9,7,8,8,9,2)
969:(4,true,9,7,8,9,7,2)
970:(4,true,9,7,8,9,8,2)
971:(4,true,9,7,8,9,9,2)
972:(4,true,9,7,9,7,7,2)
973:(4,true,9,7,9,7,8,2)
974:(4,true,9,7,9,7,9,2)
975:(4,true,9,7,9,8,7,2)
976:(4,true,9,7,9,8,8,2)
977:(4,true,9,7,9,8,9,2)
978:(4,true,9,7,9,9,7,2)
979:(4,true,9,7,9,9,8,2)
980:(4,true,9,7,9,9,9,2)
981:(4,true,9,8,7,7,7,2)
982:(4,true,9,8,7,7,8,2)
983:(4,true,9,8,7,7,9,2)
984:(4,true,9,8,7,8,7,2)
985:(4,true,9,8,7,8,8,2)
986:(4,true,9,8,7,8,9,2)
987:(4,true,9,8,7,9,7,2)
988:(4,true,9,8,7,9,8,2)
989:(4,true,9,8,7,9,9,2)
990:(4,true,9,8,8,7,7,2)
991:(4,true,9,8,8,7,8,2)
992:(4,true,9,8,8,7,9,2)
993:(4,true,9,8,8,8,7,2)
994:(4,true,9,8,8,8,8,2)
995:(4,true,9,8,8,8,9,2)
996:(4,true,9,8,8,9,7,2)
997:(4,true,9,8,8,9,8,2)
998:(4,true,9,8,8,9,9,2)
999:(4,true,9,8,9,7,7,2)
1000:(4,true,9,8,9,7,8,2)
1001:(4,true,9,8,9,7,9,2)
1002:(4,true,9,8,9,8,7,2)
1003:(4,true,9,8,9,8,8,2)
1004:(4,true,9,8,9,8,9,2)
1005:(4,true,9,8,9,9,7,2)
1006:(4,true,9,8,9,9,8,2)
1007:(4,true,9,8,9,9,9,2)
1008:(4,true,9,9,7,7,7,2)
1009:(4,true,9,9,7,7,8,2)
1010:(4,true,9,9,7,7,9,2)
1011:(4,true,9,9,7,8,7,2)
1012:(4,true,9,9,7,8,8,2)
1013:(4,true,9,9,7,8,9,2)
1014:(4,true,9,9,7,9,7,2)
1015:(4,true,9,9,7,9,8,2)
1016:(4,true,9,9,7,9,9,2)
1017:(4,true,9,9,8,7,7,2)
1018:(4,true,9,9,8,7,8,2)
1019:(4,true,9,9,8,7,9,2)
1020:(4,true,9,9,8,8,7,2)
1021:(4,true,9,9,8,8,8,2)
1022:(4,true,9,9,8,8,9,2)
1023:(4,true,9,9,8,9,7,2)
1024:(4,true,9,9,8,9,8,2)
1025:(4,true,9,9,8,9,9,2)
1026:(4,true,9,9,9,7,7,2)
1027:(4,true,9,9,9,7,8,2)
1028:(4,true,9,9,9,7,9,2)
1029:(4,true,9,9,9,8,7,2)
1030:(4,true,9,9,9,8,8,2)
1031:(4,true,9,9,9,8,9,2)
1032:(4,true,9,9,9,9,7,2)
1033:(4,true,9,9,9,9,8,2)
1034:(4,true,9,9,9,9,9,2)
1035:(7,false,2,2,2,2,2,8)
1036:(7,false,2,2,2,2,2,10)
1037:(7,false,3,3,3,3,3,8)
1038:(7,false,3,3,3,3,3,10)
1039:(7,false,7,7,7,7,7,8)
1040:(7,false,7,7,7,7,7,10)
1041:(7,true,0,0,0,0,0,8)
1042:(7,true,0,0,0,0,0,9)
1043:(7,true,0,0,0,0,0,10)
1044:(7,true,1,1,1,1,1,8)
1045:(7,true,1,1,1,1,1,9)
1046:(7,true,1,1,1,1,1,10)
1047:(7,true,1,1,1,1,2,8)
1048:(7,true,1,1,1,1,2,9)
1049:(7,true,1,1,1,1,2,10)
1050:(7,true,1,1,1,2,1,8)
1051:(7,true,1,1,1,2,1,9)
1052:(7,true,1,1,1,2,1,10)
1053:(7,true,1,1,1,2,2,8)
1054:(7,true,1,1,1,2,2,9)
1055:(7,true,1,1,1,2,2,10)
1056:(7,true,1,1,2,1,1,8)
1057:(7,true,1,1,2,1,1,9)
1058:(7,true,1,1,2,1,1,10)
1059:(7,true,1,1,2,1,2,8)
1060:(7,true,1,1,2,1,2,9)
1061:(7,true,1,1,2,1,2,10)
1062:(7,true,1,1,2,2,1,8)
1063:(7,true,1,1,2,2,1,9)
1064:(7,true,1,1,2,2,1,10)
1065:(7,true,1,1,2,2,2,8)
1066:(7,true,1,1,2,2,2,9)
1067:(7,true,1,1,2,2,2,10)
1068:(7,true,1,2,1,1,1,8)
1069:(7,true,1,2,1,1,1,9)
1070:(7,true,1,2,1,1,1,10)
1071:(7,true,1,2,1,1,2,8)
1072:(7,true,1,2,1,1,2,9)
1073:(7,true,1,2,1,1,2,10)
1074:(7,true,1,2,1,2,1,8)
1075:(7,true,1,2,1,2,1,9)
1076:(7,true,1,2,1,2,1,10)
1077:(7,true,1,2,1,2,2,8)
1078:(7,true,1,2,1,2,2,9)
1079:(7,true,1,2,1,2,2,10)
1080:(7,true,1,2,2,1,1,8)
1081:(7,true,1,2,2,1,1,9)
1082:(7,true,1,2,2,1,1,10)
1083:(7,true,1,2,2,1,2,8)
1084:(7,true,1,2,2,1,2,9)
1085:(7,true,1,2,2,1,2,10)
1086:(7,true,1,2,2,2,1,8)
1087:(7,true,1,2,2,2,1,9)
1088:(7,true,1,2,2,2,1,10)
1089:(7,true,1,2,2,2,2,8)
1090:(7,true,1,2,2,2,2,9)
1091:(7,true,1,2,2,2,2,10)
1092:(7,true,2,1,1,1,1,8)
1093:(7,true,2,1,1,1,1,9)
1094:(7,true,2,1,1,1,1,10)
1095:(7,true,2,1,1,1,2,8)
1096:(7,true,2,1,1,1,2,9)
1097:(7,true,2,1,1,1,2,10)
1098:(7,true,2,1,1,2,1,8)
1099:(7,true,2,1,1,2,1,9)
1100:(7,true,2,1,1,2,1,10)
1101:(7,true,2,1,1,2,2,8)
1102:(7,true,2,1,1,2,2,9)
1103:(7,true,2,1,1,2,2,10)
1104:(7,true,2,1,2,1,1,8)
1105:(7,true,2,1,2,1,1,9)
1106:(7,true,2,1,2,1,1,10)
1107:(7,true,2,1,2,1,2,8)
1108:(7,true,2,1,2,1,2,9)
1109:(7,true,2,1,2,1,2,10)
1110:(7,true,2,1,2,2,1,8)
1111:(7,true,2,1,2,2,1,9)
1112:(7,true,2,1,2,2,1,10)
1113:(7,true,2,1,2,2,2,8)
1114:(7,true,2,1,2,2,2,9)
1115:(7,true,2,1,2,2,2,10)
1116:(7,true,2,2,1,1,1,8)
1117:(7,true,2,2,1,1,1,9)
1118:(7,true,2,2,1,1,1,10)
1119:(7,true,2,2,1,1,2,8)
1120:(7,true,2,2,1,1,2,9)
1121:(7,true,2,2,1,1,2,10)
1122:(7,true,2,2,1,2,1,8)
1123:(7,true,2,2,1,2,1,9)
1124:(7,true,2,2,1,2,1,10)
1125:(7,true,2,2,1,2,2,8)
1126:(7,true,2,2,1,2,2,9)
1127:(7,true,2,2,1,2,2,10)
1128:(7,true,2,2,2,1,1,8)
1129:(7,true,2,2,2,1,1,9)
1130:(7,true,2,2,2,1,1,10)
1131:(7,true,2,2,2,1,2,8)
1132:(7,true,2,2,2,1,2,9)
1133:(7,true,2,2,2,1,2,10)
1134:(7,true,2,2,2,2,1,8)
1135:(7,true,2,2,2,2,1,9)
1136:(7,true,2,2,2,2,1,10)
1137:(7,true,2,2,2,2,2,8)
1138:(7,true,2,2,2,2,2,9)
1139:(7,true,2,2,2,2,2,10)
1140:(7,true,3,3,3,3,3,8)
1141:(7,true,3,3,3,3,3,9)
1142:(7,true,3,3,3,3,3,10)
1143:(7,true,3,3,3,3,4,8)
1144:(7,true,3,3,3,3,4,9)
1145:(7,true,3,3,3,3,4,10)
1146:(7,true,3,3,3,4,3,8)
1147:(7,true,3,3,3,4,3,9)
1148:(7,true,3,3,3,4,3,10)
1149:(7,true,3,3,3,4,4,8)
1150:(7,true,3,3,3,4,4,9)
1151:(7,true,3,3,3,4,4,10)
1152:(7,true,3,3,4,3,3,8)
1153:(7,true,3,3,4,3,3,9)
1154:(7,true,3,3,4,3,3,10)
1155:(7,true,3,3,4,3,4,8)
1156:(7,true,3,3,4,3,4,9)
1157:(7,true,3,3,4,3,4,10)
1158:(7,true,3,3,4,4,3,8)
1159:(7,true,3,3,4,4,3,9)
1160:(7,true,3,3,4,4,3,10)
1161:(7,true,3,3,4,4,4,8)
1162:(7,true,3,3,4,4,4,9)
1163:(7,true,3,3,4,4,4,10)
1164:(7,true,3,4,3,3,3,8)
1165:(7,true,3,4,3,3,3,9)
1166:(7,true,3,4,3,3,3,10)
1167:(7,true,3,4,3,3,4,8)
1168:(7,true,3,4,3,3,4,9)
1169:(7,true,3,4,3,3,4,10)
1170:(7,true,3,4,3,4,3,8)
1171:(7,true,3,4,3,4,3,9)
1172:(7,true,3,4,3,4,3,10)
1173:(7,true,3,4,3,4,4,8)
1174:(7,true,3,4,3,4,4,9)
1175:(7,true,3,4,3,4,4,10)
1176:(7,true,3,4,4,3,3,8)
1177:(7,true,3,4,4,3,3,9)
1178:(7,true,3,4,4,3,3,10)
1179:(7,true,3,4,4,3,4,8)
1180:(7,true,3,4,4,3,4,9)
1181:(7,true,3,4,4,3,4,10)
1182:(7,true,3,4,4,4,3,8)
1183:(7,true,3,4,4,4,3,9)
1184:(7,true,3,4,4,4,3,10)
1185:(7,true,3,4,4,4,4,8)
1186:(7,true,3,4,4,4,4,9)
1187:(7,true,3,4,4,4,4,10)
1188:(7,true,4,3,3,3,3,8)
1189:(7,true,4,3,3,3,3,9)
1190:(7,true,4,3,3,3,3,10)
1191:(7,true,4,3,3,3,4,8)
1192:(7,true,4,3,3,3,4,9)
1193:(7,true,4,3,3,3,4,10)
1194:(7,true,4,3,3,4,3,8)
1195:(7,true,4,3,3,4,3,9)
1196:(7,true,4,3,3,4,3,10)
1197:(7,true,4,3,3,4,4,8)
1198:(7,true,4,3,3,4,4,9)
1199:(7,true,4,3,3,4,4,10)
1200:(7,true,4,3,4,3,3,8)
1201:(7,true,4,3,4,3,3,9)
1202:(7,true,4,3,4,3,3,10)
1203:(7,true,4,3,4,3,4,8)
1204:(7,true,4,3,4,3,4,9)
1205:(7,true,4,3,4,3,4,10)
1206:(7,true,4,3,4,4,3,8)
1207:(7,true,4,3,4,4,3,9)
1208:(7,true,4,3,4,4,3,10)
1209:(7,true,4,3,4,4,4,8)
1210:(7,true,4,3,4,4,4,9)
1211:(7,true,4,3,4,4,4,10)
1212:(7,true,4,4,3,3,3,8)
1213:(7,true,4,4,3,3,3,9)
1214:(7,true,4,4,3,3,3,10)
1215:(7,true,4,4,3,3,4,8)
1216:(7,true,4,4,3,3,4,9)
1217:(7,true,4,4,3,3,4,10)
1218:(7,true,4,4,3,4,3,8)
1219:(7,true,4,4,3,4,3,9)
1220:(7,true,4,4,3,4,3,10)
1221:(7,true,4,4,3,4,4,8)
1222:(7,true,4,4,3,4,4,9)
1223:(7,true,4,4,3,4,4,10)
1224:(7,true,4,4,4,3,3,8)
1225:(7,true,4,4,4,3,3,9)
1226:(7,true,4,4,4,3,3,10)
1227:(7,true,4,4,4,3,4,8)
1228:(7,true,4,4,4,3,4,9)
1229:(7,true,4,4,4,3,4,10)
1230:(7,true,4,4,4,4,3,8)
1231:(7,true,4,4,4,4,3,9)
1232:(7,true,4,4,4,4,3,10)
1233:(7,true,4,4,4,4,4,8)
1234:(7,true,4,4,4,4,4,9)
1235:(7,true,4,4,4,4,4,10)
1236:(7,true,5,5,5,5,5,8)
1237:(7,true,5,5,5,5,5,9)
1238:(7,true,5,5,5,5,5,10)
1239:(7,true,5,5,5,5,6,8)
1240:(7,true,5,5,5,5,6,9)
1241:(7,true,5,5,5,5,6,10)
1242:(7,true,5,5,5,6,5,8)
1243:(7,true,5,5,5,6,5,9)
1244:(7,true,5,5,5,6,5,10)
1245:(7,true,5,5,5,6,6,8)
1246:(7,true,5,5,5,6,6,9)
1247:(7,true,5,5,5,6,6,10)
1248:(7,true,5,5,6,5,5,8)
1249:(7,true,5,5,6,5,5,9)
1250:(7,true,5,5,6,5,5,10)
1251:(7,true,5,5,6,5,6,8)
1252:(7,true,5,5,6,5,6,9)
1253:(7,true,5,5,6,5,6,10)
1254:(7,true,5,5,6,6,5,8)
1255:(7,true,5,5,6,6,5,9)
1256:(7,true,5,5,6,6,5,10)
1257:(7,true,5,5,6,6,6,8)
1258:(7,true,5,5,6,6,6,9)
1259:(7,true,5,5,6,6,6,10)
1260:(7,true,5,6,5,5,5,8)
1261:(7,true,5,6,5,5,5,9)
1262:(7,true,5,6,5,5,5,10)
1263:(7,true,5,6,5,5,6,8)
1264:(7,true,5,6,5,5,6,9)
1265:(7,true,5,6,5,5,6,10)
1266:(7,true,5,6,5,6,5,8)
1267:(7,true,5,6,5,6,5,9)
1268:(7,true,5,6,5,6,5,10)
1269:(7,true,5,6,5,6,6,8)
1270:(7,true,5,6,5,6,6,9)
1271:(7,true,5,6,5,6,6,10)
1272:(7,true,5,6,6,5,5,8)
1273:(7,true,5,6,6,5,5,9)
1274:(7,true,5,6,6,5,5,10)
1275:(7,true,5,6,6,5,6,8)
1276:(7,true,5,6,6,5,6,9)
1277:(7,true,5,6,6,5,6,10)
1278:(7,true,5,6,6,6,5,8)
1279:(7,true,5,6,6,6,5,9)
1280:(7,true,5,6,6,6,5,10)
1281:(7,true,5,6,6,6,6,8)
1282:(7,true,5,6,6,6,6,9)
1283:(7,true,5,6,6,6,6,10)
1284:(7,true,6,5,5,5,5,8)
1285:(7,true,6,5,5,5,5,9)
1286:(7,true,6,5,5,5,5,10)
1287:(7,true,6,5,5,5,6,8)
1288:(7,true,6,5,5,5,6,9)
1289:(7,true,6,5,5,5,6,10)
1290:(7,true,6,5,5,6,5,8)
1291:(7,true,6,5,5,6,5,9)
1292:(7,true,6,5,5,6,5,10)
1293:(7,true,6,5,5,6,6,8)
1294:(7,true,6,5,5,6,6,9)
1295:(7,true,6,5,5,6,6,10)
1296:(7,true,6,5,6,5,5,8)
1297:(7,true,6,5,6,5,5,9)
1298:(7,true,6,5,6,5,5,10)
1299:(7,true,6,5,6,5,6,8)
1300:(7,true,6,5,6,5,6,9)
1301:(7,true,6,5,6,5,6,10)
1302:(7,true,6,5,6,6,5,8)
1303:(7,true,6,5,6,6,5,9)
1304:(7,true,6,5,6,6,5,10)
1305:(7,true,6,5,6,6,6,8)
1306:(7,true,6,5,6,6,6,9)
1307:(7,true,6,5,6,6,6,10)
1308:(7,true,6,6,5,5,5,8)
1309:(7,true,6,6,5,5,5,9)
1310:(7,true,6,6,5,5,5,10)
1311:(7,true,6,6,5,5,6,8)
1312:(7,true,6,6,5,5,6,9)
1313:(7,true,6,6,5,5,6,10)
1314:(7,true,6,6,5,6,5,8)
1315:(7,true,6,6,5,6,5,9)
1316:(7,true,6,6,5,6,5,10)
1317:(7,true,6,6,5,6,6,8)
1318:(7,true,6,6,5,6,6,9)
1319:(7,true,6,6,5,6,6,10)
1320:(7,true,6,6,6,5,5,8)
1321:(7,true,6,6,6,5,5,9)
1322:(7,true,6,6,6,5,5,10)
1323:(7,true,6,6,6,5,6,8)
1324:(7,true,6,6,6,5,6,9)
1325:(7,true,6,6,6,5,6,10)
1326:(7,true,6,6,6,6,5,8)
1327:(7,true,6,6,6,6,5,9)
1328:(7,true,6,6,6,6,5,10)
1329:(7,true,6,6,6,6,6,8)
1330:(7,true,6,6,6,6,6,9)
1331:(7,true,6,6,6,6,6,10)
1332:(7,true,7,7,7,7,7,8)
1333:(7,true,7,7,7,7,7,10)
1334:(7,true,7,7,7,7,8,8)
1335:(7,true,7,7,7,7,8,10)
1336:(7,true,7,7,7,7,9,8)
1337:(7,true,7,7,7,7,9,10)
1338:(7,true,7,7,7,8,7,8)
1339:(7,true,7,7,7,8,7,10)
1340:(7,true,7,7,7,8,8,8)
1341:(7,true,7,7,7,8,8,10)
1342:(7,true,7,7,7,8,9,8)
1343:(7,true,7,7,7,8,9,10)
1344:(7,true,7,7,7,9,7,8)
1345:(7,true,7,7,7,9,7,10)
1346:(7,true,7,7,7,9,8,8)
1347:(7,true,7,7,7,9,8,10)
1348:(7,true,7,7,7,9,9,8)
1349:(7,true,7,7,7,9,9,10)
1350:(7,true,7,7,8,7,7,8)
1351:(7,true,7,7,8,7,7,9)
1352:(7,true,7,7,8,7,7,10)
1353:(7,true,7,7,8,7,8,8)
1354:(7,true,7,7,8,7,8,9)
1355:(7,true,7,7,8,7,8,10)
1356:(7,true,7,7,8,7,9,8)
1357:(7,true,7,7,8,7,9,9)
1358:(7,true,7,7,8,7,9,10)
1359:(7,true,7,7,8,8,7,8)
1360:(7,true,7,7,8,8,7,9)
1361:(7,true,7,7,8,8,7,10)
1362:(7,true,7,7,8,8,8,8)
1363:(7,true,7,7,8,8,8,9)
1364:(7,true,7,7,8,8,8,10)
1365:(7,true,7,7,8,8,9,8)
1366:(7,true,7,7,8,8,9,9)
1367:(7,true,7,7,8,8,9,10)
1368:(7,true,7,7,8,9,7,8)
1369:(7,true,7,7,8,9,7,9)
1370:(7,true,7,7,8,9,7,10)
1371:(7,true,7,7,8,9,8,8)
1372:(7,true,7,7,8,9,8,9)
1373:(7,true,7,7,8,9,8,10)
1374:(7,true,7,7,8,9,9,8)
1375:(7,true,7,7,8,9,9,9)
1376:(7,true,7,7,8,9,9,10)
1377:(7,true,7,7,9,7,7,8)
1378:(7,true,7,7,9,7,7,9)
1379:(7,true,7,7,9,7,7,10)
1380:(7,true,7,7,9,7,8,8)
1381:(7,true,7,7,9,7,8,9)
1382:(7,true,7,7,9,7,8,10)
1383:(7,true,7,7,9,7,9,8)
1384:(7,true,7,7,9,7,9,9)
1385:(7,true,7,7,9,7,9,10)
1386:(7,true,7,7,9,8,7,8)
1387:(7,true,7,7,9,8,7,9)
1388:(7,true,7,7,9,8,7,10)
1389:(7,true,7,7,9,8,8,8)
1390:(7,true,7,7,9,8,8,9)
1391:(7,true,7,7,9,8,8,10)
1392:(7,true,7,7,9,8,9,8)
1393:(7,true,7,7,9,8,9,9)
1394:(7,true,7,7,9,8,9,10)
1395:(7,true,7,7,9,9,7,8)
1396:(7,true,7,7,9,9,7,9)
1397:(7,true,7,7,9,9,7,10)
1398:(7,true,7,7,9,9,8,8)
1399:(7,true,7,7,9,9,8,9)
1400:(7,true,7,7,9,9,8,10)
1401:(7,true,7,7,9,9,9,8)
1402:(7,true,7,7,9,9,9,9)
1403:(7,true,7,7,9,9,9,10)
1404:(7,true,7,8,7,7,7,8)
1405:(7,true,7,8,7,7,7,9)
1406:(7,true,7,8,7,7,7,10)
1407:(7,true,7,8,7,7,8,8)
1408:(7,true,7,8,7,7,8,9)
1409:(7,true,7,8,7,7,8,10)
1410:(7,true,7,8,7,7,9,8)
1411:(7,true,7,8,7,7,9,9)
1412:(7,true,7,8,7,7,9,10)
1413:(7,true,7,8,7,8,7,8)
1414:(7,true,7,8,7,8,7,9)
1415:(7,true,7,8,7,8,7,10)
1416:(7,true,7,8,7,8,8,8)
1417:(7,true,7,8,7,8,8,9)
1418:(7,true,7,8,7,8,8,10)
1419:(7,true,7,8,7,8,9,8)
1420:(7,true,7,8,7,8,9,9)
1421:(7,true,7,8,7,8,9,10)
1422:(7,true,7,8,7,9,7,8)
1423:(7,true,7,8,7,9,7,9)
1424:(7,true,7,8,7,9,7,10)
1425:(7,true,7,8,7,9,8,8)
1426:(7,true,7,8,7,9,8,9)
1427:(7,true,7,8,7,9,8,10)
1428:(7,true,7,8,7,9,9,8)
1429:(7,true,7,8,7,9,9,9)
1430:(7,true,7,8,7,9,9,10)
1431:(7,true,7,8,8,7,7,8)
1432:(7,true,7,8,8,7,7,9)
1433:(7,true,7,8,8,7,7,10)
1434:(7,true,7,8,8,7,8,8)
1435:(7,true,7,8,8,7,8,9)
1436:(7,true,7,8,8,7,8,10)
1437:(7,true,7,8,8,7,9,8)
1438:(7,true,7,8,8,7,9,9)
1439:(7,true,7,8,8,7,9,10)
1440:(7,true,7,8,8,8,7,8)
1441:(7,true,7,8,8,8,7,9)
1442:(7,true,7,8,8,8,7,10)
1443:(7,true,7,8,8,8,8,8)
1444:(7,true,7,8,8,8,8,9)
1445:(7,true,7,8,8,8,8,10)
1446:(7,true,7,8,8,8,9,8)
1447:(7,true,7,8,8,8,9,9)
1448:(7,true,7,8,8,8,9,10)
1449:(7,true,7,8,8,9,7,8)
1450:(7,true,7,8,8,9,7,9)
1451:(7,true,7,8,8,9,7,10)
1452:(7,true,7,8,8,9,8,8)
1453:(7,true,7,8,8,9,8,9)
1454:(7,true,7,8,8,9,8,10)
1455:(7,true,7,8,8,9,9,8)
1456:(7,true,7,8,8,9,9,9)
1457:(7,true,7,8,8,9,9,10)
1458:(7,true,7,8,9,7,7,8)
1459:(7,true,7,8,9,7,7,9)
1460:(7,true,7,8,9,7,7,10)
1461:(7,true,7,8,9,7,8,8)
1462:(7,true,7,8,9,7,8,9)
1463:(7,true,7,8,9,7,8,10)
1464:(7,true,7,8,9,7,9,8)
1465:(7,true,7,8,9,7,9,9)
1466:(7,true,7,8,9,7,9,10)
1467:(7,true,7,8,9,8,7,8)
1468:(7,true,7,8,9,8,7,9)
1469:(7,true,7,8,9,8,7,10)
1470:(7,true,7,8,9,8,8,8)
1471:(7,true,7,8,9,8,8,9)
1472:(7,true,7,8,9,8,8,10)
1473:(7,true,7,8,9,8,9,8)
1474:(7,true,7,8,9,8,9,9)
1475:(7,true,7,8,9,8,9,10)
1476:(7,true,7,8,9,9,7,8)
1477:(7,true,7,8,9,9,7,9)
1478:(7,true,7,8,9,9,7,10)
1479:(7,true,7,8,9,9,8,8)
1480:(7,true,7,8,9,9,8,9)
1481:(7,true,7,8,9,9,8,10)
1482:(7,true,7,8,9,9,9,8)
1483:(7,true,7,8,9,9,9,9)
1484:(7,true,7,8,9,9,9,10)
1485:(7,true,7,9,7,7,7,8)
1486:(7,true,7,9,7,7,7,9)
1487:(7,true,7,9,7,7,7,10)
1488:(7,true,7,9,7,7,8,8)
1489:(7,true,7,9,7,7,8,9)
1490:(7,true,7,9,7,7,8,10)
1491:(7,true,7,9,7,7,9,8)
1492:(7,true,7,9,7,7,9,9)
1493:(7,true,7,9,7,7,9,10)
1494:(7,true,7,9,7,8,7,8)
1495:(7,true,7,9,7,8,7,9)
1496:(7,true,7,9,7,8,7,10)
1497:(7,true,7,9,7,8,8,8)
1498:(7,true,7,9,7,8,8,9)
1499:(7,true,7,9,7,8,8,10)
1500:(7,true,7,9,7,8,9,8)
1501:(7,true,7,9,7,8,9,9)
1502:(7,true,7,9,7,8,9,10)
1503:(7,true,7,9,7,9,7,8)
1504:(7,true,7,9,7,9,7,9)
1505:(7,true,7,9,7,9,7,10)
1506:(7,true,7,9,7,9,8,8)
1507:(7,true,7,9,7,9,8,9)
1508:(7,true,7,9,7,9,8,10)
1509:(7,true,7,9,7,9,9,8)
1510:(7,true,7,9,7,9,9,9)
1511:(7,true,7,9,7,9,9,10)
1512:(7,true,7,9,8,7,7,8)
1513:(7,true,7,9,8,7,7,9)
1514:(7,true,7,9,8,7,7,10)
1515:(7,true,7,9,8,7,8,8)
1516:(7,true,7,9,8,7,8,9)
1517:(7,true,7,9,8,7,8,10)
1518:(7,true,7,9,8,7,9,8)
1519:(7,true,7,9,8,7,9,9)
1520:(7,true,7,9,8,7,9,10)
1521:(7,true,7,9,8,8,7,8)
1522:(7,true,7,9,8,8,7,9)
1523:(7,true,7,9,8,8,7,10)
1524:(7,true,7,9,8,8,8,8)
1525:(7,true,7,9,8,8,8,9)
1526:(7,true,7,9,8,8,8,10)
1527:(7,true,7,9,8,8,9,8)
1528:(7,true,7,9,8,8,9,9)
1529:(7,true,7,9,8,8,9,10)
1530:(7,true,7,9,8,9,7,8)
1531:(7,true,7,9,8,9,7,9)
1532:(7,true,7,9,8,9,7,10)
1533:(7,true,7,9,8,9,8,8)
1534:(7,true,7,9,8,9,8,9)
1535:(7,true,7,9,8,9,8,10)
1536:(7,true,7,9,8,9,9,8)
1537:(7,true,7,9,8,9,9,9)
1538:(7,true,7,9,8,9,9,10)
1539:(7,true,7,9,9,7,7,8)
1540:(7,true,7,9,9,7,7,9)
1541:(7,true,7,9,9,7,7,10)
1542:(7,true,7,9,9,7,8,8)
1543:(7,true,7,9,9,7,8,9)
1544:(7,true,7,9,9,7,8,10)
1545:(7,true,7,9,9,7,9,8)
1546:(7,true,7,9,9,7,9,9)
1547:(7,true,7,9,9,7,9,10)
1548:(7,true,7,9,9,8,7,8)
1549:(7,true,7,9,9,8,7,9)
1550:(7,true,7,9,9,8,7,10)
1551:(7,true,7,9,9,8,8,8)
1552:(7,true,7,9,9,8,8,9)
1553:(7,true,7,9,9,8,8,10)
1554:(7,true,7,9,9,8,9,8)
1555:(7,true,7,9,9,8,9,9)
1556:(7,true,7,9,9,8,9,10)
1557:(7,true,7,9,9,9,7,8)
1558:(7,true,7,9,9,9,7,9)
1559:(7,true,7,9,9,9,7,10)
1560:(7,true,7,9,9,9,8,8)
1561:(7,true,7,9,9,9,8,9)
1562:(7,true,7,9,9,9,8,10)
1563:(7,true,7,9,9,9,9,8)
1564:(7,true,7,9,9,9,9,9)
1565:(7,true,7,9,9,9,9,10)
1566:(7,true,8,7,7,7,7,8)
1567:(7,true,8,7,7,7,7,9)
1568:(7,true,8,7,7,7,7,10)
1569:(7,true,8,7,7,7,8,8)
1570:(7,true,8,7,7,7,8,9)
1571:(7,true,8,7,7,7,8,10)
1572:(7,true,8,7,7,7,9,8)
1573:(7,true,8,7,7,7,9,9)
1574:(7,true,8,7,7,7,9,10)
1575:(7,true,8,7,7,8,7,8)
1576:(7,true,8,7,7,8,7,9)
1577:(7,true,8,7,7,8,7,10)
1578:(7,true,8,7,7,8,8,8)
1579:(7,true,8,7,7,8,8,9)
1580:(7,true,8,7,7,8,8,10)
1581:(7,true,8,7,7,8,9,8)
1582:(7,true,8,7,7,8,9,9)
1583:(7,true,8,7,7,8,9,10)
1584:(7,true,8,7,7,9,7,8)
1585:(7,true,8,7,7,9,7,9)
1586:(7,true,8,7,7,9,7,10)
1587:(7,true,8,7,7,9,8,8)
1588:(7,true,8,7,7,9,8,9)
1589:(7,true,8,7,7,9,8,10)
1590:(7,true,8,7,7,9,9,8)
1591:(7,true,8,7,7,9,9,9)
1592:(7,true,8,7,7,9,9,10)
1593:(7,true,8,7,8,7,7,8)
1594:(7,true,8,7,8,7,7,9)
1595:(7,true,8,7,8,7,7,10)
1596:(7,true,8,7,8,7,8,8)
1597:(7,true,8,7,8,7,8,9)
1598:(7,true,8,7,8,7,8,10)
1599:(7,true,8,7,8,7,9,8)
1600:(7,true,8,7,8,7,9,9)
1601:(7,true,8,7,8,7,9,10)
1602:(7,true,8,7,8,8,7,8)
1603:(7,true,8,7,8,8,7,9)
1604:(7,true,8,7,8,8,7,10)
1605:(7,true,8,7,8,8,8,8)
1606:(7,true,8,7,8,8,8,9)
1607:(7,true,8,7,8,8,8,10)
1608:(7,true,8,7,8,8,9,8)
1609:(7,true,8,7,8,8,9,9)
1610:(7,true,8,7,8,8,9,10)
1611:(7,true,8,7,8,9,7,8)
1612:(7,true,8,7,8,9,7,9)
1613:(7,true,8,7,8,9,7,10)
1614:(7,true,8,7,8,9,8,8)
1615:(7,true,8,7,8,9,8,9)
1616:(7,true,8,7,8,9,8,10)
1617:(7,true,8,7,8,9,9,8)
1618:(7,true,8,7,8,9,9,9)
1619:(7,true,8,7,8,9,9,10)
1620:(7,true,8,7,9,7,7,8)
1621:(7,true,8,7,9,7,7,9)
1622:(7,true,8,7,9,7,7,10)
1623:(7,true,8,7,9,7,8,8)
1624:(7,true,8,7,9,7,8,9)
1625:(7,true,8,7,9,7,8,10)
1626:(7,true,8,7,9,7,9,8)
1627:(7,true,8,7,9,7,9,9)
1628:(7,true,8,7,9,7,9,10)
1629:(7,true,8,7,9,8,7,8)
1630:(7,true,8,7,9,8,7,9)
1631:(7,true,8,7,9,8,7,10)
1632:(7,true,8,7,9,8,8,8)
1633:(7,true,8,7,9,8,8,9)
1634:(7,true,8,7,9,8,8,10)
1635:(7,true,8,7,9,8,9,8)
1636:(7,true,8,7,9,8,9,9)
1637:(7,true,8,7,9,8,9,10)
1638:(7,true,8,7,9,9,7,8)
1639:(7,true,8,7,9,9,7,9)
1640:(7,true,8,7,9,9,7,10)
1641:(7,true,8,7,9,9,8,8)
1642:(7,true,8,7,9,9,8,9)
1643:(7,true,8,7,9,9,8,10)
1644:(7,true,8,7,9,9,9,8)
1645:(7,true,8,7,9,9,9,9)
1646:(7,true,8,7,9,9,9,10)
1647:(7,true,8,8,7,7,7,8)
1648:(7,true,8,8,7,7,7,9)
1649:(7,true,8,8,7,7,7,10)
1650:(7,true,8,8,7,7,8,8)
1651:(7,true,8,8,7,7,8,9)
1652:(7,true,8,8,7,7,8,10)
1653:(7,true,8,8,7,7,9,8)
1654:(7,true,8,8,7,7,9,9)
1655:(7,true,8,8,7,7,9,10)
1656:(7,true,8,8,7,8,7,8)
1657:(7,true,8,8,7,8,7,9)
1658:(7,true,8,8,7,8,7,10)
1659:(7,true,8,8,7,8,8,8)
1660:(7,true,8,8,7,8,8,9)
1661:(7,true,8,8,7,8,8,10)
1662:(7,true,8,8,7,8,9,8)
1663:(7,true,8,8,7,8,9,9)
1664:(7,true,8,8,7,8,9,10)
1665:(7,true,8,8,7,9,7,8)
1666:(7,true,8,8,7,9,7,9)
1667:(7,true,8,8,7,9,7,10)
1668:(7,true,8,8,7,9,8,8)
1669:(7,true,8,8,7,9,8,9)
1670:(7,true,8,8,7,9,8,10)
1671:(7,true,8,8,7,9,9,8)
1672:(7,true,8,8,7,9,9,9)
1673:(7,true,8,8,7,9,9,10)
1674:(7,true,8,8,8,7,7,8)
1675:(7,true,8,8,8,7,7,9)
1676:(7,true,8,8,8,7,7,10)
1677:(7,true,8,8,8,7,8,8)
1678:(7,true,8,8,8,7,8,9)
1679:(7,true,8,8,8,7,8,10)
1680:(7,true,8,8,8,7,9,8)
1681:(7,true,8,8,8,7,9,9)
1682:(7,true,8,8,8,7,9,10)
1683:(7,true,8,8,8,8,7,8)
1684:(7,true,8,8,8,8,7,9)
1685:(7,true,8,8,8,8,7,10)
1686:(7,true,8,8,8,8,8,8)
1687:(7,true,8,8,8,8,8,9)
1688:(7,true,8,8,8,8,8,10)
1689:(7,true,8,8,8,8,9,8)
1690:(7,true,8,8,8,8,9,9)
1691:(7,true,8,8,8,8,9,10)
1692:(7,true,8,8,8,9,7,8)
1693:(7,true,8,8,8,9,7,9)
1694:(7,true,8,8,8,9,7,10)
1695:(7,true,8,8,8,9,8,8)
1696:(7,true,8,8,8,9,8,9)
1697:(7,true,8,8,8,9,8,10)
1698:(7,true,8,8,8,9,9,8)
1699:(7,true,8,8,8,9,9,9)
1700:(7,true,8,8,8,9,9,10)
1701:(7,true,8,8,9,7,7,8)
1702:(7,true,8,8,9,7,7,9)
1703:(7,true,8,8,9,7,7,10)
1704:(7,true,8,8,9,7,8,8)
1705:(7,true,8,8,9,7,8,9)
1706:(7,true,8,8,9,7,8,10)
1707:(7,true,8,8,9,7,9,8)
1708:(7,true,8,8,9,7,9,9)
1709:(7,true,8,8,9,7,9,10)
1710:(7,true,8,8,9,8,7,8)
1711:(7,true,8,8,9,8,7,9)
1712:(7,true,8,8,9,8,7,10)
1713:(7,true,8,8,9,8,8,8)
1714:(7,true,8,8,9,8,8,9)
1715:(7,true,8,8,9,8,8,10)
1716:(7,true,8,8,9,8,9,8)
1717:(7,true,8,8,9,8,9,9)
1718:(7,true,8,8,9,8,9,10)
1719:(7,true,8,8,9,9,7,8)
1720:(7,true,8,8,9,9,7,9)
1721:(7,true,8,8,9,9,7,10)
1722:(7,true,8,8,9,9,8,8)
1723:(7,true,8,8,9,9,8,9)
1724:(7,true,8,8,9,9,8,10)
1725:(7,true,8,8,9,9,9,8)
1726:(7,true,8,8,9,9,9,9)
1727:(7,true,8,8,9,9,9,10)
1728:(7,true,8,9,7,7,7,8)
1729:(7,true,8,9,7,7,7,9)
1730:(7,true,8,9,7,7,7,10)
1731:(7,true,8,9,7,7,8,8)
1732:(7,true,8,9,7,7,8,9)
1733:(7,true,8,9,7,7,8,10)
1734:(7,true,8,9,7,7,9,8)
1735:(7,true,8,9,7,7,9,9)
1736:(7,true,8,9,7,7,9,10)
1737:(7,true,8,9,7,8,7,8)
1738:(7,true,8,9,7,8,7,9)
1739:(7,true,8,9,7,8,7,10)
1740:(7,true,8,9,7,8,8,8)
1741:(7,true,8,9,7,8,8,9)
1742:(7,true,8,9,7,8,8,10)
1743:(7,true,8,9,7,8,9,8)
1744:(7,true,8,9,7,8,9,9)
1745:(7,true,8,9,7,8,9,10)
1746:(7,true,8,9,7,9,7,8)
1747:(7,true,8,9,7,9,7,9)
1748:(7,true,8,9,7,9,7,10)
1749:(7,true,8,9,7,9,8,8)
1750:(7,true,8,9,7,9,8,9)
1751:(7,true,8,9,7,9,8,10)
1752:(7,true,8,9,7,9,9,8)
1753:(7,true,8,9,7,9,9,9)
1754:(7,true,8,9,7,9,9,10)
1755:(7,true,8,9,8,7,7,8)
1756:(7,true,8,9,8,7,7,9)
1757:(7,true,8,9,8,7,7,10)
1758:(7,true,8,9,8,7,8,8)
1759:(7,true,8,9,8,7,8,9)
1760:(7,true,8,9,8,7,8,10)
1761:(7,true,8,9,8,7,9,8)
1762:(7,true,8,9,8,7,9,9)
1763:(7,true,8,9,8,7,9,10)
1764:(7,true,8,9,8,8,7,8)
1765:(7,true,8,9,8,8,7,9)
1766:(7,true,8,9,8,8,7,10)
1767:(7,true,8,9,8,8,8,8)
1768:(7,true,8,9,8,8,8,9)
1769:(7,true,8,9,8,8,8,10)
1770:(7,true,8,9,8,8,9,8)
1771:(7,true,8,9,8,8,9,9)
1772:(7,true,8,9,8,8,9,10)
1773:(7,true,8,9,8,9,7,8)
1774:(7,true,8,9,8,9,7,9)
1775:(7,true,8,9,8,9,7,10)
1776:(7,true,8,9,8,9,8,8)
1777:(7,true,8,9,8,9,8,9)
1778:(7,true,8,9,8,9,8,10)
1779:(7,true,8,9,8,9,9,8)
1780:(7,true,8,9,8,9,9,9)
1781:(7,true,8,9,8,9,9,10)
1782:(7,true,8,9,9,7,7,8)
1783:(7,true,8,9,9,7,7,9)
1784:(7,true,8,9,9,7,7,10)
1785:(7,true,8,9,9,7,8,8)
1786:(7,true,8,9,9,7,8,9)
1787:(7,true,8,9,9,7,8,10)
1788:(7,true,8,9,9,7,9,8)
1789:(7,true,8,9,9,7,9,9)
1790:(7,true,8,9,9,7,9,10)
1791:(7,true,8,9,9,8,7,8)
1792:(7,true,8,9,9,8,7,9)
1793:(7,true,8,9,9,8,7,10)
1794:(7,true,8,9,9,8,8,8)
1795:(7,true,8,9,9,8,8,9)
1796:(7,true,8,9,9,8,8,10)
1797:(7,true,8,9,9,8,9,8)
1798:(7,true,8,9,9,8,9,9)
1799:(7,true,8,9,9,8,9,10)
1800:(7,true,8,9,9,9,7,8)
1801:(7,true,8,9,9,9,7,9)
1802:(7,true,8,9,9,9,7,10)
1803:(7,true,8,9,9,9,8,8)
1804:(7,true,8,9,9,9,8,9)
1805:(7,true,8,9,9,9,8,10)
1806:(7,true,8,9,9,9,9,8)
1807:(7,true,8,9,9,9,9,9)
1808:(7,true,8,9,9,9,9,10)
1809:(7,true,9,7,7,7,7,8)
1810:(7,true,9,7,7,7,7,9)
1811:(7,true,9,7,7,7,7,10)
1812:(7,true,9,7,7,7,8,8)
1813:(7,true,9,7,7,7,8,9)
1814:(7,true,9,7,7,7,8,10)
1815:(7,true,9,7,7,7,9,8)
1816:(7,true,9,7,7,7,9,9)
1817:(7,true,9,7,7,7,9,10)
1818:(7,true,9,7,7,8,7,8)
1819:(7,true,9,7,7,8,7,9)
1820:(7,true,9,7,7,8,7,10)
1821:(7,true,9,7,7,8,8,8)
1822:(7,true,9,7,7,8,8,9)
1823:(7,true,9,7,7,8,8,10)
1824:(7,true,9,7,7,8,9,8)
1825:(7,true,9,7,7,8,9,9)
1826:(7,true,9,7,7,8,9,10)
1827:(7,true,9,7,7,9,7,8)
1828:(7,true,9,7,7,9,7,9)
1829:(7,true,9,7,7,9,7,10)
1830:(7,true,9,7,7,9,8,8)
1831:(7,true,9,7,7,9,8,9)
1832:(7,true,9,7,7,9,8,10)
1833:(7,true,9,7,7,9,9,8)
1834:(7,true,9,7,7,9,9,9)
1835:(7,true,9,7,7,9,9,10)
1836:(7,true,9,7,8,7,7,8)
1837:(7,true,9,7,8,7,7,9)
1838:(7,true,9,7,8,7,7,10)
1839:(7,true,9,7,8,7,8,8)
1840:(7,true,9,7,8,7,8,9)
1841:(7,true,9,7,8,7,8,10)
1842:(7,true,9,7,8,7,9,8)
1843:(7,true,9,7,8,7,9,9)
1844:(7,true,9,7,8,7,9,10)
1845:(7,true,9,7,8,8,7,8)
1846:(7,true,9,7,8,8,7,9)
1847:(7,true,9,7,8,8,7,10)
1848:(7,true,9,7,8,8,8,8)
1849:(7,true,9,7,8,8,8,9)
1850:(7,true,9,7,8,8,8,10)
1851:(7,true,9,7,8,8,9,8)
1852:(7,true,9,7,8,8,9,9)
1853:(7,true,9,7,8,8,9,10)
1854:(7,true,9,7,8,9,7,8)
1855:(7,true,9,7,8,9,7,9)
1856:(7,true,9,7,8,9,7,10)
1857:(7,true,9,7,8,9,8,8)
1858:(7,true,9,7,8,9,8,9)
1859:(7,true,9,7,8,9,8,10)
1860:(7,true,9,7,8,9,9,8)
1861:(7,true,9,7,8,9,9,9)
1862:(7,true,9,7,8,9,9,10)
1863:(7,true,9,7,9,7,7,8)
1864:(7,true,9,7,9,7,7,9)
1865:(7,true,9,7,9,7,7,10)
1866:(7,true,9,7,9,7,8,8)
1867:(7,true,9,7,9,7,8,9)
1868:(7,true,9,7,9,7,8,10)
1869:(7,true,9,7,9,7,9,8)
1870:(7,true,9,7,9,7,9,9)
1871:(7,true,9,7,9,7,9,10)
1872:(7,true,9,7,9,8,7,8)
1873:(7,true,9,7,9,8,7,9)
1874:(7,true,9,7,9,8,7,10)
1875:(7,true,9,7,9,8,8,8)
1876:(7,true,9,7,9,8,8,9)
1877:(7,true,9,7,9,8,8,10)
1878:(7,true,9,7,9,8,9,8)
1879:(7,true,9,7,9,8,9,9)
1880:(7,true,9,7,9,8,9,10)
1881:(7,true,9,7,9,9,7,8)
1882:(7,true,9,7,9,9,7,9)
1883:(7,true,9,7,9,9,7,10)
1884:(7,true,9,7,9,9,8,8)
1885:(7,true,9,7,9,9,8,9)
1886:(7,true,9,7,9,9,8,10)
1887:(7,true,9,7,9,9,9,8)
1888:(7,true,9,7,9,9,9,9)
1889:(7,true,9,7,9,9,9,10)
1890:(7,true,9,8,7,7,7,8)
1891:(7,true,9,8,7,7,7,9)
1892:(7,true,9,8,7,7,7,10)
1893:(7,true,9,8,7,7,8,8)
1894:(7,true,9,8,7,7,8,9)
1895:(7,true,9,8,7,7,8,10)
1896:(7,true,9,8,7,7,9,8)
1897:(7,true,9,8,7,7,9,9)
1898:(7,true,9,8,7,7,9,10)
1899:(7,true,9,8,7,8,7,8)
1900:(7,true,9,8,7,8,7,9)
1901:(7,true,9,8,7,8,7,10)
1902:(7,true,9,8,7,8,8,8)
1903:(7,true,9,8,7,8,8,9)
1904:(7,true,9,8,7,8,8,10)
1905:(7,true,9,8,7,8,9,8)
1906:(7,true,9,8,7,8,9,9)
1907:(7,true,9,8,7,8,9,10)
1908:(7,true,9,8,7,9,7,8)
1909:(7,true,9,8,7,9,7,9)
1910:(7,true,9,8,7,9,7,10)
1911:(7,true,9,8,7,9,8,8)
1912:(7,true,9,8,7,9,8,9)
1913:(7,true,9,8,7,9,8,10)
1914:(7,true,9,8,7,9,9,8)
1915:(7,true,9,8,7,9,9,9)
1916:(7,true,9,8,7,9,9,10)
1917:(7,true,9,8,8,7,7,8)
1918:(7,true,9,8,8,7,7,9)
1919:(7,true,9,8,8,7,7,10)
1920:(7,true,9,8,8,7,8,8)
1921:(7,true,9,8,8,7,8,9)
1922:(7,true,9,8,8,7,8,10)
1923:(7,true,9,8,8,7,9,8)
1924:(7,true,9,8,8,7,9,9)
1925:(7,true,9,8,8,7,9,10)
1926:(7,true,9,8,8,8,7,8)
1927:(7,true,9,8,8,8,7,9)
1928:(7,true,9,8,8,8,7,10)
1929:(7,true,9,8,8,8,8,8)
1930:(7,true,9,8,8,8,8,9)
1931:(7,true,9,8,8,8,8,10)
1932:(7,true,9,8,8,8,9,8)
1933:(7,true,9,8,8,8,9,9)
1934:(7,true,9,8,8,8,9,10)
1935:(7,true,9,8,8,9,7,8)
1936:(7,true,9,8,8,9,7,9)
1937:(7,true,9,8,8,9,7,10)
1938:(7,true,9,8,8,9,8,8)
1939:(7,true,9,8,8,9,8,9)
1940:(7,true,9,8,8,9,8,10)
1941:(7,true,9,8,8,9,9,8)
1942:(7,true,9,8,8,9,9,9)
1943:(7,true,9,8,8,9,9,10)
1944:(7,true,9,8,9,7,7,8)
1945:(7,true,9,8,9,7,7,9)
1946:(7,true,9,8,9,7,7,10)
1947:(7,true,9,8,9,7,8,8)
1948:(7,true,9,8,9,7,8,9)
1949:(7,true,9,8,9,7,8,10)
1950:(7,true,9,8,9,7,9,8)
1951:(7,true,9,8,9,7,9,9)
1952:(7,true,9,8,9,7,9,10)
1953:(7,true,9,8,9,8,7,8)
1954:(7,true,9,8,9,8,7,9)
1955:(7,true,9,8,9,8,7,10)
1956:(7,true,9,8,9,8,8,8)
1957:(7,true,9,8,9,8,8,9)
1958:(7,true,9,8,9,8,8,10)
1959:(7,true,9,8,9,8,9,8)
1960:(7,true,9,8,9,8,9,9)
1961:(7,true,9,8,9,8,9,10)
1962:(7,true,9,8,9,9,7,8)
1963:(7,true,9,8,9,9,7,9)
1964:(7,true,9,8,9,9,7,10)
1965:(7,true,9,8,9,9,8,8)
1966:(7,true,9,8,9,9,8,9)
1967:(7,true,9,8,9,9,8,10)
1968:(7,true,9,8,9,9,9,8)
1969:(7,true,9,8,9,9,9,9)
1970:(7,true,9,8,9,9,9,10)
1971:(7,true,9,9,7,7,7,8)
1972:(7,true,9,9,7,7,7,9)
1973:(7,true,9,9,7,7,7,10)
1974:(7,true,9,9,7,7,8,8)
1975:(7,true,9,9,7,7,8,9)
1976:(7,true,9,9,7,7,8,10)
1977:(7,true,9,9,7,7,9,8)
1978:(7,true,9,9,7,7,9,9)
1979:(7,true,9,9,7,7,9,10)
1980:(7,true,9,9,7,8,7,8)
1981:(7,true,9,9,7,8,7,9)
1982:(7,true,9,9,7,8,7,10)
1983:(7,true,9,9,7,8,8,8)
1984:(7,true,9,9,7,8,8,9)
1985:(7,true,9,9,7,8,8,10)
1986:(7,true,9,9,7,8,9,8)
1987:(7,true,9,9,7,8,9,9)
1988:(7,true,9,9,7,8,9,10)
1989:(7,true,9,9,7,9,7,8)
1990:(7,true,9,9,7,9,7,9)
1991:(7,true,9,9,7,9,7,10)
1992:(7,true,9,9,7,9,8,8)
1993:(7,true,9,9,7,9,8,9)
1994:(7,true,9,9,7,9,8,10)
1995:(7,true,9,9,7,9,9,8)
1996:(7,true,9,9,7,9,9,9)
1997:(7,true,9,9,7,9,9,10)
1998:(7,true,9,9,8,7,7,8)
1999:(7,true,9,9,8,7,7,9)
2000:(7,true,9,9,8,7,7,10)
2001:(7,true,9,9,8,7,8,8)
2002:(7,true,9,9,8,7,8,9)
2003:(7,true,9,9,8,7,8,10)
2004:(7,true,9,9,8,7,9,8)
2005:(7,true,9,9,8,7,9,9)
2006:(7,true,9,9,8,7,9,10)
2007:(7,true,9,9,8,8,7,8)
2008:(7,true,9,9,8,8,7,9)
2009:(7,true,9,9,8,8,7,10)
2010:(7,true,9,9,8,8,8,8)
2011:(7,true,9,9,8,8,8,9)
2012:(7,true,9,9,8,8,8,10)
2013:(7,true,9,9,8,8,9,8)
2014:(7,true,9,9,8,8,9,9)
2015:(7,true,9,9,8,8,9,10)
2016:(7,true,9,9,8,9,7,8)
2017:(7,true,9,9,8,9,7,9)
2018:(7,true,9,9,8,9,7,10)
2019:(7,true,9,9,8,9,8,8)
2020:(7,true,9,9,8,9,8,9)
2021:(7,true,9,9,8,9,8,10)
2022:(7,true,9,9,8,9,9,8)
2023:(7,true,9,9,8,9,9,9)
2024:(7,true,9,9,8,9,9,10)
2025:(7,true,9,9,9,7,7,8)
2026:(7,true,9,9,9,7,7,9)
2027:(7,true,9,9,9,7,7,10)
2028:(7,true,9,9,9,7,8,8)
2029:(7,true,9,9,9,7,8,9)
2030:(7,true,9,9,9,7,8,10)
2031:(7,true,9,9,9,7,9,8)
2032:(7,true,9,9,9,7,9,9)
2033:(7,true,9,9,9,7,9,10)
2034:(7,true,9,9,9,8,7,8)
2035:(7,true,9,9,9,8,7,9)
2036:(7,true,9,9,9,8,7,10)
2037:(7,true,9,9,9,8,8,8)
2038:(7,true,9,9,9,8,8,9)
2039:(7,true,9,9,9,8,8,10)
2040:(7,true,9,9,9,8,9,8)
2041:(7,true,9,9,9,8,9,9)
2042:(7,true,9,9,9,8,9,10)
2043:(7,true,9,9,9,9,7,8)
2044:(7,true,9,9,9,9,7,9)
2045:(7,true,9,9,9,9,7,10)
2046:(7,true,9,9,9,9,8,8)
2047:(7,true,9,9,9,9,8,9)
2048:(7,true,9,9,9,9,8,10)
2049:(7,true,9,9,9,9,9,8)
2050:(7,true,9,9,9,9,9,9)
2051:(7,true,9,9,9,9,9,10)
2052:(8,false,4,4,4,4,4,8)
2053:(8,false,4,4,4,4,4,9)
2054:(8,false,5,5,5,5,5,8)
2055:(8,false,5,5,5,5,5,9)
2056:(8,false,8,8,8,8,8,8)
2057:(8,false,8,8,8,8,8,9)
2058:(8,true,0,0,0,0,0,8)
2059:(8,true,0,0,0,0,0,9)
2060:(8,true,1,1,1,1,1,8)
2061:(8,true,1,1,1,1,1,9)
2062:(8,true,1,1,1,1,2,8)
2063:(8,true,1,1,1,1,2,9)
2064:(8,true,1,1,1,2,1,8)
2065:(8,true,1,1,1,2,1,9)
2066:(8,true,1,1,1,2,2,8)
2067:(8,true,1,1,1,2,2,9)
2068:(8,true,1,1,2,1,1,8)
2069:(8,true,1,1,2,1,1,9)
2070:(8,true,1,1,2,1,2,8)
2071:(8,true,1,1,2,1,2,9)
2072:(8,true,1,1,2,2,1,8)
2073:(8,true,1,1,2,2,1,9)
2074:(8,true,1,1,2,2,2,8)
2075:(8,true,1,1,2,2,2,9)
2076:(8,true,1,2,1,1,1,8)
2077:(8,true,1,2,1,1,1,9)
2078:(8,true,1,2,1,1,2,8)
2079:(8,true,1,2,1,1,2,9)
2080:(8,true,1,2,1,2,1,8)
2081:(8,true,1,2,1,2,1,9)
2082:(8,true,1,2,1,2,2,8)
2083:(8,true,1,2,1,2,2,9)
2084:(8,true,1,2,2,1,1,8)
2085:(8,true,1,2,2,1,1,9)
2086:(8,true,1,2,2,1,2,8)
2087:(8,true,1,2,2,1,2,9)
2088:(8,true,1,2,2,2,1,8)
2089:(8,true,1,2,2,2,1,9)
2090:(8,true,1,2,2,2,2,8)
2091:(8,true,1,2,2,2,2,9)
2092:(8,true,2,1,1,1,1,8)
2093:(8,true,2,1,1,1,1,9)
2094:(8,true,2,1,1,1,2,8)
2095:(8,true,2,1,1,1,2,9)
2096:(8,true,2,1,1,2,1,8)
2097:(8,true,2,1,1,2,1,9)
2098:(8,true,2,1,1,2,2,8)
2099:(8,true,2,1,1,2,2,9)
2100:(8,true,2,1,2,1,1,8)
2101:(8,true,2,1,2,1,1,9)
2102:(8,true,2,1,2,1,2,8)
2103:(8,true,2,1,2,1,2,9)
2104:(8,true,2,1,2,2,1,8)
2105:(8,true,2,1,2,2,1,9)
2106:(8,true,2,1,2,2,2,8)
2107:(8,true,2,1,2,2,2,9)
2108:(8,true,2,2,1,1,1,8)
2109:(8,true,2,2,1,1,1,9)
2110:(8,true,2,2,1,1,2,8)
2111:(8,true,2,2,1,1,2,9)
2112:(8,true,2,2,1,2,1,8)
2113:(8,true,2,2,1,2,1,9)
2114:(8,true,2,2,1,2,2,8)
2115:(8,true,2,2,1,2,2,9)
2116:(8,true,2,2,2,1,1,8)
2117:(8,true,2,2,2,1,1,9)
2118:(8,true,2,2,2,1,2,8)
2119:(8,true,2,2,2,1,2,9)
2120:(8,true,2,2,2,2,1,8)
2121:(8,true,2,2,2,2,1,9)
2122:(8,true,2,2,2,2,2,8)
2123:(8,true,2,2,2,2,2,9)
2124:(8,true,3,3,3,3,3,8)
2125:(8,true,3,3,3,3,3,9)
2126:(8,true,3,3,3,3,4,8)
2127:(8,true,3,3,3,3,4,9)
2128:(8,true,3,3,3,4,3,8)
2129:(8,true,3,3,3,4,3,9)
2130:(8,true,3,3,3,4,4,8)
2131:(8,true,3,3,3,4,4,9)
2132:(8,true,3,3,4,3,3,8)
2133:(8,true,3,3,4,3,3,9)
2134:(8,true,3,3,4,3,4,8)
2135:(8,true,3,3,4,3,4,9)
2136:(8,true,3,3,4,4,3,8)
2137:(8,true,3,3,4,4,3,9)
2138:(8,true,3,3,4,4,4,8)
2139:(8,true,3,3,4,4,4,9)
2140:(8,true,3,4,3,3,3,8)
2141:(8,true,3,4,3,3,3,9)
2142:(8,true,3,4,3,3,4,8)
2143:(8,true,3,4,3,3,4,9)
2144:(8,true,3,4,3,4,3,8)
2145:(8,true,3,4,3,4,3,9)
2146:(8,true,3,4,3,4,4,8)
2147:(8,true,3,4,3,4,4,9)
2148:(8,true,3,4,4,3,3,8)
2149:(8,true,3,4,4,3,3,9)
2150:(8,true,3,4,4,3,4,8)
2151:(8,true,3,4,4,3,4,9)
2152:(8,true,3,4,4,4,3,8)
2153:(8,true,3,4,4,4,3,9)
2154:(8,true,3,4,4,4,4,8)
2155:(8,true,3,4,4,4,4,9)
2156:(8,true,4,3,3,3,3,8)
2157:(8,true,4,3,3,3,3,9)
2158:(8,true,4,3,3,3,4,8)
2159:(8,true,4,3,3,3,4,9)
2160:(8,true,4,3,3,4,3,8)
2161:(8,true,4,3,3,4,3,9)
2162:(8,true,4,3,3,4,4,8)
2163:(8,true,4,3,3,4,4,9)
2164:(8,true,4,3,4,3,3,8)
2165:(8,true,4,3,4,3,3,9)
2166:(8,true,4,3,4,3,4,8)
2167:(8,true,4,3,4,3,4,9)
2168:(8,true,4,3,4,4,3,8)
2169:(8,true,4,3,4,4,3,9)
2170:(8,true,4,3,4,4,4,8)
2171:(8,true,4,3,4,4,4,9)
2172:(8,true,4,4,3,3,3,8)
2173:(8,true,4,4,3,3,3,9)
2174:(8,true,4,4,3,3,4,8)
2175:(8,true,4,4,3,3,4,9)
2176:(8,true,4,4,3,4,3,8)
2177:(8,true,4,4,3,4,3,9)
2178:(8,true,4,4,3,4,4,8)
2179:(8,true,4,4,3,4,4,9)
2180:(8,true,4,4,4,3,3,8)
2181:(8,true,4,4,4,3,3,9)
2182:(8,true,4,4,4,3,4,8)
2183:(8,true,4,4,4,3,4,9)
2184:(8,true,4,4,4,4,3,8)
2185:(8,true,4,4,4,4,3,9)
2186:(8,true,4,4,4,4,4,8)
2187:(8,true,4,4,4,4,4,9)
2188:(8,true,5,5,5,5,5,8)
2189:(8,true,5,5,5,5,5,9)
2190:(8,true,5,5,5,5,6,8)
2191:(8,true,5,5,5,5,6,9)
2192:(8,true,5,5,5,6,5,8)
2193:(8,true,5,5,5,6,5,9)
2194:(8,true,5,5,5,6,6,8)
2195:(8,true,5,5,5,6,6,9)
2196:(8,true,5,5,6,5,5,8)
2197:(8,true,5,5,6,5,5,9)
2198:(8,true,5,5,6,5,6,8)
2199:(8,true,5,5,6,5,6,9)
2200:(8,true,5,5,6,6,5,8)
2201:(8,true,5,5,6,6,5,9)
2202:(8,true,5,5,6,6,6,8)
2203:(8,true,5,5,6,6,6,9)
2204:(8,true,5,6,5,5,5,8)
2205:(8,true,5,6,5,5,5,9)
2206:(8,true,5,6,5,5,6,8)
2207:(8,true,5,6,5,5,6,9)
2208:(8,true,5,6,5,6,5,8)
2209:(8,true,5,6,5,6,5,9)
2210:(8,true,5,6,5,6,6,8)
2211:(8,true,5,6,5,6,6,9)
2212:(8,true,5,6,6,5,5,8)
2213:(8,true,5,6,6,5,5,9)
2214:(8,true,5,6,6,5,6,8)
2215:(8,true,5,6,6,5,6,9)
2216:(8,true,5,6,6,6,5,8)
2217:(8,true,5,6,6,6,5,9)
2218:(8,true,5,6,6,6,6,8)
2219:(8,true,5,6,6,6,6,9)
2220:(8,true,6,5,5,5,5,8)
2221:(8,true,6,5,5,5,5,9)
2222:(8,true,6,5,5,5,6,8)
2223:(8,true,6,5,5,5,6,9)
2224:(8,true,6,5,5,6,5,8)
2225:(8,true,6,5,5,6,5,9)
2226:(8,true,6,5,5,6,6,8)
2227:(8,true,6,5,5,6,6,9)
2228:(8,true,6,5,6,5,5,8)
2229:(8,true,6,5,6,5,5,9)
2230:(8,true,6,5,6,5,6,8)
2231:(8,true,6,5,6,5,6,9)
2232:(8,true,6,5,6,6,5,8)
2233:(8,true,6,5,6,6,5,9)
2234:(8,true,6,5,6,6,6,8)
2235:(8,true,6,5,6,6,6,9)
2236:(8,true,6,6,5,5,5,8)
2237:(8,true,6,6,5,5,5,9)
2238:(8,true,6,6,5,5,6,8)
2239:(8,true,6,6,5,5,6,9)
2240:(8,true,6,6,5,6,5,8)
2241:(8,true,6,6,5,6,5,9)
2242:(8,true,6,6,5,6,6,8)
2243:(8,true,6,6,5,6,6,9)
2244:(8,true,6,6,6,5,5,8)
2245:(8,true,6,6,6,5,5,9)
2246:(8,true,6,6,6,5,6,8)
2247:(8,true,6,6,6,5,6,9)
2248:(8,true,6,6,6,6,5,8)
2249:(8,true,6,6,6,6,5,9)
2250:(8,true,6,6,6,6,6,8)
2251:(8,true,6,6,6,6,6,9)
2252:(8,true,7,7,7,7,7,8)
2253:(8,true,7,7,7,7,7,9)
2254:(8,true,7,7,7,7,8,8)
2255:(8,true,7,7,7,7,8,9)
2256:(8,true,7,7,7,7,9,8)
2257:(8,true,7,7,7,7,9,9)
2258:(8,true,7,7,7,8,7,8)
2259:(8,true,7,7,7,8,7,9)
2260:(8,true,7,7,7,8,8,8)
2261:(8,true,7,7,7,8,8,9)
2262:(8,true,7,7,7,8,9,8)
2263:(8,true,7,7,7,8,9,9)
2264:(8,true,7,7,7,9,7,8)
2265:(8,true,7,7,7,9,7,9)
2266:(8,true,7,7,7,9,8,8)
2267:(8,true,7,7,7,9,8,9)
2268:(8,true,7,7,7,9,9,8)
2269:(8,true,7,7,7,9,9,9)
2270:(8,true,7,7,8,7,7,8)
2271:(8,true,7,7,8,7,7,9)
2272:(8,true,7,7,8,7,8,8)
2273:(8,true,7,7,8,7,8,9)
2274:(8,true,7,7,8,7,9,8)
2275:(8,true,7,7,8,7,9,9)
2276:(8,true,7,7,8,8,7,8)
2277:(8,true,7,7,8,8,7,9)
2278:(8,true,7,7,8,8,8,8)
2279:(8,true,7,7,8,8,8,9)
2280:(8,true,7,7,8,8,9,8)
2281:(8,true,7,7,8,8,9,9)
2282:(8,true,7,7,8,9,7,8)
2283:(8,true,7,7,8,9,7,9)
2284:(8,true,7,7,8,9,8,8)
2285:(8,true,7,7,8,9,8,9)
2286:(8,true,7,7,8,9,9,8)
2287:(8,true,7,7,8,9,9,9)
2288:(8,true,7,7,9,7,7,8)
2289:(8,true,7,7,9,7,7,9)
2290:(8,true,7,7,9,7,8,8)
2291:(8,true,7,7,9,7,8,9)
2292:(8,true,7,7,9,7,9,8)
2293:(8,true,7,7,9,7,9,9)
2294:(8,true,7,7,9,8,7,8)
2295:(8,true,7,7,9,8,7,9)
2296:(8,true,7,7,9,8,8,8)
2297:(8,true,7,7,9,8,8,9)
2298:(8,true,7,7,9,8,9,8)
2299:(8,true,7,7,9,8,9,9)
2300:(8,true,7,7,9,9,7,8)
2301:(8,true,7,7,9,9,7,9)
2302:(8,true,7,7,9,9,8,8)
2303:(8,true,7,7,9,9,8,9)
2304:(8,true,7,7,9,9,9,8)
2305:(8,true,7,7,9,9,9,9)
2306:(8,true,7,8,7,7,7,8)
2307:(8,true,7,8,7,7,7,9)
2308:(8,true,7,8,7,7,8,8)
2309:(8,true,7,8,7,7,8,9)
2310:(8,true,7,8,7,7,9,8)
2311:(8,true,7,8,7,7,9,9)
2312:(8,true,7,8,7,8,7,8)
2313:(8,true,7,8,7,8,7,9)
2314:(8,true,7,8,7,8,8,8)
2315:(8,true,7,8,7,8,8,9)
2316:(8,true,7,8,7,8,9,8)
2317:(8,true,7,8,7,8,9,9)
2318:(8,true,7,8,7,9,7,8)
2319:(8,true,7,8,7,9,7,9)
2320:(8,true,7,8,7,9,8,8)
2321:(8,true,7,8,7,9,8,9)
2322:(8,true,7,8,7,9,9,8)
2323:(8,true,7,8,7,9,9,9)
2324:(8,true,7,8,8,7,7,8)
2325:(8,true,7,8,8,7,7,9)
2326:(8,true,7,8,8,7,8,8)
2327:(8,true,7,8,8,7,8,9)
2328:(8,true,7,8,8,7,9,8)
2329:(8,true,7,8,8,7,9,9)
2330:(8,true,7,8,8,8,7,8)
2331:(8,true,7,8,8,8,7,9)
2332:(8,true,7,8,8,8,8,8)
2333:(8,true,7,8,8,8,8,9)
2334:(8,true,7,8,8,8,9,8)
2335:(8,true,7,8,8,8,9,9)
2336:(8,true,7,8,8,9,7,8)
2337:(8,true,7,8,8,9,7,9)
2338:(8,true,7,8,8,9,8,8)
2339:(8,true,7,8,8,9,8,9)
2340:(8,true,7,8,8,9,9,8)
2341:(8,true,7,8,8,9,9,9)
2342:(8,true,7,8,9,7,7,8)
2343:(8,true,7,8,9,7,7,9)
2344:(8,true,7,8,9,7,8,8)
2345:(8,true,7,8,9,7,8,9)
2346:(8,true,7,8,9,7,9,8)
2347:(8,true,7,8,9,7,9,9)
2348:(8,true,7,8,9,8,7,8)
2349:(8,true,7,8,9,8,7,9)
2350:(8,true,7,8,9,8,8,8)
2351:(8,true,7,8,9,8,8,9)
2352:(8,true,7,8,9,8,9,8)
2353:(8,true,7,8,9,8,9,9)
2354:(8,true,7,8,9,9,7,8)
2355:(8,true,7,8,9,9,7,9)
2356:(8,true,7,8,9,9,8,8)
2357:(8,true,7,8,9,9,8,9)
2358:(8,true,7,8,9,9,9,8)
2359:(8,true,7,8,9,9,9,9)
2360:(8,true,7,9,7,7,7,8)
2361:(8,true,7,9,7,7,7,9)
2362:(8,true,7,9,7,7,8,8)
2363:(8,true,7,9,7,7,8,9)
2364:(8,true,7,9,7,7,9,8)
2365:(8,true,7,9,7,7,9,9)
2366:(8,true,7,9,7,8,7,8)
2367:(8,true,7,9,7,8,7,9)
2368:(8,true,7,9,7,8,8,8)
2369:(8,true,7,9,7,8,8,9)
2370:(8,true,7,9,7,8,9,8)
2371:(8,true,7,9,7,8,9,9)
2372:(8,true,7,9,7,9,7,8)
2373:(8,true,7,9,7,9,7,9)
2374:(8,true,7,9,7,9,8,8)
2375:(8,true,7,9,7,9,8,9)
2376:(8,true,7,9,7,9,9,8)
2377:(8,true,7,9,7,9,9,9)
2378:(8,true,7,9,8,7,7,8)
2379:(8,true,7,9,8,7,7,9)
2380:(8,true,7,9,8,7,8,8)
2381:(8,true,7,9,8,7,8,9)
2382:(8,true,7,9,8,7,9,8)
2383:(8,true,7,9,8,7,9,9)
2384:(8,true,7,9,8,8,7,8)
2385:(8,true,7,9,8,8,7,9)
2386:(8,true,7,9,8,8,8,8)
2387:(8,true,7,9,8,8,8,9)
2388:(8,true,7,9,8,8,9,8)
2389:(8,true,7,9,8,8,9,9)
2390:(8,true,7,9,8,9,7,8)
2391:(8,true,7,9,8,9,7,9)
2392:(8,true,7,9,8,9,8,8)
2393:(8,true,7,9,8,9,8,9)
2394:(8,true,7,9,8,9,9,8)
2395:(8,true,7,9,8,9,9,9)
2396:(8,true,7,9,9,7,7,8)
2397:(8,true,7,9,9,7,7,9)
2398:(8,true,7,9,9,7,8,8)
2399:(8,true,7,9,9,7,8,9)
2400:(8,true,7,9,9,7,9,8)
2401:(8,true,7,9,9,7,9,9)
2402:(8,true,7,9,9,8,7,8)
2403:(8,true,7,9,9,8,7,9)
2404:(8,true,7,9,9,8,8,8)
2405:(8,true,7,9,9,8,8,9)
2406:(8,true,7,9,9,8,9,8)
2407:(8,true,7,9,9,8,9,9)
2408:(8,true,7,9,9,9,7,8)
2409:(8,true,7,9,9,9,7,9)
2410:(8,true,7,9,9,9,8,8)
2411:(8,true,7,9,9,9,8,9)
2412:(8,true,7,9,9,9,9,8)
2413:(8,true,7,9,9,9,9,9)
2414:(8,true,8,7,7,7,7,8)
2415:(8,true,8,7,7,7,7,9)
2416:(8,true,8,7,7,7,8,8)
2417:(8,true,8,7,7,7,8,9)
2418:(8,true,8,7,7,7,9,8)
2419:(8,true,8,7,7,7,9,9)
2420:(8,true,8,7,7,8,7,8)
2421:(8,true,8,7,7,8,7,9)
2422:(8,true,8,7,7,8,8,8)
2423:(8,true,8,7,7,8,8,9)
2424:(8,true,8,7,7,8,9,8)
2425:(8,true,8,7,7,8,9,9)
2426:(8,true,8,7,7,9,7,8)
2427:(8,true,8,7,7,9,7,9)
2428:(8,true,8,7,7,9,8,8)
2429:(8,true,8,7,7,9,8,9)
2430:(8,true,8,7,7,9,9,8)
2431:(8,true,8,7,7,9,9,9)
2432:(8,true,8,7,8,7,7,8)
2433:(8,true,8,7,8,7,7,9)
2434:(8,true,8,7,8,7,8,8)
2435:(8,true,8,7,8,7,8,9)
2436:(8,true,8,7,8,7,9,8)
2437:(8,true,8,7,8,7,9,9)
2438:(8,true,8,7,8,8,7,8)
2439:(8,true,8,7,8,8,7,9)
2440:(8,true,8,7,8,8,8,8)
2441:(8,true,8,7,8,8,8,9)
2442:(8,true,8,7,8,8,9,8)
2443:(8,true,8,7,8,8,9,9)
2444:(8,true,8,7,8,9,7,8)
2445:(8,true,8,7,8,9,7,9)
2446:(8,true,8,7,8,9,8,8)
2447:(8,true,8,7,8,9,8,9)
2448:(8,true,8,7,8,9,9,8)
2449:(8,true,8,7,8,9,9,9)
2450:(8,true,8,7,9,7,7,8)
2451:(8,true,8,7,9,7,7,9)
2452:(8,true,8,7,9,7,8,8)
2453:(8,true,8,7,9,7,8,9)
2454:(8,true,8,7,9,7,9,8)
2455:(8,true,8,7,9,7,9,9)
2456:(8,true,8,7,9,8,7,8)
2457:(8,true,8,7,9,8,7,9)
2458:(8,true,8,7,9,8,8,8)
2459:(8,true,8,7,9,8,8,9)
2460:(8,true,8,7,9,8,9,8)
2461:(8,true,8,7,9,8,9,9)
2462:(8,true,8,7,9,9,7,8)
2463:(8,true,8,7,9,9,7,9)
2464:(8,true,8,7,9,9,8,8)
2465:(8,true,8,7,9,9,8,9)
2466:(8,true,8,7,9,9,9,8)
2467:(8,true,8,7,9,9,9,9)
2468:(8,true,8,8,7,7,7,8)
2469:(8,true,8,8,7,7,7,9)
2470:(8,true,8,8,7,7,8,8)
2471:(8,true,8,8,7,7,8,9)
2472:(8,true,8,8,7,7,9,8)
2473:(8,true,8,8,7,7,9,9)
2474:(8,true,8,8,7,8,7,8)
2475:(8,true,8,8,7,8,7,9)
2476:(8,true,8,8,7,8,8,8)
2477:(8,true,8,8,7,8,8,9)
2478:(8,true,8,8,7,8,9,8)
2479:(8,true,8,8,7,8,9,9)
2480:(8,true,8,8,7,9,7,8)
2481:(8,true,8,8,7,9,7,9)
2482:(8,true,8,8,7,9,8,8)
2483:(8,true,8,8,7,9,8,9)
2484:(8,true,8,8,7,9,9,8)
2485:(8,true,8,8,7,9,9,9)
2486:(8,true,8,8,8,7,7,8)
2487:(8,true,8,8,8,7,7,9)
2488:(8,true,8,8,8,7,8,8)
2489:(8,true,8,8,8,7,8,9)
2490:(8,true,8,8,8,7,9,8)
2491:(8,true,8,8,8,7,9,9)
2492:(8,true,8,8,8,8,7,8)
2493:(8,true,8,8,8,8,7,9)
2494:(8,true,8,8,8,8,8,8)
2495:(8,true,8,8,8,8,8,9)
2496:(8,true,8,8,8,8,9,8)
2497:(8,true,8,8,8,8,9,9)
2498:(8,true,8,8,8,9,7,8)
2499:(8,true,8,8,8,9,7,9)
2500:(8,true,8,8,8,9,8,8)
2501:(8,true,8,8,8,9,8,9)
2502:(8,true,8,8,8,9,9,8)
2503:(8,true,8,8,8,9,9,9)
2504:(8,true,8,8,9,7,7,8)
2505:(8,true,8,8,9,7,7,9)
2506:(8,true,8,8,9,7,8,8)
2507:(8,true,8,8,9,7,8,9)
2508:(8,true,8,8,9,7,9,8)
2509:(8,true,8,8,9,7,9,9)
2510:(8,true,8,8,9,8,7,8)
2511:(8,true,8,8,9,8,7,9)
2512:(8,true,8,8,9,8,8,8)
2513:(8,true,8,8,9,8,8,9)
2514:(8,true,8,8,9,8,9,8)
2515:(8,true,8,8,9,8,9,9)
2516:(8,true,8,8,9,9,7,8)
2517:(8,true,8,8,9,9,7,9)
2518:(8,true,8,8,9,9,8,8)
2519:(8,true,8,8,9,9,8,9)
2520:(8,true,8,8,9,9,9,8)
2521:(8,true,8,8,9,9,9,9)
2522:(8,true,8,9,7,7,7,8)
2523:(8,true,8,9,7,7,7,9)
2524:(8,true,8,9,7,7,8,8)
2525:(8,true,8,9,7,7,8,9)
2526:(8,true,8,9,7,7,9,8)
2527:(8,true,8,9,7,7,9,9)
2528:(8,true,8,9,7,8,7,8)
2529:(8,true,8,9,7,8,7,9)
2530:(8,true,8,9,7,8,8,8)
2531:(8,true,8,9,7,8,8,9)
2532:(8,true,8,9,7,8,9,8)
2533:(8,true,8,9,7,8,9,9)
2534:(8,true,8,9,7,9,7,8)
2535:(8,true,8,9,7,9,7,9)
2536:(8,true,8,9,7,9,8,8)
2537:(8,true,8,9,7,9,8,9)
2538:(8,true,8,9,7,9,9,8)
2539:(8,true,8,9,7,9,9,9)
2540:(8,true,8,9,8,7,7,8)
2541:(8,true,8,9,8,7,7,9)
2542:(8,true,8,9,8,7,8,8)
2543:(8,true,8,9,8,7,8,9)
2544:(8,true,8,9,8,7,9,8)
2545:(8,true,8,9,8,7,9,9)
2546:(8,true,8,9,8,8,7,8)
2547:(8,true,8,9,8,8,7,9)
2548:(8,true,8,9,8,8,8,8)
2549:(8,true,8,9,8,8,8,9)
2550:(8,true,8,9,8,8,9,8)
2551:(8,true,8,9,8,8,9,9)
2552:(8,true,8,9,8,9,7,8)
2553:(8,true,8,9,8,9,7,9)
2554:(8,true,8,9,8,9,8,8)
2555:(8,true,8,9,8,9,8,9)
2556:(8,true,8,9,8,9,9,8)
2557:(8,true,8,9,8,9,9,9)
2558:(8,true,8,9,9,7,7,8)
2559:(8,true,8,9,9,7,7,9)
2560:(8,true,8,9,9,7,8,8)
2561:(8,true,8,9,9,7,8,9)
2562:(8,true,8,9,9,7,9,8)
2563:(8,true,8,9,9,7,9,9)
2564:(8,true,8,9,9,8,7,8)
2565:(8,true,8,9,9,8,7,9)
2566:(8,true,8,9,9,8,8,8)
2567:(8,true,8,9,9,8,8,9)
2568:(8,true,8,9,9,8,9,8)
2569:(8,true,8,9,9,8,9,9)
2570:(8,true,8,9,9,9,7,8)
2571:(8,true,8,9,9,9,7,9)
2572:(8,true,8,9,9,9,8,8)
2573:(8,true,8,9,9,9,8,9)
2574:(8,true,8,9,9,9,9,8)
2575:(8,true,8,9,9,9,9,9)
2576:(8,true,9,7,7,7,7,8)
2577:(8,true,9,7,7,7,7,9)
2578:(8,true,9,7,7,7,8,8)
2579:(8,true,9,7,7,7,8,9)
2580:(8,true,9,7,7,7,9,8)
2581:(8,true,9,7,7,7,9,9)
2582:(8,true,9,7,7,8,7,8)
2583:(8,true,9,7,7,8,7,9)
2584:(8,true,9,7,7,8,8,8)
2585:(8,true,9,7,7,8,8,9)
2586:(8,true,9,7,7,8,9,8)
2587:(8,true,9,7,7,8,9,9)
2588:(8,true,9,7,7,9,7,8)
2589:(8,true,9,7,7,9,7,9)
2590:(8,true,9,7,7,9,8,8)
2591:(8,true,9,7,7,9,8,9)
2592:(8,true,9,7,7,9,9,8)
2593:(8,true,9,7,7,9,9,9)
2594:(8,true,9,7,8,7,7,8)
2595:(8,true,9,7,8,7,7,9)
2596:(8,true,9,7,8,7,8,8)
2597:(8,true,9,7,8,7,8,9)
2598:(8,true,9,7,8,7,9,8)
2599:(8,true,9,7,8,7,9,9)
2600:(8,true,9,7,8,8,7,8)
2601:(8,true,9,7,8,8,7,9)
2602:(8,true,9,7,8,8,8,8)
2603:(8,true,9,7,8,8,8,9)
2604:(8,true,9,7,8,8,9,8)
2605:(8,true,9,7,8,8,9,9)
2606:(8,true,9,7,8,9,7,8)
2607:(8,true,9,7,8,9,7,9)
2608:(8,true,9,7,8,9,8,8)
2609:(8,true,9,7,8,9,8,9)
2610:(8,true,9,7,8,9,9,8)
2611:(8,true,9,7,8,9,9,9)
2612:(8,true,9,7,9,7,7,8)
2613:(8,true,9,7,9,7,7,9)
2614:(8,true,9,7,9,7,8,8)
2615:(8,true,9,7,9,7,8,9)
2616:(8,true,9,7,9,7,9,8)
2617:(8,true,9,7,9,7,9,9)
2618:(8,true,9,7,9,8,7,8)
2619:(8,true,9,7,9,8,7,9)
2620:(8,true,9,7,9,8,8,8)
2621:(8,true,9,7,9,8,8,9)
2622:(8,true,9,7,9,8,9,8)
2623:(8,true,9,7,9,8,9,9)
2624:(8,true,9,7,9,9,7,8)
2625:(8,true,9,7,9,9,7,9)
2626:(8,true,9,7,9,9,8,8)
2627:(8,true,9,7,9,9,8,9)
2628:(8,true,9,7,9,9,9,8)
2629:(8,true,9,7,9,9,9,9)
2630:(8,true,9,8,7,7,7,8)
2631:(8,true,9,8,7,7,7,9)
2632:(8,true,9,8,7,7,8,8)
2633:(8,true,9,8,7,7,8,9)
2634:(8,true,9,8,7,7,9,8)
2635:(8,true,9,8,7,7,9,9)
2636:(8,true,9,8,7,8,7,8)
2637:(8,true,9,8,7,8,7,9)
2638:(8,true,9,8,7,8,8,8)
2639:(8,true,9,8,7,8,8,9)
2640:(8,true,9,8,7,8,9,8)
2641:(8,true,9,8,7,8,9,9)
2642:(8,true,9,8,7,9,7,8)
2643:(8,true,9,8,7,9,7,9)
2644:(8,true,9,8,7,9,8,8)
2645:(8,true,9,8,7,9,8,9)
2646:(8,true,9,8,7,9,9,8)
2647:(8,true,9,8,7,9,9,9)
2648:(8,true,9,8,8,7,7,8)
2649:(8,true,9,8,8,7,7,9)
2650:(8,true,9,8,8,7,8,8)
2651:(8,true,9,8,8,7,8,9)
2652:(8,true,9,8,8,7,9,8)
2653:(8,true,9,8,8,7,9,9)
2654:(8,true,9,8,8,8,7,8)
2655:(8,true,9,8,8,8,7,9)
2656:(8,true,9,8,8,8,8,8)
2657:(8,true,9,8,8,8,8,9)
2658:(8,true,9,8,8,8,9,8)
2659:(8,true,9,8,8,8,9,9)
2660:(8,true,9,8,8,9,7,8)
2661:(8,true,9,8,8,9,7,9)
2662:(8,true,9,8,8,9,8,8)
2663:(8,true,9,8,8,9,8,9)
2664:(8,true,9,8,8,9,9,8)
2665:(8,true,9,8,8,9,9,9)
2666:(8,true,9,8,9,7,7,8)
2667:(8,true,9,8,9,7,7,9)
2668:(8,true,9,8,9,7,8,8)
2669:(8,true,9,8,9,7,8,9)
2670:(8,true,9,8,9,7,9,8)
2671:(8,true,9,8,9,7,9,9)
2672:(8,true,9,8,9,8,7,8)
2673:(8,true,9,8,9,8,7,9)
2674:(8,true,9,8,9,8,8,8)
2675:(8,true,9,8,9,8,8,9)
2676:(8,true,9,8,9,8,9,8)
2677:(8,true,9,8,9,8,9,9)
2678:(8,true,9,8,9,9,7,8)
2679:(8,true,9,8,9,9,7,9)
2680:(8,true,9,8,9,9,8,8)
2681:(8,true,9,8,9,9,8,9)
2682:(8,true,9,8,9,9,9,8)
2683:(8,true,9,8,9,9,9,9)
2684:(8,true,9,9,7,7,7,8)
2685:(8,true,9,9,7,7,7,9)
2686:(8,true,9,9,7,7,8,8)
2687:(8,true,9,9,7,7,8,9)
2688:(8,true,9,9,7,7,9,8)
2689:(8,true,9,9,7,7,9,9)
2690:(8,true,9,9,7,8,7,8)
2691:(8,true,9,9,7,8,7,9)
2692:(8,true,9,9,7,8,8,8)
2693:(8,true,9,9,7,8,8,9)
2694:(8,true,9,9,7,8,9,8)
2695:(8,true,9,9,7,8,9,9)
2696:(8,true,9,9,7,9,7,8)
2697:(8,true,9,9,7,9,7,9)
2698:(8,true,9,9,7,9,8,8)
2699:(8,true,9,9,7,9,8,9)
2700:(8,true,9,9,7,9,9,8)
2701:(8,true,9,9,7,9,9,9)
2702:(8,true,9,9,8,7,7,8)
2703:(8,true,9,9,8,7,7,9)
2704:(8,true,9,9,8,7,8,8)
2705:(8,true,9,9,8,7,8,9)
2706:(8,true,9,9,8,7,9,8)
2707:(8,true,9,9,8,7,9,9)
2708:(8,true,9,9,8,8,7,8)
2709:(8,true,9,9,8,8,7,9)
2710:(8,true,9,9,8,8,8,8)
2711:(8,true,9,9,8,8,8,9)
2712:(8,true,9,9,8,8,9,8)
2713:(8,true,9,9,8,8,9,9)
2714:(8,true,9,9,8,9,7,8)
2715:(8,true,9,9,8,9,7,9)
2716:(8,true,9,9,8,9,8,8)
2717:(8,true,9,9,8,9,8,9)
2718:(8,true,9,9,8,9,9,8)
2719:(8,true,9,9,8,9,9,9)
2720:(8,true,9,9,9,7,7,8)
2721:(8,true,9,9,9,7,7,9)
2722:(8,true,9,9,9,7,8,8)
2723:(8,true,9,9,9,7,8,9)
2724:(8,true,9,9,9,7,9,8)
2725:(8,true,9,9,9,7,9,9)
2726:(8,true,9,9,9,8,7,8)
2727:(8,true,9,9,9,8,7,9)
2728:(8,true,9,9,9,8,8,8)
2729:(8,true,9,9,9,8,8,9)
2730:(8,true,9,9,9,8,9,8)
2731:(8,true,9,9,9,8,9,9)
2732:(8,true,9,9,9,9,7,8)
2733:(8,true,9,9,9,9,7,9)
2734:(8,true,9,9,9,9,8,8)
2735:(8,true,9,9,9,9,8,9)
2736:(8,true,9,9,9,9,9,8)
2737:(8,true,9,9,9,9,9,9)
2738:(9,false,0,0,0,0,0,9)
2739:(9,false,1,1,1,1,1,9)
2740:(9,false,6,6,6,6,6,9)
2741:(9,false,9,9,9,9,9,9)
2742:(9,true,0,0,0,0,0,9)
2743:(9,true,1,1,1,1,1,9)
2744:(9,true,1,1,1,1,2,9)
2745:(9,true,1,1,1,2,1,9)
2746:(9,true,1,1,1,2,2,9)
2747:(9,true,1,1,2,1,1,9)
2748:(9,true,1,1,2,1,2,9)
2749:(9,true,1,1,2,2,1,9)
2750:(9,true,1,1,2,2,2,9)
2751:(9,true,1,2,1,1,1,9)
2752:(9,true,1,2,1,1,2,9)
2753:(9,true,1,2,1,2,1,9)
2754:(9,true,1,2,1,2,2,9)
2755:(9,true,1,2,2,1,1,9)
2756:(9,true,1,2,2,1,2,9)
2757:(9,true,1,2,2,2,1,9)
2758:(9,true,1,2,2,2,2,9)
2759:(9,true,2,1,1,1,1,9)
2760:(9,true,2,1,1,1,2,9)
2761:(9,true,2,1,1,2,1,9)
2762:(9,true,2,1,1,2,2,9)
2763:(9,true,2,1,2,1,1,9)
2764:(9,true,2,1,2,1,2,9)
2765:(9,true,2,1,2,2,1,9)
2766:(9,true,2,1,2,2,2,9)
2767:(9,true,2,2,1,1,1,9)
2768:(9,true,2,2,1,1,2,9)
2769:(9,true,2,2,1,2,1,9)
2770:(9,true,2,2,1,2,2,9)
2771:(9,true,2,2,2,1,1,9)
2772:(9,true,2,2,2,1,2,9)
2773:(9,true,2,2,2,2,1,9)
2774:(9,true,2,2,2,2,2,9)
2775:(9,true,3,3,3,3,3,9)
2776:(9,true,3,3,3,3,4,9)
2777:(9,true,3,3,3,4,3,9)
2778:(9,true,3,3,3,4,4,9)
2779:(9,true,3,3,4,3,3,9)
2780:(9,true,3,3,4,3,4,9)
2781:(9,true,3,3,4,4,3,9)
2782:(9,true,3,3,4,4,4,9)
2783:(9,true,3,4,3,3,3,9)
2784:(9,true,3,4,3,3,4,9)
2785:(9,true,3,4,3,4,3,9)
2786:(9,true,3,4,3,4,4,9)
2787:(9,true,3,4,4,3,3,9)
2788:(9,true,3,4,4,3,4,9)
2789:(9,true,3,4,4,4,3,9)
2790:(9,true,3,4,4,4,4,9)
2791:(9,true,4,3,3,3,3,9)
2792:(9,true,4,3,3,3,4,9)
2793:(9,true,4,3,3,4,3,9)
2794:(9,true,4,3,3,4,4,9)
2795:(9,true,4,3,4,3,3,9)
2796:(9,true,4,3,4,3,4,9)
2797:(9,true,4,3,4,4,3,9)
2798:(9,true,4,3,4,4,4,9)
2799:(9,true,4,4,3,3,3,9)
2800:(9,true,4,4,3,3,4,9)
2801:(9,true,4,4,3,4,3,9)
2802:(9,true,4,4,3,4,4,9)
2803:(9,true,4,4,4,3,3,9)
2804:(9,true,4,4,4,3,4,9)
2805:(9,true,4,4,4,4,3,9)
2806:(9,true,4,4,4,4,4,9)
2807:(9,true,5,5,5,5,5,9)
2808:(9,true,5,5,5,5,6,9)
2809:(9,true,5,5,5,6,5,9)
2810:(9,true,5,5,5,6,6,9)
2811:(9,true,5,5,6,5,5,9)
2812:(9,true,5,5,6,5,6,9)
2813:(9,true,5,5,6,6,5,9)
2814:(9,true,5,5,6,6,6,9)
2815:(9,true,5,6,5,5,5,9)
2816:(9,true,5,6,5,5,6,9)
2817:(9,true,5,6,5,6,5,9)
2818:(9,true,5,6,5,6,6,9)
2819:(9,true,5,6,6,5,5,9)
2820:(9,true,5,6,6,5,6,9)
2821:(9,true,5,6,6,6,5,9)
2822:(9,true,5,6,6,6,6,9)
2823:(9,true,6,5,5,5,5,9)
2824:(9,true,6,5,5,5,6,9)
2825:(9,true,6,5,5,6,5,9)
2826:(9,true,6,5,5,6,6,9)
2827:(9,true,6,5,6,5,5,9)
2828:(9,true,6,5,6,5,6,9)
2829:(9,true,6,5,6,6,5,9)
2830:(9,true,6,5,6,6,6,9)
2831:(9,true,6,6,5,5,5,9)
2832:(9,true,6,6,5,5,6,9)
2833:(9,true,6,6,5,6,5,9)
2834:(9,true,6,6,5,6,6,9)
2835:(9,true,6,6,6,5,5,9)
2836:(9,true,6,6,6,5,6,9)
2837:(9,true,6,6,6,6,5,9)
2838:(9,true,6,6,6,6,6,9)
2839:(9,true,7,7,7,7,7,9)
2840:(9,true,7,7,7,7,8,9)
2841:(9,true,7,7,7,7,9,9)
2842:(9,true,7,7,7,8,7,9)
2843:(9,true,7,7,7,8,8,9)
2844:(9,true,7,7,7,8,9,9)
2845:(9,true,7,7,7,9,7,9)
2846:(9,true,7,7,7,9,8,9)
2847:(9,true,7,7,7,9,9,9)
2848:(9,true,7,7,8,7,7,9)
2849:(9,true,7,7,8,7,8,9)
2850:(9,true,7,7,8,7,9,9)
2851:(9,true,7,7,8,8,7,9)
2852:(9,true,7,7,8,8,8,9)
2853:(9,true,7,7,8,8,9,9)
2854:(9,true,7,7,8,9,7,9)
2855:(9,true,7,7,8,9,8,9)
2856:(9,true,7,7,8,9,9,9)
2857:(9,true,7,7,9,7,7,9)
2858:(9,true,7,7,9,7,8,9)
2859:(9,true,7,7,9,7,9,9)
2860:(9,true,7,7,9,8,7,9)
2861:(9,true,7,7,9,8,8,9)
2862:(9,true,7,7,9,8,9,9)
2863:(9,true,7,7,9,9,7,9)
2864:(9,true,7,7,9,9,8,9)
2865:(9,true,7,7,9,9,9,9)
2866:(9,true,7,8,7,7,7,9)
2867:(9,true,7,8,7,7,8,9)
2868:(9,true,7,8,7,7,9,9)
2869:(9,true,7,8,7,8,7,9)
2870:(9,true,7,8,7,8,8,9)
2871:(9,true,7,8,7,8,9,9)
2872:(9,true,7,8,7,9,7,9)
2873:(9,true,7,8,7,9,8,9)
2874:(9,true,7,8,7,9,9,9)
2875:(9,true,7,8,8,7,7,9)
2876:(9,true,7,8,8,7,8,9)
2877:(9,true,7,8,8,7,9,9)
2878:(9,true,7,8,8,8,7,9)
2879:(9,true,7,8,8,8,8,9)
2880:(9,true,7,8,8,8,9,9)
2881:(9,true,7,8,8,9,7,9)
2882:(9,true,7,8,8,9,8,9)
2883:(9,true,7,8,8,9,9,9)
2884:(9,true,7,8,9,7,7,9)
2885:(9,true,7,8,9,7,8,9)
2886:(9,true,7,8,9,7,9,9)
2887:(9,true,7,8,9,8,7,9)
2888:(9,true,7,8,9,8,8,9)
2889:(9,true,7,8,9,8,9,9)
2890:(9,true,7,8,9,9,7,9)
2891:(9,true,7,8,9,9,8,9)
2892:(9,true,7,8,9,9,9,9)
2893:(9,true,7,9,7,7,7,9)
2894:(9,true,7,9,7,7,8,9)
2895:(9,true,7,9,7,7,9,9)
2896:(9,true,7,9,7,8,7,9)
2897:(9,true,7,9,7,8,8,9)
2898:(9,true,7,9,7,8,9,9)
2899:(9,true,7,9,7,9,7,9)
2900:(9,true,7,9,7,9,8,9)
2901:(9,true,7,9,7,9,9,9)
2902:(9,true,7,9,8,7,7,9)
2903:(9,true,7,9,8,7,8,9)
2904:(9,true,7,9,8,7,9,9)
2905:(9,true,7,9,8,8,7,9)
2906:(9,true,7,9,8,8,8,9)
2907:(9,true,7,9,8,8,9,9)
2908:(9,true,7,9,8,9,7,9)
2909:(9,true,7,9,8,9,8,9)
2910:(9,true,7,9,8,9,9,9)
2911:(9,true,7,9,9,7,7,9)
2912:(9,true,7,9,9,7,8,9)
2913:(9,true,7,9,9,7,9,9)
2914:(9,true,7,9,9,8,7,9)
2915:(9,true,7,9,9,8,8,9)
2916:(9,true,7,9,9,8,9,9)
2917:(9,true,7,9,9,9,7,9)
2918:(9,true,7,9,9,9,8,9)
2919:(9,true,7,9,9,9,9,9)
2920:(9,true,8,7,7,7,7,9)
2921:(9,true,8,7,7,7,8,9)
2922:(9,true,8,7,7,7,9,9)
2923:(9,true,8,7,7,8,7,9)
2924:(9,true,8,7,7,8,8,9)
2925:(9,true,8,7,7,8,9,9)
2926:(9,true,8,7,7,9,7,9)
2927:(9,true,8,7,7,9,8,9)
2928:(9,true,8,7,7,9,9,9)
2929:(9,true,8,7,8,7,7,9)
2930:(9,true,8,7,8,7,8,9)
2931:(9,true,8,7,8,7,9,9)
2932:(9,true,8,7,8,8,7,9)
2933:(9,true,8,7,8,8,8,9)
2934:(9,true,8,7,8,8,9,9)
2935:(9,true,8,7,8,9,7,9)
2936:(9,true,8,7,8,9,8,9)
2937:(9,true,8,7,8,9,9,9)
2938:(9,true,8,7,9,7,7,9)
2939:(9,true,8,7,9,7,8,9)
2940:(9,true,8,7,9,7,9,9)
2941:(9,true,8,7,9,8,7,9)
2942:(9,true,8,7,9,8,8,9)
2943:(9,true,8,7,9,8,9,9)
2944:(9,true,8,7,9,9,7,9)
2945:(9,true,8,7,9,9,8,9)
2946:(9,true,8,7,9,9,9,9)
2947:(9,true,8,8,7,7,7,9)
2948:(9,true,8,8,7,7,8,9)
2949:(9,true,8,8,7,7,9,9)
2950:(9,true,8,8,7,8,7,9)
2951:(9,true,8,8,7,8,8,9)
2952:(9,true,8,8,7,8,9,9)
2953:(9,true,8,8,7,9,7,9)
2954:(9,true,8,8,7,9,8,9)
2955:(9,true,8,8,7,9,9,9)
2956:(9,true,8,8,8,7,7,9)
2957:(9,true,8,8,8,7,8,9)
2958:(9,true,8,8,8,7,9,9)
2959:(9,true,8,8,8,8,7,9)
2960:(9,true,8,8,8,8,8,9)
2961:(9,true,8,8,8,8,9,9)
2962:(9,true,8,8,8,9,7,9)
2963:(9,true,8,8,8,9,8,9)
2964:(9,true,8,8,8,9,9,9)
2965:(9,true,8,8,9,7,7,9)
2966:(9,true,8,8,9,7,8,9)
2967:(9,true,8,8,9,7,9,9)
2968:(9,true,8,8,9,8,7,9)
2969:(9,true,8,8,9,8,8,9)
2970:(9,true,8,8,9,8,9,9)
2971:(9,true,8,8,9,9,7,9)
2972:(9,true,8,8,9,9,8,9)
2973:(9,true,8,8,9,9,9,9)
2974:(9,true,8,9,7,7,7,9)
2975:(9,true,8,9,7,7,8,9)
2976:(9,true,8,9,7,7,9,9)
2977:(9,true,8,9,7,8,7,9)
2978:(9,true,8,9,7,8,8,9)
2979:(9,true,8,9,7,8,9,9)
2980:(9,true,8,9,7,9,7,9)
2981:(9,true,8,9,7,9,8,9)
2982:(9,true,8,9,7,9,9,9)
2983:(9,true,8,9,8,7,7,9)
2984:(9,true,8,9,8,7,8,9)
2985:(9,true,8,9,8,7,9,9)
2986:(9,true,8,9,8,8,7,9)
2987:(9,true,8,9,8,8,8,9)
2988:(9,true,8,9,8,8,9,9)
2989:(9,true,8,9,8,9,7,9)
2990:(9,true,8,9,8,9,8,9)
2991:(9,true,8,9,8,9,9,9)
2992:(9,true,8,9,9,7,7,9)
2993:(9,true,8,9,9,7,8,9)
2994:(9,true,8,9,9,7,9,9)
2995:(9,true,8,9,9,8,7,9)
2996:(9,true,8,9,9,8,8,9)
2997:(9,true,8,9,9,8,9,9)
2998:(9,true,8,9,9,9,7,9)
2999:(9,true,8,9,9,9,8,9)
3000:(9,true,8,9,9,9,9,9)
3001:(9,true,9,7,7,7,7,9)
3002:(9,true,9,7,7,7,8,9)
3003:(9,true,9,7,7,7,9,9)
3004:(9,true,9,7,7,8,7,9)
3005:(9,true,9,7,7,8,8,9)
3006:(9,true,9,7,7,8,9,9)
3007:(9,true,9,7,7,9,7,9)
3008:(9,true,9,7,7,9,8,9)
3009:(9,true,9,7,7,9,9,9)
3010:(9,true,9,7,8,7,7,9)
3011:(9,true,9,7,8,7,8,9)
3012:(9,true,9,7,8,7,9,9)
3013:(9,true,9,7,8,8,7,9)
3014:(9,true,9,7,8,8,8,9)
3015:(9,true,9,7,8,8,9,9)
3016:(9,true,9,7,8,9,7,9)
3017:(9,true,9,7,8,9,8,9)
3018:(9,true,9,7,8,9,9,9)
3019:(9,true,9,7,9,7,7,9)
3020:(9,true,9,7,9,7,8,9)
3021:(9,true,9,7,9,7,9,9)
3022:(9,true,9,7,9,8,7,9)
3023:(9,true,9,7,9,8,8,9)
3024:(9,true,9,7,9,8,9,9)
3025:(9,true,9,7,9,9,7,9)
3026:(9,true,9,7,9,9,8,9)
3027:(9,true,9,7,9,9,9,9)
3028:(9,true,9,8,7,7,7,9)
3029:(9,true,9,8,7,7,8,9)
3030:(9,true,9,8,7,7,9,9)
3031:(9,true,9,8,7,8,7,9)
3032:(9,true,9,8,7,8,8,9)
3033:(9,true,9,8,7,8,9,9)
3034:(9,true,9,8,7,9,7,9)
3035:(9,true,9,8,7,9,8,9)
3036:(9,true,9,8,7,9,9,9)
3037:(9,true,9,8,8,7,7,9)
3038:(9,true,9,8,8,7,8,9)
3039:(9,true,9,8,8,7,9,9)
3040:(9,true,9,8,8,8,7,9)
3041:(9,true,9,8,8,8,8,9)
3042:(9,true,9,8,8,8,9,9)
3043:(9,true,9,8,8,9,7,9)
3044:(9,true,9,8,8,9,8,9)
3045:(9,true,9,8,8,9,9,9)
3046:(9,true,9,8,9,7,7,9)
3047:(9,true,9,8,9,7,8,9)
3048:(9,true,9,8,9,7,9,9)
3049:(9,true,9,8,9,8,7,9)
3050:(9,true,9,8,9,8,8,9)
3051:(9,true,9,8,9,8,9,9)
3052:(9,true,9,8,9,9,7,9)
3053:(9,true,9,8,9,9,8,9)
3054:(9,true,9,8,9,9,9,9)
3055:(9,true,9,9,7,7,7,9)
3056:(9,true,9,9,7,7,8,9)
3057:(9,true,9,9,7,7,9,9)
3058:(9,true,9,9,7,8,7,9)
3059:(9,true,9,9,7,8,8,9)
3060:(9,true,9,9,7,8,9,9)
3061:(9,true,9,9,7,9,7,9)
3062:(9,true,9,9,7,9,8,9)
3063:(9,true,9,9,7,9,9,9)
3064:(9,true,9,9,8,7,7,9)
3065:(9,true,9,9,8,7,8,9)
3066:(9,true,9,9,8,7,9,9)
3067:(9,true,9,9,8,8,7,9)
3068:(9,true,9,9,8,8,8,9)
3069:(9,true,9,9,8,8,9,9)
3070:(9,true,9,9,8,9,7,9)
3071:(9,true,9,9,8,9,8,9)
3072:(9,true,9,9,8,9,9,9)
3073:(9,true,9,9,9,7,7,9)
3074:(9,true,9,9,9,7,8,9)
3075:(9,true,9,9,9,7,9,9)
3076:(9,true,9,9,9,8,7,9)
3077:(9,true,9,9,9,8,8,9)
3078:(9,true,9,9,9,8,9,9)
3079:(9,true,9,9,9,9,7,9)
3080:(9,true,9,9,9,9,8,9)
3081:(9,true,9,9,9,9,9,9)
3082:(10,true,0,0,0,0,0,1)
3083:(10,true,0,0,0,0,0,2)
3084:(10,true,1,1,1,1,1,1)
3085:(10,true,1,1,1,1,1,2)
3086:(10,true,1,1,1,1,2,1)
3087:(10,true,1,1,1,1,2,2)
3088:(10,true,1,1,1,2,1,1)
3089:(10,true,1,1,1,2,1,2)
3090:(10,true,1,1,1,2,2,1)
3091:(10,true,1,1,1,2,2,2)
3092:(10,true,1,1,2,1,1,2)
3093:(10,true,1,1,2,1,2,2)
3094:(10,true,1,1,2,2,1,2)
3095:(10,true,1,1,2,2,2,2)
3096:(10,true,1,2,1,1,1,2)
3097:(10,true,1,2,1,1,2,2)
3098:(10,true,1,2,1,2,1,2)
3099:(10,true,1,2,1,2,2,2)
3100:(10,true,1,2,2,1,1,2)
3101:(10,true,1,2,2,1,2,2)
3102:(10,true,1,2,2,2,1,2)
3103:(10,true,1,2,2,2,2,2)
3104:(10,true,2,1,1,1,1,2)
3105:(10,true,2,1,1,1,2,2)
3106:(10,true,2,1,1,2,1,2)
3107:(10,true,2,1,1,2,2,2)
3108:(10,true,2,1,2,1,1,2)
3109:(10,true,2,1,2,1,2,2)
3110:(10,true,2,1,2,2,1,2)
3111:(10,true,2,1,2,2,2,2)
3112:(10,true,2,2,1,1,1,2)
3113:(10,true,2,2,1,1,2,2)
3114:(10,true,2,2,1,2,1,2)
3115:(10,true,2,2,1,2,2,2)
3116:(10,true,2,2,2,1,1,2)
3117:(10,true,2,2,2,1,2,2)
3118:(10,true,2,2,2,2,1,2)
3119:(10,true,2,2,2,2,2,2)
3120:(10,true,3,3,3,3,3,2)
3121:(10,true,3,3,3,3,4,2)
3122:(10,true,3,3,3,4,3,2)
3123:(10,true,3,3,3,4,4,2)
3124:(10,true,3,3,4,3,3,2)
3125:(10,true,3,3,4,3,4,2)
3126:(10,true,3,3,4,4,3,2)
3127:(10,true,3,3,4,4,4,2)
3128:(10,true,3,4,3,3,3,2)
3129:(10,true,3,4,3,3,4,2)
3130:(10,true,3,4,3,4,3,2)
3131:(10,true,3,4,3,4,4,2)
3132:(10,true,3,4,4,3,3,2)
3133:(10,true,3,4,4,3,4,2)
3134:(10,true,3,4,4,4,3,2)
3135:(10,true,3,4,4,4,4,2)
3136:(10,true,4,3,3,3,3,2)
3137:(10,true,4,3,3,3,4,2)
3138:(10,true,4,3,3,4,3,2)
3139:(10,true,4,3,3,4,4,2)
3140:(10,true,4,3,4,3,3,2)
3141:(10,true,4,3,4,3,4,2)
3142:(10,true,4,3,4,4,3,2)
3143:(10,true,4,3,4,4,4,2)
3144:(10,true,4,4,3,3,3,2)
3145:(10,true,4,4,3,3,4,2)
3146:(10,true,4,4,3,4,3,2)
3147:(10,true,4,4,3,4,4,2)
3148:(10,true,4,4,4,3,3,2)
3149:(10,true,4,4,4,3,4,2)
3150:(10,true,4,4,4,4,3,2)
3151:(10,true,4,4,4,4,4,2)
3152:(10,true,5,5,5,5,5,2)
3153:(10,true,5,5,5,5,6,2)
3154:(10,true,5,5,5,6,5,2)
3155:(10,true,5,5,5,6,6,2)
3156:(10,true,5,5,6,5,5,2)
3157:(10,true,5,5,6,5,6,2)
3158:(10,true,5,5,6,6,5,2)
3159:(10,true,5,5,6,6,6,2)
3160:(10,true,5,6,5,5,5,2)
3161:(10,true,5,6,5,5,6,2)
3162:(10,true,5,6,5,6,5,2)
3163:(10,true,5,6,5,6,6,2)
3164:(10,true,5,6,6,5,5,2)
3165:(10,true,5,6,6,5,6,2)
3166:(10,true,5,6,6,6,5,2)
3167:(10,true,5,6,6,6,6,2)
3168:(10,true,6,5,5,5,5,2)
3169:(10,true,6,5,5,5,6,2)
3170:(10,true,6,5,5,6,5,2)
3171:(10,true,6,5,5,6,6,2)
3172:(10,true,6,5,6,5,5,2)
3173:(10,true,6,5,6,5,6,2)
3174:(10,true,6,5,6,6,5,2)
3175:(10,true,6,5,6,6,6,2)
3176:(10,true,6,6,5,5,5,2)
3177:(10,true,6,6,5,5,6,2)
3178:(10,true,6,6,5,6,5,2)
3179:(10,true,6,6,5,6,6,2)
3180:(10,true,6,6,6,5,5,2)
3181:(10,true,6,6,6,5,6,2)
3182:(10,true,6,6,6,6,5,2)
3183:(10,true,6,6,6,6,6,2)
