(x1,f1,x2,x3,x4,x5,x6,x7,x1p)
0:(0,false,0,0,0,0,0,0,0)
1:(0,false,1,1,1,1,1,1,0)
2:(1,false,0,0,0,0,0,0,1)
3:(1,false,0,0,0,0,0,0,2)
4:(1,false,1,1,1,1,1,1,1)
5:(1,false,1,1,1,1,1,1,2)
6:(2,false,2,2,2,2,2,2,2)
7:(2,false,3,3,3,3,3,3,2)
8:(2,true,0,0,0,0,0,0,2)
9:(2,true,1,1,1,1,1,1,2)
10:(2,true,1,1,1,1,1,2,2)
11:(2,true,1,1,1,1,2,1,2)
12:(2,true,1,1,1,1,2,2,2)
13:(2,true,1,1,1,2,1,1,2)
14:(2,true,1,1,1,2,1,2,2)
15:(2,true,1,1,1,2,2,1,2)
16:(2,true,1,1,1,2,2,2,2)
17:(3,false,2,2,2,2,2,2,2)
18:(3,false,3,3,3,3,3,3,2)
19:(3,true,0,0,0,0,0,0,2)
20:(3,true,1,1,1,1,1,1,2)
21:(3,true,1,1,1,1,1,2,2)
22:(3,true,1,1,1,1,2,1,2)
23:(3,true,1,1,1,1,2,2,2)
24:(3,true,1,1,1,2,1,1,2)
25:(3,true,1,1,1,2,1,2,2)
26:(3,true,1,1,1,2,2,1,2)
27:(3,true,1,1,1,2,2,2,2)
28:(3,true,2,2,2,2,2,2,2)
29:(3,true,3,3,3,3,3,3,2)
30:(3,true,3,3,3,3,3,4,2)
31:(3,true,3,3,3,3,4,3,2)
32:(3,true,3,3,3,3,4,4,2)
33:(3,true,3,3,3,4,3,3,2)
34:(3,true,3,3,3,4,3,4,2)
35:(3,true,3,3,3,4,4,3,2)
36:(3,true,3,3,3,4,4,4,2)
37:(7,false,2,2,2,2,2,2,8)
38:(7,false,2,2,2,2,2,2,10)
39:(7,false,3,3,3,3,3,3,8)
40:(7,false,3,3,3,3,3,3,10)
41:(7,true,0,0,0,0,0,0,8)
42:(7,true,0,0,0,0,0,0,10)
43:(7,true,1,1,1,1,1,1,8)
44:(7,true,1,1,1,1,1,1,10)
45:(7,true,1,1,1,1,1,2,8)
46:(7,true,1,1,1,1,1,2,10)
47:(7,true,1,1,1,1,2,1,8)
48:(7,true,1,1,1,1,2,1,10)
49:(7,true,1,1,1,1,2,2,8)
50:(7,true,1,1,1,1,2,2,10)
51:(7,true,1,1,1,2,1,1,8)
52:(7,true,1,1,1,2,1,1,10)
53:(7,true,1,1,1,2,1,2,8)
54:(7,true,1,1,1,2,1,2,10)
55:(7,true,1,1,1,2,2,1,8)
56:(7,true,1,1,1,2,2,1,10)
57:(7,true,1,1,1,2,2,2,8)
58:(7,true,1,1,1,2,2,2,10)
59:(7,true,1,1,2,1,1,1,8)
60:(7,true,1,1,2,1,1,1,9)
61:(7,true,1,1,2,1,1,2,8)
62:(7,true,1,1,2,1,1,2,9)
63:(7,true,1,1,2,1,2,1,8)
64:(7,true,1,1,2,1,2,1,9)
65:(7,true,1,1,2,1,2,2,8)
66:(7,true,1,1,2,1,2,2,9)
67:(7,true,1,1,2,2,1,1,8)
68:(7,true,1,1,2,2,1,1,9)
69:(7,true,1,1,2,2,1,2,8)
70:(7,true,1,1,2,2,1,2,9)
71:(7,true,1,1,2,2,2,1,8)
72:(7,true,1,1,2,2,2,1,9)
73:(7,true,1,1,2,2,2,2,8)
74:(7,true,1,1,2,2,2,2,9)
75:(7,true,1,2,1,1,1,1,8)
76:(7,true,1,2,1,1,1,1,9)
77:(7,true,1,2,1,1,1,2,8)
78:(7,true,1,2,1,1,1,2,9)
79:(7,true,1,2,1,1,2,1,8)
80:(7,true,1,2,1,1,2,1,9)
81:(7,true,1,2,1,1,2,2,8)
82:(7,true,1,2,1,1,2,2,9)
83:(7,true,1,2,1,2,1,1,8)
84:(7,true,1,2,1,2,1,1,9)
85:(7,true,1,2,1,2,1,2,8)
86:(7,true,1,2,1,2,1,2,9)
87:(7,true,1,2,1,2,2,1,8)
88:(7,true,1,2,1,2,2,1,9)
89:(7,true,1,2,1,2,2,2,8)
90:(7,true,1,2,1,2,2,2,9)
91:(7,true,1,2,2,1,1,1,9)
92:(7,true,1,2,2,1,1,2,9)
93:(7,true,1,2,2,1,2,1,9)
94:(7,true,1,2,2,1,2,2,9)
95:(7,true,1,2,2,2,1,1,9)
96:(7,true,1,2,2,2,1,2,9)
97:(7,true,1,2,2,2,2,1,9)
98:(7,true,1,2,2,2,2,2,9)
99:(7,true,2,1,1,1,1,1,8)
100:(7,true,2,1,1,1,1,1,9)
101:(7,true,2,1,1,1,1,2,8)
102:(7,true,2,1,1,1,1,2,9)
103:(7,true,2,1,1,1,2,1,8)
104:(7,true,2,1,1,1,2,1,9)
105:(7,true,2,1,1,1,2,2,8)
106:(7,true,2,1,1,1,2,2,9)
107:(7,true,2,1,1,2,1,1,8)
108:(7,true,2,1,1,2,1,1,9)
109:(7,true,2,1,1,2,1,2,8)
110:(7,true,2,1,1,2,1,2,9)
111:(7,true,2,1,1,2,2,1,8)
112:(7,true,2,1,1,2,2,1,9)
113:(7,true,2,1,1,2,2,2,8)
114:(7,true,2,1,1,2,2,2,9)
115:(7,true,2,1,2,1,1,1,9)
116:(7,true,2,1,2,1,1,2,9)
117:(7,true,2,1,2,1,2,1,9)
118:(7,true,2,1,2,1,2,2,9)
119:(7,true,2,1,2,2,1,1,9)
120:(7,true,2,1,2,2,1,2,9)
121:(7,true,2,1,2,2,2,1,9)
122:(7,true,2,1,2,2,2,2,9)
123:(7,true,2,2,1,1,1,1,9)
124:(7,true,2,2,1,1,1,2,9)
125:(7,true,2,2,1,1,2,1,9)
126:(7,true,2,2,1,1,2,2,9)
127:(7,true,2,2,1,2,1,1,9)
128:(7,true,2,2,1,2,1,2,9)
129:(7,true,2,2,1,2,2,1,9)
130:(7,true,2,2,1,2,2,2,9)
131:(7,true,2,2,2,2,2,2,8)
132:(7,true,2,2,2,2,2,2,10)
133:(7,true,3,3,3,3,3,3,8)
134:(7,true,3,3,3,3,3,3,10)
135:(7,true,3,3,3,3,3,4,8)
136:(7,true,3,3,3,3,3,4,10)
137:(7,true,3,3,3,3,4,3,8)
138:(7,true,3,3,3,3,4,3,10)
139:(7,true,3,3,3,3,4,4,8)
140:(7,true,3,3,3,3,4,4,10)
141:(7,true,3,3,3,4,3,3,8)
142:(7,true,3,3,3,4,3,3,10)
143:(7,true,3,3,3,4,3,4,8)
144:(7,true,3,3,3,4,3,4,10)
145:(7,true,3,3,3,4,4,3,8)
146:(7,true,3,3,3,4,4,3,10)
147:(7,true,3,3,3,4,4,4,8)
148:(7,true,3,3,3,4,4,4,10)
149:(7,true,3,3,4,3,3,3,8)
150:(7,true,3,3,4,3,3,3,9)
151:(7,true,3,3,4,3,3,4,8)
152:(7,true,3,3,4,3,3,4,9)
153:(7,true,3,3,4,3,4,3,8)
154:(7,true,3,3,4,3,4,3,9)
155:(7,true,3,3,4,3,4,4,8)
156:(7,true,3,3,4,3,4,4,9)
157:(7,true,3,3,4,4,3,3,8)
158:(7,true,3,3,4,4,3,3,9)
159:(7,true,3,3,4,4,3,4,8)
160:(7,true,3,3,4,4,3,4,9)
161:(7,true,3,3,4,4,4,3,8)
162:(7,true,3,3,4,4,4,3,9)
163:(7,true,3,3,4,4,4,4,8)
164:(7,true,3,3,4,4,4,4,9)
165:(7,true,3,4,3,3,3,3,8)
166:(7,true,3,4,3,3,3,3,9)
167:(7,true,3,4,3,3,3,4,8)
168:(7,true,3,4,3,3,3,4,9)
169:(7,true,3,4,3,3,4,3,8)
170:(7,true,3,4,3,3,4,3,9)
171:(7,true,3,4,3,3,4,4,8)
172:(7,true,3,4,3,3,4,4,9)
173:(7,true,3,4,3,4,3,3,8)
174:(7,true,3,4,3,4,3,3,9)
175:(7,true,3,4,3,4,3,4,8)
176:(7,true,3,4,3,4,3,4,9)
177:(7,true,3,4,3,4,4,3,8)
178:(7,true,3,4,3,4,4,3,9)
179:(7,true,3,4,3,4,4,4,8)
180:(7,true,3,4,3,4,4,4,9)
181:(7,true,3,4,4,3,3,3,9)
182:(7,true,3,4,4,3,3,4,9)
183:(7,true,3,4,4,3,4,3,9)
184:(7,true,3,4,4,3,4,4,9)
185:(7,true,3,4,4,4,3,3,9)
186:(7,true,3,4,4,4,3,4,9)
187:(7,true,3,4,4,4,4,3,9)
188:(7,true,3,4,4,4,4,4,9)
189:(7,true,4,3,3,3,3,3,8)
190:(7,true,4,3,3,3,3,3,9)
191:(7,true,4,3,3,3,3,4,8)
192:(7,true,4,3,3,3,3,4,9)
193:(7,true,4,3,3,3,4,3,8)
194:(7,true,4,3,3,3,4,3,9)
195:(7,true,4,3,3,3,4,4,8)
196:(7,true,4,3,3,3,4,4,9)
197:(7,true,4,3,3,4,3,3,8)
198:(7,true,4,3,3,4,3,3,9)
199:(7,true,4,3,3,4,3,4,8)
200:(7,true,4,3,3,4,3,4,9)
201:(7,true,4,3,3,4,4,3,8)
202:(7,true,4,3,3,4,4,3,9)
203:(7,true,4,3,3,4,4,4,8)
204:(7,true,4,3,3,4,4,4,9)
205:(7,true,4,3,4,3,3,3,9)
206:(7,true,4,3,4,3,3,4,9)
207:(7,true,4,3,4,3,4,3,9)
208:(7,true,4,3,4,3,4,4,9)
209:(7,true,4,3,4,4,3,3,9)
210:(7,true,4,3,4,4,3,4,9)
211:(7,true,4,3,4,4,4,3,9)
212:(7,true,4,3,4,4,4,4,9)
213:(7,true,4,4,3,3,3,3,9)
214:(7,true,4,4,3,3,3,4,9)
215:(7,true,4,4,3,3,4,3,9)
216:(7,true,4,4,3,3,4,4,9)
217:(7,true,4,4,3,4,3,3,9)
218:(7,true,4,4,3,4,3,4,9)
219:(7,true,4,4,3,4,4,3,9)
220:(7,true,4,4,3,4,4,4,9)
221:(8,false,4,4,4,4,4,4,8)
222:(8,false,4,4,4,4,4,4,9)
223:(8,false,5,5,5,5,5,5,8)
224:(8,false,5,5,5,5,5,5,9)
225:(8,true,0,0,0,0,0,0,8)
226:(8,true,0,0,0,0,0,0,9)
227:(8,true,1,1,1,1,1,1,8)
228:(8,true,1,1,1,1,1,1,9)
229:(8,true,1,1,1,1,1,2,8)
230:(8,true,1,1,1,1,1,2,9)
231:(8,true,1,1,1,1,2,1,8)
232:(8,true,1,1,1,1,2,1,9)
233:(8,true,1,1,1,1,2,2,8)
234:(8,true,1,1,1,1,2,2,9)
235:(8,true,1,1,1,2,1,1,8)
236:(8,true,1,1,1,2,1,1,9)
237:(8,true,1,1,1,2,1,2,8)
238:(8,true,1,1,1,2,1,2,9)
239:(8,true,1,1,1,2,2,1,8)
240:(8,true,1,1,1,2,2,1,9)
241:(8,true,1,1,1,2,2,2,8)
242:(8,true,1,1,1,2,2,2,9)
243:(8,true,1,1,2,1,1,1,9)
244:(8,true,1,1,2,1,1,2,9)
245:(8,true,1,1,2,1,2,1,9)
246:(8,true,1,1,2,1,2,2,9)
247:(8,true,1,1,2,2,1,1,9)
248:(8,true,1,1,2,2,1,2,9)
249:(8,true,1,1,2,2,2,1,9)
250:(8,true,1,1,2,2,2,2,9)
251:(8,true,1,2,1,1,1,1,9)
252:(8,true,1,2,1,1,1,2,9)
253:(8,true,1,2,1,1,2,1,9)
254:(8,true,1,2,1,1,2,2,9)
255:(8,true,1,2,1,2,1,1,9)
256:(8,true,1,2,1,2,1,2,9)
257:(8,true,1,2,1,2,2,1,9)
258:(8,true,1,2,1,2,2,2,9)
259:(8,true,2,1,1,1,1,1,9)
260:(8,true,2,1,1,1,1,2,9)
261:(8,true,2,1,1,1,2,1,9)
262:(8,true,2,1,1,1,2,2,9)
263:(8,true,2,1,1,2,1,1,9)
264:(8,true,2,1,1,2,1,2,9)
265:(8,true,2,1,1,2,2,1,9)
266:(8,true,2,1,1,2,2,2,9)
267:(8,true,2,2,2,2,2,2,8)
268:(8,true,2,2,2,2,2,2,9)
269:(8,true,3,3,3,3,3,3,8)
270:(8,true,3,3,3,3,3,3,9)
271:(8,true,3,3,3,3,3,4,8)
272:(8,true,3,3,3,3,3,4,9)
273:(8,true,3,3,3,3,4,3,8)
274:(8,true,3,3,3,3,4,3,9)
275:(8,true,3,3,3,3,4,4,8)
276:(8,true,3,3,3,3,4,4,9)
277:(8,true,3,3,3,4,3,3,8)
278:(8,true,3,3,3,4,3,3,9)
279:(8,true,3,3,3,4,3,4,8)
280:(8,true,3,3,3,4,3,4,9)
281:(8,true,3,3,3,4,4,3,8)
282:(8,true,3,3,3,4,4,3,9)
283:(8,true,3,3,3,4,4,4,8)
284:(8,true,3,3,3,4,4,4,9)
285:(8,true,3,3,4,3,3,3,9)
286:(8,true,3,3,4,3,3,4,9)
287:(8,true,3,3,4,3,4,3,9)
288:(8,true,3,3,4,3,4,4,9)
289:(8,true,3,3,4,4,3,3,9)
290:(8,true,3,3,4,4,3,4,9)
291:(8,true,3,3,4,4,4,3,9)
292:(8,true,3,3,4,4,4,4,9)
293:(8,true,3,4,3,3,3,3,9)
294:(8,true,3,4,3,3,3,4,9)
295:(8,true,3,4,3,3,4,3,9)
296:(8,true,3,4,3,3,4,4,9)
297:(8,true,3,4,3,4,3,3,9)
298:(8,true,3,4,3,4,3,4,9)
299:(8,true,3,4,3,4,4,3,9)
300:(8,true,3,4,3,4,4,4,9)
301:(8,true,4,3,3,3,3,3,9)
302:(8,true,4,3,3,3,3,4,9)
303:(8,true,4,3,3,3,4,3,9)
304:(8,true,4,3,3,3,4,4,9)
305:(8,true,4,3,3,4,3,3,9)
306:(8,true,4,3,3,4,3,4,9)
307:(8,true,4,3,3,4,4,3,9)
308:(8,true,4,3,3,4,4,4,9)
309:(9,false,6,6,6,6,6,6,9)
310:(9,true,0,0,0,0,0,0,9)
311:(9,true,1,1,1,1,1,1,9)
312:(9,true,1,1,1,1,1,2,9)
313:(9,true,1,1,1,1,2,1,9)
314:(9,true,1,1,1,1,2,2,9)
315:(9,true,1,1,1,2,1,1,9)
316:(9,true,1,1,1,2,1,2,9)
317:(9,true,1,1,1,2,2,1,9)
318:(9,true,1,1,1,2,2,2,9)
319:(9,true,2,2,2,2,2,2,9)
320:(9,true,3,3,3,3,3,3,9)
321:(9,true,3,3,3,3,3,4,9)
322:(9,true,3,3,3,3,4,3,9)
323:(9,true,3,3,3,3,4,4,9)
324:(9,true,3,3,3,4,3,3,9)
325:(9,true,3,3,3,4,3,4,9)
326:(9,true,3,3,3,4,4,3,9)
327:(9,true,3,3,3,4,4,4,9)
328:(10,true,0,0,0,0,0,0,1)
329:(10,true,0,0,0,0,0,0,2)
330:(10,true,1,1,1,1,1,1,1)
331:(10,true,1,1,1,1,1,1,2)
332:(10,true,1,1,1,1,1,2,1)
333:(10,true,1,1,1,1,1,2,2)
334:(10,true,1,1,1,1,2,1,1)
335:(10,true,1,1,1,1,2,1,2)
336:(10,true,1,1,1,1,2,2,1)
337:(10,true,1,1,1,1,2,2,2)
338:(10,true,1,1,1,2,1,1,1)
339:(10,true,1,1,1,2,1,1,2)
340:(10,true,1,1,1,2,1,2,1)
341:(10,true,1,1,1,2,1,2,2)
342:(10,true,1,1,1,2,2,1,1)
343:(10,true,1,1,1,2,2,1,2)
344:(10,true,1,1,1,2,2,2,1)
345:(10,true,1,1,1,2,2,2,2)
346:(10,true,1,1,2,1,1,1,2)
347:(10,true,1,1,2,1,1,2,2)
348:(10,true,1,1,2,1,2,1,2)
349:(10,true,1,1,2,1,2,2,2)
350:(10,true,1,1,2,2,1,1,2)
351:(10,true,1,1,2,2,1,2,2)
352:(10,true,1,1,2,2,2,1,2)
353:(10,true,1,1,2,2,2,2,2)
354:(10,true,1,2,1,1,1,1,2)
355:(10,true,1,2,1,1,1,2,2)
356:(10,true,1,2,1,1,2,1,2)
357:(10,true,1,2,1,1,2,2,2)
358:(10,true,1,2,1,2,1,1,2)
359:(10,true,1,2,1,2,1,2,2)
360:(10,true,1,2,1,2,2,1,2)
361:(10,true,1,2,1,2,2,2,2)
362:(10,true,2,1,1,1,1,1,2)
363:(10,true,2,1,1,1,1,2,2)
364:(10,true,2,1,1,1,2,1,2)
365:(10,true,2,1,1,1,2,2,2)
366:(10,true,2,1,1,2,1,1,2)
367:(10,true,2,1,1,2,1,2,2)
368:(10,true,2,1,1,2,2,1,2)
369:(10,true,2,1,1,2,2,2,2)
