(x1,f1,x2,x3,x4,x5,x6,x1p)
0:(0,false,0,0,0,0,0,0)
1:(0,false,1,1,1,1,1,0)
2:(1,false,0,0,0,0,0,1)
3:(1,false,0,0,0,0,0,2)
4:(1,false,1,1,1,1,1,1)
5:(1,false,1,1,1,1,1,2)
6:(2,false,2,2,2,2,2,2)
7:(2,false,3,3,3,3,3,2)
8:(2,false,7,7,7,7,7,2)
9:(2,true,0,0,0,0,0,2)
10:(2,true,1,1,1,1,1,2)
11:(2,true,1,1,1,1,2,2)
12:(2,true,1,1,1,2,1,2)
13:(2,true,1,1,1,2,2,2)
14:(2,true,1,1,2,1,1,2)
15:(2,true,1,1,2,1,2,2)
16:(2,true,1,1,2,2,1,2)
17:(2,true,1,1,2,2,2,2)
18:(2,true,1,2,1,1,1,2)
19:(2,true,1,2,1,1,2,2)
20:(2,true,1,2,1,2,1,2)
21:(2,true,1,2,1,2,2,2)
22:(2,true,1,2,2,1,1,2)
23:(2,true,1,2,2,1,2,2)
24:(2,true,1,2,2,2,1,2)
25:(2,true,1,2,2,2,2,2)
26:(2,true,2,1,1,1,1,2)
27:(2,true,2,1,1,1,2,2)
28:(2,true,2,1,1,2,1,2)
29:(2,true,2,1,1,2,2,2)
30:(2,true,2,1,2,1,1,2)
31:(2,true,2,1,2,1,2,2)
32:(2,true,2,1,2,2,1,2)
33:(2,true,2,1,2,2,2,2)
34:(2,true,2,2,1,1,1,2)
35:(2,true,2,2,1,1,2,2)
36:(2,true,2,2,1,2,1,2)
37:(2,true,2,2,1,2,2,2)
38:(2,true,2,2,2,1,1,2)
39:(2,true,2,2,2,1,2,2)
40:(2,true,2,2,2,2,1,2)
41:(2,true,2,2,2,2,2,2)
42:(2,true,3,3,3,3,3,2)
43:(2,true,3,3,3,3,4,2)
44:(2,true,3,3,3,4,3,2)
45:(2,true,3,3,3,4,4,2)
46:(2,true,3,3,4,3,3,2)
47:(2,true,3,3,4,3,4,2)
48:(2,true,3,3,4,4,3,2)
49:(2,true,3,3,4,4,4,2)
50:(2,true,3,4,3,3,3,2)
51:(2,true,3,4,3,3,4,2)
52:(2,true,3,4,3,4,3,2)
53:(2,true,3,4,3,4,4,2)
54:(2,true,3,4,4,3,3,2)
55:(2,true,3,4,4,3,4,2)
56:(2,true,3,4,4,4,3,2)
57:(2,true,3,4,4,4,4,2)
58:(2,true,4,3,3,3,3,2)
59:(2,true,4,3,3,3,4,2)
60:(2,true,4,3,3,4,3,2)
61:(2,true,4,3,3,4,4,2)
62:(2,true,4,3,4,3,3,2)
63:(2,true,4,3,4,3,4,2)
64:(2,true,4,3,4,4,3,2)
65:(2,true,4,3,4,4,4,2)
66:(2,true,4,4,3,3,3,2)
67:(2,true,4,4,3,3,4,2)
68:(2,true,4,4,3,4,3,2)
69:(2,true,4,4,3,4,4,2)
70:(2,true,4,4,4,3,3,2)
71:(2,true,4,4,4,3,4,2)
72:(2,true,4,4,4,4,3,2)
73:(2,true,4,4,4,4,4,2)
74:(2,true,7,7,7,7,7,2)
75:(2,true,7,7,7,7,8,2)
76:(2,true,7,7,7,7,9,2)
77:(2,true,7,7,7,8,7,2)
78:(2,true,7,7,7,8,8,2)
79:(2,true,7,7,7,8,9,2)
80:(2,true,7,7,7,9,7,2)
81:(2,true,7,7,7,9,8,2)
82:(2,true,7,7,7,9,9,2)
83:(2,true,7,7,8,7,7,2)
84:(2,true,7,7,8,7,8,2)
85:(2,true,7,7,8,7,9,2)
86:(2,true,7,7,8,8,7,2)
87:(2,true,7,7,8,8,8,2)
88:(2,true,7,7,8,8,9,2)
89:(2,true,7,7,8,9,7,2)
90:(2,true,7,7,8,9,8,2)
91:(2,true,7,7,8,9,9,2)
92:(2,true,7,7,9,7,7,2)
93:(2,true,7,7,9,7,8,2)
94:(2,true,7,7,9,7,9,2)
95:(2,true,7,7,9,8,7,2)
96:(2,true,7,7,9,8,8,2)
97:(2,true,7,7,9,8,9,2)
98:(2,true,7,7,9,9,7,2)
99:(2,true,7,7,9,9,8,2)
100:(2,true,7,7,9,9,9,2)
101:(2,true,7,8,7,7,7,2)
102:(2,true,7,8,7,7,8,2)
103:(2,true,7,8,7,7,9,2)
104:(2,true,7,8,7,8,7,2)
105:(2,true,7,8,7,8,8,2)
106:(2,true,7,8,7,8,9,2)
107:(2,true,7,8,7,9,7,2)
108:(2,true,7,8,7,9,8,2)
109:(2,true,7,8,7,9,9,2)
110:(2,true,7,8,8,7,7,2)
111:(2,true,7,8,8,7,8,2)
112:(2,true,7,8,8,7,9,2)
113:(2,true,7,8,8,8,7,2)
114:(2,true,7,8,8,8,8,2)
115:(2,true,7,8,8,8,9,2)
116:(2,true,7,8,8,9,7,2)
117:(2,true,7,8,8,9,8,2)
118:(2,true,7,8,8,9,9,2)
119:(2,true,7,8,9,7,7,2)
120:(2,true,7,8,9,7,8,2)
121:(2,true,7,8,9,7,9,2)
122:(2,true,7,8,9,8,7,2)
123:(2,true,7,8,9,8,8,2)
124:(2,true,7,8,9,8,9,2)
125:(2,true,7,8,9,9,7,2)
126:(2,true,7,8,9,9,8,2)
127:(2,true,7,8,9,9,9,2)
128:(2,true,7,9,7,7,7,2)
129:(2,true,7,9,7,7,8,2)
130:(2,true,7,9,7,7,9,2)
131:(2,true,7,9,7,8,7,2)
132:(2,true,7,9,7,8,8,2)
133:(2,true,7,9,7,8,9,2)
134:(2,true,7,9,7,9,7,2)
135:(2,true,7,9,7,9,8,2)
136:(2,true,7,9,7,9,9,2)
137:(2,true,7,9,8,7,7,2)
138:(2,true,7,9,8,7,8,2)
139:(2,true,7,9,8,7,9,2)
140:(2,true,7,9,8,8,7,2)
141:(2,true,7,9,8,8,8,2)
142:(2,true,7,9,8,8,9,2)
143:(2,true,7,9,8,9,7,2)
144:(2,true,7,9,8,9,8,2)
145:(2,true,7,9,8,9,9,2)
146:(2,true,7,9,9,7,7,2)
147:(2,true,7,9,9,7,8,2)
148:(2,true,7,9,9,7,9,2)
149:(2,true,7,9,9,8,7,2)
150:(2,true,7,9,9,8,8,2)
151:(2,true,7,9,9,8,9,2)
152:(2,true,7,9,9,9,7,2)
153:(2,true,7,9,9,9,8,2)
154:(2,true,7,9,9,9,9,2)
155:(2,true,8,7,7,7,7,2)
156:(2,true,8,7,7,7,8,2)
157:(2,true,8,7,7,7,9,2)
158:(2,true,8,7,7,8,7,2)
159:(2,true,8,7,7,8,8,2)
160:(2,true,8,7,7,8,9,2)
161:(2,true,8,7,7,9,7,2)
162:(2,true,8,7,7,9,8,2)
163:(2,true,8,7,7,9,9,2)
164:(2,true,8,7,8,7,7,2)
165:(2,true,8,7,8,7,8,2)
166:(2,true,8,7,8,7,9,2)
167:(2,true,8,7,8,8,7,2)
168:(2,true,8,7,8,8,8,2)
169:(2,true,8,7,8,8,9,2)
170:(2,true,8,7,8,9,7,2)
171:(2,true,8,7,8,9,8,2)
172:(2,true,8,7,8,9,9,2)
173:(2,true,8,7,9,7,7,2)
174:(2,true,8,7,9,7,8,2)
175:(2,true,8,7,9,7,9,2)
176:(2,true,8,7,9,8,7,2)
177:(2,true,8,7,9,8,8,2)
178:(2,true,8,7,9,8,9,2)
179:(2,true,8,7,9,9,7,2)
180:(2,true,8,7,9,9,8,2)
181:(2,true,8,7,9,9,9,2)
182:(2,true,8,8,7,7,7,2)
183:(2,true,8,8,7,7,8,2)
184:(2,true,8,8,7,7,9,2)
185:(2,true,8,8,7,8,7,2)
186:(2,true,8,8,7,8,8,2)
187:(2,true,8,8,7,8,9,2)
188:(2,true,8,8,7,9,7,2)
189:(2,true,8,8,7,9,8,2)
190:(2,true,8,8,7,9,9,2)
191:(2,true,8,8,8,7,7,2)
192:(2,true,8,8,8,7,8,2)
193:(2,true,8,8,8,7,9,2)
194:(2,true,8,8,8,8,7,2)
195:(2,true,8,8,8,8,8,2)
196:(2,true,8,8,8,8,9,2)
197:(2,true,8,8,8,9,7,2)
198:(2,true,8,8,8,9,8,2)
199:(2,true,8,8,8,9,9,2)
200:(2,true,8,8,9,7,7,2)
201:(2,true,8,8,9,7,8,2)
202:(2,true,8,8,9,7,9,2)
203:(2,true,8,8,9,8,7,2)
204:(2,true,8,8,9,8,8,2)
205:(2,true,8,8,9,8,9,2)
206:(2,true,8,8,9,9,7,2)
207:(2,true,8,8,9,9,8,2)
208:(2,true,8,8,9,9,9,2)
209:(2,true,8,9,7,7,7,2)
210:(2,true,8,9,7,7,8,2)
211:(2,true,8,9,7,7,9,2)
212:(2,true,8,9,7,8,7,2)
213:(2,true,8,9,7,8,8,2)
214:(2,true,8,9,7,8,9,2)
215:(2,true,8,9,7,9,7,2)
216:(2,true,8,9,7,9,8,2)
217:(2,true,8,9,7,9,9,2)
218:(2,true,8,9,8,7,7,2)
219:(2,true,8,9,8,7,8,2)
220:(2,true,8,9,8,7,9,2)
221:(2,true,8,9,8,8,7,2)
222:(2,true,8,9,8,8,8,2)
223:(2,true,8,9,8,8,9,2)
224:(2,true,8,9,8,9,7,2)
225:(2,true,8,9,8,9,8,2)
226:(2,true,8,9,8,9,9,2)
227:(2,true,8,9,9,7,7,2)
228:(2,true,8,9,9,7,8,2)
229:(2,true,8,9,9,7,9,2)
230:(2,true,8,9,9,8,7,2)
231:(2,true,8,9,9,8,8,2)
232:(2,true,8,9,9,8,9,2)
233:(2,true,8,9,9,9,7,2)
234:(2,true,8,9,9,9,8,2)
235:(2,true,8,9,9,9,9,2)
236:(2,true,9,7,7,7,7,2)
237:(2,true,9,7,7,7,8,2)
238:(2,true,9,7,7,7,9,2)
239:(2,true,9,7,7,8,7,2)
240:(2,true,9,7,7,8,8,2)
241:(2,true,9,7,7,8,9,2)
242:(2,true,9,7,7,9,7,2)
243:(2,true,9,7,7,9,8,2)
244:(2,true,9,7,7,9,9,2)
245:(2,true,9,7,8,7,7,2)
246:(2,true,9,7,8,7,8,2)
247:(2,true,9,7,8,7,9,2)
248:(2,true,9,7,8,8,7,2)
249:(2,true,9,7,8,8,8,2)
250:(2,true,9,7,8,8,9,2)
251:(2,true,9,7,8,9,7,2)
252:(2,true,9,7,8,9,8,2)
253:(2,true,9,7,8,9,9,2)
254:(2,true,9,7,9,7,7,2)
255:(2,true,9,7,9,7,8,2)
256:(2,true,9,7,9,7,9,2)
257:(2,true,9,7,9,8,7,2)
258:(2,true,9,7,9,8,8,2)
259:(2,true,9,7,9,8,9,2)
260:(2,true,9,7,9,9,7,2)
261:(2,true,9,7,9,9,8,2)
262:(2,true,9,7,9,9,9,2)
263:(2,true,9,8,7,7,7,2)
264:(2,true,9,8,7,7,8,2)
265:(2,true,9,8,7,7,9,2)
266:(2,true,9,8,7,8,7,2)
267:(2,true,9,8,7,8,8,2)
268:(2,true,9,8,7,8,9,2)
269:(2,true,9,8,7,9,7,2)
270:(2,true,9,8,7,9,8,2)
271:(2,true,9,8,7,9,9,2)
272:(2,true,9,8,8,7,7,2)
273:(2,true,9,8,8,7,8,2)
274:(2,true,9,8,8,7,9,2)
275:(2,true,9,8,8,8,7,2)
276:(2,true,9,8,8,8,8,2)
277:(2,true,9,8,8,8,9,2)
278:(2,true,9,8,8,9,7,2)
279:(2,true,9,8,8,9,8,2)
280:(2,true,9,8,8,9,9,2)
281:(2,true,9,8,9,7,7,2)
282:(2,true,9,8,9,7,8,2)
283:(2,true,9,8,9,7,9,2)
284:(2,true,9,8,9,8,7,2)
285:(2,true,9,8,9,8,8,2)
286:(2,true,9,8,9,8,9,2)
287:(2,true,9,8,9,9,7,2)
288:(2,true,9,8,9,9,8,2)
289:(2,true,9,8,9,9,9,2)
290:(2,true,9,9,7,7,7,2)
291:(2,true,9,9,7,7,8,2)
292:(2,true,9,9,7,7,9,2)
293:(2,true,9,9,7,8,7,2)
294:(2,true,9,9,7,8,8,2)
295:(2,true,9,9,7,8,9,2)
296:(2,true,9,9,7,9,7,2)
297:(2,true,9,9,7,9,8,2)
298:(2,true,9,9,7,9,9,2)
299:(2,true,9,9,8,7,7,2)
300:(2,true,9,9,8,7,8,2)
301:(2,true,9,9,8,7,9,2)
302:(2,true,9,9,8,8,7,2)
303:(2,true,9,9,8,8,8,2)
304:(2,true,9,9,8,8,9,2)
305:(2,true,9,9,8,9,7,2)
306:(2,true,9,9,8,9,8,2)
307:(2,true,9,9,8,9,9,2)
308:(2,true,9,9,9,7,7,2)
309:(2,true,9,9,9,7,8,2)
310:(2,true,9,9,9,7,9,2)
311:(2,true,9,9,9,8,7,2)
312:(2,true,9,9,9,8,8,2)
313:(2,true,9,9,9,8,9,2)
314:(2,true,9,9,9,9,7,2)
315:(2,true,9,9,9,9,8,2)
316:(2,true,9,9,9,9,9,2)
317:(3,false,2,2,2,2,2,2)
318:(3,false,3,3,3,3,3,2)
319:(3,false,7,7,7,7,7,2)
320:(3,true,0,0,0,0,0,2)
321:(3,true,1,1,1,1,1,2)
322:(3,true,1,1,1,1,2,2)
323:(3,true,1,1,1,2,1,2)
324:(3,true,1,1,1,2,2,2)
325:(3,true,1,1,2,1,1,2)
326:(3,true,1,1,2,1,2,2)
327:(3,true,1,1,2,2,1,2)
328:(3,true,1,1,2,2,2,2)
329:(3,true,1,2,1,1,1,2)
330:(3,true,1,2,1,1,2,2)
331:(3,true,1,2,1,2,1,2)
332:(3,true,1,2,1,2,2,2)
333:(3,true,1,2,2,1,1,2)
334:(3,true,1,2,2,1,2,2)
335:(3,true,1,2,2,2,1,2)
336:(3,true,1,2,2,2,2,2)
337:(3,true,2,1,1,1,1,2)
338:(3,true,2,1,1,1,2,2)
339:(3,true,2,1,1,2,1,2)
340:(3,true,2,1,1,2,2,2)
341:(3,true,2,1,2,1,1,2)
342:(3,true,2,1,2,1,2,2)
343:(3,true,2,1,2,2,1,2)
344:(3,true,2,1,2,2,2,2)
345:(3,true,2,2,1,1,1,2)
346:(3,true,2,2,1,1,2,2)
347:(3,true,2,2,1,2,1,2)
348:(3,true,2,2,1,2,2,2)
349:(3,true,2,2,2,1,1,2)
350:(3,true,2,2,2,1,2,2)
351:(3,true,2,2,2,2,1,2)
352:(3,true,2,2,2,2,2,2)
353:(3,true,3,3,3,3,3,2)
354:(3,true,3,3,3,3,4,2)
355:(3,true,3,3,3,4,3,2)
356:(3,true,3,3,3,4,4,2)
357:(3,true,3,3,4,3,3,2)
358:(3,true,3,3,4,3,4,2)
359:(3,true,3,3,4,4,3,2)
360:(3,true,3,3,4,4,4,2)
361:(3,true,3,4,3,3,3,2)
362:(3,true,3,4,3,3,4,2)
363:(3,true,3,4,3,4,3,2)
364:(3,true,3,4,3,4,4,2)
365:(3,true,3,4,4,3,3,2)
366:(3,true,3,4,4,3,4,2)
367:(3,true,3,4,4,4,3,2)
368:(3,true,3,4,4,4,4,2)
369:(3,true,4,3,3,3,3,2)
370:(3,true,4,3,3,3,4,2)
371:(3,true,4,3,3,4,3,2)
372:(3,true,4,3,3,4,4,2)
373:(3,true,4,3,4,3,3,2)
374:(3,true,4,3,4,3,4,2)
375:(3,true,4,3,4,4,3,2)
376:(3,true,4,3,4,4,4,2)
377:(3,true,4,4,3,3,3,2)
378:(3,true,4,4,3,3,4,2)
379:(3,true,4,4,3,4,3,2)
380:(3,true,4,4,3,4,4,2)
381:(3,true,4,4,4,3,3,2)
382:(3,true,4,4,4,3,4,2)
383:(3,true,4,4,4,4,3,2)
384:(3,true,4,4,4,4,4,2)
385:(3,true,7,7,7,7,7,2)
386:(3,true,7,7,7,7,8,2)
387:(3,true,7,7,7,7,9,2)
388:(3,true,7,7,7,8,7,2)
389:(3,true,7,7,7,8,8,2)
390:(3,true,7,7,7,8,9,2)
391:(3,true,7,7,7,9,7,2)
392:(3,true,7,7,7,9,8,2)
393:(3,true,7,7,7,9,9,2)
394:(3,true,7,7,8,7,7,2)
395:(3,true,7,7,8,7,8,2)
396:(3,true,7,7,8,7,9,2)
397:(3,true,7,7,8,8,7,2)
398:(3,true,7,7,8,8,8,2)
399:(3,true,7,7,8,8,9,2)
400:(3,true,7,7,8,9,7,2)
401:(3,true,7,7,8,9,8,2)
402:(3,true,7,7,8,9,9,2)
403:(3,true,7,7,9,7,7,2)
404:(3,true,7,7,9,7,8,2)
405:(3,true,7,7,9,7,9,2)
406:(3,true,7,7,9,8,7,2)
407:(3,true,7,7,9,8,8,2)
408:(3,true,7,7,9,8,9,2)
409:(3,true,7,7,9,9,7,2)
410:(3,true,7,7,9,9,8,2)
411:(3,true,7,7,9,9,9,2)
412:(3,true,7,8,7,7,7,2)
413:(3,true,7,8,7,7,8,2)
414:(3,true,7,8,7,7,9,2)
415:(3,true,7,8,7,8,7,2)
416:(3,true,7,8,7,8,8,2)
417:(3,true,7,8,7,8,9,2)
418:(3,true,7,8,7,9,7,2)
419:(3,true,7,8,7,9,8,2)
420:(3,true,7,8,7,9,9,2)
421:(3,true,7,8,8,7,7,2)
422:(3,true,7,8,8,7,8,2)
423:(3,true,7,8,8,7,9,2)
424:(3,true,7,8,8,8,7,2)
425:(3,true,7,8,8,8,8,2)
426:(3,true,7,8,8,8,9,2)
427:(3,true,7,8,8,9,7,2)
428:(3,true,7,8,8,9,8,2)
429:(3,true,7,8,8,9,9,2)
430:(3,true,7,8,9,7,7,2)
431:(3,true,7,8,9,7,8,2)
432:(3,true,7,8,9,7,9,2)
433:(3,true,7,8,9,8,7,2)
434:(3,true,7,8,9,8,8,2)
435:(3,true,7,8,9,8,9,2)
436:(3,true,7,8,9,9,7,2)
437:(3,true,7,8,9,9,8,2)
438:(3,true,7,8,9,9,9,2)
439:(3,true,7,9,7,7,7,2)
440:(3,true,7,9,7,7,8,2)
441:(3,true,7,9,7,7,9,2)
442:(3,true,7,9,7,8,7,2)
443:(3,true,7,9,7,8,8,2)
444:(3,true,7,9,7,8,9,2)
445:(3,true,7,9,7,9,7,2)
446:(3,true,7,9,7,9,8,2)
447:(3,true,7,9,7,9,9,2)
448:(3,true,7,9,8,7,7,2)
449:(3,true,7,9,8,7,8,2)
450:(3,true,7,9,8,7,9,2)
451:(3,true,7,9,8,8,7,2)
452:(3,true,7,9,8,8,8,2)
453:(3,true,7,9,8,8,9,2)
454:(3,true,7,9,8,9,7,2)
455:(3,true,7,9,8,9,8,2)
456:(3,true,7,9,8,9,9,2)
457:(3,true,7,9,9,7,7,2)
458:(3,true,7,9,9,7,8,2)
459:(3,true,7,9,9,7,9,2)
460:(3,true,7,9,9,8,7,2)
461:(3,true,7,9,9,8,8,2)
462:(3,true,7,9,9,8,9,2)
463:(3,true,7,9,9,9,7,2)
464:(3,true,7,9,9,9,8,2)
465:(3,true,7,9,9,9,9,2)
466:(3,true,8,7,7,7,7,2)
467:(3,true,8,7,7,7,8,2)
468:(3,true,8,7,7,7,9,2)
469:(3,true,8,7,7,8,7,2)
470:(3,true,8,7,7,8,8,2)
471:(3,true,8,7,7,8,9,2)
472:(3,true,8,7,7,9,7,2)
473:(3,true,8,7,7,9,8,2)
474:(3,true,8,7,7,9,9,2)
475:(3,true,8,7,8,7,7,2)
476:(3,true,8,7,8,7,8,2)
477:(3,true,8,7,8,7,9,2)
478:(3,true,8,7,8,8,7,2)
479:(3,true,8,7,8,8,8,2)
480:(3,true,8,7,8,8,9,2)
481:(3,true,8,7,8,9,7,2)
482:(3,true,8,7,8,9,8,2)
483:(3,true,8,7,8,9,9,2)
484:(3,true,8,7,9,7,7,2)
485:(3,true,8,7,9,7,8,2)
486:(3,true,8,7,9,7,9,2)
487:(3,true,8,7,9,8,7,2)
488:(3,true,8,7,9,8,8,2)
489:(3,true,8,7,9,8,9,2)
490:(3,true,8,7,9,9,7,2)
491:(3,true,8,7,9,9,8,2)
492:(3,true,8,7,9,9,9,2)
493:(3,true,8,8,7,7,7,2)
494:(3,true,8,8,7,7,8,2)
495:(3,true,8,8,7,7,9,2)
496:(3,true,8,8,7,8,7,2)
497:(3,true,8,8,7,8,8,2)
498:(3,true,8,8,7,8,9,2)
499:(3,true,8,8,7,9,7,2)
500:(3,true,8,8,7,9,8,2)
501:(3,true,8,8,7,9,9,2)
502:(3,true,8,8,8,7,7,2)
503:(3,true,8,8,8,7,8,2)
504:(3,true,8,8,8,7,9,2)
505:(3,true,8,8,8,8,7,2)
506:(3,true,8,8,8,8,8,2)
507:(3,true,8,8,8,8,9,2)
508:(3,true,8,8,8,9,7,2)
509:(3,true,8,8,8,9,8,2)
510:(3,true,8,8,8,9,9,2)
511:(3,true,8,8,9,7,7,2)
512:(3,true,8,8,9,7,8,2)
513:(3,true,8,8,9,7,9,2)
514:(3,true,8,8,9,8,7,2)
515:(3,true,8,8,9,8,8,2)
516:(3,true,8,8,9,8,9,2)
517:(3,true,8,8,9,9,7,2)
518:(3,true,8,8,9,9,8,2)
519:(3,true,8,8,9,9,9,2)
520:(3,true,8,9,7,7,7,2)
521:(3,true,8,9,7,7,8,2)
522:(3,true,8,9,7,7,9,2)
523:(3,true,8,9,7,8,7,2)
524:(3,true,8,9,7,8,8,2)
525:(3,true,8,9,7,8,9,2)
526:(3,true,8,9,7,9,7,2)
527:(3,true,8,9,7,9,8,2)
528:(3,true,8,9,7,9,9,2)
529:(3,true,8,9,8,7,7,2)
530:(3,true,8,9,8,7,8,2)
531:(3,true,8,9,8,7,9,2)
532:(3,true,8,9,8,8,7,2)
533:(3,true,8,9,8,8,8,2)
534:(3,true,8,9,8,8,9,2)
535:(3,true,8,9,8,9,7,2)
536:(3,true,8,9,8,9,8,2)
537:(3,true,8,9,8,9,9,2)
538:(3,true,8,9,9,7,7,2)
539:(3,true,8,9,9,7,8,2)
540:(3,true,8,9,9,7,9,2)
541:(3,true,8,9,9,8,7,2)
542:(3,true,8,9,9,8,8,2)
543:(3,true,8,9,9,8,9,2)
544:(3,true,8,9,9,9,7,2)
545:(3,true,8,9,9,9,8,2)
546:(3,true,8,9,9,9,9,2)
547:(3,true,9,7,7,7,7,2)
548:(3,true,9,7,7,7,8,2)
549:(3,true,9,7,7,7,9,2)
550:(3,true,9,7,7,8,7,2)
551:(3,true,9,7,7,8,8,2)
552:(3,true,9,7,7,8,9,2)
553:(3,true,9,7,7,9,7,2)
554:(3,true,9,7,7,9,8,2)
555:(3,true,9,7,7,9,9,2)
556:(3,true,9,7,8,7,7,2)
557:(3,true,9,7,8,7,8,2)
558:(3,true,9,7,8,7,9,2)
559:(3,true,9,7,8,8,7,2)
560:(3,true,9,7,8,8,8,2)
561:(3,true,9,7,8,8,9,2)
562:(3,true,9,7,8,9,7,2)
563:(3,true,9,7,8,9,8,2)
564:(3,true,9,7,8,9,9,2)
565:(3,true,9,7,9,7,7,2)
566:(3,true,9,7,9,7,8,2)
567:(3,true,9,7,9,7,9,2)
568:(3,true,9,7,9,8,7,2)
569:(3,true,9,7,9,8,8,2)
570:(3,true,9,7,9,8,9,2)
571:(3,true,9,7,9,9,7,2)
572:(3,true,9,7,9,9,8,2)
573:(3,true,9,7,9,9,9,2)
574:(3,true,9,8,7,7,7,2)
575:(3,true,9,8,7,7,8,2)
576:(3,true,9,8,7,7,9,2)
577:(3,true,9,8,7,8,7,2)
578:(3,true,9,8,7,8,8,2)
579:(3,true,9,8,7,8,9,2)
580:(3,true,9,8,7,9,7,2)
581:(3,true,9,8,7,9,8,2)
582:(3,true,9,8,7,9,9,2)
583:(3,true,9,8,8,7,7,2)
584:(3,true,9,8,8,7,8,2)
585:(3,true,9,8,8,7,9,2)
586:(3,true,9,8,8,8,7,2)
587:(3,true,9,8,8,8,8,2)
588:(3,true,9,8,8,8,9,2)
589:(3,true,9,8,8,9,7,2)
590:(3,true,9,8,8,9,8,2)
591:(3,true,9,8,8,9,9,2)
592:(3,true,9,8,9,7,7,2)
593:(3,true,9,8,9,7,8,2)
594:(3,true,9,8,9,7,9,2)
595:(3,true,9,8,9,8,7,2)
596:(3,true,9,8,9,8,8,2)
597:(3,true,9,8,9,8,9,2)
598:(3,true,9,8,9,9,7,2)
599:(3,true,9,8,9,9,8,2)
600:(3,true,9,8,9,9,9,2)
601:(3,true,9,9,7,7,7,2)
602:(3,true,9,9,7,7,8,2)
603:(3,true,9,9,7,7,9,2)
604:(3,true,9,9,7,8,7,2)
605:(3,true,9,9,7,8,8,2)
606:(3,true,9,9,7,8,9,2)
607:(3,true,9,9,7,9,7,2)
608:(3,true,9,9,7,9,8,2)
609:(3,true,9,9,7,9,9,2)
610:(3,true,9,9,8,7,7,2)
611:(3,true,9,9,8,7,8,2)
612:(3,true,9,9,8,7,9,2)
613:(3,true,9,9,8,8,7,2)
614:(3,true,9,9,8,8,8,2)
615:(3,true,9,9,8,8,9,2)
616:(3,true,9,9,8,9,7,2)
617:(3,true,9,9,8,9,8,2)
618:(3,true,9,9,8,9,9,2)
619:(3,true,9,9,9,7,7,2)
620:(3,true,9,9,9,7,8,2)
621:(3,true,9,9,9,7,9,2)
622:(3,true,9,9,9,8,7,2)
623:(3,true,9,9,9,8,8,2)
624:(3,true,9,9,9,8,9,2)
625:(3,true,9,9,9,9,7,2)
626:(3,true,9,9,9,9,8,2)
627:(3,true,9,9,9,9,9,2)
628:(4,false,4,4,4,4,4,2)
629:(4,false,8,8,8,8,8,2)
630:(4,true,0,0,0,0,0,2)
631:(4,true,1,1,1,1,1,2)
632:(4,true,1,1,1,1,2,2)
633:(4,true,1,1,1,2,1,2)
634:(4,true,1,1,1,2,2,2)
635:(4,true,1,1,2,1,1,2)
636:(4,true,1,1,2,1,2,2)
637:(4,true,1,1,2,2,1,2)
638:(4,true,1,1,2,2,2,2)
639:(4,true,1,2,1,1,1,2)
640:(4,true,1,2,1,1,2,2)
641:(4,true,1,2,1,2,1,2)
642:(4,true,1,2,1,2,2,2)
643:(4,true,1,2,2,1,1,2)
644:(4,true,1,2,2,1,2,2)
645:(4,true,1,2,2,2,1,2)
646:(4,true,1,2,2,2,2,2)
647:(4,true,2,1,1,1,1,2)
648:(4,true,2,1,1,1,2,2)
649:(4,true,2,1,1,2,1,2)
650:(4,true,2,1,1,2,2,2)
651:(4,true,2,1,2,1,1,2)
652:(4,true,2,1,2,1,2,2)
653:(4,true,2,1,2,2,1,2)
654:(4,true,2,1,2,2,2,2)
655:(4,true,2,2,1,1,1,2)
656:(4,true,2,2,1,1,2,2)
657:(4,true,2,2,1,2,1,2)
658:(4,true,2,2,1,2,2,2)
659:(4,true,2,2,2,1,1,2)
660:(4,true,2,2,2,1,2,2)
661:(4,true,2,2,2,2,1,2)
662:(4,true,2,2,2,2,2,2)
663:(4,true,3,3,3,3,3,2)
664:(4,true,3,3,3,3,4,2)
665:(4,true,3,3,3,4,3,2)
666:(4,true,3,3,3,4,4,2)
667:(4,true,3,3,4,3,3,2)
668:(4,true,3,3,4,3,4,2)
669:(4,true,3,3,4,4,3,2)
670:(4,true,3,3,4,4,4,2)
671:(4,true,3,4,3,3,3,2)
672:(4,true,3,4,3,3,4,2)
673:(4,true,3,4,3,4,3,2)
674:(4,true,3,4,3,4,4,2)
675:(4,true,3,4,4,3,3,2)
676:(4,true,3,4,4,3,4,2)
677:(4,true,3,4,4,4,3,2)
678:(4,true,3,4,4,4,4,2)
679:(4,true,4,3,3,3,3,2)
680:(4,true,4,3,3,3,4,2)
681:(4,true,4,3,3,4,3,2)
682:(4,true,4,3,3,4,4,2)
683:(4,true,4,3,4,3,3,2)
684:(4,true,4,3,4,3,4,2)
685:(4,true,4,3,4,4,3,2)
686:(4,true,4,3,4,4,4,2)
687:(4,true,4,4,3,3,3,2)
688:(4,true,4,4,3,3,4,2)
689:(4,true,4,4,3,4,3,2)
690:(4,true,4,4,3,4,4,2)
691:(4,true,4,4,4,3,3,2)
692:(4,true,4,4,4,3,4,2)
693:(4,true,4,4,4,4,3,2)
694:(4,true,4,4,4,4,4,2)
695:(4,true,7,7,7,7,7,2)
696:(4,true,7,7,7,7,8,2)
697:(4,true,7,7,7,7,9,2)
698:(4,true,7,7,7,8,7,2)
699:(4,true,7,7,7,8,8,2)
700:(4,true,7,7,7,8,9,2)
701:(4,true,7,7,7,9,7,2)
702:(4,true,7,7,7,9,8,2)
703:(4,true,7,7,7,9,9,2)
704:(4,true,7,7,8,7,7,2)
705:(4,true,7,7,8,7,8,2)
706:(4,true,7,7,8,7,9,2)
707:(4,true,7,7,8,8,7,2)
708:(4,true,7,7,8,8,8,2)
709:(4,true,7,7,8,8,9,2)
710:(4,true,7,7,8,9,7,2)
711:(4,true,7,7,8,9,8,2)
712:(4,true,7,7,8,9,9,2)
713:(4,true,7,7,9,7,7,2)
714:(4,true,7,7,9,7,8,2)
715:(4,true,7,7,9,7,9,2)
716:(4,true,7,7,9,8,7,2)
717:(4,true,7,7,9,8,8,2)
718:(4,true,7,7,9,8,9,2)
719:(4,true,7,7,9,9,7,2)
720:(4,true,7,7,9,9,8,2)
721:(4,true,7,7,9,9,9,2)
722:(4,true,7,8,7,7,7,2)
723:(4,true,7,8,7,7,8,2)
724:(4,true,7,8,7,7,9,2)
725:(4,true,7,8,7,8,7,2)
726:(4,true,7,8,7,8,8,2)
727:(4,true,7,8,7,8,9,2)
728:(4,true,7,8,7,9,7,2)
729:(4,true,7,8,7,9,8,2)
730:(4,true,7,8,7,9,9,2)
731:(4,true,7,8,8,7,7,2)
732:(4,true,7,8,8,7,8,2)
733:(4,true,7,8,8,7,9,2)
734:(4,true,7,8,8,8,7,2)
735:(4,true,7,8,8,8,8,2)
736:(4,true,7,8,8,8,9,2)
737:(4,true,7,8,8,9,7,2)
738:(4,true,7,8,8,9,8,2)
739:(4,true,7,8,8,9,9,2)
740:(4,true,7,8,9,7,7,2)
741:(4,true,7,8,9,7,8,2)
742:(4,true,7,8,9,7,9,2)
743:(4,true,7,8,9,8,7,2)
744:(4,true,7,8,9,8,8,2)
745:(4,true,7,8,9,8,9,2)
746:(4,true,7,8,9,9,7,2)
747:(4,true,7,8,9,9,8,2)
748:(4,true,7,8,9,9,9,2)
749:(4,true,7,9,7,7,7,2)
750:(4,true,7,9,7,7,8,2)
751:(4,true,7,9,7,7,9,2)
752:(4,true,7,9,7,8,7,2)
753:(4,true,7,9,7,8,8,2)
754:(4,true,7,9,7,8,9,2)
755:(4,true,7,9,7,9,7,2)
756:(4,true,7,9,7,9,8,2)
757:(4,true,7,9,7,9,9,2)
758:(4,true,7,9,8,7,7,2)
759:(4,true,7,9,8,7,8,2)
760:(4,true,7,9,8,7,9,2)
761:(4,true,7,9,8,8,7,2)
762:(4,true,7,9,8,8,8,2)
763:(4,true,7,9,8,8,9,2)
764:(4,true,7,9,8,9,7,2)
765:(4,true,7,9,8,9,8,2)
766:(4,true,7,9,8,9,9,2)
767:(4,true,7,9,9,7,7,2)
768:(4,true,7,9,9,7,8,2)
769:(4,true,7,9,9,7,9,2)
770:(4,true,7,9,9,8,7,2)
771:(4,true,7,9,9,8,8,2)
772:(4,true,7,9,9,8,9,2)
773:(4,true,7,9,9,9,7,2)
774:(4,true,7,9,9,9,8,2)
775:(4,true,7,9,9,9,9,2)
776:(4,true,8,7,7,7,7,2)
777:(4,true,8,7,7,7,8,2)
778:(4,true,8,7,7,7,9,2)
779:(4,true,8,7,7,8,7,2)
780:(4,true,8,7,7,8,8,2)
781:(4,true,8,7,7,8,9,2)
782:(4,true,8,7,7,9,7,2)
783:(4,true,8,7,7,9,8,2)
784:(4,true,8,7,7,9,9,2)
785:(4,true,8,7,8,7,7,2)
786:(4,true,8,7,8,7,8,2)
787:(4,true,8,7,8,7,9,2)
788:(4,true,8,7,8,8,7,2)
789:(4,true,8,7,8,8,8,2)
790:(4,true,8,7,8,8,9,2)
791:(4,true,8,7,8,9,7,2)
792:(4,true,8,7,8,9,8,2)
793:(4,true,8,7,8,9,9,2)
794:(4,true,8,7,9,7,7,2)
795:(4,true,8,7,9,7,8,2)
796:(4,true,8,7,9,7,9,2)
797:(4,true,8,7,9,8,7,2)
798:(4,true,8,7,9,8,8,2)
799:(4,true,8,7,9,8,9,2)
800:(4,true,8,7,9,9,7,2)
801:(4,true,8,7,9,9,8,2)
802:(4,true,8,7,9,9,9,2)
803:(4,true,8,8,7,7,7,2)
804:(4,true,8,8,7,7,8,2)
805:(4,true,8,8,7,7,9,2)
806:(4,true,8,8,7,8,7,2)
807:(4,true,8,8,7,8,8,2)
808:(4,true,8,8,7,8,9,2)
809:(4,true,8,8,7,9,7,2)
810:(4,true,8,8,7,9,8,2)
811:(4,true,8,8,7,9,9,2)
812:(4,true,8,8,8,7,7,2)
813:(4,true,8,8,8,7,8,2)
814:(4,true,8,8,8,7,9,2)
815:(4,true,8,8,8,8,7,2)
816:(4,true,8,8,8,8,8,2)
817:(4,true,8,8,8,8,9,2)
818:(4,true,8,8,8,9,7,2)
819:(4,true,8,8,8,9,8,2)
820:(4,true,8,8,8,9,9,2)
821:(4,true,8,8,9,7,7,2)
822:(4,true,8,8,9,7,8,2)
823:(4,true,8,8,9,7,9,2)
824:(4,true,8,8,9,8,7,2)
825:(4,true,8,8,9,8,8,2)
826:(4,true,8,8,9,8,9,2)
827:(4,true,8,8,9,9,7,2)
828:(4,true,8,8,9,9,8,2)
829:(4,true,8,8,9,9,9,2)
830:(4,true,8,9,7,7,7,2)
831:(4,true,8,9,7,7,8,2)
832:(4,true,8,9,7,7,9,2)
833:(4,true,8,9,7,8,7,2)
834:(4,true,8,9,7,8,8,2)
835:(4,true,8,9,7,8,9,2)
836:(4,true,8,9,7,9,7,2)
837:(4,true,8,9,7,9,8,2)
838:(4,true,8,9,7,9,9,2)
839:(4,true,8,9,8,7,7,2)
840:(4,true,8,9,8,7,8,2)
841:(4,true,8,9,8,7,9,2)
842:(4,true,8,9,8,8,7,2)
843:(4,true,8,9,8,8,8,2)
844:(4,true,8,9,8,8,9,2)
845:(4,true,8,9,8,9,7,2)
846:(4,true,8,9,8,9,8,2)
847:(4,true,8,9,8,9,9,2)
848:(4,true,8,9,9,7,7,2)
849:(4,true,8,9,9,7,8,2)
850:(4,true,8,9,9,7,9,2)
851:(4,true,8,9,9,8,7,2)
852:(4,true,8,9,9,8,8,2)
853:(4,true,8,9,9,8,9,2)
854:(4,true,8,9,9,9,7,2)
855:(4,true,8,9,9,9,8,2)
856:(4,true,8,9,9,9,9,2)
857:(4,true,9,7,7,7,7,2)
858:(4,true,9,7,7,7,8,2)
859:(4,true,9,7,7,7,9,2)
860:(4,true,9,7,7,8,7,2)
861:(4,true,9,7,7,8,8,2)
862:(4,true,9,7,7,8,9,2)
863:(4,true,9,7,7,9,7,2)
864:(4,true,9,7,7,9,8,2)
865:(4,true,9,7,7,9,9,2)
866:(4,true,9,7,8,7,7,2)
867:(4,true,9,7,8,7,8,2)
868:(4,true,9,7,8,7,9,2)
869:(4,true,9,7,8,8,7,2)
870:(4,true,9,7,8,8,8,2)
871:(4,true,9,7,8,8,9,2)
872:(4,true,9,7,8,9,7,2)
873:(4,true,9,7,8,9,8,2)
874:(4,true,9,7,8,9,9,2)
875:(4,true,9,7,9,7,7,2)
876:(4,true,9,7,9,7,8,2)
877:(4,true,9,7,9,7,9,2)
878:(4,true,9,7,9,8,7,2)
879:(4,true,9,7,9,8,8,2)
880:(4,true,9,7,9,8,9,2)
881:(4,true,9,7,9,9,7,2)
882:(4,true,9,7,9,9,8,2)
883:(4,true,9,7,9,9,9,2)
884:(4,true,9,8,7,7,7,2)
885:(4,true,9,8,7,7,8,2)
886:(4,true,9,8,7,7,9,2)
887:(4,true,9,8,7,8,7,2)
888:(4,true,9,8,7,8,8,2)
889:(4,true,9,8,7,8,9,2)
890:(4,true,9,8,7,9,7,2)
891:(4,true,9,8,7,9,8,2)
892:(4,true,9,8,7,9,9,2)
893:(4,true,9,8,8,7,7,2)
894:(4,true,9,8,8,7,8,2)
895:(4,true,9,8,8,7,9,2)
896:(4,true,9,8,8,8,7,2)
897:(4,true,9,8,8,8,8,2)
898:(4,true,9,8,8,8,9,2)
899:(4,true,9,8,8,9,7,2)
900:(4,true,9,8,8,9,8,2)
901:(4,true,9,8,8,9,9,2)
902:(4,true,9,8,9,7,7,2)
903:(4,true,9,8,9,7,8,2)
904:(4,true,9,8,9,7,9,2)
905:(4,true,9,8,9,8,7,2)
906:(4,true,9,8,9,8,8,2)
907:(4,true,9,8,9,8,9,2)
908:(4,true,9,8,9,9,7,2)
909:(4,true,9,8,9,9,8,2)
910:(4,true,9,8,9,9,9,2)
911:(4,true,9,9,7,7,7,2)
912:(4,true,9,9,7,7,8,2)
913:(4,true,9,9,7,7,9,2)
914:(4,true,9,9,7,8,7,2)
915:(4,true,9,9,7,8,8,2)
916:(4,true,9,9,7,8,9,2)
917:(4,true,9,9,7,9,7,2)
918:(4,true,9,9,7,9,8,2)
919:(4,true,9,9,7,9,9,2)
920:(4,true,9,9,8,7,7,2)
921:(4,true,9,9,8,7,8,2)
922:(4,true,9,9,8,7,9,2)
923:(4,true,9,9,8,8,7,2)
924:(4,true,9,9,8,8,8,2)
925:(4,true,9,9,8,8,9,2)
926:(4,true,9,9,8,9,7,2)
927:(4,true,9,9,8,9,8,2)
928:(4,true,9,9,8,9,9,2)
929:(4,true,9,9,9,7,7,2)
930:(4,true,9,9,9,7,8,2)
931:(4,true,9,9,9,7,9,2)
932:(4,true,9,9,9,8,7,2)
933:(4,true,9,9,9,8,8,2)
934:(4,true,9,9,9,8,9,2)
935:(4,true,9,9,9,9,7,2)
936:(4,true,9,9,9,9,8,2)
937:(4,true,9,9,9,9,9,2)
938:(7,false,2,2,2,2,2,8)
939:(7,false,2,2,2,2,2,10)
940:(7,false,3,3,3,3,3,8)
941:(7,false,3,3,3,3,3,10)
942:(7,false,7,7,7,7,7,8)
943:(7,false,7,7,7,7,7,10)
944:(7,true,0,0,0,0,0,8)
945:(7,true,0,0,0,0,0,10)
946:(7,true,1,1,1,1,1,8)
947:(7,true,1,1,1,1,1,10)
948:(7,true,1,1,1,1,2,8)
949:(7,true,1,1,1,1,2,10)
950:(7,true,1,1,1,2,1,8)
951:(7,true,1,1,1,2,1,10)
952:(7,true,1,1,1,2,2,8)
953:(7,true,1,1,1,2,2,10)
954:(7,true,1,1,2,1,1,8)
955:(7,true,1,1,2,1,1,9)
956:(7,true,1,1,2,1,1,10)
957:(7,true,1,1,2,1,2,8)
958:(7,true,1,1,2,1,2,9)
959:(7,true,1,1,2,1,2,10)
960:(7,true,1,1,2,2,1,8)
961:(7,true,1,1,2,2,1,9)
962:(7,true,1,1,2,2,1,10)
963:(7,true,1,1,2,2,2,8)
964:(7,true,1,1,2,2,2,9)
965:(7,true,1,1,2,2,2,10)
966:(7,true,1,2,1,1,1,8)
967:(7,true,1,2,1,1,1,9)
968:(7,true,1,2,1,1,1,10)
969:(7,true,1,2,1,1,2,8)
970:(7,true,1,2,1,1,2,9)
971:(7,true,1,2,1,1,2,10)
972:(7,true,1,2,1,2,1,8)
973:(7,true,1,2,1,2,1,9)
974:(7,true,1,2,1,2,1,10)
975:(7,true,1,2,1,2,2,8)
976:(7,true,1,2,1,2,2,9)
977:(7,true,1,2,1,2,2,10)
978:(7,true,1,2,2,1,1,8)
979:(7,true,1,2,2,1,1,9)
980:(7,true,1,2,2,1,1,10)
981:(7,true,1,2,2,1,2,8)
982:(7,true,1,2,2,1,2,9)
983:(7,true,1,2,2,1,2,10)
984:(7,true,1,2,2,2,1,8)
985:(7,true,1,2,2,2,1,9)
986:(7,true,1,2,2,2,1,10)
987:(7,true,1,2,2,2,2,8)
988:(7,true,1,2,2,2,2,9)
989:(7,true,1,2,2,2,2,10)
990:(7,true,2,1,1,1,1,8)
991:(7,true,2,1,1,1,1,9)
992:(7,true,2,1,1,1,1,10)
993:(7,true,2,1,1,1,2,8)
994:(7,true,2,1,1,1,2,9)
995:(7,true,2,1,1,1,2,10)
996:(7,true,2,1,1,2,1,8)
997:(7,true,2,1,1,2,1,9)
998:(7,true,2,1,1,2,1,10)
999:(7,true,2,1,1,2,2,8)
1000:(7,true,2,1,1,2,2,9)
1001:(7,true,2,1,1,2,2,10)
1002:(7,true,2,1,2,1,1,8)
1003:(7,true,2,1,2,1,1,9)
1004:(7,true,2,1,2,1,1,10)
1005:(7,true,2,1,2,1,2,8)
1006:(7,true,2,1,2,1,2,9)
1007:(7,true,2,1,2,1,2,10)
1008:(7,true,2,1,2,2,1,8)
1009:(7,true,2,1,2,2,1,9)
1010:(7,true,2,1,2,2,1,10)
1011:(7,true,2,1,2,2,2,8)
1012:(7,true,2,1,2,2,2,9)
1013:(7,true,2,1,2,2,2,10)
1014:(7,true,2,2,1,1,1,8)
1015:(7,true,2,2,1,1,1,9)
1016:(7,true,2,2,1,1,1,10)
1017:(7,true,2,2,1,1,2,8)
1018:(7,true,2,2,1,1,2,9)
1019:(7,true,2,2,1,1,2,10)
1020:(7,true,2,2,1,2,1,8)
1021:(7,true,2,2,1,2,1,9)
1022:(7,true,2,2,1,2,1,10)
1023:(7,true,2,2,1,2,2,8)
1024:(7,true,2,2,1,2,2,9)
1025:(7,true,2,2,1,2,2,10)
1026:(7,true,2,2,2,1,1,8)
1027:(7,true,2,2,2,1,1,9)
1028:(7,true,2,2,2,1,1,10)
1029:(7,true,2,2,2,1,2,8)
1030:(7,true,2,2,2,1,2,9)
1031:(7,true,2,2,2,1,2,10)
1032:(7,true,2,2,2,2,1,8)
1033:(7,true,2,2,2,2,1,9)
1034:(7,true,2,2,2,2,1,10)
1035:(7,true,2,2,2,2,2,8)
1036:(7,true,2,2,2,2,2,9)
1037:(7,true,2,2,2,2,2,10)
1038:(7,true,3,3,3,3,3,8)
1039:(7,true,3,3,3,3,3,9)
1040:(7,true,3,3,3,3,3,10)
1041:(7,true,3,3,3,3,4,8)
1042:(7,true,3,3,3,3,4,9)
1043:(7,true,3,3,3,3,4,10)
1044:(7,true,3,3,3,4,3,8)
1045:(7,true,3,3,3,4,3,9)
1046:(7,true,3,3,3,4,3,10)
1047:(7,true,3,3,3,4,4,8)
1048:(7,true,3,3,3,4,4,9)
1049:(7,true,3,3,3,4,4,10)
1050:(7,true,3,3,4,3,3,8)
1051:(7,true,3,3,4,3,3,9)
1052:(7,true,3,3,4,3,3,10)
1053:(7,true,3,3,4,3,4,8)
1054:(7,true,3,3,4,3,4,9)
1055:(7,true,3,3,4,3,4,10)
1056:(7,true,3,3,4,4,3,8)
1057:(7,true,3,3,4,4,3,9)
1058:(7,true,3,3,4,4,3,10)
1059:(7,true,3,3,4,4,4,8)
1060:(7,true,3,3,4,4,4,9)
1061:(7,true,3,3,4,4,4,10)
1062:(7,true,3,4,3,3,3,8)
1063:(7,true,3,4,3,3,3,9)
1064:(7,true,3,4,3,3,3,10)
1065:(7,true,3,4,3,3,4,8)
1066:(7,true,3,4,3,3,4,9)
1067:(7,true,3,4,3,3,4,10)
1068:(7,true,3,4,3,4,3,8)
1069:(7,true,3,4,3,4,3,9)
1070:(7,true,3,4,3,4,3,10)
1071:(7,true,3,4,3,4,4,8)
1072:(7,true,3,4,3,4,4,9)
1073:(7,true,3,4,3,4,4,10)
1074:(7,true,3,4,4,3,3,8)
1075:(7,true,3,4,4,3,3,9)
1076:(7,true,3,4,4,3,3,10)
1077:(7,true,3,4,4,3,4,8)
1078:(7,true,3,4,4,3,4,9)
1079:(7,true,3,4,4,3,4,10)
1080:(7,true,3,4,4,4,3,8)
1081:(7,true,3,4,4,4,3,9)
1082:(7,true,3,4,4,4,3,10)
1083:(7,true,3,4,4,4,4,8)
1084:(7,true,3,4,4,4,4,9)
1085:(7,true,3,4,4,4,4,10)
1086:(7,true,4,3,3,3,3,8)
1087:(7,true,4,3,3,3,3,9)
1088:(7,true,4,3,3,3,3,10)
1089:(7,true,4,3,3,3,4,8)
1090:(7,true,4,3,3,3,4,9)
1091:(7,true,4,3,3,3,4,10)
1092:(7,true,4,3,3,4,3,8)
1093:(7,true,4,3,3,4,3,9)
1094:(7,true,4,3,3,4,3,10)
1095:(7,true,4,3,3,4,4,8)
1096:(7,true,4,3,3,4,4,9)
1097:(7,true,4,3,3,4,4,10)
1098:(7,true,4,3,4,3,3,8)
1099:(7,true,4,3,4,3,3,9)
1100:(7,true,4,3,4,3,3,10)
1101:(7,true,4,3,4,3,4,8)
1102:(7,true,4,3,4,3,4,9)
1103:(7,true,4,3,4,3,4,10)
1104:(7,true,4,3,4,4,3,8)
1105:(7,true,4,3,4,4,3,9)
1106:(7,true,4,3,4,4,3,10)
1107:(7,true,4,3,4,4,4,8)
1108:(7,true,4,3,4,4,4,9)
1109:(7,true,4,3,4,4,4,10)
1110:(7,true,4,4,3,3,3,8)
1111:(7,true,4,4,3,3,3,9)
1112:(7,true,4,4,3,3,3,10)
1113:(7,true,4,4,3,3,4,8)
1114:(7,true,4,4,3,3,4,9)
1115:(7,true,4,4,3,3,4,10)
1116:(7,true,4,4,3,4,3,8)
1117:(7,true,4,4,3,4,3,9)
1118:(7,true,4,4,3,4,3,10)
1119:(7,true,4,4,3,4,4,8)
1120:(7,true,4,4,3,4,4,9)
1121:(7,true,4,4,3,4,4,10)
1122:(7,true,4,4,4,3,3,8)
1123:(7,true,4,4,4,3,3,9)
1124:(7,true,4,4,4,3,3,10)
1125:(7,true,4,4,4,3,4,8)
1126:(7,true,4,4,4,3,4,9)
1127:(7,true,4,4,4,3,4,10)
1128:(7,true,4,4,4,4,3,8)
1129:(7,true,4,4,4,4,3,9)
1130:(7,true,4,4,4,4,3,10)
1131:(7,true,4,4,4,4,4,8)
1132:(7,true,4,4,4,4,4,9)
1133:(7,true,4,4,4,4,4,10)
1134:(7,true,7,7,7,7,7,8)
1135:(7,true,7,7,7,7,7,10)
1136:(7,true,7,7,7,7,8,8)
1137:(7,true,7,7,7,7,8,10)
1138:(7,true,7,7,7,7,9,8)
1139:(7,true,7,7,7,7,9,10)
1140:(7,true,7,7,7,8,7,8)
1141:(7,true,7,7,7,8,7,10)
1142:(7,true,7,7,7,8,8,8)
1143:(7,true,7,7,7,8,8,10)
1144:(7,true,7,7,7,8,9,8)
1145:(7,true,7,7,7,8,9,10)
1146:(7,true,7,7,7,9,7,8)
1147:(7,true,7,7,7,9,7,10)
1148:(7,true,7,7,7,9,8,8)
1149:(7,true,7,7,7,9,8,10)
1150:(7,true,7,7,7,9,9,8)
1151:(7,true,7,7,7,9,9,10)
1152:(7,true,7,7,8,7,7,8)
1153:(7,true,7,7,8,7,7,9)
1154:(7,true,7,7,8,7,7,10)
1155:(7,true,7,7,8,7,8,8)
1156:(7,true,7,7,8,7,8,9)
1157:(7,true,7,7,8,7,8,10)
1158:(7,true,7,7,8,7,9,8)
1159:(7,true,7,7,8,7,9,9)
1160:(7,true,7,7,8,7,9,10)
1161:(7,true,7,7,8,8,7,8)
1162:(7,true,7,7,8,8,7,9)
1163:(7,true,7,7,8,8,7,10)
1164:(7,true,7,7,8,8,8,8)
1165:(7,true,7,7,8,8,8,9)
1166:(7,true,7,7,8,8,8,10)
1167:(7,true,7,7,8,8,9,8)
1168:(7,true,7,7,8,8,9,9)
1169:(7,true,7,7,8,8,9,10)
1170:(7,true,7,7,8,9,7,8)
1171:(7,true,7,7,8,9,7,9)
1172:(7,true,7,7,8,9,7,10)
1173:(7,true,7,7,8,9,8,8)
1174:(7,true,7,7,8,9,8,9)
1175:(7,true,7,7,8,9,8,10)
1176:(7,true,7,7,8,9,9,8)
1177:(7,true,7,7,8,9,9,9)
1178:(7,true,7,7,8,9,9,10)
1179:(7,true,7,7,9,7,7,8)
1180:(7,true,7,7,9,7,7,9)
1181:(7,true,7,7,9,7,7,10)
1182:(7,true,7,7,9,7,8,8)
1183:(7,true,7,7,9,7,8,9)
1184:(7,true,7,7,9,7,8,10)
1185:(7,true,7,7,9,7,9,8)
1186:(7,true,7,7,9,7,9,9)
1187:(7,true,7,7,9,7,9,10)
1188:(7,true,7,7,9,8,7,8)
1189:(7,true,7,7,9,8,7,9)
1190:(7,true,7,7,9,8,7,10)
1191:(7,true,7,7,9,8,8,8)
1192:(7,true,7,7,9,8,8,9)
1193:(7,true,7,7,9,8,8,10)
1194:(7,true,7,7,9,8,9,8)
1195:(7,true,7,7,9,8,9,9)
1196:(7,true,7,7,9,8,9,10)
1197:(7,true,7,7,9,9,7,8)
1198:(7,true,7,7,9,9,7,9)
1199:(7,true,7,7,9,9,7,10)
1200:(7,true,7,7,9,9,8,8)
1201:(7,true,7,7,9,9,8,9)
1202:(7,true,7,7,9,9,8,10)
1203:(7,true,7,7,9,9,9,8)
1204:(7,true,7,7,9,9,9,9)
1205:(7,true,7,7,9,9,9,10)
1206:(7,true,7,8,7,7,7,8)
1207:(7,true,7,8,7,7,7,9)
1208:(7,true,7,8,7,7,7,10)
1209:(7,true,7,8,7,7,8,8)
1210:(7,true,7,8,7,7,8,9)
1211:(7,true,7,8,7,7,8,10)
1212:(7,true,7,8,7,7,9,8)
1213:(7,true,7,8,7,7,9,9)
1214:(7,true,7,8,7,7,9,10)
1215:(7,true,7,8,7,8,7,8)
1216:(7,true,7,8,7,8,7,9)
1217:(7,true,7,8,7,8,7,10)
1218:(7,true,7,8,7,8,8,8)
1219:(7,true,7,8,7,8,8,9)
1220:(7,true,7,8,7,8,8,10)
1221:(7,true,7,8,7,8,9,8)
1222:(7,true,7,8,7,8,9,9)
1223:(7,true,7,8,7,8,9,10)
1224:(7,true,7,8,7,9,7,8)
1225:(7,true,7,8,7,9,7,9)
1226:(7,true,7,8,7,9,7,10)
1227:(7,true,7,8,7,9,8,8)
1228:(7,true,7,8,7,9,8,9)
1229:(7,true,7,8,7,9,8,10)
1230:(7,true,7,8,7,9,9,8)
1231:(7,true,7,8,7,9,9,9)
1232:(7,true,7,8,7,9,9,10)
1233:(7,true,7,8,8,7,7,8)
1234:(7,true,7,8,8,7,7,9)
1235:(7,true,7,8,8,7,7,10)
1236:(7,true,7,8,8,7,8,8)
1237:(7,true,7,8,8,7,8,9)
1238:(7,true,7,8,8,7,8,10)
1239:(7,true,7,8,8,7,9,8)
1240:(7,true,7,8,8,7,9,9)
1241:(7,true,7,8,8,7,9,10)
1242:(7,true,7,8,8,8,7,8)
1243:(7,true,7,8,8,8,7,9)
1244:(7,true,7,8,8,8,7,10)
1245:(7,true,7,8,8,8,8,8)
1246:(7,true,7,8,8,8,8,9)
1247:(7,true,7,8,8,8,8,10)
1248:(7,true,7,8,8,8,9,8)
1249:(7,true,7,8,8,8,9,9)
1250:(7,true,7,8,8,8,9,10)
1251:(7,true,7,8,8,9,7,8)
1252:(7,true,7,8,8,9,7,9)
1253:(7,true,7,8,8,9,7,10)
1254:(7,true,7,8,8,9,8,8)
1255:(7,true,7,8,8,9,8,9)
1256:(7,true,7,8,8,9,8,10)
1257:(7,true,7,8,8,9,9,8)
1258:(7,true,7,8,8,9,9,9)
1259:(7,true,7,8,8,9,9,10)
1260:(7,true,7,8,9,7,7,8)
1261:(7,true,7,8,9,7,7,9)
1262:(7,true,7,8,9,7,7,10)
1263:(7,true,7,8,9,7,8,8)
1264:(7,true,7,8,9,7,8,9)
1265:(7,true,7,8,9,7,8,10)
1266:(7,true,7,8,9,7,9,8)
1267:(7,true,7,8,9,7,9,9)
1268:(7,true,7,8,9,7,9,10)
1269:(7,true,7,8,9,8,7,8)
1270:(7,true,7,8,9,8,7,9)
1271:(7,true,7,8,9,8,7,10)
1272:(7,true,7,8,9,8,8,8)
1273:(7,true,7,8,9,8,8,9)
1274:(7,true,7,8,9,8,8,10)
1275:(7,true,7,8,9,8,9,8)
1276:(7,true,7,8,9,8,9,9)
1277:(7,true,7,8,9,8,9,10)
1278:(7,true,7,8,9,9,7,8)
1279:(7,true,7,8,9,9,7,9)
1280:(7,true,7,8,9,9,7,10)
1281:(7,true,7,8,9,9,8,8)
1282:(7,true,7,8,9,9,8,9)
1283:(7,true,7,8,9,9,8,10)
1284:(7,true,7,8,9,9,9,8)
1285:(7,true,7,8,9,9,9,9)
1286:(7,true,7,8,9,9,9,10)
1287:(7,true,7,9,7,7,7,8)
1288:(7,true,7,9,7,7,7,9)
1289:(7,true,7,9,7,7,7,10)
1290:(7,true,7,9,7,7,8,8)
1291:(7,true,7,9,7,7,8,9)
1292:(7,true,7,9,7,7,8,10)
1293:(7,true,7,9,7,7,9,8)
1294:(7,true,7,9,7,7,9,9)
1295:(7,true,7,9,7,7,9,10)
1296:(7,true,7,9,7,8,7,8)
1297:(7,true,7,9,7,8,7,9)
1298:(7,true,7,9,7,8,7,10)
1299:(7,true,7,9,7,8,8,8)
1300:(7,true,7,9,7,8,8,9)
1301:(7,true,7,9,7,8,8,10)
1302:(7,true,7,9,7,8,9,8)
1303:(7,true,7,9,7,8,9,9)
1304:(7,true,7,9,7,8,9,10)
1305:(7,true,7,9,7,9,7,8)
1306:(7,true,7,9,7,9,7,9)
1307:(7,true,7,9,7,9,7,10)
1308:(7,true,7,9,7,9,8,8)
1309:(7,true,7,9,7,9,8,9)
1310:(7,true,7,9,7,9,8,10)
1311:(7,true,7,9,7,9,9,8)
1312:(7,true,7,9,7,9,9,9)
1313:(7,true,7,9,7,9,9,10)
1314:(7,true,7,9,8,7,7,8)
1315:(7,true,7,9,8,7,7,9)
1316:(7,true,7,9,8,7,7,10)
1317:(7,true,7,9,8,7,8,8)
1318:(7,true,7,9,8,7,8,9)
1319:(7,true,7,9,8,7,8,10)
1320:(7,true,7,9,8,7,9,8)
1321:(7,true,7,9,8,7,9,9)
1322:(7,true,7,9,8,7,9,10)
1323:(7,true,7,9,8,8,7,8)
1324:(7,true,7,9,8,8,7,9)
1325:(7,true,7,9,8,8,7,10)
1326:(7,true,7,9,8,8,8,8)
1327:(7,true,7,9,8,8,8,9)
1328:(7,true,7,9,8,8,8,10)
1329:(7,true,7,9,8,8,9,8)
1330:(7,true,7,9,8,8,9,9)
1331:(7,true,7,9,8,8,9,10)
1332:(7,true,7,9,8,9,7,8)
1333:(7,true,7,9,8,9,7,9)
1334:(7,true,7,9,8,9,7,10)
1335:(7,true,7,9,8,9,8,8)
1336:(7,true,7,9,8,9,8,9)
1337:(7,true,7,9,8,9,8,10)
1338:(7,true,7,9,8,9,9,8)
1339:(7,true,7,9,8,9,9,9)
1340:(7,true,7,9,8,9,9,10)
1341:(7,true,7,9,9,7,7,8)
1342:(7,true,7,9,9,7,7,9)
1343:(7,true,7,9,9,7,7,10)
1344:(7,true,7,9,9,7,8,8)
1345:(7,true,7,9,9,7,8,9)
1346:(7,true,7,9,9,7,8,10)
1347:(7,true,7,9,9,7,9,8)
1348:(7,true,7,9,9,7,9,9)
1349:(7,true,7,9,9,7,9,10)
1350:(7,true,7,9,9,8,7,8)
1351:(7,true,7,9,9,8,7,9)
1352:(7,true,7,9,9,8,7,10)
1353:(7,true,7,9,9,8,8,8)
1354:(7,true,7,9,9,8,8,9)
1355:(7,true,7,9,9,8,8,10)
1356:(7,true,7,9,9,8,9,8)
1357:(7,true,7,9,9,8,9,9)
1358:(7,true,7,9,9,8,9,10)
1359:(7,true,7,9,9,9,7,8)
1360:(7,true,7,9,9,9,7,9)
1361:(7,true,7,9,9,9,7,10)
1362:(7,true,7,9,9,9,8,8)
1363:(7,true,7,9,9,9,8,9)
1364:(7,true,7,9,9,9,8,10)
1365:(7,true,7,9,9,9,9,8)
1366:(7,true,7,9,9,9,9,9)
1367:(7,true,7,9,9,9,9,10)
1368:(7,true,8,7,7,7,7,8)
1369:(7,true,8,7,7,7,7,9)
1370:(7,true,8,7,7,7,7,10)
1371:(7,true,8,7,7,7,8,8)
1372:(7,true,8,7,7,7,8,9)
1373:(7,true,8,7,7,7,8,10)
1374:(7,true,8,7,7,7,9,8)
1375:(7,true,8,7,7,7,9,9)
1376:(7,true,8,7,7,7,9,10)
1377:(7,true,8,7,7,8,7,8)
1378:(7,true,8,7,7,8,7,9)
1379:(7,true,8,7,7,8,7,10)
1380:(7,true,8,7,7,8,8,8)
1381:(7,true,8,7,7,8,8,9)
1382:(7,true,8,7,7,8,8,10)
1383:(7,true,8,7,7,8,9,8)
1384:(7,true,8,7,7,8,9,9)
1385:(7,true,8,7,7,8,9,10)
1386:(7,true,8,7,7,9,7,8)
1387:(7,true,8,7,7,9,7,9)
1388:(7,true,8,7,7,9,7,10)
1389:(7,true,8,7,7,9,8,8)
1390:(7,true,8,7,7,9,8,9)
1391:(7,true,8,7,7,9,8,10)
1392:(7,true,8,7,7,9,9,8)
1393:(7,true,8,7,7,9,9,9)
1394:(7,true,8,7,7,9,9,10)
1395:(7,true,8,7,8,7,7,8)
1396:(7,true,8,7,8,7,7,9)
1397:(7,true,8,7,8,7,7,10)
1398:(7,true,8,7,8,7,8,8)
1399:(7,true,8,7,8,7,8,9)
1400:(7,true,8,7,8,7,8,10)
1401:(7,true,8,7,8,7,9,8)
1402:(7,true,8,7,8,7,9,9)
1403:(7,true,8,7,8,7,9,10)
1404:(7,true,8,7,8,8,7,8)
1405:(7,true,8,7,8,8,7,9)
1406:(7,true,8,7,8,8,7,10)
1407:(7,true,8,7,8,8,8,8)
1408:(7,true,8,7,8,8,8,9)
1409:(7,true,8,7,8,8,8,10)
1410:(7,true,8,7,8,8,9,8)
1411:(7,true,8,7,8,8,9,9)
1412:(7,true,8,7,8,8,9,10)
1413:(7,true,8,7,8,9,7,8)
1414:(7,true,8,7,8,9,7,9)
1415:(7,true,8,7,8,9,7,10)
1416:(7,true,8,7,8,9,8,8)
1417:(7,true,8,7,8,9,8,9)
1418:(7,true,8,7,8,9,8,10)
1419:(7,true,8,7,8,9,9,8)
1420:(7,true,8,7,8,9,9,9)
1421:(7,true,8,7,8,9,9,10)
1422:(7,true,8,7,9,7,7,8)
1423:(7,true,8,7,9,7,7,9)
1424:(7,true,8,7,9,7,7,10)
1425:(7,true,8,7,9,7,8,8)
1426:(7,true,8,7,9,7,8,9)
1427:(7,true,8,7,9,7,8,10)
1428:(7,true,8,7,9,7,9,8)
1429:(7,true,8,7,9,7,9,9)
1430:(7,true,8,7,9,7,9,10)
1431:(7,true,8,7,9,8,7,8)
1432:(7,true,8,7,9,8,7,9)
1433:(7,true,8,7,9,8,7,10)
1434:(7,true,8,7,9,8,8,8)
1435:(7,true,8,7,9,8,8,9)
1436:(7,true,8,7,9,8,8,10)
1437:(7,true,8,7,9,8,9,8)
1438:(7,true,8,7,9,8,9,9)
1439:(7,true,8,7,9,8,9,10)
1440:(7,true,8,7,9,9,7,8)
1441:(7,true,8,7,9,9,7,9)
1442:(7,true,8,7,9,9,7,10)
1443:(7,true,8,7,9,9,8,8)
1444:(7,true,8,7,9,9,8,9)
1445:(7,true,8,7,9,9,8,10)
1446:(7,true,8,7,9,9,9,8)
1447:(7,true,8,7,9,9,9,9)
1448:(7,true,8,7,9,9,9,10)
1449:(7,true,8,8,7,7,7,8)
1450:(7,true,8,8,7,7,7,9)
1451:(7,true,8,8,7,7,7,10)
1452:(7,true,8,8,7,7,8,8)
1453:(7,true,8,8,7,7,8,9)
1454:(7,true,8,8,7,7,8,10)
1455:(7,true,8,8,7,7,9,8)
1456:(7,true,8,8,7,7,9,9)
1457:(7,true,8,8,7,7,9,10)
1458:(7,true,8,8,7,8,7,8)
1459:(7,true,8,8,7,8,7,9)
1460:(7,true,8,8,7,8,7,10)
1461:(7,true,8,8,7,8,8,8)
1462:(7,true,8,8,7,8,8,9)
1463:(7,true,8,8,7,8,8,10)
1464:(7,true,8,8,7,8,9,8)
1465:(7,true,8,8,7,8,9,9)
1466:(7,true,8,8,7,8,9,10)
1467:(7,true,8,8,7,9,7,8)
1468:(7,true,8,8,7,9,7,9)
1469:(7,true,8,8,7,9,7,10)
1470:(7,true,8,8,7,9,8,8)
1471:(7,true,8,8,7,9,8,9)
1472:(7,true,8,8,7,9,8,10)
1473:(7,true,8,8,7,9,9,8)
1474:(7,true,8,8,7,9,9,9)
1475:(7,true,8,8,7,9,9,10)
1476:(7,true,8,8,8,7,7,8)
1477:(7,true,8,8,8,7,7,9)
1478:(7,true,8,8,8,7,7,10)
1479:(7,true,8,8,8,7,8,8)
1480:(7,true,8,8,8,7,8,9)
1481:(7,true,8,8,8,7,8,10)
1482:(7,true,8,8,8,7,9,8)
1483:(7,true,8,8,8,7,9,9)
1484:(7,true,8,8,8,7,9,10)
1485:(7,true,8,8,8,8,7,8)
1486:(7,true,8,8,8,8,7,9)
1487:(7,true,8,8,8,8,7,10)
1488:(7,true,8,8,8,8,8,8)
1489:(7,true,8,8,8,8,8,9)
1490:(7,true,8,8,8,8,8,10)
1491:(7,true,8,8,8,8,9,8)
1492:(7,true,8,8,8,8,9,9)
1493:(7,true,8,8,8,8,9,10)
1494:(7,true,8,8,8,9,7,8)
1495:(7,true,8,8,8,9,7,9)
1496:(7,true,8,8,8,9,7,10)
1497:(7,true,8,8,8,9,8,8)
1498:(7,true,8,8,8,9,8,9)
1499:(7,true,8,8,8,9,8,10)
1500:(7,true,8,8,8,9,9,8)
1501:(7,true,8,8,8,9,9,9)
1502:(7,true,8,8,8,9,9,10)
1503:(7,true,8,8,9,7,7,8)
1504:(7,true,8,8,9,7,7,9)
1505:(7,true,8,8,9,7,7,10)
1506:(7,true,8,8,9,7,8,8)
1507:(7,true,8,8,9,7,8,9)
1508:(7,true,8,8,9,7,8,10)
1509:(7,true,8,8,9,7,9,8)
1510:(7,true,8,8,9,7,9,9)
1511:(7,true,8,8,9,7,9,10)
1512:(7,true,8,8,9,8,7,8)
1513:(7,true,8,8,9,8,7,9)
1514:(7,true,8,8,9,8,7,10)
1515:(7,true,8,8,9,8,8,8)
1516:(7,true,8,8,9,8,8,9)
1517:(7,true,8,8,9,8,8,10)
1518:(7,true,8,8,9,8,9,8)
1519:(7,true,8,8,9,8,9,9)
1520:(7,true,8,8,9,8,9,10)
1521:(7,true,8,8,9,9,7,8)
1522:(7,true,8,8,9,9,7,9)
1523:(7,true,8,8,9,9,7,10)
1524:(7,true,8,8,9,9,8,8)
1525:(7,true,8,8,9,9,8,9)
1526:(7,true,8,8,9,9,8,10)
1527:(7,true,8,8,9,9,9,8)
1528:(7,true,8,8,9,9,9,9)
1529:(7,true,8,8,9,9,9,10)
1530:(7,true,8,9,7,7,7,8)
1531:(7,true,8,9,7,7,7,9)
1532:(7,true,8,9,7,7,7,10)
1533:(7,true,8,9,7,7,8,8)
1534:(7,true,8,9,7,7,8,9)
1535:(7,true,8,9,7,7,8,10)
1536:(7,true,8,9,7,7,9,8)
1537:(7,true,8,9,7,7,9,9)
1538:(7,true,8,9,7,7,9,10)
1539:(7,true,8,9,7,8,7,8)
1540:(7,true,8,9,7,8,7,9)
1541:(7,true,8,9,7,8,7,10)
1542:(7,true,8,9,7,8,8,8)
1543:(7,true,8,9,7,8,8,9)
1544:(7,true,8,9,7,8,8,10)
1545:(7,true,8,9,7,8,9,8)
1546:(7,true,8,9,7,8,9,9)
1547:(7,true,8,9,7,8,9,10)
1548:(7,true,8,9,7,9,7,8)
1549:(7,true,8,9,7,9,7,9)
1550:(7,true,8,9,7,9,7,10)
1551:(7,true,8,9,7,9,8,8)
1552:(7,true,8,9,7,9,8,9)
1553:(7,true,8,9,7,9,8,10)
1554:(7,true,8,9,7,9,9,8)
1555:(7,true,8,9,7,9,9,9)
1556:(7,true,8,9,7,9,9,10)
1557:(7,true,8,9,8,7,7,8)
1558:(7,true,8,9,8,7,7,9)
1559:(7,true,8,9,8,7,7,10)
1560:(7,true,8,9,8,7,8,8)
1561:(7,true,8,9,8,7,8,9)
1562:(7,true,8,9,8,7,8,10)
1563:(7,true,8,9,8,7,9,8)
1564:(7,true,8,9,8,7,9,9)
1565:(7,true,8,9,8,7,9,10)
1566:(7,true,8,9,8,8,7,8)
1567:(7,true,8,9,8,8,7,9)
1568:(7,true,8,9,8,8,7,10)
1569:(7,true,8,9,8,8,8,8)
1570:(7,true,8,9,8,8,8,9)
1571:(7,true,8,9,8,8,8,10)
1572:(7,true,8,9,8,8,9,8)
1573:(7,true,8,9,8,8,9,9)
1574:(7,true,8,9,8,8,9,10)
1575:(7,true,8,9,8,9,7,8)
1576:(7,true,8,9,8,9,7,9)
1577:(7,true,8,9,8,9,7,10)
1578:(7,true,8,9,8,9,8,8)
1579:(7,true,8,9,8,9,8,9)
1580:(7,true,8,9,8,9,8,10)
1581:(7,true,8,9,8,9,9,8)
1582:(7,true,8,9,8,9,9,9)
1583:(7,true,8,9,8,9,9,10)
1584:(7,true,8,9,9,7,7,8)
1585:(7,true,8,9,9,7,7,9)
1586:(7,true,8,9,9,7,7,10)
1587:(7,true,8,9,9,7,8,8)
1588:(7,true,8,9,9,7,8,9)
1589:(7,true,8,9,9,7,8,10)
1590:(7,true,8,9,9,7,9,8)
1591:(7,true,8,9,9,7,9,9)
1592:(7,true,8,9,9,7,9,10)
1593:(7,true,8,9,9,8,7,8)
1594:(7,true,8,9,9,8,7,9)
1595:(7,true,8,9,9,8,7,10)
1596:(7,true,8,9,9,8,8,8)
1597:(7,true,8,9,9,8,8,9)
1598:(7,true,8,9,9,8,8,10)
1599:(7,true,8,9,9,8,9,8)
1600:(7,true,8,9,9,8,9,9)
1601:(7,true,8,9,9,8,9,10)
1602:(7,true,8,9,9,9,7,8)
1603:(7,true,8,9,9,9,7,9)
1604:(7,true,8,9,9,9,7,10)
1605:(7,true,8,9,9,9,8,8)
1606:(7,true,8,9,9,9,8,9)
1607:(7,true,8,9,9,9,8,10)
1608:(7,true,8,9,9,9,9,8)
1609:(7,true,8,9,9,9,9,9)
1610:(7,true,8,9,9,9,9,10)
1611:(7,true,9,7,7,7,7,8)
1612:(7,true,9,7,7,7,7,9)
1613:(7,true,9,7,7,7,7,10)
1614:(7,true,9,7,7,7,8,8)
1615:(7,true,9,7,7,7,8,9)
1616:(7,true,9,7,7,7,8,10)
1617:(7,true,9,7,7,7,9,8)
1618:(7,true,9,7,7,7,9,9)
1619:(7,true,9,7,7,7,9,10)
1620:(7,true,9,7,7,8,7,8)
1621:(7,true,9,7,7,8,7,9)
1622:(7,true,9,7,7,8,7,10)
1623:(7,true,9,7,7,8,8,8)
1624:(7,true,9,7,7,8,8,9)
1625:(7,true,9,7,7,8,8,10)
1626:(7,true,9,7,7,8,9,8)
1627:(7,true,9,7,7,8,9,9)
1628:(7,true,9,7,7,8,9,10)
1629:(7,true,9,7,7,9,7,8)
1630:(7,true,9,7,7,9,7,9)
1631:(7,true,9,7,7,9,7,10)
1632:(7,true,9,7,7,9,8,8)
1633:(7,true,9,7,7,9,8,9)
1634:(7,true,9,7,7,9,8,10)
1635:(7,true,9,7,7,9,9,8)
1636:(7,true,9,7,7,9,9,9)
1637:(7,true,9,7,7,9,9,10)
1638:(7,true,9,7,8,7,7,8)
1639:(7,true,9,7,8,7,7,9)
1640:(7,true,9,7,8,7,7,10)
1641:(7,true,9,7,8,7,8,8)
1642:(7,true,9,7,8,7,8,9)
1643:(7,true,9,7,8,7,8,10)
1644:(7,true,9,7,8,7,9,8)
1645:(7,true,9,7,8,7,9,9)
1646:(7,true,9,7,8,7,9,10)
1647:(7,true,9,7,8,8,7,8)
1648:(7,true,9,7,8,8,7,9)
1649:(7,true,9,7,8,8,7,10)
1650:(7,true,9,7,8,8,8,8)
1651:(7,true,9,7,8,8,8,9)
1652:(7,true,9,7,8,8,8,10)
1653:(7,true,9,7,8,8,9,8)
1654:(7,true,9,7,8,8,9,9)
1655:(7,true,9,7,8,8,9,10)
1656:(7,true,9,7,8,9,7,8)
1657:(7,true,9,7,8,9,7,9)
1658:(7,true,9,7,8,9,7,10)
1659:(7,true,9,7,8,9,8,8)
1660:(7,true,9,7,8,9,8,9)
1661:(7,true,9,7,8,9,8,10)
1662:(7,true,9,7,8,9,9,8)
1663:(7,true,9,7,8,9,9,9)
1664:(7,true,9,7,8,9,9,10)
1665:(7,true,9,7,9,7,7,8)
1666:(7,true,9,7,9,7,7,9)
1667:(7,true,9,7,9,7,7,10)
1668:(7,true,9,7,9,7,8,8)
1669:(7,true,9,7,9,7,8,9)
1670:(7,true,9,7,9,7,8,10)
1671:(7,true,9,7,9,7,9,8)
1672:(7,true,9,7,9,7,9,9)
1673:(7,true,9,7,9,7,9,10)
1674:(7,true,9,7,9,8,7,8)
1675:(7,true,9,7,9,8,7,9)
1676:(7,true,9,7,9,8,7,10)
1677:(7,true,9,7,9,8,8,8)
1678:(7,true,9,7,9,8,8,9)
1679:(7,true,9,7,9,8,8,10)
1680:(7,true,9,7,9,8,9,8)
1681:(7,true,9,7,9,8,9,9)
1682:(7,true,9,7,9,8,9,10)
1683:(7,true,9,7,9,9,7,8)
1684:(7,true,9,7,9,9,7,9)
1685:(7,true,9,7,9,9,7,10)
1686:(7,true,9,7,9,9,8,8)
1687:(7,true,9,7,9,9,8,9)
1688:(7,true,9,7,9,9,8,10)
1689:(7,true,9,7,9,9,9,8)
1690:(7,true,9,7,9,9,9,9)
1691:(7,true,9,7,9,9,9,10)
1692:(7,true,9,8,7,7,7,8)
1693:(7,true,9,8,7,7,7,9)
1694:(7,true,9,8,7,7,7,10)
1695:(7,true,9,8,7,7,8,8)
1696:(7,true,9,8,7,7,8,9)
1697:(7,true,9,8,7,7,8,10)
1698:(7,true,9,8,7,7,9,8)
1699:(7,true,9,8,7,7,9,9)
1700:(7,true,9,8,7,7,9,10)
1701:(7,true,9,8,7,8,7,8)
1702:(7,true,9,8,7,8,7,9)
1703:(7,true,9,8,7,8,7,10)
1704:(7,true,9,8,7,8,8,8)
1705:(7,true,9,8,7,8,8,9)
1706:(7,true,9,8,7,8,8,10)
1707:(7,true,9,8,7,8,9,8)
1708:(7,true,9,8,7,8,9,9)
1709:(7,true,9,8,7,8,9,10)
1710:(7,true,9,8,7,9,7,8)
1711:(7,true,9,8,7,9,7,9)
1712:(7,true,9,8,7,9,7,10)
1713:(7,true,9,8,7,9,8,8)
1714:(7,true,9,8,7,9,8,9)
1715:(7,true,9,8,7,9,8,10)
1716:(7,true,9,8,7,9,9,8)
1717:(7,true,9,8,7,9,9,9)
1718:(7,true,9,8,7,9,9,10)
1719:(7,true,9,8,8,7,7,8)
1720:(7,true,9,8,8,7,7,9)
1721:(7,true,9,8,8,7,7,10)
1722:(7,true,9,8,8,7,8,8)
1723:(7,true,9,8,8,7,8,9)
1724:(7,true,9,8,8,7,8,10)
1725:(7,true,9,8,8,7,9,8)
1726:(7,true,9,8,8,7,9,9)
1727:(7,true,9,8,8,7,9,10)
1728:(7,true,9,8,8,8,7,8)
1729:(7,true,9,8,8,8,7,9)
1730:(7,true,9,8,8,8,7,10)
1731:(7,true,9,8,8,8,8,8)
1732:(7,true,9,8,8,8,8,9)
1733:(7,true,9,8,8,8,8,10)
1734:(7,true,9,8,8,8,9,8)
1735:(7,true,9,8,8,8,9,9)
1736:(7,true,9,8,8,8,9,10)
1737:(7,true,9,8,8,9,7,8)
1738:(7,true,9,8,8,9,7,9)
1739:(7,true,9,8,8,9,7,10)
1740:(7,true,9,8,8,9,8,8)
1741:(7,true,9,8,8,9,8,9)
1742:(7,true,9,8,8,9,8,10)
1743:(7,true,9,8,8,9,9,8)
1744:(7,true,9,8,8,9,9,9)
1745:(7,true,9,8,8,9,9,10)
1746:(7,true,9,8,9,7,7,8)
1747:(7,true,9,8,9,7,7,9)
1748:(7,true,9,8,9,7,7,10)
1749:(7,true,9,8,9,7,8,8)
1750:(7,true,9,8,9,7,8,9)
1751:(7,true,9,8,9,7,8,10)
1752:(7,true,9,8,9,7,9,8)
1753:(7,true,9,8,9,7,9,9)
1754:(7,true,9,8,9,7,9,10)
1755:(7,true,9,8,9,8,7,8)
1756:(7,true,9,8,9,8,7,9)
1757:(7,true,9,8,9,8,7,10)
1758:(7,true,9,8,9,8,8,8)
1759:(7,true,9,8,9,8,8,9)
1760:(7,true,9,8,9,8,8,10)
1761:(7,true,9,8,9,8,9,8)
1762:(7,true,9,8,9,8,9,9)
1763:(7,true,9,8,9,8,9,10)
1764:(7,true,9,8,9,9,7,8)
1765:(7,true,9,8,9,9,7,9)
1766:(7,true,9,8,9,9,7,10)
1767:(7,true,9,8,9,9,8,8)
1768:(7,true,9,8,9,9,8,9)
1769:(7,true,9,8,9,9,8,10)
1770:(7,true,9,8,9,9,9,8)
1771:(7,true,9,8,9,9,9,9)
1772:(7,true,9,8,9,9,9,10)
1773:(7,true,9,9,7,7,7,8)
1774:(7,true,9,9,7,7,7,9)
1775:(7,true,9,9,7,7,7,10)
1776:(7,true,9,9,7,7,8,8)
1777:(7,true,9,9,7,7,8,9)
1778:(7,true,9,9,7,7,8,10)
1779:(7,true,9,9,7,7,9,8)
1780:(7,true,9,9,7,7,9,9)
1781:(7,true,9,9,7,7,9,10)
1782:(7,true,9,9,7,8,7,8)
1783:(7,true,9,9,7,8,7,9)
1784:(7,true,9,9,7,8,7,10)
1785:(7,true,9,9,7,8,8,8)
1786:(7,true,9,9,7,8,8,9)
1787:(7,true,9,9,7,8,8,10)
1788:(7,true,9,9,7,8,9,8)
1789:(7,true,9,9,7,8,9,9)
1790:(7,true,9,9,7,8,9,10)
1791:(7,true,9,9,7,9,7,8)
1792:(7,true,9,9,7,9,7,9)
1793:(7,true,9,9,7,9,7,10)
1794:(7,true,9,9,7,9,8,8)
1795:(7,true,9,9,7,9,8,9)
1796:(7,true,9,9,7,9,8,10)
1797:(7,true,9,9,7,9,9,8)
1798:(7,true,9,9,7,9,9,9)
1799:(7,true,9,9,7,9,9,10)
1800:(7,true,9,9,8,7,7,8)
1801:(7,true,9,9,8,7,7,9)
1802:(7,true,9,9,8,7,7,10)
1803:(7,true,9,9,8,7,8,8)
1804:(7,true,9,9,8,7,8,9)
1805:(7,true,9,9,8,7,8,10)
1806:(7,true,9,9,8,7,9,8)
1807:(7,true,9,9,8,7,9,9)
1808:(7,true,9,9,8,7,9,10)
1809:(7,true,9,9,8,8,7,8)
1810:(7,true,9,9,8,8,7,9)
1811:(7,true,9,9,8,8,7,10)
1812:(7,true,9,9,8,8,8,8)
1813:(7,true,9,9,8,8,8,9)
1814:(7,true,9,9,8,8,8,10)
1815:(7,true,9,9,8,8,9,8)
1816:(7,true,9,9,8,8,9,9)
1817:(7,true,9,9,8,8,9,10)
1818:(7,true,9,9,8,9,7,8)
1819:(7,true,9,9,8,9,7,9)
1820:(7,true,9,9,8,9,7,10)
1821:(7,true,9,9,8,9,8,8)
1822:(7,true,9,9,8,9,8,9)
1823:(7,true,9,9,8,9,8,10)
1824:(7,true,9,9,8,9,9,8)
1825:(7,true,9,9,8,9,9,9)
1826:(7,true,9,9,8,9,9,10)
1827:(7,true,9,9,9,7,7,8)
1828:(7,true,9,9,9,7,7,9)
1829:(7,true,9,9,9,7,7,10)
1830:(7,true,9,9,9,7,8,8)
1831:(7,true,9,9,9,7,8,9)
1832:(7,true,9,9,9,7,8,10)
1833:(7,true,9,9,9,7,9,8)
1834:(7,true,9,9,9,7,9,9)
1835:(7,true,9,9,9,7,9,10)
1836:(7,true,9,9,9,8,7,8)
1837:(7,true,9,9,9,8,7,9)
1838:(7,true,9,9,9,8,7,10)
1839:(7,true,9,9,9,8,8,8)
1840:(7,true,9,9,9,8,8,9)
1841:(7,true,9,9,9,8,8,10)
1842:(7,true,9,9,9,8,9,8)
1843:(7,true,9,9,9,8,9,9)
1844:(7,true,9,9,9,8,9,10)
1845:(7,true,9,9,9,9,7,8)
1846:(7,true,9,9,9,9,7,9)
1847:(7,true,9,9,9,9,7,10)
1848:(7,true,9,9,9,9,8,8)
1849:(7,true,9,9,9,9,8,9)
1850:(7,true,9,9,9,9,8,10)
1851:(7,true,9,9,9,9,9,8)
1852:(7,true,9,9,9,9,9,9)
1853:(7,true,9,9,9,9,9,10)
1854:(8,false,4,4,4,4,4,8)
1855:(8,false,4,4,4,4,4,9)
1856:(8,false,8,8,8,8,8,8)
1857:(8,false,8,8,8,8,8,9)
1858:(8,true,0,0,0,0,0,8)
1859:(8,true,0,0,0,0,0,9)
1860:(8,true,1,1,1,1,1,8)
1861:(8,true,1,1,1,1,1,9)
1862:(8,true,1,1,1,1,2,8)
1863:(8,true,1,1,1,1,2,9)
1864:(8,true,1,1,1,2,1,8)
1865:(8,true,1,1,1,2,1,9)
1866:(8,true,1,1,1,2,2,8)
1867:(8,true,1,1,1,2,2,9)
1868:(8,true,1,1,2,1,1,8)
1869:(8,true,1,1,2,1,1,9)
1870:(8,true,1,1,2,1,2,8)
1871:(8,true,1,1,2,1,2,9)
1872:(8,true,1,1,2,2,1,8)
1873:(8,true,1,1,2,2,1,9)
1874:(8,true,1,1,2,2,2,8)
1875:(8,true,1,1,2,2,2,9)
1876:(8,true,1,2,1,1,1,8)
1877:(8,true,1,2,1,1,1,9)
1878:(8,true,1,2,1,1,2,8)
1879:(8,true,1,2,1,1,2,9)
1880:(8,true,1,2,1,2,1,8)
1881:(8,true,1,2,1,2,1,9)
1882:(8,true,1,2,1,2,2,8)
1883:(8,true,1,2,1,2,2,9)
1884:(8,true,1,2,2,1,1,8)
1885:(8,true,1,2,2,1,1,9)
1886:(8,true,1,2,2,1,2,8)
1887:(8,true,1,2,2,1,2,9)
1888:(8,true,1,2,2,2,1,8)
1889:(8,true,1,2,2,2,1,9)
1890:(8,true,1,2,2,2,2,8)
1891:(8,true,1,2,2,2,2,9)
1892:(8,true,2,1,1,1,1,8)
1893:(8,true,2,1,1,1,1,9)
1894:(8,true,2,1,1,1,2,8)
1895:(8,true,2,1,1,1,2,9)
1896:(8,true,2,1,1,2,1,8)
1897:(8,true,2,1,1,2,1,9)
1898:(8,true,2,1,1,2,2,8)
1899:(8,true,2,1,1,2,2,9)
1900:(8,true,2,1,2,1,1,8)
1901:(8,true,2,1,2,1,1,9)
1902:(8,true,2,1,2,1,2,8)
1903:(8,true,2,1,2,1,2,9)
1904:(8,true,2,1,2,2,1,8)
1905:(8,true,2,1,2,2,1,9)
1906:(8,true,2,1,2,2,2,8)
1907:(8,true,2,1,2,2,2,9)
1908:(8,true,2,2,1,1,1,8)
1909:(8,true,2,2,1,1,1,9)
1910:(8,true,2,2,1,1,2,8)
1911:(8,true,2,2,1,1,2,9)
1912:(8,true,2,2,1,2,1,8)
1913:(8,true,2,2,1,2,1,9)
1914:(8,true,2,2,1,2,2,8)
1915:(8,true,2,2,1,2,2,9)
1916:(8,true,2,2,2,1,1,8)
1917:(8,true,2,2,2,1,1,9)
1918:(8,true,2,2,2,1,2,8)
1919:(8,true,2,2,2,1,2,9)
1920:(8,true,2,2,2,2,1,8)
1921:(8,true,2,2,2,2,1,9)
1922:(8,true,2,2,2,2,2,8)
1923:(8,true,2,2,2,2,2,9)
1924:(8,true,3,3,3,3,3,8)
1925:(8,true,3,3,3,3,3,9)
1926:(8,true,3,3,3,3,4,8)
1927:(8,true,3,3,3,3,4,9)
1928:(8,true,3,3,3,4,3,8)
1929:(8,true,3,3,3,4,3,9)
1930:(8,true,3,3,3,4,4,8)
1931:(8,true,3,3,3,4,4,9)
1932:(8,true,3,3,4,3,3,8)
1933:(8,true,3,3,4,3,3,9)
1934:(8,true,3,3,4,3,4,8)
1935:(8,true,3,3,4,3,4,9)
1936:(8,true,3,3,4,4,3,8)
1937:(8,true,3,3,4,4,3,9)
1938:(8,true,3,3,4,4,4,8)
1939:(8,true,3,3,4,4,4,9)
1940:(8,true,3,4,3,3,3,8)
1941:(8,true,3,4,3,3,3,9)
1942:(8,true,3,4,3,3,4,8)
1943:(8,true,3,4,3,3,4,9)
1944:(8,true,3,4,3,4,3,8)
1945:(8,true,3,4,3,4,3,9)
1946:(8,true,3,4,3,4,4,8)
1947:(8,true,3,4,3,4,4,9)
1948:(8,true,3,4,4,3,3,8)
1949:(8,true,3,4,4,3,3,9)
1950:(8,true,3,4,4,3,4,8)
1951:(8,true,3,4,4,3,4,9)
1952:(8,true,3,4,4,4,3,8)
1953:(8,true,3,4,4,4,3,9)
1954:(8,true,3,4,4,4,4,8)
1955:(8,true,3,4,4,4,4,9)
1956:(8,true,4,3,3,3,3,8)
1957:(8,true,4,3,3,3,3,9)
1958:(8,true,4,3,3,3,4,8)
1959:(8,true,4,3,3,3,4,9)
1960:(8,true,4,3,3,4,3,8)
1961:(8,true,4,3,3,4,3,9)
1962:(8,true,4,3,3,4,4,8)
1963:(8,true,4,3,3,4,4,9)
1964:(8,true,4,3,4,3,3,8)
1965:(8,true,4,3,4,3,3,9)
1966:(8,true,4,3,4,3,4,8)
1967:(8,true,4,3,4,3,4,9)
1968:(8,true,4,3,4,4,3,8)
1969:(8,true,4,3,4,4,3,9)
1970:(8,true,4,3,4,4,4,8)
1971:(8,true,4,3,4,4,4,9)
1972:(8,true,4,4,3,3,3,8)
1973:(8,true,4,4,3,3,3,9)
1974:(8,true,4,4,3,3,4,8)
1975:(8,true,4,4,3,3,4,9)
1976:(8,true,4,4,3,4,3,8)
1977:(8,true,4,4,3,4,3,9)
1978:(8,true,4,4,3,4,4,8)
1979:(8,true,4,4,3,4,4,9)
1980:(8,true,4,4,4,3,3,8)
1981:(8,true,4,4,4,3,3,9)
1982:(8,true,4,4,4,3,4,8)
1983:(8,true,4,4,4,3,4,9)
1984:(8,true,4,4,4,4,3,8)
1985:(8,true,4,4,4,4,3,9)
1986:(8,true,4,4,4,4,4,8)
1987:(8,true,4,4,4,4,4,9)
1988:(8,true,7,7,7,7,7,8)
1989:(8,true,7,7,7,7,7,9)
1990:(8,true,7,7,7,7,8,8)
1991:(8,true,7,7,7,7,8,9)
1992:(8,true,7,7,7,7,9,8)
1993:(8,true,7,7,7,7,9,9)
1994:(8,true,7,7,7,8,7,8)
1995:(8,true,7,7,7,8,7,9)
1996:(8,true,7,7,7,8,8,8)
1997:(8,true,7,7,7,8,8,9)
1998:(8,true,7,7,7,8,9,8)
1999:(8,true,7,7,7,8,9,9)
2000:(8,true,7,7,7,9,7,8)
2001:(8,true,7,7,7,9,7,9)
2002:(8,true,7,7,7,9,8,8)
2003:(8,true,7,7,7,9,8,9)
2004:(8,true,7,7,7,9,9,8)
2005:(8,true,7,7,7,9,9,9)
2006:(8,true,7,7,8,7,7,8)
2007:(8,true,7,7,8,7,7,9)
2008:(8,true,7,7,8,7,8,8)
2009:(8,true,7,7,8,7,8,9)
2010:(8,true,7,7,8,7,9,8)
2011:(8,true,7,7,8,7,9,9)
2012:(8,true,7,7,8,8,7,8)
2013:(8,true,7,7,8,8,7,9)
2014:(8,true,7,7,8,8,8,8)
2015:(8,true,7,7,8,8,8,9)
2016:(8,true,7,7,8,8,9,8)
2017:(8,true,7,7,8,8,9,9)
2018:(8,true,7,7,8,9,7,8)
2019:(8,true,7,7,8,9,7,9)
2020:(8,true,7,7,8,9,8,8)
2021:(8,true,7,7,8,9,8,9)
2022:(8,true,7,7,8,9,9,8)
2023:(8,true,7,7,8,9,9,9)
2024:(8,true,7,7,9,7,7,8)
2025:(8,true,7,7,9,7,7,9)
2026:(8,true,7,7,9,7,8,8)
2027:(8,true,7,7,9,7,8,9)
2028:(8,true,7,7,9,7,9,8)
2029:(8,true,7,7,9,7,9,9)
2030:(8,true,7,7,9,8,7,8)
2031:(8,true,7,7,9,8,7,9)
2032:(8,true,7,7,9,8,8,8)
2033:(8,true,7,7,9,8,8,9)
2034:(8,true,7,7,9,8,9,8)
2035:(8,true,7,7,9,8,9,9)
2036:(8,true,7,7,9,9,7,8)
2037:(8,true,7,7,9,9,7,9)
2038:(8,true,7,7,9,9,8,8)
2039:(8,true,7,7,9,9,8,9)
2040:(8,true,7,7,9,9,9,8)
2041:(8,true,7,7,9,9,9,9)
2042:(8,true,7,8,7,7,7,8)
2043:(8,true,7,8,7,7,7,9)
2044:(8,true,7,8,7,7,8,8)
2045:(8,true,7,8,7,7,8,9)
2046:(8,true,7,8,7,7,9,8)
2047:(8,true,7,8,7,7,9,9)
2048:(8,true,7,8,7,8,7,8)
2049:(8,true,7,8,7,8,7,9)
2050:(8,true,7,8,7,8,8,8)
2051:(8,true,7,8,7,8,8,9)
2052:(8,true,7,8,7,8,9,8)
2053:(8,true,7,8,7,8,9,9)
2054:(8,true,7,8,7,9,7,8)
2055:(8,true,7,8,7,9,7,9)
2056:(8,true,7,8,7,9,8,8)
2057:(8,true,7,8,7,9,8,9)
2058:(8,true,7,8,7,9,9,8)
2059:(8,true,7,8,7,9,9,9)
2060:(8,true,7,8,8,7,7,8)
2061:(8,true,7,8,8,7,7,9)
2062:(8,true,7,8,8,7,8,8)
2063:(8,true,7,8,8,7,8,9)
2064:(8,true,7,8,8,7,9,8)
2065:(8,true,7,8,8,7,9,9)
2066:(8,true,7,8,8,8,7,8)
2067:(8,true,7,8,8,8,7,9)
2068:(8,true,7,8,8,8,8,8)
2069:(8,true,7,8,8,8,8,9)
2070:(8,true,7,8,8,8,9,8)
2071:(8,true,7,8,8,8,9,9)
2072:(8,true,7,8,8,9,7,8)
2073:(8,true,7,8,8,9,7,9)
2074:(8,true,7,8,8,9,8,8)
2075:(8,true,7,8,8,9,8,9)
2076:(8,true,7,8,8,9,9,8)
2077:(8,true,7,8,8,9,9,9)
2078:(8,true,7,8,9,7,7,8)
2079:(8,true,7,8,9,7,7,9)
2080:(8,true,7,8,9,7,8,8)
2081:(8,true,7,8,9,7,8,9)
2082:(8,true,7,8,9,7,9,8)
2083:(8,true,7,8,9,7,9,9)
2084:(8,true,7,8,9,8,7,8)
2085:(8,true,7,8,9,8,7,9)
2086:(8,true,7,8,9,8,8,8)
2087:(8,true,7,8,9,8,8,9)
2088:(8,true,7,8,9,8,9,8)
2089:(8,true,7,8,9,8,9,9)
2090:(8,true,7,8,9,9,7,8)
2091:(8,true,7,8,9,9,7,9)
2092:(8,true,7,8,9,9,8,8)
2093:(8,true,7,8,9,9,8,9)
2094:(8,true,7,8,9,9,9,8)
2095:(8,true,7,8,9,9,9,9)
2096:(8,true,7,9,7,7,7,8)
2097:(8,true,7,9,7,7,7,9)
2098:(8,true,7,9,7,7,8,8)
2099:(8,true,7,9,7,7,8,9)
2100:(8,true,7,9,7,7,9,8)
2101:(8,true,7,9,7,7,9,9)
2102:(8,true,7,9,7,8,7,8)
2103:(8,true,7,9,7,8,7,9)
2104:(8,true,7,9,7,8,8,8)
2105:(8,true,7,9,7,8,8,9)
2106:(8,true,7,9,7,8,9,8)
2107:(8,true,7,9,7,8,9,9)
2108:(8,true,7,9,7,9,7,8)
2109:(8,true,7,9,7,9,7,9)
2110:(8,true,7,9,7,9,8,8)
2111:(8,true,7,9,7,9,8,9)
2112:(8,true,7,9,7,9,9,8)
2113:(8,true,7,9,7,9,9,9)
2114:(8,true,7,9,8,7,7,8)
2115:(8,true,7,9,8,7,7,9)
2116:(8,true,7,9,8,7,8,8)
2117:(8,true,7,9,8,7,8,9)
2118:(8,true,7,9,8,7,9,8)
2119:(8,true,7,9,8,7,9,9)
2120:(8,true,7,9,8,8,7,8)
2121:(8,true,7,9,8,8,7,9)
2122:(8,true,7,9,8,8,8,8)
2123:(8,true,7,9,8,8,8,9)
2124:(8,true,7,9,8,8,9,8)
2125:(8,true,7,9,8,8,9,9)
2126:(8,true,7,9,8,9,7,8)
2127:(8,true,7,9,8,9,7,9)
2128:(8,true,7,9,8,9,8,8)
2129:(8,true,7,9,8,9,8,9)
2130:(8,true,7,9,8,9,9,8)
2131:(8,true,7,9,8,9,9,9)
2132:(8,true,7,9,9,7,7,8)
2133:(8,true,7,9,9,7,7,9)
2134:(8,true,7,9,9,7,8,8)
2135:(8,true,7,9,9,7,8,9)
2136:(8,true,7,9,9,7,9,8)
2137:(8,true,7,9,9,7,9,9)
2138:(8,true,7,9,9,8,7,8)
2139:(8,true,7,9,9,8,7,9)
2140:(8,true,7,9,9,8,8,8)
2141:(8,true,7,9,9,8,8,9)
2142:(8,true,7,9,9,8,9,8)
2143:(8,true,7,9,9,8,9,9)
2144:(8,true,7,9,9,9,7,8)
2145:(8,true,7,9,9,9,7,9)
2146:(8,true,7,9,9,9,8,8)
2147:(8,true,7,9,9,9,8,9)
2148:(8,true,7,9,9,9,9,8)
2149:(8,true,7,9,9,9,9,9)
2150:(8,true,8,7,7,7,7,8)
2151:(8,true,8,7,7,7,7,9)
2152:(8,true,8,7,7,7,8,8)
2153:(8,true,8,7,7,7,8,9)
2154:(8,true,8,7,7,7,9,8)
2155:(8,true,8,7,7,7,9,9)
2156:(8,true,8,7,7,8,7,8)
2157:(8,true,8,7,7,8,7,9)
2158:(8,true,8,7,7,8,8,8)
2159:(8,true,8,7,7,8,8,9)
2160:(8,true,8,7,7,8,9,8)
2161:(8,true,8,7,7,8,9,9)
2162:(8,true,8,7,7,9,7,8)
2163:(8,true,8,7,7,9,7,9)
2164:(8,true,8,7,7,9,8,8)
2165:(8,true,8,7,7,9,8,9)
2166:(8,true,8,7,7,9,9,8)
2167:(8,true,8,7,7,9,9,9)
2168:(8,true,8,7,8,7,7,8)
2169:(8,true,8,7,8,7,7,9)
2170:(8,true,8,7,8,7,8,8)
2171:(8,true,8,7,8,7,8,9)
2172:(8,true,8,7,8,7,9,8)
2173:(8,true,8,7,8,7,9,9)
2174:(8,true,8,7,8,8,7,8)
2175:(8,true,8,7,8,8,7,9)
2176:(8,true,8,7,8,8,8,8)
2177:(8,true,8,7,8,8,8,9)
2178:(8,true,8,7,8,8,9,8)
2179:(8,true,8,7,8,8,9,9)
2180:(8,true,8,7,8,9,7,8)
2181:(8,true,8,7,8,9,7,9)
2182:(8,true,8,7,8,9,8,8)
2183:(8,true,8,7,8,9,8,9)
2184:(8,true,8,7,8,9,9,8)
2185:(8,true,8,7,8,9,9,9)
2186:(8,true,8,7,9,7,7,8)
2187:(8,true,8,7,9,7,7,9)
2188:(8,true,8,7,9,7,8,8)
2189:(8,true,8,7,9,7,8,9)
2190:(8,true,8,7,9,7,9,8)
2191:(8,true,8,7,9,7,9,9)
2192:(8,true,8,7,9,8,7,8)
2193:(8,true,8,7,9,8,7,9)
2194:(8,true,8,7,9,8,8,8)
2195:(8,true,8,7,9,8,8,9)
2196:(8,true,8,7,9,8,9,8)
2197:(8,true,8,7,9,8,9,9)
2198:(8,true,8,7,9,9,7,8)
2199:(8,true,8,7,9,9,7,9)
2200:(8,true,8,7,9,9,8,8)
2201:(8,true,8,7,9,9,8,9)
2202:(8,true,8,7,9,9,9,8)
2203:(8,true,8,7,9,9,9,9)
2204:(8,true,8,8,7,7,7,8)
2205:(8,true,8,8,7,7,7,9)
2206:(8,true,8,8,7,7,8,8)
2207:(8,true,8,8,7,7,8,9)
2208:(8,true,8,8,7,7,9,8)
2209:(8,true,8,8,7,7,9,9)
2210:(8,true,8,8,7,8,7,8)
2211:(8,true,8,8,7,8,7,9)
2212:(8,true,8,8,7,8,8,8)
2213:(8,true,8,8,7,8,8,9)
2214:(8,true,8,8,7,8,9,8)
2215:(8,true,8,8,7,8,9,9)
2216:(8,true,8,8,7,9,7,8)
2217:(8,true,8,8,7,9,7,9)
2218:(8,true,8,8,7,9,8,8)
2219:(8,true,8,8,7,9,8,9)
2220:(8,true,8,8,7,9,9,8)
2221:(8,true,8,8,7,9,9,9)
2222:(8,true,8,8,8,7,7,8)
2223:(8,true,8,8,8,7,7,9)
2224:(8,true,8,8,8,7,8,8)
2225:(8,true,8,8,8,7,8,9)
2226:(8,true,8,8,8,7,9,8)
2227:(8,true,8,8,8,7,9,9)
2228:(8,true,8,8,8,8,7,8)
2229:(8,true,8,8,8,8,7,9)
2230:(8,true,8,8,8,8,8,8)
2231:(8,true,8,8,8,8,8,9)
2232:(8,true,8,8,8,8,9,8)
2233:(8,true,8,8,8,8,9,9)
2234:(8,true,8,8,8,9,7,8)
2235:(8,true,8,8,8,9,7,9)
2236:(8,true,8,8,8,9,8,8)
2237:(8,true,8,8,8,9,8,9)
2238:(8,true,8,8,8,9,9,8)
2239:(8,true,8,8,8,9,9,9)
2240:(8,true,8,8,9,7,7,8)
2241:(8,true,8,8,9,7,7,9)
2242:(8,true,8,8,9,7,8,8)
2243:(8,true,8,8,9,7,8,9)
2244:(8,true,8,8,9,7,9,8)
2245:(8,true,8,8,9,7,9,9)
2246:(8,true,8,8,9,8,7,8)
2247:(8,true,8,8,9,8,7,9)
2248:(8,true,8,8,9,8,8,8)
2249:(8,true,8,8,9,8,8,9)
2250:(8,true,8,8,9,8,9,8)
2251:(8,true,8,8,9,8,9,9)
2252:(8,true,8,8,9,9,7,8)
2253:(8,true,8,8,9,9,7,9)
2254:(8,true,8,8,9,9,8,8)
2255:(8,true,8,8,9,9,8,9)
2256:(8,true,8,8,9,9,9,8)
2257:(8,true,8,8,9,9,9,9)
2258:(8,true,8,9,7,7,7,8)
2259:(8,true,8,9,7,7,7,9)
2260:(8,true,8,9,7,7,8,8)
2261:(8,true,8,9,7,7,8,9)
2262:(8,true,8,9,7,7,9,8)
2263:(8,true,8,9,7,7,9,9)
2264:(8,true,8,9,7,8,7,8)
2265:(8,true,8,9,7,8,7,9)
2266:(8,true,8,9,7,8,8,8)
2267:(8,true,8,9,7,8,8,9)
2268:(8,true,8,9,7,8,9,8)
2269:(8,true,8,9,7,8,9,9)
2270:(8,true,8,9,7,9,7,8)
2271:(8,true,8,9,7,9,7,9)
2272:(8,true,8,9,7,9,8,8)
2273:(8,true,8,9,7,9,8,9)
2274:(8,true,8,9,7,9,9,8)
2275:(8,true,8,9,7,9,9,9)
2276:(8,true,8,9,8,7,7,8)
2277:(8,true,8,9,8,7,7,9)
2278:(8,true,8,9,8,7,8,8)
2279:(8,true,8,9,8,7,8,9)
2280:(8,true,8,9,8,7,9,8)
2281:(8,true,8,9,8,7,9,9)
2282:(8,true,8,9,8,8,7,8)
2283:(8,true,8,9,8,8,7,9)
2284:(8,true,8,9,8,8,8,8)
2285:(8,true,8,9,8,8,8,9)
2286:(8,true,8,9,8,8,9,8)
2287:(8,true,8,9,8,8,9,9)
2288:(8,true,8,9,8,9,7,8)
2289:(8,true,8,9,8,9,7,9)
2290:(8,true,8,9,8,9,8,8)
2291:(8,true,8,9,8,9,8,9)
2292:(8,true,8,9,8,9,9,8)
2293:(8,true,8,9,8,9,9,9)
2294:(8,true,8,9,9,7,7,8)
2295:(8,true,8,9,9,7,7,9)
2296:(8,true,8,9,9,7,8,8)
2297:(8,true,8,9,9,7,8,9)
2298:(8,true,8,9,9,7,9,8)
2299:(8,true,8,9,9,7,9,9)
2300:(8,true,8,9,9,8,7,8)
2301:(8,true,8,9,9,8,7,9)
2302:(8,true,8,9,9,8,8,8)
2303:(8,true,8,9,9,8,8,9)
2304:(8,true,8,9,9,8,9,8)
2305:(8,true,8,9,9,8,9,9)
2306:(8,true,8,9,9,9,7,8)
2307:(8,true,8,9,9,9,7,9)
2308:(8,true,8,9,9,9,8,8)
2309:(8,true,8,9,9,9,8,9)
2310:(8,true,8,9,9,9,9,8)
2311:(8,true,8,9,9,9,9,9)
2312:(8,true,9,7,7,7,7,8)
2313:(8,true,9,7,7,7,7,9)
2314:(8,true,9,7,7,7,8,8)
2315:(8,true,9,7,7,7,8,9)
2316:(8,true,9,7,7,7,9,8)
2317:(8,true,9,7,7,7,9,9)
2318:(8,true,9,7,7,8,7,8)
2319:(8,true,9,7,7,8,7,9)
2320:(8,true,9,7,7,8,8,8)
2321:(8,true,9,7,7,8,8,9)
2322:(8,true,9,7,7,8,9,8)
2323:(8,true,9,7,7,8,9,9)
2324:(8,true,9,7,7,9,7,8)
2325:(8,true,9,7,7,9,7,9)
2326:(8,true,9,7,7,9,8,8)
2327:(8,true,9,7,7,9,8,9)
2328:(8,true,9,7,7,9,9,8)
2329:(8,true,9,7,7,9,9,9)
2330:(8,true,9,7,8,7,7,8)
2331:(8,true,9,7,8,7,7,9)
2332:(8,true,9,7,8,7,8,8)
2333:(8,true,9,7,8,7,8,9)
2334:(8,true,9,7,8,7,9,8)
2335:(8,true,9,7,8,7,9,9)
2336:(8,true,9,7,8,8,7,8)
2337:(8,true,9,7,8,8,7,9)
2338:(8,true,9,7,8,8,8,8)
2339:(8,true,9,7,8,8,8,9)
2340:(8,true,9,7,8,8,9,8)
2341:(8,true,9,7,8,8,9,9)
2342:(8,true,9,7,8,9,7,8)
2343:(8,true,9,7,8,9,7,9)
2344:(8,true,9,7,8,9,8,8)
2345:(8,true,9,7,8,9,8,9)
2346:(8,true,9,7,8,9,9,8)
2347:(8,true,9,7,8,9,9,9)
2348:(8,true,9,7,9,7,7,8)
2349:(8,true,9,7,9,7,7,9)
2350:(8,true,9,7,9,7,8,8)
2351:(8,true,9,7,9,7,8,9)
2352:(8,true,9,7,9,7,9,8)
2353:(8,true,9,7,9,7,9,9)
2354:(8,true,9,7,9,8,7,8)
2355:(8,true,9,7,9,8,7,9)
2356:(8,true,9,7,9,8,8,8)
2357:(8,true,9,7,9,8,8,9)
2358:(8,true,9,7,9,8,9,8)
2359:(8,true,9,7,9,8,9,9)
2360:(8,true,9,7,9,9,7,8)
2361:(8,true,9,7,9,9,7,9)
2362:(8,true,9,7,9,9,8,8)
2363:(8,true,9,7,9,9,8,9)
2364:(8,true,9,7,9,9,9,8)
2365:(8,true,9,7,9,9,9,9)
2366:(8,true,9,8,7,7,7,8)
2367:(8,true,9,8,7,7,7,9)
2368:(8,true,9,8,7,7,8,8)
2369:(8,true,9,8,7,7,8,9)
2370:(8,true,9,8,7,7,9,8)
2371:(8,true,9,8,7,7,9,9)
2372:(8,true,9,8,7,8,7,8)
2373:(8,true,9,8,7,8,7,9)
2374:(8,true,9,8,7,8,8,8)
2375:(8,true,9,8,7,8,8,9)
2376:(8,true,9,8,7,8,9,8)
2377:(8,true,9,8,7,8,9,9)
2378:(8,true,9,8,7,9,7,8)
2379:(8,true,9,8,7,9,7,9)
2380:(8,true,9,8,7,9,8,8)
2381:(8,true,9,8,7,9,8,9)
2382:(8,true,9,8,7,9,9,8)
2383:(8,true,9,8,7,9,9,9)
2384:(8,true,9,8,8,7,7,8)
2385:(8,true,9,8,8,7,7,9)
2386:(8,true,9,8,8,7,8,8)
2387:(8,true,9,8,8,7,8,9)
2388:(8,true,9,8,8,7,9,8)
2389:(8,true,9,8,8,7,9,9)
2390:(8,true,9,8,8,8,7,8)
2391:(8,true,9,8,8,8,7,9)
2392:(8,true,9,8,8,8,8,8)
2393:(8,true,9,8,8,8,8,9)
2394:(8,true,9,8,8,8,9,8)
2395:(8,true,9,8,8,8,9,9)
2396:(8,true,9,8,8,9,7,8)
2397:(8,true,9,8,8,9,7,9)
2398:(8,true,9,8,8,9,8,8)
2399:(8,true,9,8,8,9,8,9)
2400:(8,true,9,8,8,9,9,8)
2401:(8,true,9,8,8,9,9,9)
2402:(8,true,9,8,9,7,7,8)
2403:(8,true,9,8,9,7,7,9)
2404:(8,true,9,8,9,7,8,8)
2405:(8,true,9,8,9,7,8,9)
2406:(8,true,9,8,9,7,9,8)
2407:(8,true,9,8,9,7,9,9)
2408:(8,true,9,8,9,8,7,8)
2409:(8,true,9,8,9,8,7,9)
2410:(8,true,9,8,9,8,8,8)
2411:(8,true,9,8,9,8,8,9)
2412:(8,true,9,8,9,8,9,8)
2413:(8,true,9,8,9,8,9,9)
2414:(8,true,9,8,9,9,7,8)
2415:(8,true,9,8,9,9,7,9)
2416:(8,true,9,8,9,9,8,8)
2417:(8,true,9,8,9,9,8,9)
2418:(8,true,9,8,9,9,9,8)
2419:(8,true,9,8,9,9,9,9)
2420:(8,true,9,9,7,7,7,8)
2421:(8,true,9,9,7,7,7,9)
2422:(8,true,9,9,7,7,8,8)
2423:(8,true,9,9,7,7,8,9)
2424:(8,true,9,9,7,7,9,8)
2425:(8,true,9,9,7,7,9,9)
2426:(8,true,9,9,7,8,7,8)
2427:(8,true,9,9,7,8,7,9)
2428:(8,true,9,9,7,8,8,8)
2429:(8,true,9,9,7,8,8,9)
2430:(8,true,9,9,7,8,9,8)
2431:(8,true,9,9,7,8,9,9)
2432:(8,true,9,9,7,9,7,8)
2433:(8,true,9,9,7,9,7,9)
2434:(8,true,9,9,7,9,8,8)
2435:(8,true,9,9,7,9,8,9)
2436:(8,true,9,9,7,9,9,8)
2437:(8,true,9,9,7,9,9,9)
2438:(8,true,9,9,8,7,7,8)
2439:(8,true,9,9,8,7,7,9)
2440:(8,true,9,9,8,7,8,8)
2441:(8,true,9,9,8,7,8,9)
2442:(8,true,9,9,8,7,9,8)
2443:(8,true,9,9,8,7,9,9)
2444:(8,true,9,9,8,8,7,8)
2445:(8,true,9,9,8,8,7,9)
2446:(8,true,9,9,8,8,8,8)
2447:(8,true,9,9,8,8,8,9)
2448:(8,true,9,9,8,8,9,8)
2449:(8,true,9,9,8,8,9,9)
2450:(8,true,9,9,8,9,7,8)
2451:(8,true,9,9,8,9,7,9)
2452:(8,true,9,9,8,9,8,8)
2453:(8,true,9,9,8,9,8,9)
2454:(8,true,9,9,8,9,9,8)
2455:(8,true,9,9,8,9,9,9)
2456:(8,true,9,9,9,7,7,8)
2457:(8,true,9,9,9,7,7,9)
2458:(8,true,9,9,9,7,8,8)
2459:(8,true,9,9,9,7,8,9)
2460:(8,true,9,9,9,7,9,8)
2461:(8,true,9,9,9,7,9,9)
2462:(8,true,9,9,9,8,7,8)
2463:(8,true,9,9,9,8,7,9)
2464:(8,true,9,9,9,8,8,8)
2465:(8,true,9,9,9,8,8,9)
2466:(8,true,9,9,9,8,9,8)
2467:(8,true,9,9,9,8,9,9)
2468:(8,true,9,9,9,9,7,8)
2469:(8,true,9,9,9,9,7,9)
2470:(8,true,9,9,9,9,8,8)
2471:(8,true,9,9,9,9,8,9)
2472:(8,true,9,9,9,9,9,8)
2473:(8,true,9,9,9,9,9,9)
2474:(9,false,9,9,9,9,9,9)
2475:(9,true,0,0,0,0,0,9)
2476:(9,true,1,1,1,1,1,9)
2477:(9,true,1,1,1,1,2,9)
2478:(9,true,1,1,1,2,1,9)
2479:(9,true,1,1,1,2,2,9)
2480:(9,true,1,1,2,1,1,9)
2481:(9,true,1,1,2,1,2,9)
2482:(9,true,1,1,2,2,1,9)
2483:(9,true,1,1,2,2,2,9)
2484:(9,true,1,2,1,1,1,9)
2485:(9,true,1,2,1,1,2,9)
2486:(9,true,1,2,1,2,1,9)
2487:(9,true,1,2,1,2,2,9)
2488:(9,true,1,2,2,1,1,9)
2489:(9,true,1,2,2,1,2,9)
2490:(9,true,1,2,2,2,1,9)
2491:(9,true,1,2,2,2,2,9)
2492:(9,true,2,1,1,1,1,9)
2493:(9,true,2,1,1,1,2,9)
2494:(9,true,2,1,1,2,1,9)
2495:(9,true,2,1,1,2,2,9)
2496:(9,true,2,1,2,1,1,9)
2497:(9,true,2,1,2,1,2,9)
2498:(9,true,2,1,2,2,1,9)
2499:(9,true,2,1,2,2,2,9)
2500:(9,true,2,2,1,1,1,9)
2501:(9,true,2,2,1,1,2,9)
2502:(9,true,2,2,1,2,1,9)
2503:(9,true,2,2,1,2,2,9)
2504:(9,true,2,2,2,1,1,9)
2505:(9,true,2,2,2,1,2,9)
2506:(9,true,2,2,2,2,1,9)
2507:(9,true,2,2,2,2,2,9)
2508:(9,true,3,3,3,3,3,9)
2509:(9,true,3,3,3,3,4,9)
2510:(9,true,3,3,3,4,3,9)
2511:(9,true,3,3,3,4,4,9)
2512:(9,true,3,3,4,3,3,9)
2513:(9,true,3,3,4,3,4,9)
2514:(9,true,3,3,4,4,3,9)
2515:(9,true,3,3,4,4,4,9)
2516:(9,true,3,4,3,3,3,9)
2517:(9,true,3,4,3,3,4,9)
2518:(9,true,3,4,3,4,3,9)
2519:(9,true,3,4,3,4,4,9)
2520:(9,true,3,4,4,3,3,9)
2521:(9,true,3,4,4,3,4,9)
2522:(9,true,3,4,4,4,3,9)
2523:(9,true,3,4,4,4,4,9)
2524:(9,true,4,3,3,3,3,9)
2525:(9,true,4,3,3,3,4,9)
2526:(9,true,4,3,3,4,3,9)
2527:(9,true,4,3,3,4,4,9)
2528:(9,true,4,3,4,3,3,9)
2529:(9,true,4,3,4,3,4,9)
2530:(9,true,4,3,4,4,3,9)
2531:(9,true,4,3,4,4,4,9)
2532:(9,true,4,4,3,3,3,9)
2533:(9,true,4,4,3,3,4,9)
2534:(9,true,4,4,3,4,3,9)
2535:(9,true,4,4,3,4,4,9)
2536:(9,true,4,4,4,3,3,9)
2537:(9,true,4,4,4,3,4,9)
2538:(9,true,4,4,4,4,3,9)
2539:(9,true,4,4,4,4,4,9)
2540:(9,true,7,7,7,7,7,9)
2541:(9,true,7,7,7,7,8,9)
2542:(9,true,7,7,7,7,9,9)
2543:(9,true,7,7,7,8,7,9)
2544:(9,true,7,7,7,8,8,9)
2545:(9,true,7,7,7,8,9,9)
2546:(9,true,7,7,7,9,7,9)
2547:(9,true,7,7,7,9,8,9)
2548:(9,true,7,7,7,9,9,9)
2549:(9,true,7,7,8,7,7,9)
2550:(9,true,7,7,8,7,8,9)
2551:(9,true,7,7,8,7,9,9)
2552:(9,true,7,7,8,8,7,9)
2553:(9,true,7,7,8,8,8,9)
2554:(9,true,7,7,8,8,9,9)
2555:(9,true,7,7,8,9,7,9)
2556:(9,true,7,7,8,9,8,9)
2557:(9,true,7,7,8,9,9,9)
2558:(9,true,7,7,9,7,7,9)
2559:(9,true,7,7,9,7,8,9)
2560:(9,true,7,7,9,7,9,9)
2561:(9,true,7,7,9,8,7,9)
2562:(9,true,7,7,9,8,8,9)
2563:(9,true,7,7,9,8,9,9)
2564:(9,true,7,7,9,9,7,9)
2565:(9,true,7,7,9,9,8,9)
2566:(9,true,7,7,9,9,9,9)
2567:(9,true,7,8,7,7,7,9)
2568:(9,true,7,8,7,7,8,9)
2569:(9,true,7,8,7,7,9,9)
2570:(9,true,7,8,7,8,7,9)
2571:(9,true,7,8,7,8,8,9)
2572:(9,true,7,8,7,8,9,9)
2573:(9,true,7,8,7,9,7,9)
2574:(9,true,7,8,7,9,8,9)
2575:(9,true,7,8,7,9,9,9)
2576:(9,true,7,8,8,7,7,9)
2577:(9,true,7,8,8,7,8,9)
2578:(9,true,7,8,8,7,9,9)
2579:(9,true,7,8,8,8,7,9)
2580:(9,true,7,8,8,8,8,9)
2581:(9,true,7,8,8,8,9,9)
2582:(9,true,7,8,8,9,7,9)
2583:(9,true,7,8,8,9,8,9)
2584:(9,true,7,8,8,9,9,9)
2585:(9,true,7,8,9,7,7,9)
2586:(9,true,7,8,9,7,8,9)
2587:(9,true,7,8,9,7,9,9)
2588:(9,true,7,8,9,8,7,9)
2589:(9,true,7,8,9,8,8,9)
2590:(9,true,7,8,9,8,9,9)
2591:(9,true,7,8,9,9,7,9)
2592:(9,true,7,8,9,9,8,9)
2593:(9,true,7,8,9,9,9,9)
2594:(9,true,7,9,7,7,7,9)
2595:(9,true,7,9,7,7,8,9)
2596:(9,true,7,9,7,7,9,9)
2597:(9,true,7,9,7,8,7,9)
2598:(9,true,7,9,7,8,8,9)
2599:(9,true,7,9,7,8,9,9)
2600:(9,true,7,9,7,9,7,9)
2601:(9,true,7,9,7,9,8,9)
2602:(9,true,7,9,7,9,9,9)
2603:(9,true,7,9,8,7,7,9)
2604:(9,true,7,9,8,7,8,9)
2605:(9,true,7,9,8,7,9,9)
2606:(9,true,7,9,8,8,7,9)
2607:(9,true,7,9,8,8,8,9)
2608:(9,true,7,9,8,8,9,9)
2609:(9,true,7,9,8,9,7,9)
2610:(9,true,7,9,8,9,8,9)
2611:(9,true,7,9,8,9,9,9)
2612:(9,true,7,9,9,7,7,9)
2613:(9,true,7,9,9,7,8,9)
2614:(9,true,7,9,9,7,9,9)
2615:(9,true,7,9,9,8,7,9)
2616:(9,true,7,9,9,8,8,9)
2617:(9,true,7,9,9,8,9,9)
2618:(9,true,7,9,9,9,7,9)
2619:(9,true,7,9,9,9,8,9)
2620:(9,true,7,9,9,9,9,9)
2621:(9,true,8,7,7,7,7,9)
2622:(9,true,8,7,7,7,8,9)
2623:(9,true,8,7,7,7,9,9)
2624:(9,true,8,7,7,8,7,9)
2625:(9,true,8,7,7,8,8,9)
2626:(9,true,8,7,7,8,9,9)
2627:(9,true,8,7,7,9,7,9)
2628:(9,true,8,7,7,9,8,9)
2629:(9,true,8,7,7,9,9,9)
2630:(9,true,8,7,8,7,7,9)
2631:(9,true,8,7,8,7,8,9)
2632:(9,true,8,7,8,7,9,9)
2633:(9,true,8,7,8,8,7,9)
2634:(9,true,8,7,8,8,8,9)
2635:(9,true,8,7,8,8,9,9)
2636:(9,true,8,7,8,9,7,9)
2637:(9,true,8,7,8,9,8,9)
2638:(9,true,8,7,8,9,9,9)
2639:(9,true,8,7,9,7,7,9)
2640:(9,true,8,7,9,7,8,9)
2641:(9,true,8,7,9,7,9,9)
2642:(9,true,8,7,9,8,7,9)
2643:(9,true,8,7,9,8,8,9)
2644:(9,true,8,7,9,8,9,9)
2645:(9,true,8,7,9,9,7,9)
2646:(9,true,8,7,9,9,8,9)
2647:(9,true,8,7,9,9,9,9)
2648:(9,true,8,8,7,7,7,9)
2649:(9,true,8,8,7,7,8,9)
2650:(9,true,8,8,7,7,9,9)
2651:(9,true,8,8,7,8,7,9)
2652:(9,true,8,8,7,8,8,9)
2653:(9,true,8,8,7,8,9,9)
2654:(9,true,8,8,7,9,7,9)
2655:(9,true,8,8,7,9,8,9)
2656:(9,true,8,8,7,9,9,9)
2657:(9,true,8,8,8,7,7,9)
2658:(9,true,8,8,8,7,8,9)
2659:(9,true,8,8,8,7,9,9)
2660:(9,true,8,8,8,8,7,9)
2661:(9,true,8,8,8,8,8,9)
2662:(9,true,8,8,8,8,9,9)
2663:(9,true,8,8,8,9,7,9)
2664:(9,true,8,8,8,9,8,9)
2665:(9,true,8,8,8,9,9,9)
2666:(9,true,8,8,9,7,7,9)
2667:(9,true,8,8,9,7,8,9)
2668:(9,true,8,8,9,7,9,9)
2669:(9,true,8,8,9,8,7,9)
2670:(9,true,8,8,9,8,8,9)
2671:(9,true,8,8,9,8,9,9)
2672:(9,true,8,8,9,9,7,9)
2673:(9,true,8,8,9,9,8,9)
2674:(9,true,8,8,9,9,9,9)
2675:(9,true,8,9,7,7,7,9)
2676:(9,true,8,9,7,7,8,9)
2677:(9,true,8,9,7,7,9,9)
2678:(9,true,8,9,7,8,7,9)
2679:(9,true,8,9,7,8,8,9)
2680:(9,true,8,9,7,8,9,9)
2681:(9,true,8,9,7,9,7,9)
2682:(9,true,8,9,7,9,8,9)
2683:(9,true,8,9,7,9,9,9)
2684:(9,true,8,9,8,7,7,9)
2685:(9,true,8,9,8,7,8,9)
2686:(9,true,8,9,8,7,9,9)
2687:(9,true,8,9,8,8,7,9)
2688:(9,true,8,9,8,8,8,9)
2689:(9,true,8,9,8,8,9,9)
2690:(9,true,8,9,8,9,7,9)
2691:(9,true,8,9,8,9,8,9)
2692:(9,true,8,9,8,9,9,9)
2693:(9,true,8,9,9,7,7,9)
2694:(9,true,8,9,9,7,8,9)
2695:(9,true,8,9,9,7,9,9)
2696:(9,true,8,9,9,8,7,9)
2697:(9,true,8,9,9,8,8,9)
2698:(9,true,8,9,9,8,9,9)
2699:(9,true,8,9,9,9,7,9)
2700:(9,true,8,9,9,9,8,9)
2701:(9,true,8,9,9,9,9,9)
2702:(9,true,9,7,7,7,7,9)
2703:(9,true,9,7,7,7,8,9)
2704:(9,true,9,7,7,7,9,9)
2705:(9,true,9,7,7,8,7,9)
2706:(9,true,9,7,7,8,8,9)
2707:(9,true,9,7,7,8,9,9)
2708:(9,true,9,7,7,9,7,9)
2709:(9,true,9,7,7,9,8,9)
2710:(9,true,9,7,7,9,9,9)
2711:(9,true,9,7,8,7,7,9)
2712:(9,true,9,7,8,7,8,9)
2713:(9,true,9,7,8,7,9,9)
2714:(9,true,9,7,8,8,7,9)
2715:(9,true,9,7,8,8,8,9)
2716:(9,true,9,7,8,8,9,9)
2717:(9,true,9,7,8,9,7,9)
2718:(9,true,9,7,8,9,8,9)
2719:(9,true,9,7,8,9,9,9)
2720:(9,true,9,7,9,7,7,9)
2721:(9,true,9,7,9,7,8,9)
2722:(9,true,9,7,9,7,9,9)
2723:(9,true,9,7,9,8,7,9)
2724:(9,true,9,7,9,8,8,9)
2725:(9,true,9,7,9,8,9,9)
2726:(9,true,9,7,9,9,7,9)
2727:(9,true,9,7,9,9,8,9)
2728:(9,true,9,7,9,9,9,9)
2729:(9,true,9,8,7,7,7,9)
2730:(9,true,9,8,7,7,8,9)
2731:(9,true,9,8,7,7,9,9)
2732:(9,true,9,8,7,8,7,9)
2733:(9,true,9,8,7,8,8,9)
2734:(9,true,9,8,7,8,9,9)
2735:(9,true,9,8,7,9,7,9)
2736:(9,true,9,8,7,9,8,9)
2737:(9,true,9,8,7,9,9,9)
2738:(9,true,9,8,8,7,7,9)
2739:(9,true,9,8,8,7,8,9)
2740:(9,true,9,8,8,7,9,9)
2741:(9,true,9,8,8,8,7,9)
2742:(9,true,9,8,8,8,8,9)
2743:(9,true,9,8,8,8,9,9)
2744:(9,true,9,8,8,9,7,9)
2745:(9,true,9,8,8,9,8,9)
2746:(9,true,9,8,8,9,9,9)
2747:(9,true,9,8,9,7,7,9)
2748:(9,true,9,8,9,7,8,9)
2749:(9,true,9,8,9,7,9,9)
2750:(9,true,9,8,9,8,7,9)
2751:(9,true,9,8,9,8,8,9)
2752:(9,true,9,8,9,8,9,9)
2753:(9,true,9,8,9,9,7,9)
2754:(9,true,9,8,9,9,8,9)
2755:(9,true,9,8,9,9,9,9)
2756:(9,true,9,9,7,7,7,9)
2757:(9,true,9,9,7,7,8,9)
2758:(9,true,9,9,7,7,9,9)
2759:(9,true,9,9,7,8,7,9)
2760:(9,true,9,9,7,8,8,9)
2761:(9,true,9,9,7,8,9,9)
2762:(9,true,9,9,7,9,7,9)
2763:(9,true,9,9,7,9,8,9)
2764:(9,true,9,9,7,9,9,9)
2765:(9,true,9,9,8,7,7,9)
2766:(9,true,9,9,8,7,8,9)
2767:(9,true,9,9,8,7,9,9)
2768:(9,true,9,9,8,8,7,9)
2769:(9,true,9,9,8,8,8,9)
2770:(9,true,9,9,8,8,9,9)
2771:(9,true,9,9,8,9,7,9)
2772:(9,true,9,9,8,9,8,9)
2773:(9,true,9,9,8,9,9,9)
2774:(9,true,9,9,9,7,7,9)
2775:(9,true,9,9,9,7,8,9)
2776:(9,true,9,9,9,7,9,9)
2777:(9,true,9,9,9,8,7,9)
2778:(9,true,9,9,9,8,8,9)
2779:(9,true,9,9,9,8,9,9)
2780:(9,true,9,9,9,9,7,9)
2781:(9,true,9,9,9,9,8,9)
2782:(9,true,9,9,9,9,9,9)
2783:(10,true,0,0,0,0,0,1)
2784:(10,true,0,0,0,0,0,2)
2785:(10,true,1,1,1,1,1,1)
2786:(10,true,1,1,1,1,1,2)
2787:(10,true,1,1,1,1,2,1)
2788:(10,true,1,1,1,1,2,2)
2789:(10,true,1,1,1,2,1,1)
2790:(10,true,1,1,1,2,1,2)
2791:(10,true,1,1,1,2,2,1)
2792:(10,true,1,1,1,2,2,2)
2793:(10,true,1,1,2,1,1,2)
2794:(10,true,1,1,2,1,2,2)
2795:(10,true,1,1,2,2,1,2)
2796:(10,true,1,1,2,2,2,2)
2797:(10,true,1,2,1,1,1,2)
2798:(10,true,1,2,1,1,2,2)
2799:(10,true,1,2,1,2,1,2)
2800:(10,true,1,2,1,2,2,2)
2801:(10,true,1,2,2,1,1,2)
2802:(10,true,1,2,2,1,2,2)
2803:(10,true,1,2,2,2,1,2)
2804:(10,true,1,2,2,2,2,2)
2805:(10,true,2,1,1,1,1,2)
2806:(10,true,2,1,1,1,2,2)
2807:(10,true,2,1,1,2,1,2)
2808:(10,true,2,1,1,2,2,2)
2809:(10,true,2,1,2,1,1,2)
2810:(10,true,2,1,2,1,2,2)
2811:(10,true,2,1,2,2,1,2)
2812:(10,true,2,1,2,2,2,2)
2813:(10,true,2,2,1,1,1,2)
2814:(10,true,2,2,1,1,2,2)
2815:(10,true,2,2,1,2,1,2)
2816:(10,true,2,2,1,2,2,2)
2817:(10,true,2,2,2,1,1,2)
2818:(10,true,2,2,2,1,2,2)
2819:(10,true,2,2,2,2,1,2)
2820:(10,true,2,2,2,2,2,2)
2821:(10,true,3,3,3,3,3,2)
2822:(10,true,3,3,3,3,4,2)
2823:(10,true,3,3,3,4,3,2)
2824:(10,true,3,3,3,4,4,2)
2825:(10,true,3,3,4,3,3,2)
2826:(10,true,3,3,4,3,4,2)
2827:(10,true,3,3,4,4,3,2)
2828:(10,true,3,3,4,4,4,2)
2829:(10,true,3,4,3,3,3,2)
2830:(10,true,3,4,3,3,4,2)
2831:(10,true,3,4,3,4,3,2)
2832:(10,true,3,4,3,4,4,2)
2833:(10,true,3,4,4,3,3,2)
2834:(10,true,3,4,4,3,4,2)
2835:(10,true,3,4,4,4,3,2)
2836:(10,true,3,4,4,4,4,2)
2837:(10,true,4,3,3,3,3,2)
2838:(10,true,4,3,3,3,4,2)
2839:(10,true,4,3,3,4,3,2)
2840:(10,true,4,3,3,4,4,2)
2841:(10,true,4,3,4,3,3,2)
2842:(10,true,4,3,4,3,4,2)
2843:(10,true,4,3,4,4,3,2)
2844:(10,true,4,3,4,4,4,2)
2845:(10,true,4,4,3,3,3,2)
2846:(10,true,4,4,3,3,4,2)
2847:(10,true,4,4,3,4,3,2)
2848:(10,true,4,4,3,4,4,2)
2849:(10,true,4,4,4,3,3,2)
2850:(10,true,4,4,4,3,4,2)
2851:(10,true,4,4,4,4,3,2)
2852:(10,true,4,4,4,4,4,2)
