(x1,f1,x2,x3,x4,x5,x6,x1p)
0:(0,false,0,0,0,0,0,0)
1:(0,false,0,0,0,0,0,4)
2:(0,false,0,0,0,0,0,9)
3:(0,false,1,1,1,1,1,0)
4:(0,false,1,1,1,1,1,4)
5:(0,false,1,1,1,1,1,9)
6:(0,false,2,2,2,2,2,4)
7:(0,false,2,2,2,2,2,9)
8:(0,false,3,3,3,3,3,4)
9:(0,false,3,3,3,3,3,9)
10:(0,false,4,4,4,4,4,4)
11:(0,false,4,4,4,4,4,9)
12:(1,false,0,0,0,0,0,1)
13:(1,false,1,1,1,1,1,1)
14:(1,true,0,0,0,0,0,1)
15:(1,true,1,1,1,1,1,1)
16:(1,true,1,1,1,1,2,2)
17:(1,true,1,1,1,2,1,2)
18:(1,true,1,1,2,1,1,2)
19:(1,true,1,2,1,1,1,2)
20:(1,true,2,1,1,1,1,2)
21:(2,false,2,2,2,2,2,2)
22:(2,false,3,3,3,3,3,2)
23:(2,false,5,5,5,5,5,2)
24:(2,true,0,0,0,0,0,2)
25:(2,true,1,1,1,1,1,2)
26:(2,true,5,5,5,5,5,2)
27:(3,false,2,2,2,2,2,3)
28:(3,false,3,3,3,3,3,3)
29:(3,false,5,5,5,5,5,3)
30:(3,true,0,0,0,0,0,3)
31:(3,true,0,0,0,0,0,5)
32:(3,true,1,1,1,1,1,3)
33:(3,true,1,1,1,1,1,5)
34:(3,true,1,1,1,1,2,4)
35:(3,true,1,1,1,1,2,5)
36:(3,true,1,1,1,2,1,4)
37:(3,true,1,1,1,2,1,5)
38:(3,true,1,1,1,2,2,5)
39:(3,true,1,1,2,1,1,4)
40:(3,true,1,1,2,1,1,5)
41:(3,true,1,1,2,1,2,5)
42:(3,true,1,1,2,2,1,5)
43:(3,true,1,1,2,2,2,5)
44:(3,true,1,2,1,1,1,4)
45:(3,true,1,2,1,1,1,5)
46:(3,true,1,2,1,1,2,5)
47:(3,true,1,2,1,2,1,5)
48:(3,true,1,2,1,2,2,5)
49:(3,true,1,2,2,1,1,5)
50:(3,true,1,2,2,1,2,5)
51:(3,true,1,2,2,2,1,5)
52:(3,true,1,2,2,2,2,5)
53:(3,true,2,1,1,1,1,4)
54:(3,true,2,1,1,1,1,5)
55:(3,true,2,1,1,1,2,5)
56:(3,true,2,1,1,2,1,5)
57:(3,true,2,1,1,2,2,5)
58:(3,true,2,1,2,1,1,5)
59:(3,true,2,1,2,1,2,5)
60:(3,true,2,1,2,2,1,5)
61:(3,true,2,1,2,2,2,5)
62:(3,true,2,2,1,1,1,5)
63:(3,true,2,2,1,1,2,5)
64:(3,true,2,2,1,2,1,5)
65:(3,true,2,2,1,2,2,5)
66:(3,true,2,2,2,1,1,5)
67:(3,true,2,2,2,1,2,5)
68:(3,true,2,2,2,2,1,5)
69:(3,true,2,2,2,2,2,3)
70:(3,true,2,2,2,2,2,5)
71:(3,true,2,2,2,2,5,5)
72:(3,true,2,2,2,5,2,5)
73:(3,true,2,2,2,5,5,5)
74:(3,true,2,2,5,2,2,5)
75:(3,true,2,2,5,2,5,5)
76:(3,true,2,2,5,5,2,5)
77:(3,true,2,2,5,5,5,5)
78:(3,true,2,5,2,2,2,5)
79:(3,true,2,5,2,2,5,5)
80:(3,true,2,5,2,5,2,5)
81:(3,true,2,5,2,5,5,5)
82:(3,true,2,5,5,2,2,5)
83:(3,true,2,5,5,2,5,5)
84:(3,true,2,5,5,5,2,5)
85:(3,true,2,5,5,5,5,4)
86:(3,true,3,3,3,3,3,3)
87:(3,true,3,3,3,3,3,5)
88:(3,true,3,3,3,3,4,4)
89:(3,true,3,3,3,3,4,5)
90:(3,true,3,3,3,4,3,4)
91:(3,true,3,3,3,4,3,5)
92:(3,true,3,3,3,4,4,5)
93:(3,true,3,3,4,3,3,4)
94:(3,true,3,3,4,3,3,5)
95:(3,true,3,3,4,3,4,5)
96:(3,true,3,3,4,4,3,5)
97:(3,true,3,3,4,4,4,5)
98:(3,true,3,4,3,3,3,4)
99:(3,true,3,4,3,3,3,5)
100:(3,true,3,4,3,3,4,5)
101:(3,true,3,4,3,4,3,5)
102:(3,true,3,4,3,4,4,5)
103:(3,true,3,4,4,3,3,5)
104:(3,true,3,4,4,3,4,5)
105:(3,true,3,4,4,4,3,5)
106:(3,true,3,4,4,4,4,5)
107:(3,true,4,3,3,3,3,4)
108:(3,true,4,3,3,3,3,5)
109:(3,true,4,3,3,3,4,5)
110:(3,true,4,3,3,4,3,5)
111:(3,true,4,3,3,4,4,5)
112:(3,true,4,3,4,3,3,5)
113:(3,true,4,3,4,3,4,5)
114:(3,true,4,3,4,4,3,5)
115:(3,true,4,3,4,4,4,5)
116:(3,true,4,4,3,3,3,5)
117:(3,true,4,4,3,3,4,5)
118:(3,true,4,4,3,4,3,5)
119:(3,true,4,4,3,4,4,5)
120:(3,true,4,4,4,3,3,5)
121:(3,true,4,4,4,3,4,5)
122:(3,true,4,4,4,4,3,5)
123:(3,true,4,4,4,4,4,5)
124:(3,true,5,2,2,2,2,5)
125:(3,true,5,2,2,2,5,5)
126:(3,true,5,2,2,5,2,5)
127:(3,true,5,2,2,5,5,5)
128:(3,true,5,2,5,2,2,5)
129:(3,true,5,2,5,2,5,5)
130:(3,true,5,2,5,5,2,5)
131:(3,true,5,2,5,5,5,4)
132:(3,true,5,5,2,2,2,5)
133:(3,true,5,5,2,2,5,5)
134:(3,true,5,5,2,5,2,5)
135:(3,true,5,5,2,5,5,4)
136:(3,true,5,5,5,2,2,5)
137:(3,true,5,5,5,2,5,4)
138:(3,true,5,5,5,5,2,4)
139:(3,true,5,5,5,5,5,3)
140:(4,false,0,0,0,0,0,4)
141:(4,false,1,1,1,1,1,4)
142:(4,false,2,2,2,2,2,4)
143:(4,false,3,3,3,3,3,4)
144:(4,false,4,4,4,4,4,4)
145:(4,true,0,0,0,0,0,4)
146:(4,true,0,0,0,0,0,5)
147:(4,true,1,1,1,1,1,4)
148:(4,true,1,1,1,1,1,5)
149:(4,true,1,1,1,1,2,5)
150:(4,true,1,1,1,2,1,5)
151:(4,true,1,1,1,2,2,5)
152:(4,true,1,1,2,1,1,5)
153:(4,true,1,1,2,1,2,5)
154:(4,true,1,1,2,2,1,5)
155:(4,true,1,1,2,2,2,5)
156:(4,true,1,2,1,1,1,5)
157:(4,true,1,2,1,1,2,5)
158:(4,true,1,2,1,2,1,5)
159:(4,true,1,2,1,2,2,5)
160:(4,true,1,2,2,1,1,5)
161:(4,true,1,2,2,1,2,5)
162:(4,true,1,2,2,2,1,5)
163:(4,true,1,2,2,2,2,5)
164:(4,true,2,1,1,1,1,5)
165:(4,true,2,1,1,1,2,5)
166:(4,true,2,1,1,2,1,5)
167:(4,true,2,1,1,2,2,5)
168:(4,true,2,1,2,1,1,5)
169:(4,true,2,1,2,1,2,5)
170:(4,true,2,1,2,2,1,5)
171:(4,true,2,1,2,2,2,5)
172:(4,true,2,2,1,1,1,5)
173:(4,true,2,2,1,1,2,5)
174:(4,true,2,2,1,2,1,5)
175:(4,true,2,2,1,2,2,5)
176:(4,true,2,2,2,1,1,5)
177:(4,true,2,2,2,1,2,5)
178:(4,true,2,2,2,2,1,5)
179:(4,true,2,2,2,2,2,4)
180:(4,true,2,2,2,2,2,5)
181:(4,true,2,2,2,2,5,5)
182:(4,true,2,2,2,5,2,5)
183:(4,true,2,2,2,5,5,5)
184:(4,true,2,2,5,2,2,5)
185:(4,true,2,2,5,2,5,5)
186:(4,true,2,2,5,5,2,5)
187:(4,true,2,2,5,5,5,5)
188:(4,true,2,5,2,2,2,5)
189:(4,true,2,5,2,2,5,5)
190:(4,true,2,5,2,5,2,5)
191:(4,true,2,5,2,5,5,5)
192:(4,true,2,5,5,2,2,5)
193:(4,true,2,5,5,2,5,5)
194:(4,true,2,5,5,5,2,5)
195:(4,true,2,5,5,5,5,5)
196:(4,true,3,3,3,3,3,4)
197:(4,true,3,3,3,3,3,5)
198:(4,true,3,3,3,3,4,5)
199:(4,true,3,3,3,4,3,5)
200:(4,true,3,3,3,4,4,5)
201:(4,true,3,3,4,3,3,5)
202:(4,true,3,3,4,3,4,5)
203:(4,true,3,3,4,4,3,5)
204:(4,true,3,3,4,4,4,5)
205:(4,true,3,4,3,3,3,5)
206:(4,true,3,4,3,3,4,5)
207:(4,true,3,4,3,4,3,5)
208:(4,true,3,4,3,4,4,5)
209:(4,true,3,4,4,3,3,5)
210:(4,true,3,4,4,3,4,5)
211:(4,true,3,4,4,4,3,5)
212:(4,true,3,4,4,4,4,5)
213:(4,true,4,3,3,3,3,5)
214:(4,true,4,3,3,3,4,5)
215:(4,true,4,3,3,4,3,5)
216:(4,true,4,3,3,4,4,5)
217:(4,true,4,3,4,3,3,5)
218:(4,true,4,3,4,3,4,5)
219:(4,true,4,3,4,4,3,5)
220:(4,true,4,3,4,4,4,5)
221:(4,true,4,4,3,3,3,5)
222:(4,true,4,4,3,3,4,5)
223:(4,true,4,4,3,4,3,5)
224:(4,true,4,4,3,4,4,5)
225:(4,true,4,4,4,3,3,5)
226:(4,true,4,4,4,3,4,5)
227:(4,true,4,4,4,4,3,5)
228:(4,true,4,4,4,4,4,5)
229:(4,true,5,2,2,2,2,5)
230:(4,true,5,2,2,2,5,5)
231:(4,true,5,2,2,5,2,5)
232:(4,true,5,2,2,5,5,5)
233:(4,true,5,2,5,2,2,5)
234:(4,true,5,2,5,2,5,5)
235:(4,true,5,2,5,5,2,5)
236:(4,true,5,2,5,5,5,5)
237:(4,true,5,5,2,2,2,5)
238:(4,true,5,5,2,2,5,5)
239:(4,true,5,5,2,5,2,5)
240:(4,true,5,5,2,5,5,5)
241:(4,true,5,5,5,2,2,5)
242:(4,true,5,5,5,2,5,5)
243:(4,true,5,5,5,5,2,5)
244:(4,true,5,5,5,5,5,4)
245:(7,false,2,2,2,2,2,10)
246:(7,false,3,3,3,3,3,10)
247:(7,false,5,5,5,5,5,10)
248:(7,true,0,0,0,0,0,10)
249:(7,true,1,1,1,1,1,10)
250:(7,true,1,1,1,1,2,8)
251:(7,true,1,1,1,2,1,8)
252:(7,true,1,1,1,2,2,9)
253:(7,true,1,1,2,1,1,8)
254:(7,true,1,1,2,1,2,9)
255:(7,true,1,1,2,2,1,9)
256:(7,true,1,1,2,2,2,11)
257:(7,true,1,2,1,1,1,8)
258:(7,true,1,2,1,1,2,9)
259:(7,true,1,2,1,2,1,9)
260:(7,true,1,2,1,2,2,11)
261:(7,true,1,2,2,1,1,9)
262:(7,true,1,2,2,1,2,11)
263:(7,true,1,2,2,2,1,11)
264:(7,true,2,1,1,1,1,8)
265:(7,true,2,1,1,1,2,9)
266:(7,true,2,1,1,2,1,9)
267:(7,true,2,1,1,2,2,11)
268:(7,true,2,1,2,1,1,9)
269:(7,true,2,1,2,1,2,11)
270:(7,true,2,1,2,2,1,11)
271:(7,true,2,2,1,1,1,9)
272:(7,true,2,2,1,1,2,11)
273:(7,true,2,2,1,2,1,11)
274:(7,true,2,2,2,1,1,11)
275:(7,true,2,2,2,2,2,10)
276:(7,true,2,2,2,5,5,11)
277:(7,true,2,2,5,2,5,11)
278:(7,true,2,2,5,5,2,11)
279:(7,true,2,2,5,5,5,9)
280:(7,true,2,5,2,2,5,11)
281:(7,true,2,5,2,5,2,11)
282:(7,true,2,5,2,5,5,9)
283:(7,true,2,5,5,2,2,11)
284:(7,true,2,5,5,2,5,9)
285:(7,true,2,5,5,5,2,9)
286:(7,true,2,5,5,5,5,8)
287:(7,true,3,3,3,3,3,10)
288:(7,true,3,3,3,3,4,8)
289:(7,true,3,3,3,4,3,8)
290:(7,true,3,3,3,4,4,9)
291:(7,true,3,3,4,3,3,8)
292:(7,true,3,3,4,3,4,9)
293:(7,true,3,3,4,4,3,9)
294:(7,true,3,3,4,4,4,11)
295:(7,true,3,4,3,3,3,8)
296:(7,true,3,4,3,3,4,9)
297:(7,true,3,4,3,4,3,9)
298:(7,true,3,4,3,4,4,11)
299:(7,true,3,4,4,3,3,9)
300:(7,true,3,4,4,3,4,11)
301:(7,true,3,4,4,4,3,11)
302:(7,true,4,3,3,3,3,8)
303:(7,true,4,3,3,3,4,9)
304:(7,true,4,3,3,4,3,9)
305:(7,true,4,3,3,4,4,11)
306:(7,true,4,3,4,3,3,9)
307:(7,true,4,3,4,3,4,11)
308:(7,true,4,3,4,4,3,11)
309:(7,true,4,4,3,3,3,9)
310:(7,true,4,4,3,3,4,11)
311:(7,true,4,4,3,4,3,11)
312:(7,true,4,4,4,3,3,11)
313:(7,true,5,2,2,2,5,11)
314:(7,true,5,2,2,5,2,11)
315:(7,true,5,2,2,5,5,9)
316:(7,true,5,2,5,2,2,11)
317:(7,true,5,2,5,2,5,9)
318:(7,true,5,2,5,5,2,9)
319:(7,true,5,2,5,5,5,8)
320:(7,true,5,5,2,2,2,11)
321:(7,true,5,5,2,2,5,9)
322:(7,true,5,5,2,5,2,9)
323:(7,true,5,5,2,5,5,8)
324:(7,true,5,5,5,2,2,9)
325:(7,true,5,5,5,2,5,8)
326:(7,true,5,5,5,5,2,8)
327:(7,true,5,5,5,5,5,10)
328:(8,false,0,0,0,0,0,8)
329:(8,false,1,1,1,1,1,8)
330:(8,false,2,2,2,2,2,8)
331:(8,false,3,3,3,3,3,8)
332:(8,false,4,4,4,4,4,8)
333:(8,true,0,0,0,0,0,8)
334:(8,true,1,1,1,1,1,8)
335:(8,true,1,1,1,1,2,9)
336:(8,true,1,1,1,2,1,9)
337:(8,true,1,1,1,2,2,11)
338:(8,true,1,1,2,1,1,9)
339:(8,true,1,1,2,1,2,11)
340:(8,true,1,1,2,2,1,11)
341:(8,true,1,2,1,1,1,9)
342:(8,true,1,2,1,1,2,11)
343:(8,true,1,2,1,2,1,11)
344:(8,true,1,2,2,1,1,11)
345:(8,true,2,1,1,1,1,9)
346:(8,true,2,1,1,1,2,11)
347:(8,true,2,1,1,2,1,11)
348:(8,true,2,1,2,1,1,11)
349:(8,true,2,2,1,1,1,11)
350:(8,true,2,2,2,2,2,8)
351:(8,true,2,2,5,5,5,11)
352:(8,true,2,5,2,5,5,11)
353:(8,true,2,5,5,2,5,11)
354:(8,true,2,5,5,5,2,11)
355:(8,true,2,5,5,5,5,9)
356:(8,true,3,3,3,3,3,8)
357:(8,true,3,3,3,3,4,9)
358:(8,true,3,3,3,4,3,9)
359:(8,true,3,3,3,4,4,11)
360:(8,true,3,3,4,3,3,9)
361:(8,true,3,3,4,3,4,11)
362:(8,true,3,3,4,4,3,11)
363:(8,true,3,4,3,3,3,9)
364:(8,true,3,4,3,3,4,11)
365:(8,true,3,4,3,4,3,11)
366:(8,true,3,4,4,3,3,11)
367:(8,true,4,3,3,3,3,9)
368:(8,true,4,3,3,3,4,11)
369:(8,true,4,3,3,4,3,11)
370:(8,true,4,3,4,3,3,11)
371:(8,true,4,4,3,3,3,11)
372:(8,true,5,2,2,5,5,11)
373:(8,true,5,2,5,2,5,11)
374:(8,true,5,2,5,5,2,11)
375:(8,true,5,2,5,5,5,9)
376:(8,true,5,5,2,2,5,11)
377:(8,true,5,5,2,5,2,11)
378:(8,true,5,5,2,5,5,9)
379:(8,true,5,5,5,2,2,11)
380:(8,true,5,5,5,2,5,9)
381:(8,true,5,5,5,5,2,9)
382:(8,true,5,5,5,5,5,8)
383:(9,false,0,0,0,0,0,9)
384:(9,false,1,1,1,1,1,9)
385:(9,false,2,2,2,2,2,9)
386:(9,false,3,3,3,3,3,9)
387:(9,false,4,4,4,4,4,9)
388:(9,true,0,0,0,0,0,9)
389:(9,true,1,1,1,1,1,9)
390:(9,true,1,1,1,1,2,11)
391:(9,true,1,1,1,2,1,11)
392:(9,true,1,1,2,1,1,11)
393:(9,true,1,2,1,1,1,11)
394:(9,true,2,1,1,1,1,11)
395:(9,true,2,2,2,2,2,9)
396:(9,true,2,5,5,5,5,11)
397:(9,true,3,3,3,3,3,9)
398:(9,true,3,3,3,3,4,11)
399:(9,true,3,3,3,4,3,11)
400:(9,true,3,3,4,3,3,11)
401:(9,true,3,4,3,3,3,11)
402:(9,true,4,3,3,3,3,11)
403:(9,true,5,2,5,5,5,11)
404:(9,true,5,5,2,5,5,11)
405:(9,true,5,5,5,2,5,11)
406:(9,true,5,5,5,5,2,11)
407:(9,true,5,5,5,5,5,9)
