(x1,f1,x2,x3,x4,x1p)
0:(0,false,0,0,0,0)
1:(0,false,0,0,0,1)
2:(0,false,0,0,1,0)
3:(0,false,0,0,1,1)
4:(0,false,0,0,2,2)
5:(0,false,0,1,0,0)
6:(0,false,0,1,0,1)
7:(0,false,0,1,1,0)
8:(0,false,0,1,1,1)
9:(0,false,0,1,2,2)
10:(0,false,0,2,0,2)
11:(0,false,0,2,1,2)
12:(0,false,0,2,2,2)
13:(0,false,1,0,0,0)
14:(0,false,1,0,0,1)
15:(0,false,1,0,1,0)
16:(0,false,1,0,1,1)
17:(0,false,1,0,2,2)
18:(0,false,1,1,0,0)
19:(0,false,1,1,0,1)
20:(0,false,1,1,1,0)
21:(0,false,1,1,1,1)
22:(0,false,1,1,2,2)
23:(0,false,1,2,0,2)
24:(0,false,1,2,1,2)
25:(0,false,1,2,2,2)
26:(0,false,2,0,0,2)
27:(0,false,2,0,1,2)
28:(0,false,2,0,2,2)
29:(0,false,2,1,0,2)
30:(0,false,2,1,1,2)
31:(0,false,2,1,2,2)
32:(0,false,2,2,0,2)
33:(0,false,2,2,1,2)
34:(0,false,2,2,2,2)
35:(0,true,0,0,0,1)
36:(0,true,0,0,1,1)
37:(0,true,0,0,2,2)
38:(0,true,0,1,0,1)
39:(0,true,0,1,1,1)
40:(0,true,0,1,2,2)
41:(0,true,0,2,0,2)
42:(0,true,0,2,1,2)
43:(0,true,0,2,2,2)
44:(0,true,1,0,0,1)
45:(0,true,1,0,1,1)
46:(0,true,1,0,2,2)
47:(0,true,1,1,0,1)
48:(0,true,1,1,1,1)
49:(0,true,1,1,2,2)
50:(0,true,1,2,0,2)
51:(0,true,1,2,1,2)
52:(0,true,1,2,2,2)
53:(0,true,2,0,0,2)
54:(0,true,2,0,1,2)
55:(0,true,2,0,2,2)
56:(0,true,2,1,0,2)
57:(0,true,2,1,1,2)
58:(0,true,2,1,2,2)
59:(0,true,2,2,0,2)
60:(0,true,2,2,1,2)
61:(0,true,2,2,2,2)
62:(1,false,0,0,0,1)
63:(1,false,0,0,1,1)
64:(1,false,0,0,2,2)
65:(1,false,0,1,0,1)
66:(1,false,0,1,1,1)
67:(1,false,0,1,2,2)
68:(1,false,0,2,0,2)
69:(1,false,0,2,1,2)
70:(1,false,0,2,2,2)
71:(1,false,1,0,0,1)
72:(1,false,1,0,1,1)
73:(1,false,1,0,2,2)
74:(1,false,1,1,0,1)
75:(1,false,1,1,1,1)
76:(1,false,1,1,2,2)
77:(1,false,1,2,0,2)
78:(1,false,1,2,1,2)
79:(1,false,1,2,2,2)
80:(1,false,2,0,0,2)
81:(1,false,2,0,1,2)
82:(1,false,2,0,2,2)
83:(1,false,2,1,0,2)
84:(1,false,2,1,1,2)
85:(1,false,2,1,2,2)
86:(1,false,2,2,0,2)
87:(1,false,2,2,1,2)
88:(1,false,2,2,2,2)
89:(2,false,2,2,2,2)
