(x1,f1,x2,x3,x4,x5,x1p)
0:(0,false,0,0,0,0,0)
1:(0,false,1,1,1,1,0)
2:(1,false,0,0,0,0,1)
3:(1,false,0,0,0,0,2)
4:(1,false,1,1,1,1,1)
5:(1,false,1,1,1,1,2)
6:(2,false,2,2,2,2,2)
7:(2,false,3,3,3,3,2)
8:(2,false,7,7,7,7,2)
9:(2,true,0,0,0,0,2)
10:(2,true,1,1,1,1,2)
11:(2,true,1,1,1,2,2)
12:(2,true,1,1,2,1,2)
13:(2,true,1,1,2,2,2)
14:(2,true,1,2,1,1,2)
15:(2,true,1,2,1,2,2)
16:(2,true,1,2,2,1,2)
17:(2,true,1,2,2,2,2)
18:(2,true,2,1,1,1,2)
19:(2,true,2,1,1,2,2)
20:(2,true,2,1,2,1,2)
21:(2,true,2,1,2,2,2)
22:(2,true,2,2,1,1,2)
23:(2,true,2,2,1,2,2)
24:(2,true,2,2,2,1,2)
25:(2,true,2,2,2,2,2)
26:(2,true,3,3,3,3,2)
27:(2,true,3,3,3,4,2)
28:(2,true,3,3,4,3,2)
29:(2,true,3,3,4,4,2)
30:(2,true,3,4,3,3,2)
31:(2,true,3,4,3,4,2)
32:(2,true,3,4,4,3,2)
33:(2,true,3,4,4,4,2)
34:(2,true,4,3,3,3,2)
35:(2,true,4,3,3,4,2)
36:(2,true,4,3,4,3,2)
37:(2,true,4,3,4,4,2)
38:(2,true,4,4,3,3,2)
39:(2,true,4,4,3,4,2)
40:(2,true,4,4,4,3,2)
41:(2,true,4,4,4,4,2)
42:(2,true,5,5,5,5,2)
43:(2,true,5,5,5,6,2)
44:(2,true,5,5,6,5,2)
45:(2,true,5,5,6,6,2)
46:(2,true,5,6,5,5,2)
47:(2,true,5,6,5,6,2)
48:(2,true,5,6,6,5,2)
49:(2,true,5,6,6,6,2)
50:(2,true,6,5,5,5,2)
51:(2,true,6,5,5,6,2)
52:(2,true,6,5,6,5,2)
53:(2,true,6,5,6,6,2)
54:(2,true,6,6,5,5,2)
55:(2,true,6,6,5,6,2)
56:(2,true,6,6,6,5,2)
57:(2,true,6,6,6,6,2)
58:(2,true,7,7,7,7,2)
59:(2,true,7,7,7,8,2)
60:(2,true,7,7,7,9,2)
61:(2,true,7,7,8,7,2)
62:(2,true,7,7,8,8,2)
63:(2,true,7,7,8,9,2)
64:(2,true,7,7,9,7,2)
65:(2,true,7,7,9,8,2)
66:(2,true,7,7,9,9,2)
67:(2,true,7,8,7,7,2)
68:(2,true,7,8,7,8,2)
69:(2,true,7,8,7,9,2)
70:(2,true,7,8,8,7,2)
71:(2,true,7,8,8,8,2)
72:(2,true,7,8,8,9,2)
73:(2,true,7,8,9,7,2)
74:(2,true,7,8,9,8,2)
75:(2,true,7,8,9,9,2)
76:(2,true,7,9,7,7,2)
77:(2,true,7,9,7,8,2)
78:(2,true,7,9,7,9,2)
79:(2,true,7,9,8,7,2)
80:(2,true,7,9,8,8,2)
81:(2,true,7,9,8,9,2)
82:(2,true,7,9,9,7,2)
83:(2,true,7,9,9,8,2)
84:(2,true,7,9,9,9,2)
85:(2,true,8,7,7,7,2)
86:(2,true,8,7,7,8,2)
87:(2,true,8,7,7,9,2)
88:(2,true,8,7,8,7,2)
89:(2,true,8,7,8,8,2)
90:(2,true,8,7,8,9,2)
91:(2,true,8,7,9,7,2)
92:(2,true,8,7,9,8,2)
93:(2,true,8,7,9,9,2)
94:(2,true,8,8,7,7,2)
95:(2,true,8,8,7,8,2)
96:(2,true,8,8,7,9,2)
97:(2,true,8,8,8,7,2)
98:(2,true,8,8,8,8,2)
99:(2,true,8,8,8,9,2)
100:(2,true,8,8,9,7,2)
101:(2,true,8,8,9,8,2)
102:(2,true,8,8,9,9,2)
103:(2,true,8,9,7,7,2)
104:(2,true,8,9,7,8,2)
105:(2,true,8,9,7,9,2)
106:(2,true,8,9,8,7,2)
107:(2,true,8,9,8,8,2)
108:(2,true,8,9,8,9,2)
109:(2,true,8,9,9,7,2)
110:(2,true,8,9,9,8,2)
111:(2,true,8,9,9,9,2)
112:(2,true,9,7,7,7,2)
113:(2,true,9,7,7,8,2)
114:(2,true,9,7,7,9,2)
115:(2,true,9,7,8,7,2)
116:(2,true,9,7,8,8,2)
117:(2,true,9,7,8,9,2)
118:(2,true,9,7,9,7,2)
119:(2,true,9,7,9,8,2)
120:(2,true,9,7,9,9,2)
121:(2,true,9,8,7,7,2)
122:(2,true,9,8,7,8,2)
123:(2,true,9,8,7,9,2)
124:(2,true,9,8,8,7,2)
125:(2,true,9,8,8,8,2)
126:(2,true,9,8,8,9,2)
127:(2,true,9,8,9,7,2)
128:(2,true,9,8,9,8,2)
129:(2,true,9,8,9,9,2)
130:(2,true,9,9,7,7,2)
131:(2,true,9,9,7,8,2)
132:(2,true,9,9,7,9,2)
133:(2,true,9,9,8,7,2)
134:(2,true,9,9,8,8,2)
135:(2,true,9,9,8,9,2)
136:(2,true,9,9,9,7,2)
137:(2,true,9,9,9,8,2)
138:(2,true,9,9,9,9,2)
139:(3,false,2,2,2,2,2)
140:(3,false,3,3,3,3,2)
141:(3,false,7,7,7,7,2)
142:(3,true,0,0,0,0,2)
143:(3,true,1,1,1,1,2)
144:(3,true,1,1,1,2,2)
145:(3,true,1,1,2,1,2)
146:(3,true,1,1,2,2,2)
147:(3,true,1,2,1,1,2)
148:(3,true,1,2,1,2,2)
149:(3,true,1,2,2,1,2)
150:(3,true,1,2,2,2,2)
151:(3,true,2,1,1,1,2)
152:(3,true,2,1,1,2,2)
153:(3,true,2,1,2,1,2)
154:(3,true,2,1,2,2,2)
155:(3,true,2,2,1,1,2)
156:(3,true,2,2,1,2,2)
157:(3,true,2,2,2,1,2)
158:(3,true,2,2,2,2,2)
159:(3,true,3,3,3,3,2)
160:(3,true,3,3,3,4,2)
161:(3,true,3,3,4,3,2)
162:(3,true,3,3,4,4,2)
163:(3,true,3,4,3,3,2)
164:(3,true,3,4,3,4,2)
165:(3,true,3,4,4,3,2)
166:(3,true,3,4,4,4,2)
167:(3,true,4,3,3,3,2)
168:(3,true,4,3,3,4,2)
169:(3,true,4,3,4,3,2)
170:(3,true,4,3,4,4,2)
171:(3,true,4,4,3,3,2)
172:(3,true,4,4,3,4,2)
173:(3,true,4,4,4,3,2)
174:(3,true,4,4,4,4,2)
175:(3,true,5,5,5,5,2)
176:(3,true,5,5,5,6,2)
177:(3,true,5,5,6,5,2)
178:(3,true,5,5,6,6,2)
179:(3,true,5,6,5,5,2)
180:(3,true,5,6,5,6,2)
181:(3,true,5,6,6,5,2)
182:(3,true,5,6,6,6,2)
183:(3,true,6,5,5,5,2)
184:(3,true,6,5,5,6,2)
185:(3,true,6,5,6,5,2)
186:(3,true,6,5,6,6,2)
187:(3,true,6,6,5,5,2)
188:(3,true,6,6,5,6,2)
189:(3,true,6,6,6,5,2)
190:(3,true,6,6,6,6,2)
191:(3,true,7,7,7,7,2)
192:(3,true,7,7,7,8,2)
193:(3,true,7,7,7,9,2)
194:(3,true,7,7,8,7,2)
195:(3,true,7,7,8,8,2)
196:(3,true,7,7,8,9,2)
197:(3,true,7,7,9,7,2)
198:(3,true,7,7,9,8,2)
199:(3,true,7,7,9,9,2)
200:(3,true,7,8,7,7,2)
201:(3,true,7,8,7,8,2)
202:(3,true,7,8,7,9,2)
203:(3,true,7,8,8,7,2)
204:(3,true,7,8,8,8,2)
205:(3,true,7,8,8,9,2)
206:(3,true,7,8,9,7,2)
207:(3,true,7,8,9,8,2)
208:(3,true,7,8,9,9,2)
209:(3,true,7,9,7,7,2)
210:(3,true,7,9,7,8,2)
211:(3,true,7,9,7,9,2)
212:(3,true,7,9,8,7,2)
213:(3,true,7,9,8,8,2)
214:(3,true,7,9,8,9,2)
215:(3,true,7,9,9,7,2)
216:(3,true,7,9,9,8,2)
217:(3,true,7,9,9,9,2)
218:(3,true,8,7,7,7,2)
219:(3,true,8,7,7,8,2)
220:(3,true,8,7,7,9,2)
221:(3,true,8,7,8,7,2)
222:(3,true,8,7,8,8,2)
223:(3,true,8,7,8,9,2)
224:(3,true,8,7,9,7,2)
225:(3,true,8,7,9,8,2)
226:(3,true,8,7,9,9,2)
227:(3,true,8,8,7,7,2)
228:(3,true,8,8,7,8,2)
229:(3,true,8,8,7,9,2)
230:(3,true,8,8,8,7,2)
231:(3,true,8,8,8,8,2)
232:(3,true,8,8,8,9,2)
233:(3,true,8,8,9,7,2)
234:(3,true,8,8,9,8,2)
235:(3,true,8,8,9,9,2)
236:(3,true,8,9,7,7,2)
237:(3,true,8,9,7,8,2)
238:(3,true,8,9,7,9,2)
239:(3,true,8,9,8,7,2)
240:(3,true,8,9,8,8,2)
241:(3,true,8,9,8,9,2)
242:(3,true,8,9,9,7,2)
243:(3,true,8,9,9,8,2)
244:(3,true,8,9,9,9,2)
245:(3,true,9,7,7,7,2)
246:(3,true,9,7,7,8,2)
247:(3,true,9,7,7,9,2)
248:(3,true,9,7,8,7,2)
249:(3,true,9,7,8,8,2)
250:(3,true,9,7,8,9,2)
251:(3,true,9,7,9,7,2)
252:(3,true,9,7,9,8,2)
253:(3,true,9,7,9,9,2)
254:(3,true,9,8,7,7,2)
255:(3,true,9,8,7,8,2)
256:(3,true,9,8,7,9,2)
257:(3,true,9,8,8,7,2)
258:(3,true,9,8,8,8,2)
259:(3,true,9,8,8,9,2)
260:(3,true,9,8,9,7,2)
261:(3,true,9,8,9,8,2)
262:(3,true,9,8,9,9,2)
263:(3,true,9,9,7,7,2)
264:(3,true,9,9,7,8,2)
265:(3,true,9,9,7,9,2)
266:(3,true,9,9,8,7,2)
267:(3,true,9,9,8,8,2)
268:(3,true,9,9,8,9,2)
269:(3,true,9,9,9,7,2)
270:(3,true,9,9,9,8,2)
271:(3,true,9,9,9,9,2)
272:(4,false,4,4,4,4,2)
273:(4,false,5,5,5,5,2)
274:(4,false,8,8,8,8,2)
275:(4,true,0,0,0,0,2)
276:(4,true,1,1,1,1,2)
277:(4,true,1,1,1,2,2)
278:(4,true,1,1,2,1,2)
279:(4,true,1,1,2,2,2)
280:(4,true,1,2,1,1,2)
281:(4,true,1,2,1,2,2)
282:(4,true,1,2,2,1,2)
283:(4,true,1,2,2,2,2)
284:(4,true,2,1,1,1,2)
285:(4,true,2,1,1,2,2)
286:(4,true,2,1,2,1,2)
287:(4,true,2,1,2,2,2)
288:(4,true,2,2,1,1,2)
289:(4,true,2,2,1,2,2)
290:(4,true,2,2,2,1,2)
291:(4,true,2,2,2,2,2)
292:(4,true,3,3,3,3,2)
293:(4,true,3,3,3,4,2)
294:(4,true,3,3,4,3,2)
295:(4,true,3,3,4,4,2)
296:(4,true,3,4,3,3,2)
297:(4,true,3,4,3,4,2)
298:(4,true,3,4,4,3,2)
299:(4,true,3,4,4,4,2)
300:(4,true,4,3,3,3,2)
301:(4,true,4,3,3,4,2)
302:(4,true,4,3,4,3,2)
303:(4,true,4,3,4,4,2)
304:(4,true,4,4,3,3,2)
305:(4,true,4,4,3,4,2)
306:(4,true,4,4,4,3,2)
307:(4,true,4,4,4,4,2)
308:(4,true,5,5,5,5,2)
309:(4,true,5,5,5,6,2)
310:(4,true,5,5,6,5,2)
311:(4,true,5,5,6,6,2)
312:(4,true,5,6,5,5,2)
313:(4,true,5,6,5,6,2)
314:(4,true,5,6,6,5,2)
315:(4,true,5,6,6,6,2)
316:(4,true,6,5,5,5,2)
317:(4,true,6,5,5,6,2)
318:(4,true,6,5,6,5,2)
319:(4,true,6,5,6,6,2)
320:(4,true,6,6,5,5,2)
321:(4,true,6,6,5,6,2)
322:(4,true,6,6,6,5,2)
323:(4,true,6,6,6,6,2)
324:(4,true,7,7,7,7,2)
325:(4,true,7,7,7,8,2)
326:(4,true,7,7,7,9,2)
327:(4,true,7,7,8,7,2)
328:(4,true,7,7,8,8,2)
329:(4,true,7,7,8,9,2)
330:(4,true,7,7,9,7,2)
331:(4,true,7,7,9,8,2)
332:(4,true,7,7,9,9,2)
333:(4,true,7,8,7,7,2)
334:(4,true,7,8,7,8,2)
335:(4,true,7,8,7,9,2)
336:(4,true,7,8,8,7,2)
337:(4,true,7,8,8,8,2)
338:(4,true,7,8,8,9,2)
339:(4,true,7,8,9,7,2)
340:(4,true,7,8,9,8,2)
341:(4,true,7,8,9,9,2)
342:(4,true,7,9,7,7,2)
343:(4,true,7,9,7,8,2)
344:(4,true,7,9,7,9,2)
345:(4,true,7,9,8,7,2)
346:(4,true,7,9,8,8,2)
347:(4,true,7,9,8,9,2)
348:(4,true,7,9,9,7,2)
349:(4,true,7,9,9,8,2)
350:(4,true,7,9,9,9,2)
351:(4,true,8,7,7,7,2)
352:(4,true,8,7,7,8,2)
353:(4,true,8,7,7,9,2)
354:(4,true,8,7,8,7,2)
355:(4,true,8,7,8,8,2)
356:(4,true,8,7,8,9,2)
357:(4,true,8,7,9,7,2)
358:(4,true,8,7,9,8,2)
359:(4,true,8,7,9,9,2)
360:(4,true,8,8,7,7,2)
361:(4,true,8,8,7,8,2)
362:(4,true,8,8,7,9,2)
363:(4,true,8,8,8,7,2)
364:(4,true,8,8,8,8,2)
365:(4,true,8,8,8,9,2)
366:(4,true,8,8,9,7,2)
367:(4,true,8,8,9,8,2)
368:(4,true,8,8,9,9,2)
369:(4,true,8,9,7,7,2)
370:(4,true,8,9,7,8,2)
371:(4,true,8,9,7,9,2)
372:(4,true,8,9,8,7,2)
373:(4,true,8,9,8,8,2)
374:(4,true,8,9,8,9,2)
375:(4,true,8,9,9,7,2)
376:(4,true,8,9,9,8,2)
377:(4,true,8,9,9,9,2)
378:(4,true,9,7,7,7,2)
379:(4,true,9,7,7,8,2)
380:(4,true,9,7,7,9,2)
381:(4,true,9,7,8,7,2)
382:(4,true,9,7,8,8,2)
383:(4,true,9,7,8,9,2)
384:(4,true,9,7,9,7,2)
385:(4,true,9,7,9,8,2)
386:(4,true,9,7,9,9,2)
387:(4,true,9,8,7,7,2)
388:(4,true,9,8,7,8,2)
389:(4,true,9,8,7,9,2)
390:(4,true,9,8,8,7,2)
391:(4,true,9,8,8,8,2)
392:(4,true,9,8,8,9,2)
393:(4,true,9,8,9,7,2)
394:(4,true,9,8,9,8,2)
395:(4,true,9,8,9,9,2)
396:(4,true,9,9,7,7,2)
397:(4,true,9,9,7,8,2)
398:(4,true,9,9,7,9,2)
399:(4,true,9,9,8,7,2)
400:(4,true,9,9,8,8,2)
401:(4,true,9,9,8,9,2)
402:(4,true,9,9,9,7,2)
403:(4,true,9,9,9,8,2)
404:(4,true,9,9,9,9,2)
405:(7,false,2,2,2,2,8)
406:(7,false,2,2,2,2,10)
407:(7,false,3,3,3,3,8)
408:(7,false,3,3,3,3,10)
409:(7,false,7,7,7,7,8)
410:(7,false,7,7,7,7,10)
411:(7,true,0,0,0,0,8)
412:(7,true,0,0,0,0,10)
413:(7,true,1,1,1,1,8)
414:(7,true,1,1,1,1,10)
415:(7,true,1,1,1,2,8)
416:(7,true,1,1,1,2,10)
417:(7,true,1,1,2,1,8)
418:(7,true,1,1,2,1,9)
419:(7,true,1,1,2,1,10)
420:(7,true,1,1,2,2,8)
421:(7,true,1,1,2,2,9)
422:(7,true,1,1,2,2,10)
423:(7,true,1,2,1,1,8)
424:(7,true,1,2,1,1,9)
425:(7,true,1,2,1,1,10)
426:(7,true,1,2,1,2,8)
427:(7,true,1,2,1,2,9)
428:(7,true,1,2,1,2,10)
429:(7,true,1,2,2,1,8)
430:(7,true,1,2,2,1,9)
431:(7,true,1,2,2,1,10)
432:(7,true,1,2,2,2,8)
433:(7,true,1,2,2,2,9)
434:(7,true,1,2,2,2,10)
435:(7,true,2,1,1,1,8)
436:(7,true,2,1,1,1,9)
437:(7,true,2,1,1,1,10)
438:(7,true,2,1,1,2,8)
439:(7,true,2,1,1,2,9)
440:(7,true,2,1,1,2,10)
441:(7,true,2,1,2,1,8)
442:(7,true,2,1,2,1,9)
443:(7,true,2,1,2,1,10)
444:(7,true,2,1,2,2,8)
445:(7,true,2,1,2,2,9)
446:(7,true,2,1,2,2,10)
447:(7,true,2,2,1,1,8)
448:(7,true,2,2,1,1,9)
449:(7,true,2,2,1,1,10)
450:(7,true,2,2,1,2,8)
451:(7,true,2,2,1,2,9)
452:(7,true,2,2,1,2,10)
453:(7,true,2,2,2,1,8)
454:(7,true,2,2,2,1,9)
455:(7,true,2,2,2,1,10)
456:(7,true,2,2,2,2,8)
457:(7,true,2,2,2,2,9)
458:(7,true,2,2,2,2,10)
459:(7,true,3,3,3,3,8)
460:(7,true,3,3,3,3,9)
461:(7,true,3,3,3,3,10)
462:(7,true,3,3,3,4,8)
463:(7,true,3,3,3,4,9)
464:(7,true,3,3,3,4,10)
465:(7,true,3,3,4,3,8)
466:(7,true,3,3,4,3,9)
467:(7,true,3,3,4,3,10)
468:(7,true,3,3,4,4,8)
469:(7,true,3,3,4,4,9)
470:(7,true,3,3,4,4,10)
471:(7,true,3,4,3,3,8)
472:(7,true,3,4,3,3,9)
473:(7,true,3,4,3,3,10)
474:(7,true,3,4,3,4,8)
475:(7,true,3,4,3,4,9)
476:(7,true,3,4,3,4,10)
477:(7,true,3,4,4,3,8)
478:(7,true,3,4,4,3,9)
479:(7,true,3,4,4,3,10)
480:(7,true,3,4,4,4,8)
481:(7,true,3,4,4,4,9)
482:(7,true,3,4,4,4,10)
483:(7,true,4,3,3,3,8)
484:(7,true,4,3,3,3,9)
485:(7,true,4,3,3,3,10)
486:(7,true,4,3,3,4,8)
487:(7,true,4,3,3,4,9)
488:(7,true,4,3,3,4,10)
489:(7,true,4,3,4,3,8)
490:(7,true,4,3,4,3,9)
491:(7,true,4,3,4,3,10)
492:(7,true,4,3,4,4,8)
493:(7,true,4,3,4,4,9)
494:(7,true,4,3,4,4,10)
495:(7,true,4,4,3,3,8)
496:(7,true,4,4,3,3,9)
497:(7,true,4,4,3,3,10)
498:(7,true,4,4,3,4,8)
499:(7,true,4,4,3,4,9)
500:(7,true,4,4,3,4,10)
501:(7,true,4,4,4,3,8)
502:(7,true,4,4,4,3,9)
503:(7,true,4,4,4,3,10)
504:(7,true,4,4,4,4,8)
505:(7,true,4,4,4,4,9)
506:(7,true,4,4,4,4,10)
507:(7,true,5,5,5,5,8)
508:(7,true,5,5,5,5,9)
509:(7,true,5,5,5,5,10)
510:(7,true,5,5,5,6,8)
511:(7,true,5,5,5,6,9)
512:(7,true,5,5,5,6,10)
513:(7,true,5,5,6,5,8)
514:(7,true,5,5,6,5,9)
515:(7,true,5,5,6,5,10)
516:(7,true,5,5,6,6,8)
517:(7,true,5,5,6,6,9)
518:(7,true,5,5,6,6,10)
519:(7,true,5,6,5,5,8)
520:(7,true,5,6,5,5,9)
521:(7,true,5,6,5,5,10)
522:(7,true,5,6,5,6,8)
523:(7,true,5,6,5,6,9)
524:(7,true,5,6,5,6,10)
525:(7,true,5,6,6,5,8)
526:(7,true,5,6,6,5,9)
527:(7,true,5,6,6,5,10)
528:(7,true,5,6,6,6,8)
529:(7,true,5,6,6,6,9)
530:(7,true,5,6,6,6,10)
531:(7,true,6,5,5,5,8)
532:(7,true,6,5,5,5,9)
533:(7,true,6,5,5,5,10)
534:(7,true,6,5,5,6,8)
535:(7,true,6,5,5,6,9)
536:(7,true,6,5,5,6,10)
537:(7,true,6,5,6,5,8)
538:(7,true,6,5,6,5,9)
539:(7,true,6,5,6,5,10)
540:(7,true,6,5,6,6,8)
541:(7,true,6,5,6,6,9)
542:(7,true,6,5,6,6,10)
543:(7,true,6,6,5,5,8)
544:(7,true,6,6,5,5,9)
545:(7,true,6,6,5,5,10)
546:(7,true,6,6,5,6,8)
547:(7,true,6,6,5,6,9)
548:(7,true,6,6,5,6,10)
549:(7,true,6,6,6,5,8)
550:(7,true,6,6,6,5,9)
551:(7,true,6,6,6,5,10)
552:(7,true,6,6,6,6,8)
553:(7,true,6,6,6,6,9)
554:(7,true,6,6,6,6,10)
555:(7,true,7,7,7,7,8)
556:(7,true,7,7,7,7,10)
557:(7,true,7,7,7,8,8)
558:(7,true,7,7,7,8,10)
559:(7,true,7,7,7,9,8)
560:(7,true,7,7,7,9,10)
561:(7,true,7,7,8,7,8)
562:(7,true,7,7,8,7,9)
563:(7,true,7,7,8,7,10)
564:(7,true,7,7,8,8,8)
565:(7,true,7,7,8,8,9)
566:(7,true,7,7,8,8,10)
567:(7,true,7,7,8,9,8)
568:(7,true,7,7,8,9,9)
569:(7,true,7,7,8,9,10)
570:(7,true,7,7,9,7,8)
571:(7,true,7,7,9,7,9)
572:(7,true,7,7,9,7,10)
573:(7,true,7,7,9,8,8)
574:(7,true,7,7,9,8,9)
575:(7,true,7,7,9,8,10)
576:(7,true,7,7,9,9,8)
577:(7,true,7,7,9,9,9)
578:(7,true,7,7,9,9,10)
579:(7,true,7,8,7,7,8)
580:(7,true,7,8,7,7,9)
581:(7,true,7,8,7,7,10)
582:(7,true,7,8,7,8,8)
583:(7,true,7,8,7,8,9)
584:(7,true,7,8,7,8,10)
585:(7,true,7,8,7,9,8)
586:(7,true,7,8,7,9,9)
587:(7,true,7,8,7,9,10)
588:(7,true,7,8,8,7,8)
589:(7,true,7,8,8,7,9)
590:(7,true,7,8,8,7,10)
591:(7,true,7,8,8,8,8)
592:(7,true,7,8,8,8,9)
593:(7,true,7,8,8,8,10)
594:(7,true,7,8,8,9,8)
595:(7,true,7,8,8,9,9)
596:(7,true,7,8,8,9,10)
597:(7,true,7,8,9,7,8)
598:(7,true,7,8,9,7,9)
599:(7,true,7,8,9,7,10)
600:(7,true,7,8,9,8,8)
601:(7,true,7,8,9,8,9)
602:(7,true,7,8,9,8,10)
603:(7,true,7,8,9,9,8)
604:(7,true,7,8,9,9,9)
605:(7,true,7,8,9,9,10)
606:(7,true,7,9,7,7,8)
607:(7,true,7,9,7,7,9)
608:(7,true,7,9,7,7,10)
609:(7,true,7,9,7,8,8)
610:(7,true,7,9,7,8,9)
611:(7,true,7,9,7,8,10)
612:(7,true,7,9,7,9,8)
613:(7,true,7,9,7,9,9)
614:(7,true,7,9,7,9,10)
615:(7,true,7,9,8,7,8)
616:(7,true,7,9,8,7,9)
617:(7,true,7,9,8,7,10)
618:(7,true,7,9,8,8,8)
619:(7,true,7,9,8,8,9)
620:(7,true,7,9,8,8,10)
621:(7,true,7,9,8,9,8)
622:(7,true,7,9,8,9,9)
623:(7,true,7,9,8,9,10)
624:(7,true,7,9,9,7,8)
625:(7,true,7,9,9,7,9)
626:(7,true,7,9,9,7,10)
627:(7,true,7,9,9,8,8)
628:(7,true,7,9,9,8,9)
629:(7,true,7,9,9,8,10)
630:(7,true,7,9,9,9,8)
631:(7,true,7,9,9,9,9)
632:(7,true,7,9,9,9,10)
633:(7,true,8,7,7,7,8)
634:(7,true,8,7,7,7,9)
635:(7,true,8,7,7,7,10)
636:(7,true,8,7,7,8,8)
637:(7,true,8,7,7,8,9)
638:(7,true,8,7,7,8,10)
639:(7,true,8,7,7,9,8)
640:(7,true,8,7,7,9,9)
641:(7,true,8,7,7,9,10)
642:(7,true,8,7,8,7,8)
643:(7,true,8,7,8,7,9)
644:(7,true,8,7,8,7,10)
645:(7,true,8,7,8,8,8)
646:(7,true,8,7,8,8,9)
647:(7,true,8,7,8,8,10)
648:(7,true,8,7,8,9,8)
649:(7,true,8,7,8,9,9)
650:(7,true,8,7,8,9,10)
651:(7,true,8,7,9,7,8)
652:(7,true,8,7,9,7,9)
653:(7,true,8,7,9,7,10)
654:(7,true,8,7,9,8,8)
655:(7,true,8,7,9,8,9)
656:(7,true,8,7,9,8,10)
657:(7,true,8,7,9,9,8)
658:(7,true,8,7,9,9,9)
659:(7,true,8,7,9,9,10)
660:(7,true,8,8,7,7,8)
661:(7,true,8,8,7,7,9)
662:(7,true,8,8,7,7,10)
663:(7,true,8,8,7,8,8)
664:(7,true,8,8,7,8,9)
665:(7,true,8,8,7,8,10)
666:(7,true,8,8,7,9,8)
667:(7,true,8,8,7,9,9)
668:(7,true,8,8,7,9,10)
669:(7,true,8,8,8,7,8)
670:(7,true,8,8,8,7,9)
671:(7,true,8,8,8,7,10)
672:(7,true,8,8,8,8,8)
673:(7,true,8,8,8,8,9)
674:(7,true,8,8,8,8,10)
675:(7,true,8,8,8,9,8)
676:(7,true,8,8,8,9,9)
677:(7,true,8,8,8,9,10)
678:(7,true,8,8,9,7,8)
679:(7,true,8,8,9,7,9)
680:(7,true,8,8,9,7,10)
681:(7,true,8,8,9,8,8)
682:(7,true,8,8,9,8,9)
683:(7,true,8,8,9,8,10)
684:(7,true,8,8,9,9,8)
685:(7,true,8,8,9,9,9)
686:(7,true,8,8,9,9,10)
687:(7,true,8,9,7,7,8)
688:(7,true,8,9,7,7,9)
689:(7,true,8,9,7,7,10)
690:(7,true,8,9,7,8,8)
691:(7,true,8,9,7,8,9)
692:(7,true,8,9,7,8,10)
693:(7,true,8,9,7,9,8)
694:(7,true,8,9,7,9,9)
695:(7,true,8,9,7,9,10)
696:(7,true,8,9,8,7,8)
697:(7,true,8,9,8,7,9)
698:(7,true,8,9,8,7,10)
699:(7,true,8,9,8,8,8)
700:(7,true,8,9,8,8,9)
701:(7,true,8,9,8,8,10)
702:(7,true,8,9,8,9,8)
703:(7,true,8,9,8,9,9)
704:(7,true,8,9,8,9,10)
705:(7,true,8,9,9,7,8)
706:(7,true,8,9,9,7,9)
707:(7,true,8,9,9,7,10)
708:(7,true,8,9,9,8,8)
709:(7,true,8,9,9,8,9)
710:(7,true,8,9,9,8,10)
711:(7,true,8,9,9,9,8)
712:(7,true,8,9,9,9,9)
713:(7,true,8,9,9,9,10)
714:(7,true,9,7,7,7,8)
715:(7,true,9,7,7,7,9)
716:(7,true,9,7,7,7,10)
717:(7,true,9,7,7,8,8)
718:(7,true,9,7,7,8,9)
719:(7,true,9,7,7,8,10)
720:(7,true,9,7,7,9,8)
721:(7,true,9,7,7,9,9)
722:(7,true,9,7,7,9,10)
723:(7,true,9,7,8,7,8)
724:(7,true,9,7,8,7,9)
725:(7,true,9,7,8,7,10)
726:(7,true,9,7,8,8,8)
727:(7,true,9,7,8,8,9)
728:(7,true,9,7,8,8,10)
729:(7,true,9,7,8,9,8)
730:(7,true,9,7,8,9,9)
731:(7,true,9,7,8,9,10)
732:(7,true,9,7,9,7,8)
733:(7,true,9,7,9,7,9)
734:(7,true,9,7,9,7,10)
735:(7,true,9,7,9,8,8)
736:(7,true,9,7,9,8,9)
737:(7,true,9,7,9,8,10)
738:(7,true,9,7,9,9,8)
739:(7,true,9,7,9,9,9)
740:(7,true,9,7,9,9,10)
741:(7,true,9,8,7,7,8)
742:(7,true,9,8,7,7,9)
743:(7,true,9,8,7,7,10)
744:(7,true,9,8,7,8,8)
745:(7,true,9,8,7,8,9)
746:(7,true,9,8,7,8,10)
747:(7,true,9,8,7,9,8)
748:(7,true,9,8,7,9,9)
749:(7,true,9,8,7,9,10)
750:(7,true,9,8,8,7,8)
751:(7,true,9,8,8,7,9)
752:(7,true,9,8,8,7,10)
753:(7,true,9,8,8,8,8)
754:(7,true,9,8,8,8,9)
755:(7,true,9,8,8,8,10)
756:(7,true,9,8,8,9,8)
757:(7,true,9,8,8,9,9)
758:(7,true,9,8,8,9,10)
759:(7,true,9,8,9,7,8)
760:(7,true,9,8,9,7,9)
761:(7,true,9,8,9,7,10)
762:(7,true,9,8,9,8,8)
763:(7,true,9,8,9,8,9)
764:(7,true,9,8,9,8,10)
765:(7,true,9,8,9,9,8)
766:(7,true,9,8,9,9,9)
767:(7,true,9,8,9,9,10)
768:(7,true,9,9,7,7,8)
769:(7,true,9,9,7,7,9)
770:(7,true,9,9,7,7,10)
771:(7,true,9,9,7,8,8)
772:(7,true,9,9,7,8,9)
773:(7,true,9,9,7,8,10)
774:(7,true,9,9,7,9,8)
775:(7,true,9,9,7,9,9)
776:(7,true,9,9,7,9,10)
777:(7,true,9,9,8,7,8)
778:(7,true,9,9,8,7,9)
779:(7,true,9,9,8,7,10)
780:(7,true,9,9,8,8,8)
781:(7,true,9,9,8,8,9)
782:(7,true,9,9,8,8,10)
783:(7,true,9,9,8,9,8)
784:(7,true,9,9,8,9,9)
785:(7,true,9,9,8,9,10)
786:(7,true,9,9,9,7,8)
787:(7,true,9,9,9,7,9)
788:(7,true,9,9,9,7,10)
789:(7,true,9,9,9,8,8)
790:(7,true,9,9,9,8,9)
791:(7,true,9,9,9,8,10)
792:(7,true,9,9,9,9,8)
793:(7,true,9,9,9,9,9)
794:(7,true,9,9,9,9,10)
795:(8,false,4,4,4,4,8)
796:(8,false,4,4,4,4,9)
797:(8,false,5,5,5,5,8)
798:(8,false,5,5,5,5,9)
799:(8,false,8,8,8,8,8)
800:(8,false,8,8,8,8,9)
801:(8,true,0,0,0,0,8)
802:(8,true,0,0,0,0,9)
803:(8,true,1,1,1,1,8)
804:(8,true,1,1,1,1,9)
805:(8,true,1,1,1,2,8)
806:(8,true,1,1,1,2,9)
807:(8,true,1,1,2,1,8)
808:(8,true,1,1,2,1,9)
809:(8,true,1,1,2,2,8)
810:(8,true,1,1,2,2,9)
811:(8,true,1,2,1,1,8)
812:(8,true,1,2,1,1,9)
813:(8,true,1,2,1,2,8)
814:(8,true,1,2,1,2,9)
815:(8,true,1,2,2,1,8)
816:(8,true,1,2,2,1,9)
817:(8,true,1,2,2,2,8)
818:(8,true,1,2,2,2,9)
819:(8,true,2,1,1,1,8)
820:(8,true,2,1,1,1,9)
821:(8,true,2,1,1,2,8)
822:(8,true,2,1,1,2,9)
823:(8,true,2,1,2,1,8)
824:(8,true,2,1,2,1,9)
825:(8,true,2,1,2,2,8)
826:(8,true,2,1,2,2,9)
827:(8,true,2,2,1,1,8)
828:(8,true,2,2,1,1,9)
829:(8,true,2,2,1,2,8)
830:(8,true,2,2,1,2,9)
831:(8,true,2,2,2,1,8)
832:(8,true,2,2,2,1,9)
833:(8,true,2,2,2,2,8)
834:(8,true,2,2,2,2,9)
835:(8,true,3,3,3,3,8)
836:(8,true,3,3,3,3,9)
837:(8,true,3,3,3,4,8)
838:(8,true,3,3,3,4,9)
839:(8,true,3,3,4,3,8)
840:(8,true,3,3,4,3,9)
841:(8,true,3,3,4,4,8)
842:(8,true,3,3,4,4,9)
843:(8,true,3,4,3,3,8)
844:(8,true,3,4,3,3,9)
845:(8,true,3,4,3,4,8)
846:(8,true,3,4,3,4,9)
847:(8,true,3,4,4,3,8)
848:(8,true,3,4,4,3,9)
849:(8,true,3,4,4,4,8)
850:(8,true,3,4,4,4,9)
851:(8,true,4,3,3,3,8)
852:(8,true,4,3,3,3,9)
853:(8,true,4,3,3,4,8)
854:(8,true,4,3,3,4,9)
855:(8,true,4,3,4,3,8)
856:(8,true,4,3,4,3,9)
857:(8,true,4,3,4,4,8)
858:(8,true,4,3,4,4,9)
859:(8,true,4,4,3,3,8)
860:(8,true,4,4,3,3,9)
861:(8,true,4,4,3,4,8)
862:(8,true,4,4,3,4,9)
863:(8,true,4,4,4,3,8)
864:(8,true,4,4,4,3,9)
865:(8,true,4,4,4,4,8)
866:(8,true,4,4,4,4,9)
867:(8,true,5,5,5,5,8)
868:(8,true,5,5,5,5,9)
869:(8,true,5,5,5,6,8)
870:(8,true,5,5,5,6,9)
871:(8,true,5,5,6,5,8)
872:(8,true,5,5,6,5,9)
873:(8,true,5,5,6,6,8)
874:(8,true,5,5,6,6,9)
875:(8,true,5,6,5,5,8)
876:(8,true,5,6,5,5,9)
877:(8,true,5,6,5,6,8)
878:(8,true,5,6,5,6,9)
879:(8,true,5,6,6,5,8)
880:(8,true,5,6,6,5,9)
881:(8,true,5,6,6,6,8)
882:(8,true,5,6,6,6,9)
883:(8,true,6,5,5,5,8)
884:(8,true,6,5,5,5,9)
885:(8,true,6,5,5,6,8)
886:(8,true,6,5,5,6,9)
887:(8,true,6,5,6,5,8)
888:(8,true,6,5,6,5,9)
889:(8,true,6,5,6,6,8)
890:(8,true,6,5,6,6,9)
891:(8,true,6,6,5,5,8)
892:(8,true,6,6,5,5,9)
893:(8,true,6,6,5,6,8)
894:(8,true,6,6,5,6,9)
895:(8,true,6,6,6,5,8)
896:(8,true,6,6,6,5,9)
897:(8,true,6,6,6,6,8)
898:(8,true,6,6,6,6,9)
899:(8,true,7,7,7,7,8)
900:(8,true,7,7,7,7,9)
901:(8,true,7,7,7,8,8)
902:(8,true,7,7,7,8,9)
903:(8,true,7,7,7,9,8)
904:(8,true,7,7,7,9,9)
905:(8,true,7,7,8,7,8)
906:(8,true,7,7,8,7,9)
907:(8,true,7,7,8,8,8)
908:(8,true,7,7,8,8,9)
909:(8,true,7,7,8,9,8)
910:(8,true,7,7,8,9,9)
911:(8,true,7,7,9,7,8)
912:(8,true,7,7,9,7,9)
913:(8,true,7,7,9,8,8)
914:(8,true,7,7,9,8,9)
915:(8,true,7,7,9,9,8)
916:(8,true,7,7,9,9,9)
917:(8,true,7,8,7,7,8)
918:(8,true,7,8,7,7,9)
919:(8,true,7,8,7,8,8)
920:(8,true,7,8,7,8,9)
921:(8,true,7,8,7,9,8)
922:(8,true,7,8,7,9,9)
923:(8,true,7,8,8,7,8)
924:(8,true,7,8,8,7,9)
925:(8,true,7,8,8,8,8)
926:(8,true,7,8,8,8,9)
927:(8,true,7,8,8,9,8)
928:(8,true,7,8,8,9,9)
929:(8,true,7,8,9,7,8)
930:(8,true,7,8,9,7,9)
931:(8,true,7,8,9,8,8)
932:(8,true,7,8,9,8,9)
933:(8,true,7,8,9,9,8)
934:(8,true,7,8,9,9,9)
935:(8,true,7,9,7,7,8)
936:(8,true,7,9,7,7,9)
937:(8,true,7,9,7,8,8)
938:(8,true,7,9,7,8,9)
939:(8,true,7,9,7,9,8)
940:(8,true,7,9,7,9,9)
941:(8,true,7,9,8,7,8)
942:(8,true,7,9,8,7,9)
943:(8,true,7,9,8,8,8)
944:(8,true,7,9,8,8,9)
945:(8,true,7,9,8,9,8)
946:(8,true,7,9,8,9,9)
947:(8,true,7,9,9,7,8)
948:(8,true,7,9,9,7,9)
949:(8,true,7,9,9,8,8)
950:(8,true,7,9,9,8,9)
951:(8,true,7,9,9,9,8)
952:(8,true,7,9,9,9,9)
953:(8,true,8,7,7,7,8)
954:(8,true,8,7,7,7,9)
955:(8,true,8,7,7,8,8)
956:(8,true,8,7,7,8,9)
957:(8,true,8,7,7,9,8)
958:(8,true,8,7,7,9,9)
959:(8,true,8,7,8,7,8)
960:(8,true,8,7,8,7,9)
961:(8,true,8,7,8,8,8)
962:(8,true,8,7,8,8,9)
963:(8,true,8,7,8,9,8)
964:(8,true,8,7,8,9,9)
965:(8,true,8,7,9,7,8)
966:(8,true,8,7,9,7,9)
967:(8,true,8,7,9,8,8)
968:(8,true,8,7,9,8,9)
969:(8,true,8,7,9,9,8)
970:(8,true,8,7,9,9,9)
971:(8,true,8,8,7,7,8)
972:(8,true,8,8,7,7,9)
973:(8,true,8,8,7,8,8)
974:(8,true,8,8,7,8,9)
975:(8,true,8,8,7,9,8)
976:(8,true,8,8,7,9,9)
977:(8,true,8,8,8,7,8)
978:(8,true,8,8,8,7,9)
979:(8,true,8,8,8,8,8)
980:(8,true,8,8,8,8,9)
981:(8,true,8,8,8,9,8)
982:(8,true,8,8,8,9,9)
983:(8,true,8,8,9,7,8)
984:(8,true,8,8,9,7,9)
985:(8,true,8,8,9,8,8)
986:(8,true,8,8,9,8,9)
987:(8,true,8,8,9,9,8)
988:(8,true,8,8,9,9,9)
989:(8,true,8,9,7,7,8)
990:(8,true,8,9,7,7,9)
991:(8,true,8,9,7,8,8)
992:(8,true,8,9,7,8,9)
993:(8,true,8,9,7,9,8)
994:(8,true,8,9,7,9,9)
995:(8,true,8,9,8,7,8)
996:(8,true,8,9,8,7,9)
997:(8,true,8,9,8,8,8)
998:(8,true,8,9,8,8,9)
999:(8,true,8,9,8,9,8)
1000:(8,true,8,9,8,9,9)
1001:(8,true,8,9,9,7,8)
1002:(8,true,8,9,9,7,9)
1003:(8,true,8,9,9,8,8)
1004:(8,true,8,9,9,8,9)
1005:(8,true,8,9,9,9,8)
1006:(8,true,8,9,9,9,9)
1007:(8,true,9,7,7,7,8)
1008:(8,true,9,7,7,7,9)
1009:(8,true,9,7,7,8,8)
1010:(8,true,9,7,7,8,9)
1011:(8,true,9,7,7,9,8)
1012:(8,true,9,7,7,9,9)
1013:(8,true,9,7,8,7,8)
1014:(8,true,9,7,8,7,9)
1015:(8,true,9,7,8,8,8)
1016:(8,true,9,7,8,8,9)
1017:(8,true,9,7,8,9,8)
1018:(8,true,9,7,8,9,9)
1019:(8,true,9,7,9,7,8)
1020:(8,true,9,7,9,7,9)
1021:(8,true,9,7,9,8,8)
1022:(8,true,9,7,9,8,9)
1023:(8,true,9,7,9,9,8)
1024:(8,true,9,7,9,9,9)
1025:(8,true,9,8,7,7,8)
1026:(8,true,9,8,7,7,9)
1027:(8,true,9,8,7,8,8)
1028:(8,true,9,8,7,8,9)
1029:(8,true,9,8,7,9,8)
1030:(8,true,9,8,7,9,9)
1031:(8,true,9,8,8,7,8)
1032:(8,true,9,8,8,7,9)
1033:(8,true,9,8,8,8,8)
1034:(8,true,9,8,8,8,9)
1035:(8,true,9,8,8,9,8)
1036:(8,true,9,8,8,9,9)
1037:(8,true,9,8,9,7,8)
1038:(8,true,9,8,9,7,9)
1039:(8,true,9,8,9,8,8)
1040:(8,true,9,8,9,8,9)
1041:(8,true,9,8,9,9,8)
1042:(8,true,9,8,9,9,9)
1043:(8,true,9,9,7,7,8)
1044:(8,true,9,9,7,7,9)
1045:(8,true,9,9,7,8,8)
1046:(8,true,9,9,7,8,9)
1047:(8,true,9,9,7,9,8)
1048:(8,true,9,9,7,9,9)
1049:(8,true,9,9,8,7,8)
1050:(8,true,9,9,8,7,9)
1051:(8,true,9,9,8,8,8)
1052:(8,true,9,9,8,8,9)
1053:(8,true,9,9,8,9,8)
1054:(8,true,9,9,8,9,9)
1055:(8,true,9,9,9,7,8)
1056:(8,true,9,9,9,7,9)
1057:(8,true,9,9,9,8,8)
1058:(8,true,9,9,9,8,9)
1059:(8,true,9,9,9,9,8)
1060:(8,true,9,9,9,9,9)
1061:(9,false,6,6,6,6,9)
1062:(9,false,9,9,9,9,9)
1063:(9,true,0,0,0,0,9)
1064:(9,true,1,1,1,1,9)
1065:(9,true,1,1,1,2,9)
1066:(9,true,1,1,2,1,9)
1067:(9,true,1,1,2,2,9)
1068:(9,true,1,2,1,1,9)
1069:(9,true,1,2,1,2,9)
1070:(9,true,1,2,2,1,9)
1071:(9,true,1,2,2,2,9)
1072:(9,true,2,1,1,1,9)
1073:(9,true,2,1,1,2,9)
1074:(9,true,2,1,2,1,9)
1075:(9,true,2,1,2,2,9)
1076:(9,true,2,2,1,1,9)
1077:(9,true,2,2,1,2,9)
1078:(9,true,2,2,2,1,9)
1079:(9,true,2,2,2,2,9)
1080:(9,true,3,3,3,3,9)
1081:(9,true,3,3,3,4,9)
1082:(9,true,3,3,4,3,9)
1083:(9,true,3,3,4,4,9)
1084:(9,true,3,4,3,3,9)
1085:(9,true,3,4,3,4,9)
1086:(9,true,3,4,4,3,9)
1087:(9,true,3,4,4,4,9)
1088:(9,true,4,3,3,3,9)
1089:(9,true,4,3,3,4,9)
1090:(9,true,4,3,4,3,9)
1091:(9,true,4,3,4,4,9)
1092:(9,true,4,4,3,3,9)
1093:(9,true,4,4,3,4,9)
1094:(9,true,4,4,4,3,9)
1095:(9,true,4,4,4,4,9)
1096:(9,true,5,5,5,5,9)
1097:(9,true,5,5,5,6,9)
1098:(9,true,5,5,6,5,9)
1099:(9,true,5,5,6,6,9)
1100:(9,true,5,6,5,5,9)
1101:(9,true,5,6,5,6,9)
1102:(9,true,5,6,6,5,9)
1103:(9,true,5,6,6,6,9)
1104:(9,true,6,5,5,5,9)
1105:(9,true,6,5,5,6,9)
1106:(9,true,6,5,6,5,9)
1107:(9,true,6,5,6,6,9)
1108:(9,true,6,6,5,5,9)
1109:(9,true,6,6,5,6,9)
1110:(9,true,6,6,6,5,9)
1111:(9,true,6,6,6,6,9)
1112:(9,true,7,7,7,7,9)
1113:(9,true,7,7,7,8,9)
1114:(9,true,7,7,7,9,9)
1115:(9,true,7,7,8,7,9)
1116:(9,true,7,7,8,8,9)
1117:(9,true,7,7,8,9,9)
1118:(9,true,7,7,9,7,9)
1119:(9,true,7,7,9,8,9)
1120:(9,true,7,7,9,9,9)
1121:(9,true,7,8,7,7,9)
1122:(9,true,7,8,7,8,9)
1123:(9,true,7,8,7,9,9)
1124:(9,true,7,8,8,7,9)
1125:(9,true,7,8,8,8,9)
1126:(9,true,7,8,8,9,9)
1127:(9,true,7,8,9,7,9)
1128:(9,true,7,8,9,8,9)
1129:(9,true,7,8,9,9,9)
1130:(9,true,7,9,7,7,9)
1131:(9,true,7,9,7,8,9)
1132:(9,true,7,9,7,9,9)
1133:(9,true,7,9,8,7,9)
1134:(9,true,7,9,8,8,9)
1135:(9,true,7,9,8,9,9)
1136:(9,true,7,9,9,7,9)
1137:(9,true,7,9,9,8,9)
1138:(9,true,7,9,9,9,9)
1139:(9,true,8,7,7,7,9)
1140:(9,true,8,7,7,8,9)
1141:(9,true,8,7,7,9,9)
1142:(9,true,8,7,8,7,9)
1143:(9,true,8,7,8,8,9)
1144:(9,true,8,7,8,9,9)
1145:(9,true,8,7,9,7,9)
1146:(9,true,8,7,9,8,9)
1147:(9,true,8,7,9,9,9)
1148:(9,true,8,8,7,7,9)
1149:(9,true,8,8,7,8,9)
1150:(9,true,8,8,7,9,9)
1151:(9,true,8,8,8,7,9)
1152:(9,true,8,8,8,8,9)
1153:(9,true,8,8,8,9,9)
1154:(9,true,8,8,9,7,9)
1155:(9,true,8,8,9,8,9)
1156:(9,true,8,8,9,9,9)
1157:(9,true,8,9,7,7,9)
1158:(9,true,8,9,7,8,9)
1159:(9,true,8,9,7,9,9)
1160:(9,true,8,9,8,7,9)
1161:(9,true,8,9,8,8,9)
1162:(9,true,8,9,8,9,9)
1163:(9,true,8,9,9,7,9)
1164:(9,true,8,9,9,8,9)
1165:(9,true,8,9,9,9,9)
1166:(9,true,9,7,7,7,9)
1167:(9,true,9,7,7,8,9)
1168:(9,true,9,7,7,9,9)
1169:(9,true,9,7,8,7,9)
1170:(9,true,9,7,8,8,9)
1171:(9,true,9,7,8,9,9)
1172:(9,true,9,7,9,7,9)
1173:(9,true,9,7,9,8,9)
1174:(9,true,9,7,9,9,9)
1175:(9,true,9,8,7,7,9)
1176:(9,true,9,8,7,8,9)
1177:(9,true,9,8,7,9,9)
1178:(9,true,9,8,8,7,9)
1179:(9,true,9,8,8,8,9)
1180:(9,true,9,8,8,9,9)
1181:(9,true,9,8,9,7,9)
1182:(9,true,9,8,9,8,9)
1183:(9,true,9,8,9,9,9)
1184:(9,true,9,9,7,7,9)
1185:(9,true,9,9,7,8,9)
1186:(9,true,9,9,7,9,9)
1187:(9,true,9,9,8,7,9)
1188:(9,true,9,9,8,8,9)
1189:(9,true,9,9,8,9,9)
1190:(9,true,9,9,9,7,9)
1191:(9,true,9,9,9,8,9)
1192:(9,true,9,9,9,9,9)
1193:(10,true,0,0,0,0,1)
1194:(10,true,0,0,0,0,2)
1195:(10,true,1,1,1,1,1)
1196:(10,true,1,1,1,1,2)
1197:(10,true,1,1,1,2,1)
1198:(10,true,1,1,1,2,2)
1199:(10,true,1,1,2,1,2)
1200:(10,true,1,1,2,2,2)
1201:(10,true,1,2,1,1,2)
1202:(10,true,1,2,1,2,2)
1203:(10,true,1,2,2,1,2)
1204:(10,true,1,2,2,2,2)
1205:(10,true,2,1,1,1,2)
1206:(10,true,2,1,1,2,2)
1207:(10,true,2,1,2,1,2)
1208:(10,true,2,1,2,2,2)
1209:(10,true,2,2,1,1,2)
1210:(10,true,2,2,1,2,2)
1211:(10,true,2,2,2,1,2)
1212:(10,true,2,2,2,2,2)
1213:(10,true,3,3,3,3,2)
1214:(10,true,3,3,3,4,2)
1215:(10,true,3,3,4,3,2)
1216:(10,true,3,3,4,4,2)
1217:(10,true,3,4,3,3,2)
1218:(10,true,3,4,3,4,2)
1219:(10,true,3,4,4,3,2)
1220:(10,true,3,4,4,4,2)
1221:(10,true,4,3,3,3,2)
1222:(10,true,4,3,3,4,2)
1223:(10,true,4,3,4,3,2)
1224:(10,true,4,3,4,4,2)
1225:(10,true,4,4,3,3,2)
1226:(10,true,4,4,3,4,2)
1227:(10,true,4,4,4,3,2)
1228:(10,true,4,4,4,4,2)
1229:(10,true,5,5,5,5,2)
1230:(10,true,5,5,5,6,2)
1231:(10,true,5,5,6,5,2)
1232:(10,true,5,5,6,6,2)
1233:(10,true,5,6,5,5,2)
1234:(10,true,5,6,5,6,2)
1235:(10,true,5,6,6,5,2)
1236:(10,true,5,6,6,6,2)
1237:(10,true,6,5,5,5,2)
1238:(10,true,6,5,5,6,2)
1239:(10,true,6,5,6,5,2)
1240:(10,true,6,5,6,6,2)
1241:(10,true,6,6,5,5,2)
1242:(10,true,6,6,5,6,2)
1243:(10,true,6,6,6,5,2)
1244:(10,true,6,6,6,6,2)
